<?xml version="1.0" encoding="UTF-8"?>
<testsuites name="jest tests" tests="88" failures="19" errors="0" time="8.764">
  <testsuite name="Error Recovery Utilities" errors="0" failures="18" skipped="0" timestamp="2025-08-08T17:03:50" time="4.715" tests="18">
    <testcase classname="Error Recovery Utilities CircuitBreaker should start in CLOSED state" name="Error Recovery Utilities CircuitBreaker should start in CLOSED state" time="0.001">
      <failure>TypeError: CircuitBreaker is not a constructor
    at Object.&lt;anonymous&gt; (/Users/oliver/Projects/boutique/test/utils/errorRecovery.test.js:13:24)
    at Promise.then.completed (/Users/oliver/Projects/boutique/node_modules/jest-circus/build/utils.js:298:28)
    at new Promise (&lt;anonymous&gt;)
    at callAsyncCircusFn (/Users/oliver/Projects/boutique/node_modules/jest-circus/build/utils.js:231:10)
    at _callCircusHook (/Users/oliver/Projects/boutique/node_modules/jest-circus/build/run.js:281:40)
    at processTicksAndRejections (node:internal/process/task_queues:105:5)
    at _runTest (/Users/oliver/Projects/boutique/node_modules/jest-circus/build/run.js:246:5)
    at _runTestsForDescribeBlock (/Users/oliver/Projects/boutique/node_modules/jest-circus/build/run.js:126:9)
    at _runTestsForDescribeBlock (/Users/oliver/Projects/boutique/node_modules/jest-circus/build/run.js:121:9)
    at _runTestsForDescribeBlock (/Users/oliver/Projects/boutique/node_modules/jest-circus/build/run.js:121:9)
    at run (/Users/oliver/Projects/boutique/node_modules/jest-circus/build/run.js:71:3)
    at runAndTransformResultsToJestFormat (/Users/oliver/Projects/boutique/node_modules/jest-circus/build/legacy-code-todo-rewrite/jestAdapterInit.js:122:21)
    at jestAdapter (/Users/oliver/Projects/boutique/node_modules/jest-circus/build/legacy-code-todo-rewrite/jestAdapter.js:79:19)
    at runTestInternal (/Users/oliver/Projects/boutique/node_modules/jest-runner/build/runTest.js:367:16)
    at runTest (/Users/oliver/Projects/boutique/node_modules/jest-runner/build/runTest.js:444:34)
    at Object.worker (/Users/oliver/Projects/boutique/node_modules/jest-runner/build/testWorker.js:106:12)</failure>
    </testcase>
    <testcase classname="Error Recovery Utilities CircuitBreaker should execute operation successfully when CLOSED" name="Error Recovery Utilities CircuitBreaker should execute operation successfully when CLOSED" time="0">
      <failure>TypeError: CircuitBreaker is not a constructor
    at Object.&lt;anonymous&gt; (/Users/oliver/Projects/boutique/test/utils/errorRecovery.test.js:13:24)
    at Promise.then.completed (/Users/oliver/Projects/boutique/node_modules/jest-circus/build/utils.js:298:28)
    at new Promise (&lt;anonymous&gt;)
    at callAsyncCircusFn (/Users/oliver/Projects/boutique/node_modules/jest-circus/build/utils.js:231:10)
    at _callCircusHook (/Users/oliver/Projects/boutique/node_modules/jest-circus/build/run.js:281:40)
    at processTicksAndRejections (node:internal/process/task_queues:105:5)
    at _runTest (/Users/oliver/Projects/boutique/node_modules/jest-circus/build/run.js:246:5)
    at _runTestsForDescribeBlock (/Users/oliver/Projects/boutique/node_modules/jest-circus/build/run.js:126:9)
    at _runTestsForDescribeBlock (/Users/oliver/Projects/boutique/node_modules/jest-circus/build/run.js:121:9)
    at _runTestsForDescribeBlock (/Users/oliver/Projects/boutique/node_modules/jest-circus/build/run.js:121:9)
    at run (/Users/oliver/Projects/boutique/node_modules/jest-circus/build/run.js:71:3)
    at runAndTransformResultsToJestFormat (/Users/oliver/Projects/boutique/node_modules/jest-circus/build/legacy-code-todo-rewrite/jestAdapterInit.js:122:21)
    at jestAdapter (/Users/oliver/Projects/boutique/node_modules/jest-circus/build/legacy-code-todo-rewrite/jestAdapter.js:79:19)
    at runTestInternal (/Users/oliver/Projects/boutique/node_modules/jest-runner/build/runTest.js:367:16)
    at runTest (/Users/oliver/Projects/boutique/node_modules/jest-runner/build/runTest.js:444:34)
    at Object.worker (/Users/oliver/Projects/boutique/node_modules/jest-runner/build/testWorker.js:106:12)</failure>
    </testcase>
    <testcase classname="Error Recovery Utilities CircuitBreaker should open circuit after failure threshold" name="Error Recovery Utilities CircuitBreaker should open circuit after failure threshold" time="0">
      <failure>TypeError: CircuitBreaker is not a constructor
    at Object.&lt;anonymous&gt; (/Users/oliver/Projects/boutique/test/utils/errorRecovery.test.js:13:24)
    at Promise.then.completed (/Users/oliver/Projects/boutique/node_modules/jest-circus/build/utils.js:298:28)
    at new Promise (&lt;anonymous&gt;)
    at callAsyncCircusFn (/Users/oliver/Projects/boutique/node_modules/jest-circus/build/utils.js:231:10)
    at _callCircusHook (/Users/oliver/Projects/boutique/node_modules/jest-circus/build/run.js:281:40)
    at processTicksAndRejections (node:internal/process/task_queues:105:5)
    at _runTest (/Users/oliver/Projects/boutique/node_modules/jest-circus/build/run.js:246:5)
    at _runTestsForDescribeBlock (/Users/oliver/Projects/boutique/node_modules/jest-circus/build/run.js:126:9)
    at _runTestsForDescribeBlock (/Users/oliver/Projects/boutique/node_modules/jest-circus/build/run.js:121:9)
    at _runTestsForDescribeBlock (/Users/oliver/Projects/boutique/node_modules/jest-circus/build/run.js:121:9)
    at run (/Users/oliver/Projects/boutique/node_modules/jest-circus/build/run.js:71:3)
    at runAndTransformResultsToJestFormat (/Users/oliver/Projects/boutique/node_modules/jest-circus/build/legacy-code-todo-rewrite/jestAdapterInit.js:122:21)
    at jestAdapter (/Users/oliver/Projects/boutique/node_modules/jest-circus/build/legacy-code-todo-rewrite/jestAdapter.js:79:19)
    at runTestInternal (/Users/oliver/Projects/boutique/node_modules/jest-runner/build/runTest.js:367:16)
    at runTest (/Users/oliver/Projects/boutique/node_modules/jest-runner/build/runTest.js:444:34)
    at Object.worker (/Users/oliver/Projects/boutique/node_modules/jest-runner/build/testWorker.js:106:12)</failure>
    </testcase>
    <testcase classname="Error Recovery Utilities CircuitBreaker should reject immediately when OPEN" name="Error Recovery Utilities CircuitBreaker should reject immediately when OPEN" time="0">
      <failure>TypeError: CircuitBreaker is not a constructor
    at Object.&lt;anonymous&gt; (/Users/oliver/Projects/boutique/test/utils/errorRecovery.test.js:13:24)
    at Promise.then.completed (/Users/oliver/Projects/boutique/node_modules/jest-circus/build/utils.js:298:28)
    at new Promise (&lt;anonymous&gt;)
    at callAsyncCircusFn (/Users/oliver/Projects/boutique/node_modules/jest-circus/build/utils.js:231:10)
    at _callCircusHook (/Users/oliver/Projects/boutique/node_modules/jest-circus/build/run.js:281:40)
    at processTicksAndRejections (node:internal/process/task_queues:105:5)
    at _runTest (/Users/oliver/Projects/boutique/node_modules/jest-circus/build/run.js:246:5)
    at _runTestsForDescribeBlock (/Users/oliver/Projects/boutique/node_modules/jest-circus/build/run.js:126:9)
    at _runTestsForDescribeBlock (/Users/oliver/Projects/boutique/node_modules/jest-circus/build/run.js:121:9)
    at _runTestsForDescribeBlock (/Users/oliver/Projects/boutique/node_modules/jest-circus/build/run.js:121:9)
    at run (/Users/oliver/Projects/boutique/node_modules/jest-circus/build/run.js:71:3)
    at runAndTransformResultsToJestFormat (/Users/oliver/Projects/boutique/node_modules/jest-circus/build/legacy-code-todo-rewrite/jestAdapterInit.js:122:21)
    at jestAdapter (/Users/oliver/Projects/boutique/node_modules/jest-circus/build/legacy-code-todo-rewrite/jestAdapter.js:79:19)
    at runTestInternal (/Users/oliver/Projects/boutique/node_modules/jest-runner/build/runTest.js:367:16)
    at runTest (/Users/oliver/Projects/boutique/node_modules/jest-runner/build/runTest.js:444:34)
    at Object.worker (/Users/oliver/Projects/boutique/node_modules/jest-runner/build/testWorker.js:106:12)</failure>
    </testcase>
    <testcase classname="Error Recovery Utilities CircuitBreaker should transition to HALF_OPEN after timeout" name="Error Recovery Utilities CircuitBreaker should transition to HALF_OPEN after timeout" time="0">
      <failure>TypeError: CircuitBreaker is not a constructor
    at Object.&lt;anonymous&gt; (/Users/oliver/Projects/boutique/test/utils/errorRecovery.test.js:13:24)
    at Promise.then.completed (/Users/oliver/Projects/boutique/node_modules/jest-circus/build/utils.js:298:28)
    at new Promise (&lt;anonymous&gt;)
    at callAsyncCircusFn (/Users/oliver/Projects/boutique/node_modules/jest-circus/build/utils.js:231:10)
    at _callCircusHook (/Users/oliver/Projects/boutique/node_modules/jest-circus/build/run.js:281:40)
    at processTicksAndRejections (node:internal/process/task_queues:105:5)
    at _runTest (/Users/oliver/Projects/boutique/node_modules/jest-circus/build/run.js:246:5)
    at _runTestsForDescribeBlock (/Users/oliver/Projects/boutique/node_modules/jest-circus/build/run.js:126:9)
    at _runTestsForDescribeBlock (/Users/oliver/Projects/boutique/node_modules/jest-circus/build/run.js:121:9)
    at _runTestsForDescribeBlock (/Users/oliver/Projects/boutique/node_modules/jest-circus/build/run.js:121:9)
    at run (/Users/oliver/Projects/boutique/node_modules/jest-circus/build/run.js:71:3)
    at runAndTransformResultsToJestFormat (/Users/oliver/Projects/boutique/node_modules/jest-circus/build/legacy-code-todo-rewrite/jestAdapterInit.js:122:21)
    at jestAdapter (/Users/oliver/Projects/boutique/node_modules/jest-circus/build/legacy-code-todo-rewrite/jestAdapter.js:79:19)
    at runTestInternal (/Users/oliver/Projects/boutique/node_modules/jest-runner/build/runTest.js:367:16)
    at runTest (/Users/oliver/Projects/boutique/node_modules/jest-runner/build/runTest.js:444:34)
    at Object.worker (/Users/oliver/Projects/boutique/node_modules/jest-runner/build/testWorker.js:106:12)</failure>
    </testcase>
    <testcase classname="Error Recovery Utilities CircuitBreaker should provide status information" name="Error Recovery Utilities CircuitBreaker should provide status information" time="0">
      <failure>TypeError: CircuitBreaker is not a constructor
    at Object.&lt;anonymous&gt; (/Users/oliver/Projects/boutique/test/utils/errorRecovery.test.js:13:24)
    at Promise.then.completed (/Users/oliver/Projects/boutique/node_modules/jest-circus/build/utils.js:298:28)
    at new Promise (&lt;anonymous&gt;)
    at callAsyncCircusFn (/Users/oliver/Projects/boutique/node_modules/jest-circus/build/utils.js:231:10)
    at _callCircusHook (/Users/oliver/Projects/boutique/node_modules/jest-circus/build/run.js:281:40)
    at processTicksAndRejections (node:internal/process/task_queues:105:5)
    at _runTest (/Users/oliver/Projects/boutique/node_modules/jest-circus/build/run.js:246:5)
    at _runTestsForDescribeBlock (/Users/oliver/Projects/boutique/node_modules/jest-circus/build/run.js:126:9)
    at _runTestsForDescribeBlock (/Users/oliver/Projects/boutique/node_modules/jest-circus/build/run.js:121:9)
    at _runTestsForDescribeBlock (/Users/oliver/Projects/boutique/node_modules/jest-circus/build/run.js:121:9)
    at run (/Users/oliver/Projects/boutique/node_modules/jest-circus/build/run.js:71:3)
    at runAndTransformResultsToJestFormat (/Users/oliver/Projects/boutique/node_modules/jest-circus/build/legacy-code-todo-rewrite/jestAdapterInit.js:122:21)
    at jestAdapter (/Users/oliver/Projects/boutique/node_modules/jest-circus/build/legacy-code-todo-rewrite/jestAdapter.js:79:19)
    at runTestInternal (/Users/oliver/Projects/boutique/node_modules/jest-runner/build/runTest.js:367:16)
    at runTest (/Users/oliver/Projects/boutique/node_modules/jest-runner/build/runTest.js:444:34)
    at Object.worker (/Users/oliver/Projects/boutique/node_modules/jest-runner/build/testWorker.js:106:12)</failure>
    </testcase>
    <testcase classname="Error Recovery Utilities retryWithBackoff should succeed on first attempt" name="Error Recovery Utilities retryWithBackoff should succeed on first attempt" time="0">
      <failure>TypeError: retryWithBackoff is not a function
    at Object.retryWithBackoff (/Users/oliver/Projects/boutique/test/utils/errorRecovery.test.js:94:28)
    at Promise.then.completed (/Users/oliver/Projects/boutique/node_modules/jest-circus/build/utils.js:298:28)
    at new Promise (&lt;anonymous&gt;)
    at callAsyncCircusFn (/Users/oliver/Projects/boutique/node_modules/jest-circus/build/utils.js:231:10)
    at _callCircusTest (/Users/oliver/Projects/boutique/node_modules/jest-circus/build/run.js:316:40)
    at processTicksAndRejections (node:internal/process/task_queues:105:5)
    at _runTest (/Users/oliver/Projects/boutique/node_modules/jest-circus/build/run.js:252:3)
    at _runTestsForDescribeBlock (/Users/oliver/Projects/boutique/node_modules/jest-circus/build/run.js:126:9)
    at _runTestsForDescribeBlock (/Users/oliver/Projects/boutique/node_modules/jest-circus/build/run.js:121:9)
    at _runTestsForDescribeBlock (/Users/oliver/Projects/boutique/node_modules/jest-circus/build/run.js:121:9)
    at run (/Users/oliver/Projects/boutique/node_modules/jest-circus/build/run.js:71:3)
    at runAndTransformResultsToJestFormat (/Users/oliver/Projects/boutique/node_modules/jest-circus/build/legacy-code-todo-rewrite/jestAdapterInit.js:122:21)
    at jestAdapter (/Users/oliver/Projects/boutique/node_modules/jest-circus/build/legacy-code-todo-rewrite/jestAdapter.js:79:19)
    at runTestInternal (/Users/oliver/Projects/boutique/node_modules/jest-runner/build/runTest.js:367:16)
    at runTest (/Users/oliver/Projects/boutique/node_modules/jest-runner/build/runTest.js:444:34)
    at Object.worker (/Users/oliver/Projects/boutique/node_modules/jest-runner/build/testWorker.js:106:12)</failure>
    </testcase>
    <testcase classname="Error Recovery Utilities retryWithBackoff should retry on failure and eventually succeed" name="Error Recovery Utilities retryWithBackoff should retry on failure and eventually succeed" time="0">
      <failure>TypeError: retryWithBackoff is not a function
    at Object.retryWithBackoff (/Users/oliver/Projects/boutique/test/utils/errorRecovery.test.js:105:28)
    at Promise.then.completed (/Users/oliver/Projects/boutique/node_modules/jest-circus/build/utils.js:298:28)
    at new Promise (&lt;anonymous&gt;)
    at callAsyncCircusFn (/Users/oliver/Projects/boutique/node_modules/jest-circus/build/utils.js:231:10)
    at _callCircusTest (/Users/oliver/Projects/boutique/node_modules/jest-circus/build/run.js:316:40)
    at processTicksAndRejections (node:internal/process/task_queues:105:5)
    at _runTest (/Users/oliver/Projects/boutique/node_modules/jest-circus/build/run.js:252:3)
    at _runTestsForDescribeBlock (/Users/oliver/Projects/boutique/node_modules/jest-circus/build/run.js:126:9)
    at _runTestsForDescribeBlock (/Users/oliver/Projects/boutique/node_modules/jest-circus/build/run.js:121:9)
    at _runTestsForDescribeBlock (/Users/oliver/Projects/boutique/node_modules/jest-circus/build/run.js:121:9)
    at run (/Users/oliver/Projects/boutique/node_modules/jest-circus/build/run.js:71:3)
    at runAndTransformResultsToJestFormat (/Users/oliver/Projects/boutique/node_modules/jest-circus/build/legacy-code-todo-rewrite/jestAdapterInit.js:122:21)
    at jestAdapter (/Users/oliver/Projects/boutique/node_modules/jest-circus/build/legacy-code-todo-rewrite/jestAdapter.js:79:19)
    at runTestInternal (/Users/oliver/Projects/boutique/node_modules/jest-runner/build/runTest.js:367:16)
    at runTest (/Users/oliver/Projects/boutique/node_modules/jest-runner/build/runTest.js:444:34)
    at Object.worker (/Users/oliver/Projects/boutique/node_modules/jest-runner/build/testWorker.js:106:12)</failure>
    </testcase>
    <testcase classname="Error Recovery Utilities retryWithBackoff should fail after max retries" name="Error Recovery Utilities retryWithBackoff should fail after max retries" time="0">
      <failure>TypeError: retryWithBackoff is not a function
    at Object.retryWithBackoff (/Users/oliver/Projects/boutique/test/utils/errorRecovery.test.js:117:20)
    at Promise.then.completed (/Users/oliver/Projects/boutique/node_modules/jest-circus/build/utils.js:298:28)
    at new Promise (&lt;anonymous&gt;)
    at callAsyncCircusFn (/Users/oliver/Projects/boutique/node_modules/jest-circus/build/utils.js:231:10)
    at _callCircusTest (/Users/oliver/Projects/boutique/node_modules/jest-circus/build/run.js:316:40)
    at processTicksAndRejections (node:internal/process/task_queues:105:5)
    at _runTest (/Users/oliver/Projects/boutique/node_modules/jest-circus/build/run.js:252:3)
    at _runTestsForDescribeBlock (/Users/oliver/Projects/boutique/node_modules/jest-circus/build/run.js:126:9)
    at _runTestsForDescribeBlock (/Users/oliver/Projects/boutique/node_modules/jest-circus/build/run.js:121:9)
    at _runTestsForDescribeBlock (/Users/oliver/Projects/boutique/node_modules/jest-circus/build/run.js:121:9)
    at run (/Users/oliver/Projects/boutique/node_modules/jest-circus/build/run.js:71:3)
    at runAndTransformResultsToJestFormat (/Users/oliver/Projects/boutique/node_modules/jest-circus/build/legacy-code-todo-rewrite/jestAdapterInit.js:122:21)
    at jestAdapter (/Users/oliver/Projects/boutique/node_modules/jest-circus/build/legacy-code-todo-rewrite/jestAdapter.js:79:19)
    at runTestInternal (/Users/oliver/Projects/boutique/node_modules/jest-runner/build/runTest.js:367:16)
    at runTest (/Users/oliver/Projects/boutique/node_modules/jest-runner/build/runTest.js:444:34)
    at Object.worker (/Users/oliver/Projects/boutique/node_modules/jest-runner/build/testWorker.js:106:12)</failure>
    </testcase>
    <testcase classname="Error Recovery Utilities retryWithBackoff should use exponential backoff" name="Error Recovery Utilities retryWithBackoff should use exponential backoff" time="0.001">
      <failure>TypeError: retryWithBackoff is not a function
    at Object.retryWithBackoff (/Users/oliver/Projects/boutique/test/utils/errorRecovery.test.js:133:28)
    at Promise.then.completed (/Users/oliver/Projects/boutique/node_modules/jest-circus/build/utils.js:298:28)
    at new Promise (&lt;anonymous&gt;)
    at callAsyncCircusFn (/Users/oliver/Projects/boutique/node_modules/jest-circus/build/utils.js:231:10)
    at _callCircusTest (/Users/oliver/Projects/boutique/node_modules/jest-circus/build/run.js:316:40)
    at processTicksAndRejections (node:internal/process/task_queues:105:5)
    at _runTest (/Users/oliver/Projects/boutique/node_modules/jest-circus/build/run.js:252:3)
    at _runTestsForDescribeBlock (/Users/oliver/Projects/boutique/node_modules/jest-circus/build/run.js:126:9)
    at _runTestsForDescribeBlock (/Users/oliver/Projects/boutique/node_modules/jest-circus/build/run.js:121:9)
    at _runTestsForDescribeBlock (/Users/oliver/Projects/boutique/node_modules/jest-circus/build/run.js:121:9)
    at run (/Users/oliver/Projects/boutique/node_modules/jest-circus/build/run.js:71:3)
    at runAndTransformResultsToJestFormat (/Users/oliver/Projects/boutique/node_modules/jest-circus/build/legacy-code-todo-rewrite/jestAdapterInit.js:122:21)
    at jestAdapter (/Users/oliver/Projects/boutique/node_modules/jest-circus/build/legacy-code-todo-rewrite/jestAdapter.js:79:19)
    at runTestInternal (/Users/oliver/Projects/boutique/node_modules/jest-runner/build/runTest.js:367:16)
    at runTest (/Users/oliver/Projects/boutique/node_modules/jest-runner/build/runTest.js:444:34)
    at Object.worker (/Users/oliver/Projects/boutique/node_modules/jest-runner/build/testWorker.js:106:12)</failure>
    </testcase>
    <testcase classname="Error Recovery Utilities PaymentErrorRecovery should process payment successfully" name="Error Recovery Utilities PaymentErrorRecovery should process payment successfully" time="0">
      <failure>TypeError: PaymentErrorRecovery is not a constructor
    at Object.&lt;anonymous&gt; (/Users/oliver/Projects/boutique/test/utils/errorRecovery.test.js:153:25)
    at Promise.then.completed (/Users/oliver/Projects/boutique/node_modules/jest-circus/build/utils.js:298:28)
    at new Promise (&lt;anonymous&gt;)
    at callAsyncCircusFn (/Users/oliver/Projects/boutique/node_modules/jest-circus/build/utils.js:231:10)
    at _callCircusHook (/Users/oliver/Projects/boutique/node_modules/jest-circus/build/run.js:281:40)
    at processTicksAndRejections (node:internal/process/task_queues:105:5)
    at _runTest (/Users/oliver/Projects/boutique/node_modules/jest-circus/build/run.js:246:5)
    at _runTestsForDescribeBlock (/Users/oliver/Projects/boutique/node_modules/jest-circus/build/run.js:126:9)
    at _runTestsForDescribeBlock (/Users/oliver/Projects/boutique/node_modules/jest-circus/build/run.js:121:9)
    at _runTestsForDescribeBlock (/Users/oliver/Projects/boutique/node_modules/jest-circus/build/run.js:121:9)
    at run (/Users/oliver/Projects/boutique/node_modules/jest-circus/build/run.js:71:3)
    at runAndTransformResultsToJestFormat (/Users/oliver/Projects/boutique/node_modules/jest-circus/build/legacy-code-todo-rewrite/jestAdapterInit.js:122:21)
    at jestAdapter (/Users/oliver/Projects/boutique/node_modules/jest-circus/build/legacy-code-todo-rewrite/jestAdapter.js:79:19)
    at runTestInternal (/Users/oliver/Projects/boutique/node_modules/jest-runner/build/runTest.js:367:16)
    at runTest (/Users/oliver/Projects/boutique/node_modules/jest-runner/build/runTest.js:444:34)
    at Object.worker (/Users/oliver/Projects/boutique/node_modules/jest-runner/build/testWorker.js:106:12)</failure>
    </testcase>
    <testcase classname="Error Recovery Utilities PaymentErrorRecovery should handle network errors by queueing for retry" name="Error Recovery Utilities PaymentErrorRecovery should handle network errors by queueing for retry" time="0">
      <failure>TypeError: PaymentErrorRecovery is not a constructor
    at Object.&lt;anonymous&gt; (/Users/oliver/Projects/boutique/test/utils/errorRecovery.test.js:153:25)
    at Promise.then.completed (/Users/oliver/Projects/boutique/node_modules/jest-circus/build/utils.js:298:28)
    at new Promise (&lt;anonymous&gt;)
    at callAsyncCircusFn (/Users/oliver/Projects/boutique/node_modules/jest-circus/build/utils.js:231:10)
    at _callCircusHook (/Users/oliver/Projects/boutique/node_modules/jest-circus/build/run.js:281:40)
    at processTicksAndRejections (node:internal/process/task_queues:105:5)
    at _runTest (/Users/oliver/Projects/boutique/node_modules/jest-circus/build/run.js:246:5)
    at _runTestsForDescribeBlock (/Users/oliver/Projects/boutique/node_modules/jest-circus/build/run.js:126:9)
    at _runTestsForDescribeBlock (/Users/oliver/Projects/boutique/node_modules/jest-circus/build/run.js:121:9)
    at _runTestsForDescribeBlock (/Users/oliver/Projects/boutique/node_modules/jest-circus/build/run.js:121:9)
    at run (/Users/oliver/Projects/boutique/node_modules/jest-circus/build/run.js:71:3)
    at runAndTransformResultsToJestFormat (/Users/oliver/Projects/boutique/node_modules/jest-circus/build/legacy-code-todo-rewrite/jestAdapterInit.js:122:21)
    at jestAdapter (/Users/oliver/Projects/boutique/node_modules/jest-circus/build/legacy-code-todo-rewrite/jestAdapter.js:79:19)
    at runTestInternal (/Users/oliver/Projects/boutique/node_modules/jest-runner/build/runTest.js:367:16)
    at runTest (/Users/oliver/Projects/boutique/node_modules/jest-runner/build/runTest.js:444:34)
    at Object.worker (/Users/oliver/Projects/boutique/node_modules/jest-runner/build/testWorker.js:106:12)</failure>
    </testcase>
    <testcase classname="Error Recovery Utilities PaymentErrorRecovery should handle insufficient funds by notifying customer" name="Error Recovery Utilities PaymentErrorRecovery should handle insufficient funds by notifying customer" time="0">
      <failure>TypeError: PaymentErrorRecovery is not a constructor
    at Object.&lt;anonymous&gt; (/Users/oliver/Projects/boutique/test/utils/errorRecovery.test.js:153:25)
    at Promise.then.completed (/Users/oliver/Projects/boutique/node_modules/jest-circus/build/utils.js:298:28)
    at new Promise (&lt;anonymous&gt;)
    at callAsyncCircusFn (/Users/oliver/Projects/boutique/node_modules/jest-circus/build/utils.js:231:10)
    at _callCircusHook (/Users/oliver/Projects/boutique/node_modules/jest-circus/build/run.js:281:40)
    at processTicksAndRejections (node:internal/process/task_queues:105:5)
    at _runTest (/Users/oliver/Projects/boutique/node_modules/jest-circus/build/run.js:246:5)
    at _runTestsForDescribeBlock (/Users/oliver/Projects/boutique/node_modules/jest-circus/build/run.js:126:9)
    at _runTestsForDescribeBlock (/Users/oliver/Projects/boutique/node_modules/jest-circus/build/run.js:121:9)
    at _runTestsForDescribeBlock (/Users/oliver/Projects/boutique/node_modules/jest-circus/build/run.js:121:9)
    at run (/Users/oliver/Projects/boutique/node_modules/jest-circus/build/run.js:71:3)
    at runAndTransformResultsToJestFormat (/Users/oliver/Projects/boutique/node_modules/jest-circus/build/legacy-code-todo-rewrite/jestAdapterInit.js:122:21)
    at jestAdapter (/Users/oliver/Projects/boutique/node_modules/jest-circus/build/legacy-code-todo-rewrite/jestAdapter.js:79:19)
    at runTestInternal (/Users/oliver/Projects/boutique/node_modules/jest-runner/build/runTest.js:367:16)
    at runTest (/Users/oliver/Projects/boutique/node_modules/jest-runner/build/runTest.js:444:34)
    at Object.worker (/Users/oliver/Projects/boutique/node_modules/jest-runner/build/testWorker.js:106:12)</failure>
    </testcase>
    <testcase classname="Error Recovery Utilities PaymentErrorRecovery should escalate unknown errors" name="Error Recovery Utilities PaymentErrorRecovery should escalate unknown errors" time="0">
      <failure>TypeError: PaymentErrorRecovery is not a constructor
    at Object.&lt;anonymous&gt; (/Users/oliver/Projects/boutique/test/utils/errorRecovery.test.js:153:25)
    at Promise.then.completed (/Users/oliver/Projects/boutique/node_modules/jest-circus/build/utils.js:298:28)
    at new Promise (&lt;anonymous&gt;)
    at callAsyncCircusFn (/Users/oliver/Projects/boutique/node_modules/jest-circus/build/utils.js:231:10)
    at _callCircusHook (/Users/oliver/Projects/boutique/node_modules/jest-circus/build/run.js:281:40)
    at processTicksAndRejections (node:internal/process/task_queues:105:5)
    at _runTest (/Users/oliver/Projects/boutique/node_modules/jest-circus/build/run.js:246:5)
    at _runTestsForDescribeBlock (/Users/oliver/Projects/boutique/node_modules/jest-circus/build/run.js:126:9)
    at _runTestsForDescribeBlock (/Users/oliver/Projects/boutique/node_modules/jest-circus/build/run.js:121:9)
    at _runTestsForDescribeBlock (/Users/oliver/Projects/boutique/node_modules/jest-circus/build/run.js:121:9)
    at run (/Users/oliver/Projects/boutique/node_modules/jest-circus/build/run.js:71:3)
    at runAndTransformResultsToJestFormat (/Users/oliver/Projects/boutique/node_modules/jest-circus/build/legacy-code-todo-rewrite/jestAdapterInit.js:122:21)
    at jestAdapter (/Users/oliver/Projects/boutique/node_modules/jest-circus/build/legacy-code-todo-rewrite/jestAdapter.js:79:19)
    at runTestInternal (/Users/oliver/Projects/boutique/node_modules/jest-runner/build/runTest.js:367:16)
    at runTest (/Users/oliver/Projects/boutique/node_modules/jest-runner/build/runTest.js:444:34)
    at Object.worker (/Users/oliver/Projects/boutique/node_modules/jest-runner/build/testWorker.js:106:12)</failure>
    </testcase>
    <testcase classname="Error Recovery Utilities WholesalerErrorRecovery should send notification successfully" name="Error Recovery Utilities WholesalerErrorRecovery should send notification successfully" time="0">
      <failure>TypeError: WholesalerErrorRecovery is not a constructor
    at Object.&lt;anonymous&gt; (/Users/oliver/Projects/boutique/test/utils/errorRecovery.test.js:201:28)
    at Promise.then.completed (/Users/oliver/Projects/boutique/node_modules/jest-circus/build/utils.js:298:28)
    at new Promise (&lt;anonymous&gt;)
    at callAsyncCircusFn (/Users/oliver/Projects/boutique/node_modules/jest-circus/build/utils.js:231:10)
    at _callCircusHook (/Users/oliver/Projects/boutique/node_modules/jest-circus/build/run.js:281:40)
    at processTicksAndRejections (node:internal/process/task_queues:105:5)
    at _runTest (/Users/oliver/Projects/boutique/node_modules/jest-circus/build/run.js:246:5)
    at _runTestsForDescribeBlock (/Users/oliver/Projects/boutique/node_modules/jest-circus/build/run.js:126:9)
    at _runTestsForDescribeBlock (/Users/oliver/Projects/boutique/node_modules/jest-circus/build/run.js:121:9)
    at _runTestsForDescribeBlock (/Users/oliver/Projects/boutique/node_modules/jest-circus/build/run.js:121:9)
    at run (/Users/oliver/Projects/boutique/node_modules/jest-circus/build/run.js:71:3)
    at runAndTransformResultsToJestFormat (/Users/oliver/Projects/boutique/node_modules/jest-circus/build/legacy-code-todo-rewrite/jestAdapterInit.js:122:21)
    at jestAdapter (/Users/oliver/Projects/boutique/node_modules/jest-circus/build/legacy-code-todo-rewrite/jestAdapter.js:79:19)
    at runTestInternal (/Users/oliver/Projects/boutique/node_modules/jest-runner/build/runTest.js:367:16)
    at runTest (/Users/oliver/Projects/boutique/node_modules/jest-runner/build/runTest.js:444:34)
    at Object.worker (/Users/oliver/Projects/boutique/node_modules/jest-runner/build/testWorker.js:106:12)</failure>
    </testcase>
    <testcase classname="Error Recovery Utilities WholesalerErrorRecovery should handle network errors by queueing for retry" name="Error Recovery Utilities WholesalerErrorRecovery should handle network errors by queueing for retry" time="0">
      <failure>TypeError: WholesalerErrorRecovery is not a constructor
    at Object.&lt;anonymous&gt; (/Users/oliver/Projects/boutique/test/utils/errorRecovery.test.js:201:28)
    at Promise.then.completed (/Users/oliver/Projects/boutique/node_modules/jest-circus/build/utils.js:298:28)
    at new Promise (&lt;anonymous&gt;)
    at callAsyncCircusFn (/Users/oliver/Projects/boutique/node_modules/jest-circus/build/utils.js:231:10)
    at _callCircusHook (/Users/oliver/Projects/boutique/node_modules/jest-circus/build/run.js:281:40)
    at processTicksAndRejections (node:internal/process/task_queues:105:5)
    at _runTest (/Users/oliver/Projects/boutique/node_modules/jest-circus/build/run.js:246:5)
    at _runTestsForDescribeBlock (/Users/oliver/Projects/boutique/node_modules/jest-circus/build/run.js:126:9)
    at _runTestsForDescribeBlock (/Users/oliver/Projects/boutique/node_modules/jest-circus/build/run.js:121:9)
    at _runTestsForDescribeBlock (/Users/oliver/Projects/boutique/node_modules/jest-circus/build/run.js:121:9)
    at run (/Users/oliver/Projects/boutique/node_modules/jest-circus/build/run.js:71:3)
    at runAndTransformResultsToJestFormat (/Users/oliver/Projects/boutique/node_modules/jest-circus/build/legacy-code-todo-rewrite/jestAdapterInit.js:122:21)
    at jestAdapter (/Users/oliver/Projects/boutique/node_modules/jest-circus/build/legacy-code-todo-rewrite/jestAdapter.js:79:19)
    at runTestInternal (/Users/oliver/Projects/boutique/node_modules/jest-runner/build/runTest.js:367:16)
    at runTest (/Users/oliver/Projects/boutique/node_modules/jest-runner/build/runTest.js:444:34)
    at Object.worker (/Users/oliver/Projects/boutique/node_modules/jest-runner/build/testWorker.js:106:12)</failure>
    </testcase>
    <testcase classname="Error Recovery Utilities WholesalerErrorRecovery should handle email errors by trying alternative method" name="Error Recovery Utilities WholesalerErrorRecovery should handle email errors by trying alternative method" time="0">
      <failure>TypeError: WholesalerErrorRecovery is not a constructor
    at Object.&lt;anonymous&gt; (/Users/oliver/Projects/boutique/test/utils/errorRecovery.test.js:201:28)
    at Promise.then.completed (/Users/oliver/Projects/boutique/node_modules/jest-circus/build/utils.js:298:28)
    at new Promise (&lt;anonymous&gt;)
    at callAsyncCircusFn (/Users/oliver/Projects/boutique/node_modules/jest-circus/build/utils.js:231:10)
    at _callCircusHook (/Users/oliver/Projects/boutique/node_modules/jest-circus/build/run.js:281:40)
    at processTicksAndRejections (node:internal/process/task_queues:105:5)
    at _runTest (/Users/oliver/Projects/boutique/node_modules/jest-circus/build/run.js:246:5)
    at _runTestsForDescribeBlock (/Users/oliver/Projects/boutique/node_modules/jest-circus/build/run.js:126:9)
    at _runTestsForDescribeBlock (/Users/oliver/Projects/boutique/node_modules/jest-circus/build/run.js:121:9)
    at _runTestsForDescribeBlock (/Users/oliver/Projects/boutique/node_modules/jest-circus/build/run.js:121:9)
    at run (/Users/oliver/Projects/boutique/node_modules/jest-circus/build/run.js:71:3)
    at runAndTransformResultsToJestFormat (/Users/oliver/Projects/boutique/node_modules/jest-circus/build/legacy-code-todo-rewrite/jestAdapterInit.js:122:21)
    at jestAdapter (/Users/oliver/Projects/boutique/node_modules/jest-circus/build/legacy-code-todo-rewrite/jestAdapter.js:79:19)
    at runTestInternal (/Users/oliver/Projects/boutique/node_modules/jest-runner/build/runTest.js:367:16)
    at runTest (/Users/oliver/Projects/boutique/node_modules/jest-runner/build/runTest.js:444:34)
    at Object.worker (/Users/oliver/Projects/boutique/node_modules/jest-runner/build/testWorker.js:106:12)</failure>
    </testcase>
    <testcase classname="Error Recovery Utilities WholesalerErrorRecovery should escalate unknown errors" name="Error Recovery Utilities WholesalerErrorRecovery should escalate unknown errors" time="0">
      <failure>TypeError: WholesalerErrorRecovery is not a constructor
    at Object.&lt;anonymous&gt; (/Users/oliver/Projects/boutique/test/utils/errorRecovery.test.js:201:28)
    at Promise.then.completed (/Users/oliver/Projects/boutique/node_modules/jest-circus/build/utils.js:298:28)
    at new Promise (&lt;anonymous&gt;)
    at callAsyncCircusFn (/Users/oliver/Projects/boutique/node_modules/jest-circus/build/utils.js:231:10)
    at _callCircusHook (/Users/oliver/Projects/boutique/node_modules/jest-circus/build/run.js:281:40)
    at processTicksAndRejections (node:internal/process/task_queues:105:5)
    at _runTest (/Users/oliver/Projects/boutique/node_modules/jest-circus/build/run.js:246:5)
    at _runTestsForDescribeBlock (/Users/oliver/Projects/boutique/node_modules/jest-circus/build/run.js:126:9)
    at _runTestsForDescribeBlock (/Users/oliver/Projects/boutique/node_modules/jest-circus/build/run.js:121:9)
    at _runTestsForDescribeBlock (/Users/oliver/Projects/boutique/node_modules/jest-circus/build/run.js:121:9)
    at run (/Users/oliver/Projects/boutique/node_modules/jest-circus/build/run.js:71:3)
    at runAndTransformResultsToJestFormat (/Users/oliver/Projects/boutique/node_modules/jest-circus/build/legacy-code-todo-rewrite/jestAdapterInit.js:122:21)
    at jestAdapter (/Users/oliver/Projects/boutique/node_modules/jest-circus/build/legacy-code-todo-rewrite/jestAdapter.js:79:19)
    at runTestInternal (/Users/oliver/Projects/boutique/node_modules/jest-runner/build/runTest.js:367:16)
    at runTest (/Users/oliver/Projects/boutique/node_modules/jest-runner/build/runTest.js:444:34)
    at Object.worker (/Users/oliver/Projects/boutique/node_modules/jest-runner/build/testWorker.js:106:12)</failure>
    </testcase>
  </testsuite>
  <testsuite name="Error Handling Middleware" errors="0" failures="0" skipped="0" timestamp="2025-08-08T17:03:50" time="4.721" tests="10">
    <testcase classname="Error Handling Middleware AppError should create operational error with correct properties" name="Error Handling Middleware AppError should create operational error with correct properties" time="0.003">
    </testcase>
    <testcase classname="Error Handling Middleware AppError should create server error with correct status" name="Error Handling Middleware AppError should create server error with correct status" time="0">
    </testcase>
    <testcase classname="Error Handling Middleware catchAsync should catch async errors and pass to next" name="Error Handling Middleware catchAsync should catch async errors and pass to next" time="0.012">
    </testcase>
    <testcase classname="Error Handling Middleware catchAsync should handle successful async operations" name="Error Handling Middleware catchAsync should handle successful async operations" time="0.002">
    </testcase>
    <testcase classname="Error Handling Middleware globalErrorHandler should handle operational errors in production" name="Error Handling Middleware globalErrorHandler should handle operational errors in production" time="0.002">
    </testcase>
    <testcase classname="Error Handling Middleware globalErrorHandler should handle non-operational errors in production" name="Error Handling Middleware globalErrorHandler should handle non-operational errors in production" time="0.001">
    </testcase>
    <testcase classname="Error Handling Middleware globalErrorHandler should include stack trace in development" name="Error Handling Middleware globalErrorHandler should include stack trace in development" time="0.003">
    </testcase>
    <testcase classname="Error Handling Middleware globalErrorHandler should handle JWT errors" name="Error Handling Middleware globalErrorHandler should handle JWT errors" time="0.001">
    </testcase>
    <testcase classname="Error Handling Middleware globalErrorHandler should handle expired JWT errors" name="Error Handling Middleware globalErrorHandler should handle expired JWT errors" time="0.001">
    </testcase>
    <testcase classname="Error Handling Middleware globalErrorHandler should handle validation errors" name="Error Handling Middleware globalErrorHandler should handle validation errors" time="0.001">
    </testcase>
  </testsuite>
  <testsuite name="Email Service" errors="0" failures="1" skipped="0" timestamp="2025-08-08T17:03:50" time="4.728" tests="12">
    <testcase classname="Email Service sendOrderConfirmation should send order confirmation email successfully" name="Email Service sendOrderConfirmation should send order confirmation email successfully" time="0.012">
    </testcase>
    <testcase classname="Email Service sendOrderConfirmation should handle email sending failure" name="Email Service sendOrderConfirmation should handle email sending failure" time="0.001">
    </testcase>
    <testcase classname="Email Service sendPaymentReceipt should send payment receipt email successfully" name="Email Service sendPaymentReceipt should send payment receipt email successfully" time="0.003">
    </testcase>
    <testcase classname="Email Service sendOrderStatusUpdate should send order status update email successfully" name="Email Service sendOrderStatusUpdate should send order status update email successfully" time="0">
    </testcase>
    <testcase classname="Email Service sendOrderStatusUpdate should handle different order statuses" name="Email Service sendOrderStatusUpdate should handle different order statuses" time="0.001">
    </testcase>
    <testcase classname="Email Service sendWelcomeEmail should send welcome email successfully" name="Email Service sendWelcomeEmail should send welcome email successfully" time="0.002">
      <failure>Error: expect(jest.fn()).toHaveBeenCalledWith(...expected)

- Expected
+ Received

  Object {
    &quot;from&quot;: &quot;test@example.com&quot;,
-   &quot;html&quot;: StringContaining &quot;Welcome to Our Holistic Store!&quot;,
-   &quot;subject&quot;: &quot;Welcome to Our Holistic Store!&quot;,
-   &quot;text&quot;: StringContaining &quot;Welcome to our holistic wellness community!&quot;,
+   &quot;html&quot;: &quot;&lt;div style=\&quot;font-family: Arial, sans-serif; max-width: 600px; margin: 0 auto; direction: ltr;\&quot;&gt;
+   &lt;h2 style=\&quot;color: #4a5568;\&quot;&gt;Welcome to Our Authentika Holistic Lifestyle!&lt;/h2&gt;
+   
+   &lt;p&gt;Dear John,&lt;/p&gt;
+   
+   &lt;p&gt;Welcome to our holistic wellness community!&lt;/p&gt;
+   
+   &lt;p&gt;We&apos;re thrilled to have you join us on this journey of spiritual and physical well-being. Our carefully curated collection of crystals, herbs, essential oils, and wellness products is here to support your holistic lifestyle.&lt;/p&gt;
+   
+   &lt;div style=\&quot;background: #fef5e7; padding: 20px; border-radius: 8px; margin: 20px 0;\&quot;&gt;
+     &lt;h3 style=\&quot;color: #2d3748; margin-top: 0;\&quot;&gt;As a member, you&apos;ll enjoy:&lt;/h3&gt;
+     &lt;ul style=\&quot;color: #4a5568;\&quot;&gt;
+       &lt;li&gt;Exclusive access to new products&lt;/li&gt;&lt;li&gt;Special member discounts&lt;/li&gt;&lt;li&gt;Wellness tips and spiritual guidance&lt;/li&gt;&lt;li&gt;Priority customer support&lt;/li&gt;
+     &lt;/ul&gt;
+   &lt;/div&gt;
+   
+   &lt;p&gt;Start exploring our collection and discover products that resonate with your energy.&lt;/p&gt;
+   
+   &lt;p style=\&quot;margin-top: 30px;\&quot;&gt;Namaste,&lt;br&gt;The Authentika Holistic Lifestyle Team&lt;/p&gt;
+ &lt;/div&gt;&quot;,
+   &quot;subject&quot;: &quot;Welcome to Our Authentika Holistic Lifestyle!&quot;,
+   &quot;text&quot;: &quot;Dear John,
+
+ Welcome to our holistic wellness community!
+
+ We&apos;re thrilled to have you join us on this journey of spiritual and physical well-being. Our carefully curated collection of crystals, herbs, essential oils, and wellness products is here to support your holistic lifestyle.
+
+ As a member, you&apos;ll enjoy:
+ - Exclusive access to new products
+ - Special member discounts
+ - Wellness tips and spiritual guidance
+ - Priority customer support
+
+ Start exploring our collection and discover products that resonate with your energy.
+
+ Namaste,
+ The Authentika Holistic Lifestyle Team&quot;,
    &quot;to&quot;: &quot;john@example.com&quot;,
  },

Number of calls: 1
    at Object.toHaveBeenCalledWith (/Users/oliver/Projects/boutique/test/utils/emailService.test.js:163:40)
    at processTicksAndRejections (node:internal/process/task_queues:105:5)</failure>
    </testcase>
    <testcase classname="Email Service sendPasswordResetEmail should send password reset email successfully" name="Email Service sendPasswordResetEmail should send password reset email successfully" time="0.001">
    </testcase>
    <testcase classname="Email Service sendWholesalerNotification should send wholesaler notification email successfully" name="Email Service sendWholesalerNotification should send wholesaler notification email successfully" time="0">
    </testcase>
    <testcase classname="Email Service sendEmail (generic) should send generic email successfully" name="Email Service sendEmail (generic) should send generic email successfully" time="0">
    </testcase>
    <testcase classname="Email Service sendEmail (generic) should send text-only email when HTML is not provided" name="Email Service sendEmail (generic) should send text-only email when HTML is not provided" time="0.001">
    </testcase>
    <testcase classname="Email Service Email Templates should generate order confirmation template correctly" name="Email Service Email Templates should generate order confirmation template correctly" time="0">
    </testcase>
    <testcase classname="Email Service Email Templates should generate payment receipt template correctly" name="Email Service Email Templates should generate payment receipt template correctly" time="0">
    </testcase>
  </testsuite>
  <testsuite name="Product Model" errors="0" failures="0" skipped="0" timestamp="2025-08-08T17:03:50" time="4.735" tests="9">
    <testcase classname="Product Model Basic Product Creation should create a product with all required fields" name="Product Model Basic Product Creation should create a product with all required fields" time="0.014">
    </testcase>
    <testcase classname="Product Model Basic Product Creation should auto-generate referenceKey from slug when cross-site integration is enabled" name="Product Model Basic Product Creation should auto-generate referenceKey from slug when cross-site integration is enabled" time="0.003">
    </testcase>
    <testcase classname="Product Model Data Privacy Methods toPublicJSON should exclude wholesaler information" name="Product Model Data Privacy Methods toPublicJSON should exclude wholesaler information" time="0.004">
    </testcase>
    <testcase classname="Product Model Data Privacy Methods findPublic should return products without wholesaler info" name="Product Model Data Privacy Methods findPublic should return products without wholesaler info" time="0.006">
    </testcase>
    <testcase classname="Product Model Data Privacy Methods getCrossSiteData should return only cross-site relevant fields" name="Product Model Data Privacy Methods getCrossSiteData should return only cross-site relevant fields" time="0.002">
    </testcase>
    <testcase classname="Product Model Validation should require all mandatory fields" name="Product Model Validation should require all mandatory fields" time="0.002">
    </testcase>
    <testcase classname="Product Model Validation should enforce unique slug" name="Product Model Validation should enforce unique slug" time="0.007">
    </testcase>
    <testcase classname="Product Model Validation should validate category enum" name="Product Model Validation should validate category enum" time="0.002">
    </testcase>
    <testcase classname="Product Model Indexes should have proper indexes for performance" name="Product Model Indexes should have proper indexes for performance" time="0.001">
    </testcase>
  </testsuite>
  <testsuite name="Order Model" errors="0" failures="0" skipped="0" timestamp="2025-08-08T17:03:50" time="7.472" tests="11">
    <testcase classname="Order Model Order Creation should create order with registered user" name="Order Model Order Creation should create order with registered user" time="0.274">
    </testcase>
    <testcase classname="Order Model Order Creation should create order with guest checkout" name="Order Model Order Creation should create order with guest checkout" time="0.248">
    </testcase>
    <testcase classname="Order Model Validation should require guest info when no customer is provided" name="Order Model Validation should require guest info when no customer is provided" time="0.248">
    </testcase>
    <testcase classname="Order Model Wholesaler Notification Methods allWholesalersNotified should return false initially" name="Order Model Wholesaler Notification Methods allWholesalersNotified should return false initially" time="0.247">
    </testcase>
    <testcase classname="Order Model Wholesaler Notification Methods getPendingNotifications should return all items initially" name="Order Model Wholesaler Notification Methods getPendingNotifications should return all items initially" time="0.247">
    </testcase>
    <testcase classname="Order Model Wholesaler Notification Methods updateWholesalerNotification should update notification status" name="Order Model Wholesaler Notification Methods updateWholesalerNotification should update notification status" time="0.258">
    </testcase>
    <testcase classname="Order Model Wholesaler Notification Methods updateWholesalerNotification should handle failures" name="Order Model Wholesaler Notification Methods updateWholesalerNotification should handle failures" time="0.249">
    </testcase>
    <testcase classname="Order Model Wholesaler Notification Methods findPendingNotifications should find orders needing notification" name="Order Model Wholesaler Notification Methods findPendingNotifications should find orders needing notification" time="0.249">
    </testcase>
    <testcase classname="Order Model Customer Methods getCustomerEmail should work for registered users" name="Order Model Customer Methods getCustomerEmail should work for registered users" time="0.257">
    </testcase>
    <testcase classname="Order Model Customer Methods getCustomerEmail should work for guest users" name="Order Model Customer Methods getCustomerEmail should work for guest users" time="0.252">
    </testcase>
    <testcase classname="Order Model Data Privacy toPublicJSON should exclude sensitive wholesaler information" name="Order Model Data Privacy toPublicJSON should exclude sensitive wholesaler information" time="0.246">
    </testcase>
  </testsuite>
  <testsuite name="User Model" errors="0" failures="0" skipped="0" timestamp="2025-08-08T17:03:50" time="8.156" tests="15">
    <testcase classname="User Model User Creation and Authentication should create a user with hashed password" name="User Model User Creation and Authentication should create a user with hashed password" time="0.261">
    </testcase>
    <testcase classname="User Model User Creation and Authentication should compare passwords correctly" name="User Model User Creation and Authentication should compare passwords correctly" time="0.726">
    </testcase>
    <testcase classname="User Model User Creation and Authentication should enforce unique email" name="User Model User Creation and Authentication should enforce unique email" time="0.495">
    </testcase>
    <testcase classname="User Model Address Management should add shipping address" name="User Model Address Management should add shipping address" time="0.25">
    </testcase>
    <testcase classname="User Model Address Management should add billing address" name="User Model Address Management should add billing address" time="0.248">
    </testcase>
    <testcase classname="User Model Address Management should handle multiple addresses with default management" name="User Model Address Management should handle multiple addresses with default management" time="0.251">
    </testcase>
    <testcase classname="User Model Address Management getDefaultShippingAddress should return correct address" name="User Model Address Management getDefaultShippingAddress should return correct address" time="0.248">
    </testcase>
    <testcase classname="User Model Address Management getDefaultBillingAddress should return billing or fallback to shipping" name="User Model Address Management getDefaultBillingAddress should return billing or fallback to shipping" time="0.244">
    </testcase>
    <testcase classname="User Model Address Management should update address" name="User Model Address Management should update address" time="0.25">
    </testcase>
    <testcase classname="User Model Address Management should remove address" name="User Model Address Management should remove address" time="0.243">
    </testcase>
    <testcase classname="User Model Data Privacy toPublicJSON should exclude sensitive information" name="User Model Data Privacy toPublicJSON should exclude sensitive information" time="0.24">
    </testcase>
    <testcase classname="User Model Validation should require all mandatory fields" name="User Model Validation should require all mandatory fields" time="0.002">
    </testcase>
    <testcase classname="User Model Validation should validate email format" name="User Model Validation should validate email format" time="0.001">
    </testcase>
    <testcase classname="User Model Validation should enforce minimum password length" name="User Model Validation should enforce minimum password length" time="0.001">
    </testcase>
    <testcase classname="User Model Indexes should have proper indexes for performance" name="User Model Indexes should have proper indexes for performance" time="0.001">
    </testcase>
  </testsuite>
  <testsuite name="Review Model" errors="0" failures="0" skipped="0" timestamp="2025-08-08T17:03:50" time="8.661" tests="13">
    <testcase classname="Review Model Schema Validation should require product reference" name="Review Model Schema Validation should require product reference" time="0.272">
    </testcase>
    <testcase classname="Review Model Schema Validation should require user reference" name="Review Model Schema Validation should require user reference" time="0.248">
    </testcase>
    <testcase classname="Review Model Schema Validation should require rating between 1 and 5" name="Review Model Schema Validation should require rating between 1 and 5" time="0.247">
    </testcase>
    <testcase classname="Review Model Schema Validation should require comment with minimum length" name="Review Model Schema Validation should require comment with minimum length" time="0.247">
    </testcase>
    <testcase classname="Review Model Schema Validation should default status to pending" name="Review Model Schema Validation should default status to pending" time="0.248">
    </testcase>
    <testcase classname="Review Model Schema Validation should only allow valid status values" name="Review Model Schema Validation should only allow valid status values" time="0.246">
    </testcase>
    <testcase classname="Review Model Schema Validation should enforce unique user-product combination" name="Review Model Schema Validation should enforce unique user-product combination" time="0.247">
    </testcase>
    <testcase classname="Review Model Instance Methods should have approve method that updates status and adds timestamp" name="Review Model Instance Methods should have approve method that updates status and adds timestamp" time="0.247">
    </testcase>
    <testcase classname="Review Model Instance Methods should have reject method that updates status and adds timestamp" name="Review Model Instance Methods should have reject method that updates status and adds timestamp" time="0.248">
    </testcase>
    <testcase classname="Review Model Instance Methods should have canUserReview static method to check purchase history" name="Review Model Instance Methods should have canUserReview static method to check purchase history" time="0.258">
    </testcase>
    <testcase classname="Review Model Static Methods should have findApproved method to get only approved reviews" name="Review Model Static Methods should have findApproved method to get only approved reviews" time="0.497">
    </testcase>
    <testcase classname="Review Model Static Methods should have getAverageRating method for a product" name="Review Model Static Methods should have getAverageRating method for a product" time="0.719">
    </testcase>
    <testcase classname="Review Model Internationalization Support should support i18n keys in admin notes" name="Review Model Internationalization Support should support i18n keys in admin notes" time="0.245">
    </testcase>
  </testsuite>
</testsuites>