{"/Users/oliver/Projects/boutique/server.js": {"path":"/Users/oliver/Projects/boutique/server.js","statementMap":{"0":{"start":{"line":1,"column":16},"end":{"line":1,"column":34}},"1":{"start":{"line":2,"column":17},"end":{"line":2,"column":36}},"2":{"start":{"line":3,"column":13},"end":{"line":3,"column":28}},"3":{"start":{"line":4,"column":15},"end":{"line":4,"column":32}},"4":{"start":{"line":6,"column":16},"end":{"line":6,"column":42}},"5":{"start":{"line":8,"column":21},"end":{"line":8,"column":45}},"6":{"start":{"line":9,"column":13},"end":{"line":9,"column":28}},"7":{"start":{"line":10,"column":0},"end":{"line":10,"column":27}},"8":{"start":{"line":13,"column":35},"end":{"line":13,"column":60}},"9":{"start":{"line":16,"column":0},"end":{"line":22,"column":1}},"10":{"start":{"line":17,"column":2},"end":{"line":20,"column":5}},"11":{"start":{"line":25,"column":0},"end":{"line":28,"column":1}},"12":{"start":{"line":26,"column":2},"end":{"line":26,"column":129}},"13":{"start":{"line":27,"column":2},"end":{"line":27,"column":47}},"14":{"start":{"line":30,"column":0},"end":{"line":36,"column":1}},"15":{"start":{"line":31,"column":2},"end":{"line":35,"column":3}},"16":{"start":{"line":32,"column":4},"end":{"line":32,"column":102}},"17":{"start":{"line":34,"column":4},"end":{"line":34,"column":44}},"18":{"start":{"line":39,"column":31},"end":{"line":39,"column":67}},"19":{"start":{"line":40,"column":27},"end":{"line":40,"column":50}},"20":{"start":{"line":41,"column":26},"end":{"line":41,"column":57}},"21":{"start":{"line":47,"column":4},"end":{"line":47,"column":36}},"22":{"start":{"line":49,"column":12},"end":{"line":49,"column":21}},"23":{"start":{"line":52,"column":0},"end":{"line":52,"column":18}},"24":{"start":{"line":53,"column":0},"end":{"line":53,"column":25}},"25":{"start":{"line":55,"column":20},"end":{"line":80,"column":1}},"26":{"start":{"line":57,"column":27},"end":{"line":62,"column":5}},"27":{"start":{"line":65,"column":4},"end":{"line":65,"column":47}},"28":{"start":{"line":65,"column":18},"end":{"line":65,"column":46}},"29":{"start":{"line":68,"column":4},"end":{"line":74,"column":5}},"30":{"start":{"line":69,"column":6},"end":{"line":69,"column":27}},"31":{"start":{"line":72,"column":6},"end":{"line":72,"column":90}},"32":{"start":{"line":73,"column":6},"end":{"line":73,"column":49}},"33":{"start":{"line":82,"column":0},"end":{"line":82,"column":27}},"34":{"start":{"line":85,"column":0},"end":{"line":85,"column":23}},"35":{"start":{"line":88,"column":0},"end":{"line":88,"column":28}},"36":{"start":{"line":91,"column":0},"end":{"line":91,"column":22}},"37":{"start":{"line":99,"column":4},"end":{"line":99,"column":39}},"38":{"start":{"line":102,"column":17},"end":{"line":102,"column":86}},"39":{"start":{"line":103,"column":0},"end":{"line":103,"column":48}},"40":{"start":{"line":106,"column":0},"end":{"line":106,"column":27}},"41":{"start":{"line":107,"column":0},"end":{"line":107,"column":29}},"42":{"start":{"line":108,"column":0},"end":{"line":108,"column":29}},"43":{"start":{"line":111,"column":0},"end":{"line":111,"column":41}},"44":{"start":{"line":112,"column":0},"end":{"line":112,"column":48}},"45":{"start":{"line":115,"column":0},"end":{"line":115,"column":24}},"46":{"start":{"line":118,"column":0},"end":{"line":118,"column":24}},"47":{"start":{"line":121,"column":0},"end":{"line":121,"column":23}},"48":{"start":{"line":124,"column":0},"end":{"line":124,"column":47}},"49":{"start":{"line":125,"column":0},"end":{"line":125,"column":34}},"50":{"start":{"line":128,"column":0},"end":{"line":140,"column":1}},"51":{"start":{"line":129,"column":2},"end":{"line":137,"column":5}},"52":{"start":{"line":133,"column":4},"end":{"line":133,"column":40}},"53":{"start":{"line":135,"column":4},"end":{"line":135,"column":71}},"54":{"start":{"line":136,"column":4},"end":{"line":136,"column":64}},"55":{"start":{"line":138,"column":7},"end":{"line":140,"column":1}},"56":{"start":{"line":139,"column":2},"end":{"line":139,"column":51}},"57":{"start":{"line":143,"column":0},"end":{"line":145,"column":3}},"58":{"start":{"line":144,"column":2},"end":{"line":144,"column":69}},"59":{"start":{"line":147,"column":0},"end":{"line":149,"column":3}},"60":{"start":{"line":148,"column":2},"end":{"line":148,"column":38}},"61":{"start":{"line":152,"column":0},"end":{"line":152,"column":64}},"62":{"start":{"line":153,"column":0},"end":{"line":153,"column":55}},"63":{"start":{"line":154,"column":0},"end":{"line":154,"column":53}},"64":{"start":{"line":155,"column":0},"end":{"line":155,"column":47}},"65":{"start":{"line":156,"column":0},"end":{"line":156,"column":51}},"66":{"start":{"line":157,"column":0},"end":{"line":157,"column":75}},"67":{"start":{"line":158,"column":0},"end":{"line":158,"column":61}},"68":{"start":{"line":159,"column":0},"end":{"line":159,"column":85}},"69":{"start":{"line":160,"column":0},"end":{"line":160,"column":67}},"70":{"start":{"line":161,"column":0},"end":{"line":161,"column":73}},"71":{"start":{"line":162,"column":0},"end":{"line":162,"column":59}},"72":{"start":{"line":165,"column":0},"end":{"line":167,"column":3}},"73":{"start":{"line":166,"column":2},"end":{"line":166,"column":66}},"74":{"start":{"line":170,"column":0},"end":{"line":179,"column":3}},"75":{"start":{"line":171,"column":2},"end":{"line":178,"column":5}},"76":{"start":{"line":182,"column":0},"end":{"line":196,"column":3}},"77":{"start":{"line":183,"column":2},"end":{"line":195,"column":5}},"78":{"start":{"line":199,"column":0},"end":{"line":199,"column":28}},"79":{"start":{"line":202,"column":0},"end":{"line":206,"column":1}},"80":{"start":{"line":203,"column":2},"end":{"line":205,"column":5}},"81":{"start":{"line":204,"column":4},"end":{"line":204,"column":62}},"82":{"start":{"line":208,"column":13},"end":{"line":208,"column":37}},"83":{"start":{"line":211,"column":0},"end":{"line":215,"column":1}},"84":{"start":{"line":212,"column":2},"end":{"line":214,"column":5}},"85":{"start":{"line":213,"column":4},"end":{"line":213,"column":50}},"86":{"start":{"line":218,"column":0},"end":{"line":218,"column":21}}},"fnMap":{"0":{"name":"(anonymous_0)","decl":{"start":{"line":56,"column":10},"end":{"line":56,"column":11}},"loc":{"start":{"line":56,"column":38},"end":{"line":75,"column":3}},"line":56},"1":{"name":"(anonymous_1)","decl":{"start":{"line":132,"column":10},"end":{"line":132,"column":11}},"loc":{"start":{"line":132,"column":16},"end":{"line":134,"column":3}},"line":132},"2":{"name":"(anonymous_2)","decl":{"start":{"line":134,"column":11},"end":{"line":134,"column":12}},"loc":{"start":{"line":134,"column":22},"end":{"line":137,"column":3}},"line":134},"3":{"name":"(anonymous_3)","decl":{"start":{"line":143,"column":32},"end":{"line":143,"column":33}},"loc":{"start":{"line":143,"column":43},"end":{"line":145,"column":1}},"line":143},"4":{"name":"(anonymous_4)","decl":{"start":{"line":147,"column":39},"end":{"line":147,"column":40}},"loc":{"start":{"line":147,"column":45},"end":{"line":149,"column":1}},"line":147},"5":{"name":"(anonymous_5)","decl":{"start":{"line":165,"column":19},"end":{"line":165,"column":20}},"loc":{"start":{"line":165,"column":33},"end":{"line":167,"column":1}},"line":165},"6":{"name":"(anonymous_6)","decl":{"start":{"line":170,"column":27},"end":{"line":170,"column":28}},"loc":{"start":{"line":170,"column":41},"end":{"line":179,"column":1}},"line":170},"7":{"name":"(anonymous_7)","decl":{"start":{"line":182,"column":13},"end":{"line":182,"column":14}},"loc":{"start":{"line":182,"column":27},"end":{"line":196,"column":1}},"line":182},"8":{"name":"(anonymous_8)","decl":{"start":{"line":203,"column":15},"end":{"line":203,"column":16}},"loc":{"start":{"line":203,"column":29},"end":{"line":205,"column":3}},"line":203},"9":{"name":"(anonymous_9)","decl":{"start":{"line":212,"column":19},"end":{"line":212,"column":20}},"loc":{"start":{"line":212,"column":25},"end":{"line":214,"column":3}},"line":212}},"branchMap":{"0":{"loc":{"start":{"line":16,"column":0},"end":{"line":22,"column":1}},"type":"if","locations":[{"start":{"line":16,"column":0},"end":{"line":22,"column":1}},{"start":{},"end":{}}],"line":16},"1":{"loc":{"start":{"line":25,"column":0},"end":{"line":28,"column":1}},"type":"if","locations":[{"start":{"line":25,"column":0},"end":{"line":28,"column":1}},{"start":{},"end":{}}],"line":25},"2":{"loc":{"start":{"line":25,"column":4},"end":{"line":25,"column":62}},"type":"binary-expr","locations":[{"start":{"line":25,"column":4},"end":{"line":25,"column":27}},{"start":{"line":25,"column":31},"end":{"line":25,"column":62}}],"line":25},"3":{"loc":{"start":{"line":30,"column":0},"end":{"line":36,"column":1}},"type":"if","locations":[{"start":{"line":30,"column":0},"end":{"line":36,"column":1}},{"start":{},"end":{}}],"line":30},"4":{"loc":{"start":{"line":30,"column":4},"end":{"line":30,"column":65}},"type":"binary-expr","locations":[{"start":{"line":30,"column":4},"end":{"line":30,"column":27}},{"start":{"line":30,"column":31},"end":{"line":30,"column":65}}],"line":30},"5":{"loc":{"start":{"line":31,"column":2},"end":{"line":35,"column":3}},"type":"if","locations":[{"start":{"line":31,"column":2},"end":{"line":35,"column":3}},{"start":{},"end":{}}],"line":31},"6":{"loc":{"start":{"line":57,"column":27},"end":{"line":62,"column":5}},"type":"binary-expr","locations":[{"start":{"line":57,"column":27},"end":{"line":57,"column":66}},{"start":{"line":57,"column":70},"end":{"line":62,"column":5}}],"line":57},"7":{"loc":{"start":{"line":65,"column":4},"end":{"line":65,"column":47}},"type":"if","locations":[{"start":{"line":65,"column":4},"end":{"line":65,"column":47}},{"start":{},"end":{}}],"line":65},"8":{"loc":{"start":{"line":68,"column":4},"end":{"line":74,"column":5}},"type":"if","locations":[{"start":{"line":68,"column":4},"end":{"line":74,"column":5}},{"start":{"line":70,"column":11},"end":{"line":74,"column":5}}],"line":68},"9":{"loc":{"start":{"line":102,"column":17},"end":{"line":102,"column":86}},"type":"binary-expr","locations":[{"start":{"line":102,"column":17},"end":{"line":102,"column":40}},{"start":{"line":102,"column":44},"end":{"line":102,"column":86}}],"line":102},"10":{"loc":{"start":{"line":128,"column":0},"end":{"line":140,"column":1}},"type":"if","locations":[{"start":{"line":128,"column":0},"end":{"line":140,"column":1}},{"start":{"line":138,"column":7},"end":{"line":140,"column":1}}],"line":128},"11":{"loc":{"start":{"line":129,"column":19},"end":{"line":129,"column":88}},"type":"binary-expr","locations":[{"start":{"line":129,"column":19},"end":{"line":129,"column":42}},{"start":{"line":129,"column":46},"end":{"line":129,"column":88}}],"line":129},"12":{"loc":{"start":{"line":138,"column":7},"end":{"line":140,"column":1}},"type":"if","locations":[{"start":{"line":138,"column":7},"end":{"line":140,"column":1}},{"start":{},"end":{}}],"line":138},"13":{"loc":{"start":{"line":175,"column":15},"end":{"line":175,"column":49}},"type":"binary-expr","locations":[{"start":{"line":175,"column":15},"end":{"line":175,"column":24}},{"start":{"line":175,"column":28},"end":{"line":175,"column":49}}],"line":175},"14":{"loc":{"start":{"line":176,"column":15},"end":{"line":176,"column":98}},"type":"binary-expr","locations":[{"start":{"line":176,"column":15},"end":{"line":176,"column":33}},{"start":{"line":176,"column":37},"end":{"line":176,"column":61}},{"start":{"line":176,"column":65},"end":{"line":176,"column":98}}],"line":176},"15":{"loc":{"start":{"line":194,"column":14},"end":{"line":194,"column":65}},"type":"binary-expr","locations":[{"start":{"line":194,"column":14},"end":{"line":194,"column":38}},{"start":{"line":194,"column":42},"end":{"line":194,"column":65}}],"line":194},"16":{"loc":{"start":{"line":202,"column":0},"end":{"line":206,"column":1}},"type":"if","locations":[{"start":{"line":202,"column":0},"end":{"line":206,"column":1}},{"start":{},"end":{}}],"line":202},"17":{"loc":{"start":{"line":208,"column":13},"end":{"line":208,"column":37}},"type":"binary-expr","locations":[{"start":{"line":208,"column":13},"end":{"line":208,"column":29}},{"start":{"line":208,"column":33},"end":{"line":208,"column":37}}],"line":208},"18":{"loc":{"start":{"line":211,"column":0},"end":{"line":215,"column":1}},"type":"if","locations":[{"start":{"line":211,"column":0},"end":{"line":215,"column":1}},{"start":{},"end":{}}],"line":211}},"s":{"0":0,"1":0,"2":0,"3":0,"4":0,"5":0,"6":0,"7":0,"8":0,"9":0,"10":0,"11":0,"12":0,"13":0,"14":0,"15":0,"16":0,"17":0,"18":0,"19":0,"20":0,"21":0,"22":0,"23":0,"24":0,"25":0,"26":0,"27":0,"28":0,"29":0,"30":0,"31":0,"32":0,"33":0,"34":0,"35":0,"36":0,"37":0,"38":0,"39":0,"40":0,"41":0,"42":0,"43":0,"44":0,"45":0,"46":0,"47":0,"48":0,"49":0,"50":0,"51":0,"52":0,"53":0,"54":0,"55":0,"56":0,"57":0,"58":0,"59":0,"60":0,"61":0,"62":0,"63":0,"64":0,"65":0,"66":0,"67":0,"68":0,"69":0,"70":0,"71":0,"72":0,"73":0,"74":0,"75":0,"76":0,"77":0,"78":0,"79":0,"80":0,"81":0,"82":0,"83":0,"84":0,"85":0,"86":0},"f":{"0":0,"1":0,"2":0,"3":0,"4":0,"5":0,"6":0,"7":0,"8":0,"9":0},"b":{"0":[0,0],"1":[0,0],"2":[0,0],"3":[0,0],"4":[0,0],"5":[0,0],"6":[0,0],"7":[0,0],"8":[0,0],"9":[0,0],"10":[0,0],"11":[0,0],"12":[0,0],"13":[0,0],"14":[0,0,0],"15":[0,0],"16":[0,0],"17":[0,0],"18":[0,0]}}
,"/Users/oliver/Projects/boutique/middleware/auth.js": {"path":"/Users/oliver/Projects/boutique/middleware/auth.js","statementMap":{"0":{"start":{"line":1,"column":12},"end":{"line":1,"column":35}},"1":{"start":{"line":2,"column":13},"end":{"line":2,"column":38}},"2":{"start":{"line":3,"column":23},"end":{"line":3,"column":55}},"3":{"start":{"line":4,"column":19},"end":{"line":4,"column":45}},"4":{"start":{"line":7,"column":26},"end":{"line":38,"column":1}},"5":{"start":{"line":8,"column":2},"end":{"line":37,"column":3}},"6":{"start":{"line":10,"column":24},"end":{"line":10,"column":42}},"7":{"start":{"line":11,"column":23},"end":{"line":11,"column":51}},"8":{"start":{"line":12,"column":24},"end":{"line":12,"column":62}},"9":{"start":{"line":15,"column":18},"end":{"line":15,"column":44}},"10":{"start":{"line":17,"column":4},"end":{"line":20,"column":5}},"11":{"start":{"line":18,"column":6},"end":{"line":18,"column":22}},"12":{"start":{"line":19,"column":6},"end":{"line":19,"column":20}},"13":{"start":{"line":22,"column":20},"end":{"line":22,"column":61}},"14":{"start":{"line":23,"column":17},"end":{"line":23,"column":72}},"15":{"start":{"line":25,"column":4},"end":{"line":28,"column":5}},"16":{"start":{"line":26,"column":6},"end":{"line":26,"column":22}},"17":{"start":{"line":27,"column":6},"end":{"line":27,"column":20}},"18":{"start":{"line":30,"column":4},"end":{"line":30,"column":20}},"19":{"start":{"line":31,"column":4},"end":{"line":31,"column":11}},"20":{"start":{"line":34,"column":4},"end":{"line":34,"column":69}},"21":{"start":{"line":35,"column":4},"end":{"line":35,"column":20}},"22":{"start":{"line":36,"column":4},"end":{"line":36,"column":11}},"23":{"start":{"line":41,"column":20},"end":{"line":110,"column":1}},"24":{"start":{"line":42,"column":2},"end":{"line":109,"column":3}},"25":{"start":{"line":44,"column":24},"end":{"line":44,"column":42}},"26":{"start":{"line":45,"column":23},"end":{"line":45,"column":51}},"27":{"start":{"line":46,"column":24},"end":{"line":46,"column":62}},"28":{"start":{"line":49,"column":18},"end":{"line":49,"column":44}},"29":{"start":{"line":51,"column":4},"end":{"line":59,"column":5}},"30":{"start":{"line":52,"column":6},"end":{"line":58,"column":9}},"31":{"start":{"line":61,"column":20},"end":{"line":61,"column":61}},"32":{"start":{"line":62,"column":17},"end":{"line":62,"column":72}},"33":{"start":{"line":64,"column":4},"end":{"line":72,"column":5}},"34":{"start":{"line":65,"column":6},"end":{"line":71,"column":9}},"35":{"start":{"line":74,"column":4},"end":{"line":74,"column":20}},"36":{"start":{"line":75,"column":4},"end":{"line":75,"column":11}},"37":{"start":{"line":77,"column":4},"end":{"line":85,"column":5}},"38":{"start":{"line":78,"column":6},"end":{"line":84,"column":9}},"39":{"start":{"line":87,"column":4},"end":{"line":95,"column":5}},"40":{"start":{"line":88,"column":6},"end":{"line":94,"column":9}},"41":{"start":{"line":97,"column":4},"end":{"line":97,"column":67}},"42":{"start":{"line":98,"column":4},"end":{"line":108,"column":5}},"43":{"start":{"line":99,"column":6},"end":{"line":99,"column":73}},"44":{"start":{"line":101,"column":6},"end":{"line":107,"column":9}},"45":{"start":{"line":113,"column":21},"end":{"line":193,"column":1}},"46":{"start":{"line":114,"column":2},"end":{"line":192,"column":3}},"47":{"start":{"line":116,"column":24},"end":{"line":116,"column":42}},"48":{"start":{"line":117,"column":23},"end":{"line":117,"column":51}},"49":{"start":{"line":118,"column":24},"end":{"line":118,"column":62}},"50":{"start":{"line":121,"column":18},"end":{"line":121,"column":44}},"51":{"start":{"line":123,"column":4},"end":{"line":131,"column":5}},"52":{"start":{"line":124,"column":6},"end":{"line":130,"column":9}},"53":{"start":{"line":133,"column":20},"end":{"line":133,"column":61}},"54":{"start":{"line":134,"column":17},"end":{"line":134,"column":72}},"55":{"start":{"line":136,"column":4},"end":{"line":144,"column":5}},"56":{"start":{"line":137,"column":6},"end":{"line":143,"column":9}},"57":{"start":{"line":147,"column":4},"end":{"line":155,"column":5}},"58":{"start":{"line":148,"column":6},"end":{"line":154,"column":9}},"59":{"start":{"line":157,"column":4},"end":{"line":157,"column":20}},"60":{"start":{"line":158,"column":4},"end":{"line":158,"column":11}},"61":{"start":{"line":160,"column":4},"end":{"line":168,"column":5}},"62":{"start":{"line":161,"column":6},"end":{"line":167,"column":9}},"63":{"start":{"line":170,"column":4},"end":{"line":178,"column":5}},"64":{"start":{"line":171,"column":6},"end":{"line":177,"column":9}},"65":{"start":{"line":180,"column":4},"end":{"line":180,"column":63}},"66":{"start":{"line":181,"column":4},"end":{"line":191,"column":5}},"67":{"start":{"line":182,"column":6},"end":{"line":182,"column":72}},"68":{"start":{"line":184,"column":6},"end":{"line":190,"column":9}},"69":{"start":{"line":195,"column":0},"end":{"line":199,"column":2}}},"fnMap":{"0":{"name":"(anonymous_0)","decl":{"start":{"line":7,"column":26},"end":{"line":7,"column":27}},"loc":{"start":{"line":7,"column":52},"end":{"line":38,"column":1}},"line":7},"1":{"name":"(anonymous_1)","decl":{"start":{"line":41,"column":20},"end":{"line":41,"column":21}},"loc":{"start":{"line":41,"column":46},"end":{"line":110,"column":1}},"line":41},"2":{"name":"(anonymous_2)","decl":{"start":{"line":113,"column":21},"end":{"line":113,"column":22}},"loc":{"start":{"line":113,"column":47},"end":{"line":193,"column":1}},"line":113}},"branchMap":{"0":{"loc":{"start":{"line":12,"column":24},"end":{"line":12,"column":62}},"type":"binary-expr","locations":[{"start":{"line":12,"column":24},"end":{"line":12,"column":34}},{"start":{"line":12,"column":38},"end":{"line":12,"column":62}}],"line":12},"1":{"loc":{"start":{"line":15,"column":18},"end":{"line":15,"column":44}},"type":"binary-expr","locations":[{"start":{"line":15,"column":18},"end":{"line":15,"column":29}},{"start":{"line":15,"column":33},"end":{"line":15,"column":44}}],"line":15},"2":{"loc":{"start":{"line":17,"column":4},"end":{"line":20,"column":5}},"type":"if","locations":[{"start":{"line":17,"column":4},"end":{"line":20,"column":5}},{"start":{},"end":{}}],"line":17},"3":{"loc":{"start":{"line":25,"column":4},"end":{"line":28,"column":5}},"type":"if","locations":[{"start":{"line":25,"column":4},"end":{"line":28,"column":5}},{"start":{},"end":{}}],"line":25},"4":{"loc":{"start":{"line":25,"column":8},"end":{"line":25,"column":31}},"type":"binary-expr","locations":[{"start":{"line":25,"column":8},"end":{"line":25,"column":13}},{"start":{"line":25,"column":17},"end":{"line":25,"column":31}}],"line":25},"5":{"loc":{"start":{"line":46,"column":24},"end":{"line":46,"column":62}},"type":"binary-expr","locations":[{"start":{"line":46,"column":24},"end":{"line":46,"column":34}},{"start":{"line":46,"column":38},"end":{"line":46,"column":62}}],"line":46},"6":{"loc":{"start":{"line":49,"column":18},"end":{"line":49,"column":44}},"type":"binary-expr","locations":[{"start":{"line":49,"column":18},"end":{"line":49,"column":29}},{"start":{"line":49,"column":33},"end":{"line":49,"column":44}}],"line":49},"7":{"loc":{"start":{"line":51,"column":4},"end":{"line":59,"column":5}},"type":"if","locations":[{"start":{"line":51,"column":4},"end":{"line":59,"column":5}},{"start":{},"end":{}}],"line":51},"8":{"loc":{"start":{"line":52,"column":13},"end":{"line":58,"column":8}},"type":"cond-expr","locations":[{"start":{"line":52,"column":25},"end":{"line":52,"column":103}},{"start":{"line":52,"column":106},"end":{"line":58,"column":8}}],"line":52},"9":{"loc":{"start":{"line":64,"column":4},"end":{"line":72,"column":5}},"type":"if","locations":[{"start":{"line":64,"column":4},"end":{"line":72,"column":5}},{"start":{},"end":{}}],"line":64},"10":{"loc":{"start":{"line":64,"column":8},"end":{"line":64,"column":31}},"type":"binary-expr","locations":[{"start":{"line":64,"column":8},"end":{"line":64,"column":13}},{"start":{"line":64,"column":17},"end":{"line":64,"column":31}}],"line":64},"11":{"loc":{"start":{"line":65,"column":13},"end":{"line":71,"column":8}},"type":"cond-expr","locations":[{"start":{"line":65,"column":25},"end":{"line":65,"column":93}},{"start":{"line":65,"column":96},"end":{"line":71,"column":8}}],"line":65},"12":{"loc":{"start":{"line":77,"column":4},"end":{"line":85,"column":5}},"type":"if","locations":[{"start":{"line":77,"column":4},"end":{"line":85,"column":5}},{"start":{},"end":{}}],"line":77},"13":{"loc":{"start":{"line":78,"column":13},"end":{"line":84,"column":8}},"type":"cond-expr","locations":[{"start":{"line":78,"column":25},"end":{"line":78,"column":89}},{"start":{"line":78,"column":92},"end":{"line":84,"column":8}}],"line":78},"14":{"loc":{"start":{"line":87,"column":4},"end":{"line":95,"column":5}},"type":"if","locations":[{"start":{"line":87,"column":4},"end":{"line":95,"column":5}},{"start":{},"end":{}}],"line":87},"15":{"loc":{"start":{"line":88,"column":13},"end":{"line":94,"column":8}},"type":"cond-expr","locations":[{"start":{"line":88,"column":25},"end":{"line":88,"column":86}},{"start":{"line":88,"column":89},"end":{"line":94,"column":8}}],"line":88},"16":{"loc":{"start":{"line":98,"column":4},"end":{"line":108,"column":5}},"type":"if","locations":[{"start":{"line":98,"column":4},"end":{"line":108,"column":5}},{"start":{"line":100,"column":11},"end":{"line":108,"column":5}}],"line":98},"17":{"loc":{"start":{"line":118,"column":24},"end":{"line":118,"column":62}},"type":"binary-expr","locations":[{"start":{"line":118,"column":24},"end":{"line":118,"column":34}},{"start":{"line":118,"column":38},"end":{"line":118,"column":62}}],"line":118},"18":{"loc":{"start":{"line":121,"column":18},"end":{"line":121,"column":44}},"type":"binary-expr","locations":[{"start":{"line":121,"column":18},"end":{"line":121,"column":29}},{"start":{"line":121,"column":33},"end":{"line":121,"column":44}}],"line":121},"19":{"loc":{"start":{"line":123,"column":4},"end":{"line":131,"column":5}},"type":"if","locations":[{"start":{"line":123,"column":4},"end":{"line":131,"column":5}},{"start":{},"end":{}}],"line":123},"20":{"loc":{"start":{"line":124,"column":13},"end":{"line":130,"column":8}},"type":"cond-expr","locations":[{"start":{"line":124,"column":25},"end":{"line":124,"column":103}},{"start":{"line":124,"column":106},"end":{"line":130,"column":8}}],"line":124},"21":{"loc":{"start":{"line":136,"column":4},"end":{"line":144,"column":5}},"type":"if","locations":[{"start":{"line":136,"column":4},"end":{"line":144,"column":5}},{"start":{},"end":{}}],"line":136},"22":{"loc":{"start":{"line":136,"column":8},"end":{"line":136,"column":31}},"type":"binary-expr","locations":[{"start":{"line":136,"column":8},"end":{"line":136,"column":13}},{"start":{"line":136,"column":17},"end":{"line":136,"column":31}}],"line":136},"23":{"loc":{"start":{"line":137,"column":13},"end":{"line":143,"column":8}},"type":"cond-expr","locations":[{"start":{"line":137,"column":25},"end":{"line":137,"column":93}},{"start":{"line":137,"column":96},"end":{"line":143,"column":8}}],"line":137},"24":{"loc":{"start":{"line":147,"column":4},"end":{"line":155,"column":5}},"type":"if","locations":[{"start":{"line":147,"column":4},"end":{"line":155,"column":5}},{"start":{},"end":{}}],"line":147},"25":{"loc":{"start":{"line":148,"column":13},"end":{"line":154,"column":8}},"type":"cond-expr","locations":[{"start":{"line":148,"column":25},"end":{"line":148,"column":101}},{"start":{"line":148,"column":104},"end":{"line":154,"column":8}}],"line":148},"26":{"loc":{"start":{"line":160,"column":4},"end":{"line":168,"column":5}},"type":"if","locations":[{"start":{"line":160,"column":4},"end":{"line":168,"column":5}},{"start":{},"end":{}}],"line":160},"27":{"loc":{"start":{"line":161,"column":13},"end":{"line":167,"column":8}},"type":"cond-expr","locations":[{"start":{"line":161,"column":25},"end":{"line":161,"column":89}},{"start":{"line":161,"column":92},"end":{"line":167,"column":8}}],"line":161},"28":{"loc":{"start":{"line":170,"column":4},"end":{"line":178,"column":5}},"type":"if","locations":[{"start":{"line":170,"column":4},"end":{"line":178,"column":5}},{"start":{},"end":{}}],"line":170},"29":{"loc":{"start":{"line":171,"column":13},"end":{"line":177,"column":8}},"type":"cond-expr","locations":[{"start":{"line":171,"column":25},"end":{"line":171,"column":86}},{"start":{"line":171,"column":89},"end":{"line":177,"column":8}}],"line":171},"30":{"loc":{"start":{"line":181,"column":4},"end":{"line":191,"column":5}},"type":"if","locations":[{"start":{"line":181,"column":4},"end":{"line":191,"column":5}},{"start":{"line":183,"column":11},"end":{"line":191,"column":5}}],"line":181}},"s":{"0":0,"1":0,"2":0,"3":0,"4":0,"5":0,"6":0,"7":0,"8":0,"9":0,"10":0,"11":0,"12":0,"13":0,"14":0,"15":0,"16":0,"17":0,"18":0,"19":0,"20":0,"21":0,"22":0,"23":0,"24":0,"25":0,"26":0,"27":0,"28":0,"29":0,"30":0,"31":0,"32":0,"33":0,"34":0,"35":0,"36":0,"37":0,"38":0,"39":0,"40":0,"41":0,"42":0,"43":0,"44":0,"45":0,"46":0,"47":0,"48":0,"49":0,"50":0,"51":0,"52":0,"53":0,"54":0,"55":0,"56":0,"57":0,"58":0,"59":0,"60":0,"61":0,"62":0,"63":0,"64":0,"65":0,"66":0,"67":0,"68":0,"69":0},"f":{"0":0,"1":0,"2":0},"b":{"0":[0,0],"1":[0,0],"2":[0,0],"3":[0,0],"4":[0,0],"5":[0,0],"6":[0,0],"7":[0,0],"8":[0,0],"9":[0,0],"10":[0,0],"11":[0,0],"12":[0,0],"13":[0,0],"14":[0,0],"15":[0,0],"16":[0,0],"17":[0,0],"18":[0,0],"19":[0,0],"20":[0,0],"21":[0,0],"22":[0,0],"23":[0,0],"24":[0,0],"25":[0,0],"26":[0,0],"27":[0,0],"28":[0,0],"29":[0,0],"30":[0,0]}}
,"/Users/oliver/Projects/boutique/middleware/errorHandler.js": {"path":"/Users/oliver/Projects/boutique/middleware/errorHandler.js","statementMap":{"0":{"start":{"line":1,"column":19},"end":{"line":1,"column":45}},"1":{"start":{"line":2,"column":28},"end":{"line":2,"column":52}},"2":{"start":{"line":7,"column":4},"end":{"line":7,"column":19}},"3":{"start":{"line":8,"column":4},"end":{"line":8,"column":33}},"4":{"start":{"line":9,"column":4},"end":{"line":9,"column":21}},"5":{"start":{"line":10,"column":4},"end":{"line":10,"column":39}},"6":{"start":{"line":11,"column":4},"end":{"line":11,"column":69}},"7":{"start":{"line":12,"column":4},"end":{"line":12,"column":34}},"8":{"start":{"line":14,"column":4},"end":{"line":14,"column":52}},"9":{"start":{"line":19,"column":26},"end":{"line":22,"column":1}},"10":{"start":{"line":20,"column":18},"end":{"line":20,"column":53}},"11":{"start":{"line":21,"column":2},"end":{"line":21,"column":50}},"12":{"start":{"line":24,"column":32},"end":{"line":30,"column":1}},"13":{"start":{"line":26,"column":16},"end":{"line":26,"column":58}},"14":{"start":{"line":27,"column":16},"end":{"line":27,"column":44}},"15":{"start":{"line":28,"column":18},"end":{"line":28,"column":78}},"16":{"start":{"line":29,"column":2},"end":{"line":29,"column":55}},"17":{"start":{"line":32,"column":32},"end":{"line":36,"column":1}},"18":{"start":{"line":33,"column":17},"end":{"line":33,"column":64}},"19":{"start":{"line":33,"column":53},"end":{"line":33,"column":63}},"20":{"start":{"line":34,"column":18},"end":{"line":34,"column":60}},"21":{"start":{"line":35,"column":2},"end":{"line":35,"column":56}},"22":{"start":{"line":38,"column":23},"end":{"line":39,"column":75}},"23":{"start":{"line":39,"column":2},"end":{"line":39,"column":75}},"24":{"start":{"line":41,"column":30},"end":{"line":42,"column":84}},"25":{"start":{"line":42,"column":2},"end":{"line":42,"column":84}},"26":{"start":{"line":45,"column":21},"end":{"line":76,"column":1}},"27":{"start":{"line":47,"column":2},"end":{"line":54,"column":5}},"28":{"start":{"line":57,"column":17},"end":{"line":57,"column":62}},"29":{"start":{"line":60,"column":26},"end":{"line":60,"column":37}},"30":{"start":{"line":61,"column":2},"end":{"line":63,"column":3}},"31":{"start":{"line":62,"column":4},"end":{"line":62,"column":93}},"32":{"start":{"line":65,"column":2},"end":{"line":75,"column":5}},"33":{"start":{"line":79,"column":22},"end":{"line":126,"column":1}},"34":{"start":{"line":81,"column":2},"end":{"line":88,"column":5}},"35":{"start":{"line":91,"column":17},"end":{"line":91,"column":62}},"36":{"start":{"line":94,"column":2},"end":{"line":108,"column":3}},"37":{"start":{"line":96,"column":18},"end":{"line":96,"column":29}},"38":{"start":{"line":97,"column":4},"end":{"line":99,"column":5}},"39":{"start":{"line":98,"column":6},"end":{"line":98,"column":85}},"40":{"start":{"line":101,"column":4},"end":{"line":107,"column":7}},"41":{"start":{"line":111,"column":2},"end":{"line":114,"column":5}},"42":{"start":{"line":117,"column":31},"end":{"line":117,"column":97}},"43":{"start":{"line":119,"column":2},"end":{"line":125,"column":5}},"44":{"start":{"line":129,"column":27},"end":{"line":148,"column":1}},"45":{"start":{"line":130,"column":2},"end":{"line":130,"column":41}},"46":{"start":{"line":131,"column":2},"end":{"line":131,"column":37}},"47":{"start":{"line":133,"column":2},"end":{"line":147,"column":3}},"48":{"start":{"line":134,"column":4},"end":{"line":134,"column":32}},"49":{"start":{"line":136,"column":16},"end":{"line":136,"column":26}},"50":{"start":{"line":137,"column":4},"end":{"line":137,"column":32}},"51":{"start":{"line":140,"column":4},"end":{"line":140,"column":71}},"52":{"start":{"line":140,"column":37},"end":{"line":140,"column":70}},"53":{"start":{"line":141,"column":4},"end":{"line":141,"column":71}},"54":{"start":{"line":141,"column":31},"end":{"line":141,"column":70}},"55":{"start":{"line":142,"column":4},"end":{"line":142,"column":83}},"56":{"start":{"line":142,"column":43},"end":{"line":142,"column":82}},"57":{"start":{"line":143,"column":4},"end":{"line":143,"column":71}},"58":{"start":{"line":143,"column":45},"end":{"line":143,"column":70}},"59":{"start":{"line":144,"column":4},"end":{"line":144,"column":78}},"60":{"start":{"line":144,"column":45},"end":{"line":144,"column":77}},"61":{"start":{"line":146,"column":4},"end":{"line":146,"column":35}},"62":{"start":{"line":151,"column":19},"end":{"line":155,"column":1}},"63":{"start":{"line":152,"column":2},"end":{"line":154,"column":4}},"64":{"start":{"line":153,"column":4},"end":{"line":153,"column":37}},"65":{"start":{"line":158,"column":0},"end":{"line":173,"column":3}},"66":{"start":{"line":159,"column":2},"end":{"line":163,"column":5}},"67":{"start":{"line":166,"column":2},"end":{"line":172,"column":3}},"68":{"start":{"line":167,"column":4},"end":{"line":169,"column":7}},"69":{"start":{"line":168,"column":6},"end":{"line":168,"column":16}},"70":{"start":{"line":171,"column":4},"end":{"line":171,"column":14}},"71":{"start":{"line":176,"column":0},"end":{"line":190,"column":3}},"72":{"start":{"line":177,"column":2},"end":{"line":180,"column":5}},"73":{"start":{"line":183,"column":2},"end":{"line":189,"column":3}},"74":{"start":{"line":184,"column":4},"end":{"line":186,"column":7}},"75":{"start":{"line":185,"column":6},"end":{"line":185,"column":16}},"76":{"start":{"line":188,"column":4},"end":{"line":188,"column":14}},"77":{"start":{"line":192,"column":0},"end":{"line":196,"column":2}}},"fnMap":{"0":{"name":"(anonymous_0)","decl":{"start":{"line":6,"column":2},"end":{"line":6,"column":3}},"loc":{"start":{"line":6,"column":70},"end":{"line":15,"column":3}},"line":6},"1":{"name":"(anonymous_1)","decl":{"start":{"line":19,"column":26},"end":{"line":19,"column":27}},"loc":{"start":{"line":19,"column":35},"end":{"line":22,"column":1}},"line":19},"2":{"name":"(anonymous_2)","decl":{"start":{"line":24,"column":32},"end":{"line":24,"column":33}},"loc":{"start":{"line":24,"column":41},"end":{"line":30,"column":1}},"line":24},"3":{"name":"(anonymous_3)","decl":{"start":{"line":32,"column":32},"end":{"line":32,"column":33}},"loc":{"start":{"line":32,"column":41},"end":{"line":36,"column":1}},"line":32},"4":{"name":"(anonymous_4)","decl":{"start":{"line":33,"column":47},"end":{"line":33,"column":48}},"loc":{"start":{"line":33,"column":53},"end":{"line":33,"column":63}},"line":33},"5":{"name":"(anonymous_5)","decl":{"start":{"line":38,"column":23},"end":{"line":38,"column":24}},"loc":{"start":{"line":39,"column":2},"end":{"line":39,"column":75}},"line":39},"6":{"name":"(anonymous_6)","decl":{"start":{"line":41,"column":30},"end":{"line":41,"column":31}},"loc":{"start":{"line":42,"column":2},"end":{"line":42,"column":84}},"line":42},"7":{"name":"(anonymous_7)","decl":{"start":{"line":45,"column":21},"end":{"line":45,"column":22}},"loc":{"start":{"line":45,"column":40},"end":{"line":76,"column":1}},"line":45},"8":{"name":"(anonymous_8)","decl":{"start":{"line":79,"column":22},"end":{"line":79,"column":23}},"loc":{"start":{"line":79,"column":41},"end":{"line":126,"column":1}},"line":79},"9":{"name":"(anonymous_9)","decl":{"start":{"line":129,"column":27},"end":{"line":129,"column":28}},"loc":{"start":{"line":129,"column":53},"end":{"line":148,"column":1}},"line":129},"10":{"name":"(anonymous_10)","decl":{"start":{"line":151,"column":19},"end":{"line":151,"column":20}},"loc":{"start":{"line":151,"column":27},"end":{"line":155,"column":1}},"line":151},"11":{"name":"(anonymous_11)","decl":{"start":{"line":152,"column":9},"end":{"line":152,"column":10}},"loc":{"start":{"line":152,"column":30},"end":{"line":154,"column":3}},"line":152},"12":{"name":"(anonymous_12)","decl":{"start":{"line":158,"column":33},"end":{"line":158,"column":34}},"loc":{"start":{"line":158,"column":51},"end":{"line":173,"column":1}},"line":158},"13":{"name":"(anonymous_13)","decl":{"start":{"line":167,"column":24},"end":{"line":167,"column":25}},"loc":{"start":{"line":167,"column":30},"end":{"line":169,"column":5}},"line":167},"14":{"name":"(anonymous_14)","decl":{"start":{"line":176,"column":32},"end":{"line":176,"column":33}},"loc":{"start":{"line":176,"column":41},"end":{"line":190,"column":1}},"line":176},"15":{"name":"(anonymous_15)","decl":{"start":{"line":184,"column":24},"end":{"line":184,"column":25}},"loc":{"start":{"line":184,"column":30},"end":{"line":186,"column":5}},"line":184}},"branchMap":{"0":{"loc":{"start":{"line":6,"column":35},"end":{"line":6,"column":46}},"type":"default-arg","locations":[{"start":{"line":6,"column":42},"end":{"line":6,"column":46}}],"line":6},"1":{"loc":{"start":{"line":6,"column":48},"end":{"line":6,"column":68}},"type":"default-arg","locations":[{"start":{"line":6,"column":64},"end":{"line":6,"column":68}}],"line":6},"2":{"loc":{"start":{"line":11,"column":18},"end":{"line":11,"column":68}},"type":"cond-expr","locations":[{"start":{"line":11,"column":52},"end":{"line":11,"column":58}},{"start":{"line":11,"column":61},"end":{"line":11,"column":68}}],"line":11},"3":{"loc":{"start":{"line":27,"column":16},"end":{"line":27,"column":44}},"type":"cond-expr","locations":[{"start":{"line":27,"column":24},"end":{"line":27,"column":32}},{"start":{"line":27,"column":35},"end":{"line":27,"column":44}}],"line":27},"4":{"loc":{"start":{"line":57,"column":17},"end":{"line":57,"column":62}},"type":"binary-expr","locations":[{"start":{"line":57,"column":17},"end":{"line":57,"column":27}},{"start":{"line":57,"column":31},"end":{"line":57,"column":54}},{"start":{"line":57,"column":58},"end":{"line":57,"column":62}}],"line":57},"5":{"loc":{"start":{"line":61,"column":2},"end":{"line":63,"column":3}},"type":"if","locations":[{"start":{"line":61,"column":2},"end":{"line":63,"column":3}},{"start":{},"end":{}}],"line":61},"6":{"loc":{"start":{"line":62,"column":58},"end":{"line":62,"column":91}},"type":"binary-expr","locations":[{"start":{"line":62,"column":58},"end":{"line":62,"column":76}},{"start":{"line":62,"column":80},"end":{"line":62,"column":91}}],"line":62},"7":{"loc":{"start":{"line":91,"column":17},"end":{"line":91,"column":62}},"type":"binary-expr","locations":[{"start":{"line":91,"column":17},"end":{"line":91,"column":27}},{"start":{"line":91,"column":31},"end":{"line":91,"column":54}},{"start":{"line":91,"column":58},"end":{"line":91,"column":62}}],"line":91},"8":{"loc":{"start":{"line":94,"column":2},"end":{"line":108,"column":3}},"type":"if","locations":[{"start":{"line":94,"column":2},"end":{"line":108,"column":3}},{"start":{},"end":{}}],"line":94},"9":{"loc":{"start":{"line":97,"column":4},"end":{"line":99,"column":5}},"type":"if","locations":[{"start":{"line":97,"column":4},"end":{"line":99,"column":5}},{"start":{},"end":{}}],"line":97},"10":{"loc":{"start":{"line":98,"column":50},"end":{"line":98,"column":83}},"type":"binary-expr","locations":[{"start":{"line":98,"column":50},"end":{"line":98,"column":68}},{"start":{"line":98,"column":72},"end":{"line":98,"column":83}}],"line":98},"11":{"loc":{"start":{"line":130,"column":19},"end":{"line":130,"column":40}},"type":"binary-expr","locations":[{"start":{"line":130,"column":19},"end":{"line":130,"column":33}},{"start":{"line":130,"column":37},"end":{"line":130,"column":40}}],"line":130},"12":{"loc":{"start":{"line":131,"column":15},"end":{"line":131,"column":36}},"type":"binary-expr","locations":[{"start":{"line":131,"column":15},"end":{"line":131,"column":25}},{"start":{"line":131,"column":29},"end":{"line":131,"column":36}}],"line":131},"13":{"loc":{"start":{"line":133,"column":2},"end":{"line":147,"column":3}},"type":"if","locations":[{"start":{"line":133,"column":2},"end":{"line":147,"column":3}},{"start":{"line":135,"column":9},"end":{"line":147,"column":3}}],"line":133},"14":{"loc":{"start":{"line":140,"column":4},"end":{"line":140,"column":71}},"type":"if","locations":[{"start":{"line":140,"column":4},"end":{"line":140,"column":71}},{"start":{},"end":{}}],"line":140},"15":{"loc":{"start":{"line":141,"column":4},"end":{"line":141,"column":71}},"type":"if","locations":[{"start":{"line":141,"column":4},"end":{"line":141,"column":71}},{"start":{},"end":{}}],"line":141},"16":{"loc":{"start":{"line":142,"column":4},"end":{"line":142,"column":83}},"type":"if","locations":[{"start":{"line":142,"column":4},"end":{"line":142,"column":83}},{"start":{},"end":{}}],"line":142},"17":{"loc":{"start":{"line":143,"column":4},"end":{"line":143,"column":71}},"type":"if","locations":[{"start":{"line":143,"column":4},"end":{"line":143,"column":71}},{"start":{},"end":{}}],"line":143},"18":{"loc":{"start":{"line":144,"column":4},"end":{"line":144,"column":78}},"type":"if","locations":[{"start":{"line":144,"column":4},"end":{"line":144,"column":78}},{"start":{},"end":{}}],"line":144},"19":{"loc":{"start":{"line":166,"column":2},"end":{"line":172,"column":3}},"type":"if","locations":[{"start":{"line":166,"column":2},"end":{"line":172,"column":3}},{"start":{"line":170,"column":9},"end":{"line":172,"column":3}}],"line":166},"20":{"loc":{"start":{"line":183,"column":2},"end":{"line":189,"column":3}},"type":"if","locations":[{"start":{"line":183,"column":2},"end":{"line":189,"column":3}},{"start":{"line":187,"column":9},"end":{"line":189,"column":3}}],"line":183}},"s":{"0":1,"1":1,"2":7,"3":7,"4":7,"5":7,"6":7,"7":7,"8":7,"9":1,"10":0,"11":0,"12":1,"13":0,"14":0,"15":0,"16":0,"17":1,"18":1,"19":2,"20":1,"21":1,"22":1,"23":1,"24":1,"25":1,"26":1,"27":1,"28":1,"29":1,"30":1,"31":1,"32":1,"33":1,"34":6,"35":6,"36":6,"37":4,"38":4,"39":4,"40":4,"41":2,"42":2,"43":2,"44":1,"45":7,"46":7,"47":7,"48":1,"49":6,"50":6,"51":6,"52":0,"53":6,"54":0,"55":6,"56":1,"57":6,"58":1,"59":6,"60":1,"61":6,"62":1,"63":2,"64":2,"65":1,"66":0,"67":0,"68":0,"69":0,"70":0,"71":1,"72":0,"73":0,"74":0,"75":0,"76":0,"77":1},"f":{"0":7,"1":0,"2":0,"3":1,"4":2,"5":1,"6":1,"7":1,"8":6,"9":7,"10":2,"11":2,"12":0,"13":0,"14":0,"15":0},"b":{"0":[0],"1":[7],"2":[6,1],"3":[0,0],"4":[1,1,1],"5":[1,0],"6":[1,0],"7":[6,6,6],"8":[4,2],"9":[4,0],"10":[4,0],"11":[7,5],"12":[7,5],"13":[1,6],"14":[0,6],"15":[0,6],"16":[1,5],"17":[1,5],"18":[1,5],"19":[0,0],"20":[0,0]},"_coverageSchema":"1a1c01bbd47fc00a2c39e90264f33305004495a9","hash":"56668be806a6e6bbcf6d82f9bef8fb655bd4910f"}
,"/Users/oliver/Projects/boutique/middleware/security.js": {"path":"/Users/oliver/Projects/boutique/middleware/security.js","statementMap":{"0":{"start":{"line":1,"column":15},"end":{"line":1,"column":32}},"1":{"start":{"line":2,"column":22},"end":{"line":2,"column":55}},"2":{"start":{"line":3,"column":18},"end":{"line":3,"column":47}},"3":{"start":{"line":4,"column":17},"end":{"line":4,"column":45}},"4":{"start":{"line":5,"column":35},"end":{"line":5,"column":63}},"5":{"start":{"line":6,"column":19},"end":{"line":6,"column":45}},"6":{"start":{"line":9,"column":23},"end":{"line":51,"column":1}},"7":{"start":{"line":11,"column":2},"end":{"line":13,"column":3}},"8":{"start":{"line":12,"column":4},"end":{"line":12,"column":18}},"9":{"start":{"line":16,"column":2},"end":{"line":18,"column":3}},"10":{"start":{"line":17,"column":4},"end":{"line":17,"column":18}},"11":{"start":{"line":21,"column":2},"end":{"line":23,"column":3}},"12":{"start":{"line":22,"column":4},"end":{"line":22,"column":18}},"13":{"start":{"line":25,"column":16},"end":{"line":25,"column":61}},"14":{"start":{"line":26,"column":23},"end":{"line":26,"column":45}},"15":{"start":{"line":29,"column":2},"end":{"line":32,"column":3}},"16":{"start":{"line":30,"column":4},"end":{"line":30,"column":71}},"17":{"start":{"line":31,"column":4},"end":{"line":31,"column":18}},"18":{"start":{"line":34,"column":2},"end":{"line":48,"column":3}},"19":{"start":{"line":35,"column":4},"end":{"line":40,"column":7}},"20":{"start":{"line":41,"column":4},"end":{"line":47,"column":7}},"21":{"start":{"line":50,"column":2},"end":{"line":50,"column":9}},"22":{"start":{"line":54,"column":26},"end":{"line":59,"column":1}},"23":{"start":{"line":55,"column":2},"end":{"line":57,"column":3}},"24":{"start":{"line":56,"column":4},"end":{"line":56,"column":67}},"25":{"start":{"line":58,"column":2},"end":{"line":58,"column":9}},"26":{"start":{"line":62,"column":19},"end":{"line":90,"column":1}},"27":{"start":{"line":63,"column":17},"end":{"line":63,"column":41}},"28":{"start":{"line":65,"column":2},"end":{"line":73,"column":3}},"29":{"start":{"line":66,"column":4},"end":{"line":72,"column":7}},"30":{"start":{"line":76,"column":23},"end":{"line":76,"column":67}},"31":{"start":{"line":78,"column":2},"end":{"line":86,"column":3}},"32":{"start":{"line":79,"column":4},"end":{"line":85,"column":7}},"33":{"start":{"line":88,"column":2},"end":{"line":88,"column":24}},"34":{"start":{"line":89,"column":2},"end":{"line":89,"column":9}},"35":{"start":{"line":93,"column":24},"end":{"line":107,"column":1}},"36":{"start":{"line":94,"column":2},"end":{"line":106,"column":5}},"37":{"start":{"line":111,"column":19},"end":{"line":146,"column":1}},"38":{"start":{"line":149,"column":21},"end":{"line":155,"column":2}},"39":{"start":{"line":152,"column":17},"end":{"line":152,"column":20}},"40":{"start":{"line":158,"column":22},"end":{"line":165,"column":1}},"41":{"start":{"line":162,"column":6},"end":{"line":162,"column":91}},"42":{"start":{"line":168,"column":24},"end":{"line":205,"column":1}},"43":{"start":{"line":208,"column":31},"end":{"line":227,"column":1}},"44":{"start":{"line":209,"column":17},"end":{"line":209,"column":38}},"45":{"start":{"line":211,"column":2},"end":{"line":224,"column":3}},"46":{"start":{"line":212,"column":4},"end":{"line":223,"column":7}},"47":{"start":{"line":217,"column":46},"end":{"line":221,"column":9}},"48":{"start":{"line":226,"column":2},"end":{"line":226,"column":9}},"49":{"start":{"line":230,"column":24},"end":{"line":242,"column":1}},"50":{"start":{"line":232,"column":2},"end":{"line":232,"column":53}},"51":{"start":{"line":233,"column":2},"end":{"line":233,"column":43}},"52":{"start":{"line":234,"column":2},"end":{"line":234,"column":53}},"53":{"start":{"line":235,"column":2},"end":{"line":235,"column":70}},"54":{"start":{"line":236,"column":2},"end":{"line":236,"column":82}},"55":{"start":{"line":239,"column":2},"end":{"line":239,"column":35}},"56":{"start":{"line":241,"column":2},"end":{"line":241,"column":9}},"57":{"start":{"line":244,"column":0},"end":{"line":254,"column":2}}},"fnMap":{"0":{"name":"(anonymous_0)","decl":{"start":{"line":9,"column":23},"end":{"line":9,"column":24}},"loc":{"start":{"line":9,"column":43},"end":{"line":51,"column":1}},"line":9},"1":{"name":"(anonymous_1)","decl":{"start":{"line":54,"column":26},"end":{"line":54,"column":27}},"loc":{"start":{"line":54,"column":46},"end":{"line":59,"column":1}},"line":54},"2":{"name":"(anonymous_2)","decl":{"start":{"line":62,"column":19},"end":{"line":62,"column":20}},"loc":{"start":{"line":62,"column":39},"end":{"line":90,"column":1}},"line":62},"3":{"name":"(anonymous_3)","decl":{"start":{"line":93,"column":24},"end":{"line":93,"column":25}},"loc":{"start":{"line":93,"column":52},"end":{"line":107,"column":1}},"line":93},"4":{"name":"(anonymous_4)","decl":{"start":{"line":152,"column":11},"end":{"line":152,"column":12}},"loc":{"start":{"line":152,"column":17},"end":{"line":152,"column":20}},"line":152},"5":{"name":"(anonymous_5)","decl":{"start":{"line":161,"column":16},"end":{"line":161,"column":17}},"loc":{"start":{"line":161,"column":34},"end":{"line":163,"column":5}},"line":161},"6":{"name":"(anonymous_6)","decl":{"start":{"line":208,"column":31},"end":{"line":208,"column":32}},"loc":{"start":{"line":208,"column":51},"end":{"line":227,"column":1}},"line":208},"7":{"name":"(anonymous_7)","decl":{"start":{"line":217,"column":36},"end":{"line":217,"column":37}},"loc":{"start":{"line":217,"column":46},"end":{"line":221,"column":9}},"line":217},"8":{"name":"(anonymous_8)","decl":{"start":{"line":230,"column":24},"end":{"line":230,"column":25}},"loc":{"start":{"line":230,"column":44},"end":{"line":242,"column":1}},"line":230}},"branchMap":{"0":{"loc":{"start":{"line":11,"column":2},"end":{"line":13,"column":3}},"type":"if","locations":[{"start":{"line":11,"column":2},"end":{"line":13,"column":3}},{"start":{},"end":{}}],"line":11},"1":{"loc":{"start":{"line":16,"column":2},"end":{"line":18,"column":3}},"type":"if","locations":[{"start":{"line":16,"column":2},"end":{"line":18,"column":3}},{"start":{},"end":{}}],"line":16},"2":{"loc":{"start":{"line":21,"column":2},"end":{"line":23,"column":3}},"type":"if","locations":[{"start":{"line":21,"column":2},"end":{"line":23,"column":3}},{"start":{},"end":{}}],"line":21},"3":{"loc":{"start":{"line":21,"column":6},"end":{"line":21,"column":67}},"type":"binary-expr","locations":[{"start":{"line":21,"column":6},"end":{"line":21,"column":35}},{"start":{"line":21,"column":39},"end":{"line":21,"column":67}}],"line":21},"4":{"loc":{"start":{"line":25,"column":16},"end":{"line":25,"column":61}},"type":"binary-expr","locations":[{"start":{"line":25,"column":16},"end":{"line":25,"column":43}},{"start":{"line":25,"column":47},"end":{"line":25,"column":61}}],"line":25},"5":{"loc":{"start":{"line":29,"column":2},"end":{"line":32,"column":3}},"type":"if","locations":[{"start":{"line":29,"column":2},"end":{"line":32,"column":3}},{"start":{},"end":{}}],"line":29},"6":{"loc":{"start":{"line":34,"column":2},"end":{"line":48,"column":3}},"type":"if","locations":[{"start":{"line":34,"column":2},"end":{"line":48,"column":3}},{"start":{},"end":{}}],"line":34},"7":{"loc":{"start":{"line":34,"column":6},"end":{"line":34,"column":55}},"type":"binary-expr","locations":[{"start":{"line":34,"column":6},"end":{"line":34,"column":12}},{"start":{"line":34,"column":16},"end":{"line":34,"column":29}},{"start":{"line":34,"column":33},"end":{"line":34,"column":55}}],"line":34},"8":{"loc":{"start":{"line":36,"column":16},"end":{"line":36,"column":36}},"type":"cond-expr","locations":[{"start":{"line":36,"column":24},"end":{"line":36,"column":29}},{"start":{"line":36,"column":32},"end":{"line":36,"column":36}}],"line":36},"9":{"loc":{"start":{"line":37,"column":15},"end":{"line":37,"column":42}},"type":"cond-expr","locations":[{"start":{"line":37,"column":30},"end":{"line":37,"column":35}},{"start":{"line":37,"column":38},"end":{"line":37,"column":42}}],"line":37},"10":{"loc":{"start":{"line":55,"column":2},"end":{"line":57,"column":3}},"type":"if","locations":[{"start":{"line":55,"column":2},"end":{"line":57,"column":3}},{"start":{},"end":{}}],"line":55},"11":{"loc":{"start":{"line":65,"column":2},"end":{"line":73,"column":3}},"type":"if","locations":[{"start":{"line":65,"column":2},"end":{"line":73,"column":3}},{"start":{},"end":{}}],"line":65},"12":{"loc":{"start":{"line":76,"column":23},"end":{"line":76,"column":67}},"type":"binary-expr","locations":[{"start":{"line":76,"column":23},"end":{"line":76,"column":61}},{"start":{"line":76,"column":65},"end":{"line":76,"column":67}}],"line":76},"13":{"loc":{"start":{"line":78,"column":2},"end":{"line":86,"column":3}},"type":"if","locations":[{"start":{"line":78,"column":2},"end":{"line":86,"column":3}},{"start":{},"end":{}}],"line":78},"14":{"loc":{"start":{"line":211,"column":2},"end":{"line":224,"column":3}},"type":"if","locations":[{"start":{"line":211,"column":2},"end":{"line":224,"column":3}},{"start":{},"end":{}}],"line":211}},"s":{"0":0,"1":0,"2":0,"3":0,"4":0,"5":0,"6":0,"7":0,"8":0,"9":0,"10":0,"11":0,"12":0,"13":0,"14":0,"15":0,"16":0,"17":0,"18":0,"19":0,"20":0,"21":0,"22":0,"23":0,"24":0,"25":0,"26":0,"27":0,"28":0,"29":0,"30":0,"31":0,"32":0,"33":0,"34":0,"35":0,"36":0,"37":0,"38":0,"39":0,"40":0,"41":0,"42":0,"43":0,"44":0,"45":0,"46":0,"47":0,"48":0,"49":0,"50":0,"51":0,"52":0,"53":0,"54":0,"55":0,"56":0,"57":0},"f":{"0":0,"1":0,"2":0,"3":0,"4":0,"5":0,"6":0,"7":0,"8":0},"b":{"0":[0,0],"1":[0,0],"2":[0,0],"3":[0,0],"4":[0,0],"5":[0,0],"6":[0,0],"7":[0,0,0],"8":[0,0],"9":[0,0],"10":[0,0],"11":[0,0],"12":[0,0],"13":[0,0],"14":[0,0]}}
,"/Users/oliver/Projects/boutique/middleware/sessionCSRF.js": {"path":"/Users/oliver/Projects/boutique/middleware/sessionCSRF.js","statementMap":{"0":{"start":{"line":1,"column":15},"end":{"line":1,"column":32}},"1":{"start":{"line":2,"column":19},"end":{"line":2,"column":45}},"2":{"start":{"line":5,"column":26},"end":{"line":10,"column":1}},"3":{"start":{"line":6,"column":2},"end":{"line":8,"column":3}},"4":{"start":{"line":7,"column":4},"end":{"line":7,"column":67}},"5":{"start":{"line":9,"column":2},"end":{"line":9,"column":9}},"6":{"start":{"line":13,"column":26},"end":{"line":52,"column":1}},"7":{"start":{"line":15,"column":2},"end":{"line":17,"column":3}},"8":{"start":{"line":16,"column":4},"end":{"line":16,"column":18}},"9":{"start":{"line":20,"column":2},"end":{"line":22,"column":3}},"10":{"start":{"line":21,"column":4},"end":{"line":21,"column":18}},"11":{"start":{"line":24,"column":16},"end":{"line":24,"column":61}},"12":{"start":{"line":34,"column":2},"end":{"line":49,"column":3}},"13":{"start":{"line":35,"column":4},"end":{"line":41,"column":7}},"14":{"start":{"line":42,"column":4},"end":{"line":48,"column":7}},"15":{"start":{"line":51,"column":2},"end":{"line":51,"column":9}},"16":{"start":{"line":55,"column":28},"end":{"line":72,"column":2}},"17":{"start":{"line":55,"column":43},"end":{"line":72,"column":1}},"18":{"start":{"line":75,"column":28},"end":{"line":89,"column":1}},"19":{"start":{"line":76,"column":2},"end":{"line":78,"column":3}},"20":{"start":{"line":77,"column":4},"end":{"line":77,"column":65}},"21":{"start":{"line":81,"column":2},"end":{"line":86,"column":3}},"22":{"start":{"line":82,"column":4},"end":{"line":85,"column":6}},"23":{"start":{"line":88,"column":2},"end":{"line":88,"column":9}},"24":{"start":{"line":92,"column":28},"end":{"line":99,"column":1}},"25":{"start":{"line":93,"column":2},"end":{"line":97,"column":3}},"26":{"start":{"line":95,"column":4},"end":{"line":95,"column":31}},"27":{"start":{"line":98,"column":2},"end":{"line":98,"column":9}},"28":{"start":{"line":101,"column":0},"end":{"line":107,"column":2}}},"fnMap":{"0":{"name":"(anonymous_0)","decl":{"start":{"line":5,"column":26},"end":{"line":5,"column":27}},"loc":{"start":{"line":5,"column":46},"end":{"line":10,"column":1}},"line":5},"1":{"name":"(anonymous_1)","decl":{"start":{"line":13,"column":26},"end":{"line":13,"column":27}},"loc":{"start":{"line":13,"column":46},"end":{"line":52,"column":1}},"line":13},"2":{"name":"(anonymous_2)","decl":{"start":{"line":55,"column":28},"end":{"line":55,"column":29}},"loc":{"start":{"line":55,"column":43},"end":{"line":72,"column":1}},"line":55},"3":{"name":"(anonymous_3)","decl":{"start":{"line":75,"column":28},"end":{"line":75,"column":29}},"loc":{"start":{"line":75,"column":48},"end":{"line":89,"column":1}},"line":75},"4":{"name":"(anonymous_4)","decl":{"start":{"line":92,"column":28},"end":{"line":92,"column":29}},"loc":{"start":{"line":92,"column":48},"end":{"line":99,"column":1}},"line":92}},"branchMap":{"0":{"loc":{"start":{"line":6,"column":2},"end":{"line":8,"column":3}},"type":"if","locations":[{"start":{"line":6,"column":2},"end":{"line":8,"column":3}},{"start":{},"end":{}}],"line":6},"1":{"loc":{"start":{"line":15,"column":2},"end":{"line":17,"column":3}},"type":"if","locations":[{"start":{"line":15,"column":2},"end":{"line":17,"column":3}},{"start":{},"end":{}}],"line":15},"2":{"loc":{"start":{"line":20,"column":2},"end":{"line":22,"column":3}},"type":"if","locations":[{"start":{"line":20,"column":2},"end":{"line":22,"column":3}},{"start":{},"end":{}}],"line":20},"3":{"loc":{"start":{"line":24,"column":16},"end":{"line":24,"column":61}},"type":"binary-expr","locations":[{"start":{"line":24,"column":16},"end":{"line":24,"column":43}},{"start":{"line":24,"column":47},"end":{"line":24,"column":61}}],"line":24},"4":{"loc":{"start":{"line":34,"column":2},"end":{"line":49,"column":3}},"type":"if","locations":[{"start":{"line":34,"column":2},"end":{"line":49,"column":3}},{"start":{},"end":{}}],"line":34},"5":{"loc":{"start":{"line":34,"column":6},"end":{"line":34,"column":47}},"type":"binary-expr","locations":[{"start":{"line":34,"column":6},"end":{"line":34,"column":12}},{"start":{"line":34,"column":16},"end":{"line":34,"column":47}}],"line":34},"6":{"loc":{"start":{"line":36,"column":16},"end":{"line":36,"column":36}},"type":"cond-expr","locations":[{"start":{"line":36,"column":24},"end":{"line":36,"column":29}},{"start":{"line":36,"column":32},"end":{"line":36,"column":36}}],"line":36},"7":{"loc":{"start":{"line":37,"column":15},"end":{"line":37,"column":51}},"type":"cond-expr","locations":[{"start":{"line":37,"column":39},"end":{"line":37,"column":44}},{"start":{"line":37,"column":47},"end":{"line":37,"column":51}}],"line":37},"8":{"loc":{"start":{"line":56,"column":10},"end":{"line":56,"column":71}},"type":"binary-expr","locations":[{"start":{"line":56,"column":10},"end":{"line":56,"column":36}},{"start":{"line":56,"column":40},"end":{"line":56,"column":71}}],"line":56},"9":{"loc":{"start":{"line":67,"column":14},"end":{"line":67,"column":70}},"type":"cond-expr","locations":[{"start":{"line":67,"column":54},"end":{"line":67,"column":62}},{"start":{"line":67,"column":65},"end":{"line":67,"column":70}}],"line":67},"10":{"loc":{"start":{"line":76,"column":2},"end":{"line":78,"column":3}},"type":"if","locations":[{"start":{"line":76,"column":2},"end":{"line":78,"column":3}},{"start":{},"end":{}}],"line":76},"11":{"loc":{"start":{"line":76,"column":6},"end":{"line":76,"column":39}},"type":"binary-expr","locations":[{"start":{"line":76,"column":6},"end":{"line":76,"column":26}},{"start":{"line":76,"column":30},"end":{"line":76,"column":39}}],"line":76},"12":{"loc":{"start":{"line":81,"column":2},"end":{"line":86,"column":3}},"type":"if","locations":[{"start":{"line":81,"column":2},"end":{"line":86,"column":3}},{"start":{},"end":{}}],"line":81},"13":{"loc":{"start":{"line":93,"column":2},"end":{"line":97,"column":3}},"type":"if","locations":[{"start":{"line":93,"column":2},"end":{"line":97,"column":3}},{"start":{},"end":{}}],"line":93},"14":{"loc":{"start":{"line":93,"column":6},"end":{"line":93,"column":37}},"type":"binary-expr","locations":[{"start":{"line":93,"column":6},"end":{"line":93,"column":14}},{"start":{"line":93,"column":18},"end":{"line":93,"column":37}}],"line":93}},"s":{"0":0,"1":0,"2":0,"3":0,"4":0,"5":0,"6":0,"7":0,"8":0,"9":0,"10":0,"11":0,"12":0,"13":0,"14":0,"15":0,"16":0,"17":0,"18":0,"19":0,"20":0,"21":0,"22":0,"23":0,"24":0,"25":0,"26":0,"27":0,"28":0},"f":{"0":0,"1":0,"2":0,"3":0,"4":0},"b":{"0":[0,0],"1":[0,0],"2":[0,0],"3":[0,0],"4":[0,0],"5":[0,0],"6":[0,0],"7":[0,0],"8":[0,0],"9":[0,0],"10":[0,0],"11":[0,0],"12":[0,0],"13":[0,0],"14":[0,0]}}
,"/Users/oliver/Projects/boutique/middleware/uploadSecurity.js": {"path":"/Users/oliver/Projects/boutique/middleware/uploadSecurity.js","statementMap":{"0":{"start":{"line":1,"column":13},"end":{"line":1,"column":28}},"1":{"start":{"line":2,"column":11},"end":{"line":2,"column":24}},"2":{"start":{"line":3,"column":15},"end":{"line":3,"column":32}},"3":{"start":{"line":4,"column":27},"end":{"line":4,"column":53}},"4":{"start":{"line":7,"column":27},"end":{"line":18,"column":1}},"5":{"start":{"line":21,"column":29},"end":{"line":25,"column":1}},"6":{"start":{"line":28,"column":30},"end":{"line":48,"column":1}},"7":{"start":{"line":29,"column":25},"end":{"line":29,"column":49}},"8":{"start":{"line":30,"column":23},"end":{"line":30,"column":53}},"9":{"start":{"line":33,"column":2},"end":{"line":35,"column":3}},"10":{"start":{"line":34,"column":4},"end":{"line":34,"column":16}},"11":{"start":{"line":38,"column":2},"end":{"line":40,"column":3}},"12":{"start":{"line":39,"column":4},"end":{"line":39,"column":16}},"13":{"start":{"line":43,"column":2},"end":{"line":45,"column":3}},"14":{"start":{"line":43,"column":35},"end":{"line":43,"column":58}},"15":{"start":{"line":44,"column":4},"end":{"line":44,"column":16}},"16":{"start":{"line":47,"column":2},"end":{"line":47,"column":15}},"17":{"start":{"line":51,"column":32},"end":{"line":93,"column":1}},"18":{"start":{"line":52,"column":23},"end":{"line":67,"column":3}},"19":{"start":{"line":69,"column":2},"end":{"line":76,"column":3}},"20":{"start":{"line":71,"column":4},"end":{"line":71,"column":87}},"21":{"start":{"line":71,"column":74},"end":{"line":71,"column":86}},"22":{"start":{"line":72,"column":4},"end":{"line":72,"column":86}},"23":{"start":{"line":72,"column":73},"end":{"line":72,"column":85}},"24":{"start":{"line":73,"column":4},"end":{"line":73,"column":86}},"25":{"start":{"line":73,"column":73},"end":{"line":73,"column":85}},"26":{"start":{"line":74,"column":4},"end":{"line":74,"column":87}},"27":{"start":{"line":74,"column":74},"end":{"line":74,"column":86}},"28":{"start":{"line":75,"column":4},"end":{"line":75,"column":17}},"29":{"start":{"line":78,"column":2},"end":{"line":90,"column":3}},"30":{"start":{"line":80,"column":17},"end":{"line":80,"column":74}},"31":{"start":{"line":83,"column":4},"end":{"line":87,"column":5}},"32":{"start":{"line":85,"column":26},"end":{"line":85,"column":73}},"33":{"start":{"line":86,"column":6},"end":{"line":86,"column":61}},"34":{"start":{"line":86,"column":41},"end":{"line":86,"column":59}},"35":{"start":{"line":89,"column":4},"end":{"line":89,"column":17}},"36":{"start":{"line":92,"column":2},"end":{"line":92,"column":15}},"37":{"start":{"line":96,"column":31},"end":{"line":104,"column":1}},"38":{"start":{"line":97,"column":14},"end":{"line":97,"column":58}},"39":{"start":{"line":98,"column":20},"end":{"line":98,"column":30}},"40":{"start":{"line":99,"column":22},"end":{"line":99,"column":59}},"41":{"start":{"line":102,"column":19},"end":{"line":102,"column":60}},"42":{"start":{"line":103,"column":2},"end":{"line":103,"column":29}},"43":{"start":{"line":107,"column":21},"end":{"line":125,"column":1}},"44":{"start":{"line":108,"column":23},"end":{"line":108,"column":45}},"45":{"start":{"line":112,"column":2},"end":{"line":118,"column":3}},"46":{"start":{"line":113,"column":4},"end":{"line":113,"column":49}},"47":{"start":{"line":114,"column":9},"end":{"line":118,"column":3}},"48":{"start":{"line":115,"column":4},"end":{"line":115,"column":59}},"49":{"start":{"line":117,"column":4},"end":{"line":117,"column":44}},"50":{"start":{"line":120,"column":2},"end":{"line":122,"column":3}},"51":{"start":{"line":121,"column":4},"end":{"line":121,"column":68}},"52":{"start":{"line":124,"column":2},"end":{"line":124,"column":22}},"53":{"start":{"line":128,"column":28},"end":{"line":261,"column":1}},"54":{"start":{"line":130,"column":21},"end":{"line":130,"column":52}},"55":{"start":{"line":131,"column":2},"end":{"line":133,"column":3}},"56":{"start":{"line":132,"column":4},"end":{"line":132,"column":89}},"57":{"start":{"line":137,"column":2},"end":{"line":143,"column":3}},"58":{"start":{"line":138,"column":4},"end":{"line":138,"column":36}},"59":{"start":{"line":139,"column":9},"end":{"line":143,"column":3}},"60":{"start":{"line":140,"column":4},"end":{"line":140,"column":38}},"61":{"start":{"line":142,"column":4},"end":{"line":142,"column":58}},"62":{"start":{"line":145,"column":2},"end":{"line":147,"column":3}},"63":{"start":{"line":146,"column":4},"end":{"line":146,"column":68}},"64":{"start":{"line":149,"column":2},"end":{"line":260,"column":4}},"65":{"start":{"line":151,"column":6},"end":{"line":186,"column":7}},"66":{"start":{"line":153,"column":8},"end":{"line":155,"column":9}},"67":{"start":{"line":154,"column":10},"end":{"line":154,"column":85}},"68":{"start":{"line":158,"column":20},"end":{"line":158,"column":65}},"69":{"start":{"line":159,"column":8},"end":{"line":161,"column":9}},"70":{"start":{"line":160,"column":10},"end":{"line":160,"column":99}},"71":{"start":{"line":164,"column":8},"end":{"line":166,"column":9}},"72":{"start":{"line":165,"column":10},"end":{"line":165,"column":77}},"73":{"start":{"line":169,"column":8},"end":{"line":171,"column":9}},"74":{"start":{"line":170,"column":10},"end":{"line":170,"column":93}},"75":{"start":{"line":174,"column":8},"end":{"line":176,"column":9}},"76":{"start":{"line":175,"column":10},"end":{"line":175,"column":52}},"77":{"start":{"line":179,"column":8},"end":{"line":181,"column":9}},"78":{"start":{"line":180,"column":10},"end":{"line":180,"column":72}},"79":{"start":{"line":183,"column":8},"end":{"line":183,"column":23}},"80":{"start":{"line":185,"column":8},"end":{"line":185,"column":18}},"81":{"start":{"line":198,"column":6},"end":{"line":248,"column":7}},"82":{"start":{"line":200,"column":27},"end":{"line":200,"column":58}},"83":{"start":{"line":201,"column":8},"end":{"line":203,"column":9}},"84":{"start":{"line":202,"column":10},"end":{"line":202,"column":68}},"85":{"start":{"line":206,"column":30},"end":{"line":206,"column":66}},"86":{"start":{"line":210,"column":8},"end":{"line":212,"column":9}},"87":{"start":{"line":211,"column":10},"end":{"line":211,"column":53}},"88":{"start":{"line":215,"column":23},"end":{"line":215,"column":40}},"89":{"start":{"line":217,"column":19},"end":{"line":217,"column":50}},"90":{"start":{"line":218,"column":8},"end":{"line":218,"column":43}},"91":{"start":{"line":219,"column":8},"end":{"line":219,"column":25}},"92":{"start":{"line":222,"column":8},"end":{"line":227,"column":9}},"93":{"start":{"line":225,"column":10},"end":{"line":225,"column":39}},"94":{"start":{"line":226,"column":10},"end":{"line":226,"column":71}},"95":{"start":{"line":231,"column":22},"end":{"line":231,"column":48}},"96":{"start":{"line":232,"column":8},"end":{"line":236,"column":9}},"97":{"start":{"line":234,"column":10},"end":{"line":234,"column":39}},"98":{"start":{"line":235,"column":10},"end":{"line":235,"column":53}},"99":{"start":{"line":238,"column":8},"end":{"line":238,"column":20}},"100":{"start":{"line":241,"column":28},"end":{"line":241,"column":64}},"101":{"start":{"line":243,"column":8},"end":{"line":246,"column":9}},"102":{"start":{"line":245,"column":10},"end":{"line":245,"column":37}},"103":{"start":{"line":247,"column":8},"end":{"line":247,"column":20}},"104":{"start":{"line":253,"column":6},"end":{"line":258,"column":7}},"105":{"start":{"line":254,"column":31},"end":{"line":254,"column":82}},"106":{"start":{"line":255,"column":8},"end":{"line":255,"column":33}},"107":{"start":{"line":257,"column":8},"end":{"line":257,"column":18}},"108":{"start":{"line":264,"column":25},"end":{"line":290,"column":1}},"109":{"start":{"line":265,"column":2},"end":{"line":265,"column":25}},"110":{"start":{"line":265,"column":16},"end":{"line":265,"column":23}},"111":{"start":{"line":267,"column":20},"end":{"line":267,"column":58}},"112":{"start":{"line":268,"column":2},"end":{"line":289,"column":5}},"113":{"start":{"line":269,"column":4},"end":{"line":288,"column":5}},"114":{"start":{"line":270,"column":6},"end":{"line":287,"column":7}},"115":{"start":{"line":272,"column":23},"end":{"line":272,"column":28}},"116":{"start":{"line":273,"column":8},"end":{"line":277,"column":9}},"117":{"start":{"line":274,"column":10},"end":{"line":274,"column":29}},"118":{"start":{"line":275,"column":15},"end":{"line":277,"column":9}},"119":{"start":{"line":276,"column":10},"end":{"line":276,"column":27}},"120":{"start":{"line":279,"column":30},"end":{"line":279,"column":63}},"121":{"start":{"line":281,"column":8},"end":{"line":284,"column":9}},"122":{"start":{"line":283,"column":10},"end":{"line":283,"column":39}},"123":{"start":{"line":286,"column":8},"end":{"line":286,"column":100}},"124":{"start":{"line":293,"column":0},"end":{"line":299,"column":2}}},"fnMap":{"0":{"name":"(anonymous_0)","decl":{"start":{"line":28,"column":30},"end":{"line":28,"column":31}},"loc":{"start":{"line":28,"column":44},"end":{"line":48,"column":1}},"line":28},"1":{"name":"(anonymous_1)","decl":{"start":{"line":43,"column":24},"end":{"line":43,"column":25}},"loc":{"start":{"line":43,"column":35},"end":{"line":43,"column":58}},"line":43},"2":{"name":"(anonymous_2)","decl":{"start":{"line":51,"column":32},"end":{"line":51,"column":33}},"loc":{"start":{"line":51,"column":54},"end":{"line":93,"column":1}},"line":51},"3":{"name":"(anonymous_3)","decl":{"start":{"line":86,"column":30},"end":{"line":86,"column":31}},"loc":{"start":{"line":86,"column":41},"end":{"line":86,"column":59}},"line":86},"4":{"name":"(anonymous_4)","decl":{"start":{"line":96,"column":31},"end":{"line":96,"column":32}},"loc":{"start":{"line":96,"column":63},"end":{"line":104,"column":1}},"line":96},"5":{"name":"(anonymous_5)","decl":{"start":{"line":107,"column":21},"end":{"line":107,"column":22}},"loc":{"start":{"line":107,"column":45},"end":{"line":125,"column":1}},"line":107},"6":{"name":"(anonymous_6)","decl":{"start":{"line":128,"column":28},"end":{"line":128,"column":29}},"loc":{"start":{"line":128,"column":42},"end":{"line":261,"column":1}},"line":128},"7":{"name":"(anonymous_7)","decl":{"start":{"line":150,"column":16},"end":{"line":150,"column":17}},"loc":{"start":{"line":150,"column":35},"end":{"line":187,"column":5}},"line":150},"8":{"name":"(anonymous_8)","decl":{"start":{"line":197,"column":26},"end":{"line":197,"column":27}},"loc":{"start":{"line":197,"column":60},"end":{"line":249,"column":5}},"line":197},"9":{"name":"(anonymous_9)","decl":{"start":{"line":252,"column":22},"end":{"line":252,"column":23}},"loc":{"start":{"line":252,"column":41},"end":{"line":259,"column":5}},"line":252},"10":{"name":"(anonymous_10)","decl":{"start":{"line":264,"column":25},"end":{"line":264,"column":26}},"loc":{"start":{"line":264,"column":36},"end":{"line":290,"column":1}},"line":264},"11":{"name":"(anonymous_11)","decl":{"start":{"line":268,"column":20},"end":{"line":268,"column":21}},"loc":{"start":{"line":268,"column":28},"end":{"line":289,"column":3}},"line":268}},"branchMap":{"0":{"loc":{"start":{"line":33,"column":2},"end":{"line":35,"column":3}},"type":"if","locations":[{"start":{"line":33,"column":2},"end":{"line":35,"column":3}},{"start":{},"end":{}}],"line":33},"1":{"loc":{"start":{"line":33,"column":6},"end":{"line":33,"column":84}},"type":"binary-expr","locations":[{"start":{"line":33,"column":6},"end":{"line":33,"column":29}},{"start":{"line":33,"column":33},"end":{"line":33,"column":56}},{"start":{"line":33,"column":60},"end":{"line":33,"column":84}}],"line":33},"2":{"loc":{"start":{"line":38,"column":2},"end":{"line":40,"column":3}},"type":"if","locations":[{"start":{"line":38,"column":2},"end":{"line":40,"column":3}},{"start":{},"end":{}}],"line":38},"3":{"loc":{"start":{"line":43,"column":2},"end":{"line":45,"column":3}},"type":"if","locations":[{"start":{"line":43,"column":2},"end":{"line":45,"column":3}},{"start":{},"end":{}}],"line":43},"4":{"loc":{"start":{"line":69,"column":2},"end":{"line":76,"column":3}},"type":"if","locations":[{"start":{"line":69,"column":2},"end":{"line":76,"column":3}},{"start":{},"end":{}}],"line":69},"5":{"loc":{"start":{"line":71,"column":4},"end":{"line":71,"column":87}},"type":"if","locations":[{"start":{"line":71,"column":4},"end":{"line":71,"column":87}},{"start":{},"end":{}}],"line":71},"6":{"loc":{"start":{"line":72,"column":4},"end":{"line":72,"column":86}},"type":"if","locations":[{"start":{"line":72,"column":4},"end":{"line":72,"column":86}},{"start":{},"end":{}}],"line":72},"7":{"loc":{"start":{"line":73,"column":4},"end":{"line":73,"column":86}},"type":"if","locations":[{"start":{"line":73,"column":4},"end":{"line":73,"column":86}},{"start":{},"end":{}}],"line":73},"8":{"loc":{"start":{"line":74,"column":4},"end":{"line":74,"column":87}},"type":"if","locations":[{"start":{"line":74,"column":4},"end":{"line":74,"column":87}},{"start":{},"end":{}}],"line":74},"9":{"loc":{"start":{"line":78,"column":2},"end":{"line":90,"column":3}},"type":"if","locations":[{"start":{"line":78,"column":2},"end":{"line":90,"column":3}},{"start":{},"end":{}}],"line":78},"10":{"loc":{"start":{"line":83,"column":4},"end":{"line":87,"column":5}},"type":"if","locations":[{"start":{"line":83,"column":4},"end":{"line":87,"column":5}},{"start":{},"end":{}}],"line":83},"11":{"loc":{"start":{"line":83,"column":8},"end":{"line":83,"column":71}},"type":"binary-expr","locations":[{"start":{"line":83,"column":8},"end":{"line":83,"column":26}},{"start":{"line":83,"column":30},"end":{"line":83,"column":49}},{"start":{"line":83,"column":53},"end":{"line":83,"column":71}}],"line":83},"12":{"loc":{"start":{"line":112,"column":2},"end":{"line":118,"column":3}},"type":"if","locations":[{"start":{"line":112,"column":2},"end":{"line":118,"column":3}},{"start":{"line":114,"column":9},"end":{"line":118,"column":3}}],"line":112},"13":{"loc":{"start":{"line":114,"column":9},"end":{"line":118,"column":3}},"type":"if","locations":[{"start":{"line":114,"column":9},"end":{"line":118,"column":3}},{"start":{"line":116,"column":9},"end":{"line":118,"column":3}}],"line":114},"14":{"loc":{"start":{"line":120,"column":2},"end":{"line":122,"column":3}},"type":"if","locations":[{"start":{"line":120,"column":2},"end":{"line":122,"column":3}},{"start":{},"end":{}}],"line":120},"15":{"loc":{"start":{"line":131,"column":2},"end":{"line":133,"column":3}},"type":"if","locations":[{"start":{"line":131,"column":2},"end":{"line":133,"column":3}},{"start":{},"end":{}}],"line":131},"16":{"loc":{"start":{"line":137,"column":2},"end":{"line":143,"column":3}},"type":"if","locations":[{"start":{"line":137,"column":2},"end":{"line":143,"column":3}},{"start":{"line":139,"column":9},"end":{"line":143,"column":3}}],"line":137},"17":{"loc":{"start":{"line":139,"column":9},"end":{"line":143,"column":3}},"type":"if","locations":[{"start":{"line":139,"column":9},"end":{"line":143,"column":3}},{"start":{"line":141,"column":9},"end":{"line":143,"column":3}}],"line":139},"18":{"loc":{"start":{"line":145,"column":2},"end":{"line":147,"column":3}},"type":"if","locations":[{"start":{"line":145,"column":2},"end":{"line":147,"column":3}},{"start":{},"end":{}}],"line":145},"19":{"loc":{"start":{"line":153,"column":8},"end":{"line":155,"column":9}},"type":"if","locations":[{"start":{"line":153,"column":8},"end":{"line":155,"column":9}},{"start":{},"end":{}}],"line":153},"20":{"loc":{"start":{"line":159,"column":8},"end":{"line":161,"column":9}},"type":"if","locations":[{"start":{"line":159,"column":8},"end":{"line":161,"column":9}},{"start":{},"end":{}}],"line":159},"21":{"loc":{"start":{"line":164,"column":8},"end":{"line":166,"column":9}},"type":"if","locations":[{"start":{"line":164,"column":8},"end":{"line":166,"column":9}},{"start":{},"end":{}}],"line":164},"22":{"loc":{"start":{"line":169,"column":8},"end":{"line":171,"column":9}},"type":"if","locations":[{"start":{"line":169,"column":8},"end":{"line":171,"column":9}},{"start":{},"end":{}}],"line":169},"23":{"loc":{"start":{"line":174,"column":8},"end":{"line":176,"column":9}},"type":"if","locations":[{"start":{"line":174,"column":8},"end":{"line":176,"column":9}},{"start":{},"end":{}}],"line":174},"24":{"loc":{"start":{"line":179,"column":8},"end":{"line":181,"column":9}},"type":"if","locations":[{"start":{"line":179,"column":8},"end":{"line":181,"column":9}},{"start":{},"end":{}}],"line":179},"25":{"loc":{"start":{"line":191,"column":13},"end":{"line":191,"column":42}},"type":"cond-expr","locations":[{"start":{"line":191,"column":36},"end":{"line":191,"column":38}},{"start":{"line":191,"column":41},"end":{"line":191,"column":42}}],"line":191},"26":{"loc":{"start":{"line":201,"column":8},"end":{"line":203,"column":9}},"type":"if","locations":[{"start":{"line":201,"column":8},"end":{"line":203,"column":9}},{"start":{},"end":{}}],"line":201},"27":{"loc":{"start":{"line":210,"column":8},"end":{"line":212,"column":9}},"type":"if","locations":[{"start":{"line":210,"column":8},"end":{"line":212,"column":9}},{"start":{},"end":{}}],"line":210},"28":{"loc":{"start":{"line":222,"column":8},"end":{"line":227,"column":9}},"type":"if","locations":[{"start":{"line":222,"column":8},"end":{"line":227,"column":9}},{"start":{},"end":{}}],"line":222},"29":{"loc":{"start":{"line":232,"column":8},"end":{"line":236,"column":9}},"type":"if","locations":[{"start":{"line":232,"column":8},"end":{"line":236,"column":9}},{"start":{},"end":{}}],"line":232},"30":{"loc":{"start":{"line":243,"column":8},"end":{"line":246,"column":9}},"type":"if","locations":[{"start":{"line":243,"column":8},"end":{"line":246,"column":9}},{"start":{},"end":{}}],"line":243},"31":{"loc":{"start":{"line":265,"column":2},"end":{"line":265,"column":25}},"type":"if","locations":[{"start":{"line":265,"column":2},"end":{"line":265,"column":25}},{"start":{},"end":{}}],"line":265},"32":{"loc":{"start":{"line":267,"column":20},"end":{"line":267,"column":58}},"type":"cond-expr","locations":[{"start":{"line":267,"column":43},"end":{"line":267,"column":48}},{"start":{"line":267,"column":51},"end":{"line":267,"column":58}}],"line":267},"33":{"loc":{"start":{"line":269,"column":4},"end":{"line":288,"column":5}},"type":"if","locations":[{"start":{"line":269,"column":4},"end":{"line":288,"column":5}},{"start":{},"end":{}}],"line":269},"34":{"loc":{"start":{"line":273,"column":8},"end":{"line":277,"column":9}},"type":"if","locations":[{"start":{"line":273,"column":8},"end":{"line":277,"column":9}},{"start":{"line":275,"column":15},"end":{"line":277,"column":9}}],"line":273},"35":{"loc":{"start":{"line":275,"column":15},"end":{"line":277,"column":9}},"type":"if","locations":[{"start":{"line":275,"column":15},"end":{"line":277,"column":9}},{"start":{},"end":{}}],"line":275},"36":{"loc":{"start":{"line":281,"column":8},"end":{"line":284,"column":9}},"type":"if","locations":[{"start":{"line":281,"column":8},"end":{"line":284,"column":9}},{"start":{},"end":{}}],"line":281}},"s":{"0":0,"1":0,"2":0,"3":0,"4":0,"5":0,"6":0,"7":0,"8":0,"9":0,"10":0,"11":0,"12":0,"13":0,"14":0,"15":0,"16":0,"17":0,"18":0,"19":0,"20":0,"21":0,"22":0,"23":0,"24":0,"25":0,"26":0,"27":0,"28":0,"29":0,"30":0,"31":0,"32":0,"33":0,"34":0,"35":0,"36":0,"37":0,"38":0,"39":0,"40":0,"41":0,"42":0,"43":0,"44":0,"45":0,"46":0,"47":0,"48":0,"49":0,"50":0,"51":0,"52":0,"53":0,"54":0,"55":0,"56":0,"57":0,"58":0,"59":0,"60":0,"61":0,"62":0,"63":0,"64":0,"65":0,"66":0,"67":0,"68":0,"69":0,"70":0,"71":0,"72":0,"73":0,"74":0,"75":0,"76":0,"77":0,"78":0,"79":0,"80":0,"81":0,"82":0,"83":0,"84":0,"85":0,"86":0,"87":0,"88":0,"89":0,"90":0,"91":0,"92":0,"93":0,"94":0,"95":0,"96":0,"97":0,"98":0,"99":0,"100":0,"101":0,"102":0,"103":0,"104":0,"105":0,"106":0,"107":0,"108":0,"109":0,"110":0,"111":0,"112":0,"113":0,"114":0,"115":0,"116":0,"117":0,"118":0,"119":0,"120":0,"121":0,"122":0,"123":0,"124":0},"f":{"0":0,"1":0,"2":0,"3":0,"4":0,"5":0,"6":0,"7":0,"8":0,"9":0,"10":0,"11":0},"b":{"0":[0,0],"1":[0,0,0],"2":[0,0],"3":[0,0],"4":[0,0],"5":[0,0],"6":[0,0],"7":[0,0],"8":[0,0],"9":[0,0],"10":[0,0],"11":[0,0,0],"12":[0,0],"13":[0,0],"14":[0,0],"15":[0,0],"16":[0,0],"17":[0,0],"18":[0,0],"19":[0,0],"20":[0,0],"21":[0,0],"22":[0,0],"23":[0,0],"24":[0,0],"25":[0,0],"26":[0,0],"27":[0,0],"28":[0,0],"29":[0,0],"30":[0,0],"31":[0,0],"32":[0,0],"33":[0,0],"34":[0,0],"35":[0,0],"36":[0,0]}}
,"/Users/oliver/Projects/boutique/models/Cart.js": {"path":"/Users/oliver/Projects/boutique/models/Cart.js","statementMap":{"0":{"start":{"line":1,"column":17},"end":{"line":1,"column":36}},"1":{"start":{"line":3,"column":19},"end":{"line":39,"column":2}},"2":{"start":{"line":42,"column":0},"end":{"line":42,"column":53}},"3":{"start":{"line":43,"column":0},"end":{"line":43,"column":35}},"4":{"start":{"line":44,"column":0},"end":{"line":44,"column":35}},"5":{"start":{"line":47,"column":0},"end":{"line":54,"column":2}},"6":{"start":{"line":48,"column":19},"end":{"line":48,"column":94}},"7":{"start":{"line":48,"column":54},"end":{"line":48,"column":90}},"8":{"start":{"line":49,"column":2},"end":{"line":53,"column":4}},"9":{"start":{"line":50,"column":50},"end":{"line":50,"column":71}},"10":{"start":{"line":57,"column":0},"end":{"line":82,"column":2}},"11":{"start":{"line":58,"column":28},"end":{"line":60,"column":3}},"12":{"start":{"line":59,"column":4},"end":{"line":59,"column":52}},"13":{"start":{"line":62,"column":2},"end":{"line":74,"column":3}},"14":{"start":{"line":64,"column":4},"end":{"line":64,"column":55}},"15":{"start":{"line":65,"column":4},"end":{"line":65,"column":55}},"16":{"start":{"line":68,"column":4},"end":{"line":73,"column":7}},"17":{"start":{"line":76,"column":2},"end":{"line":76,"column":30}},"18":{"start":{"line":78,"column":14},"end":{"line":78,"column":24}},"19":{"start":{"line":79,"column":2},"end":{"line":81,"column":3}},"20":{"start":{"line":80,"column":4},"end":{"line":80,"column":72}},"21":{"start":{"line":85,"column":0},"end":{"line":101,"column":2}},"22":{"start":{"line":86,"column":20},"end":{"line":88,"column":3}},"23":{"start":{"line":87,"column":4},"end":{"line":87,"column":52}},"24":{"start":{"line":90,"column":2},"end":{"line":99,"column":3}},"25":{"start":{"line":91,"column":4},"end":{"line":96,"column":5}},"26":{"start":{"line":92,"column":6},"end":{"line":92,"column":38}},"27":{"start":{"line":94,"column":6},"end":{"line":94,"column":48}},"28":{"start":{"line":95,"column":6},"end":{"line":95,"column":49}},"29":{"start":{"line":97,"column":4},"end":{"line":97,"column":32}},"30":{"start":{"line":98,"column":4},"end":{"line":98,"column":16}},"31":{"start":{"line":100,"column":2},"end"
[...]
,"/Users/oliver/Projects/boutique/utils/logger.js": {"path":"/Users/oliver/Projects/boutique/utils/logger.js","statementMap":{"0":{"start":{"line":1,"column":16},"end":{"line":1,"column":34}},"1":{"start":{"line":2,"column":14},"end":{"line":2,"column":29}},"2":{"start":{"line":5,"column":15},"end":{"line":11,"column":1}},"3":{"start":{"line":14,"column":15},"end":{"line":20,"column":1}},"4":{"start":{"line":23,"column":0},"end":{"line":23,"column":26}},"5":{"start":{"line":26,"column":15},"end":{"line":32,"column":1}},"6":{"start":{"line":30,"column":14},"end":{"line":30,"column":64}},"7":{"start":{"line":35,"column":19},"end":{"line":60,"column":1}},"8":{"start":{"line":63,"column":15},"end":{"line":68,"column":2}},"9":{"start":{"line":71,"column":22},"end":{"line":89,"column":2}},"10":{"start":{"line":91,"column":25},"end":{"line":109,"column":2}},"11":{"start":{"line":111,"column":23},"end":{"line":129,"column":2}},"12":{"start":{"line":131,"column":0},"end":{"line":136,"column":2}}},"fnMap":{"0":{"name":"(anonymous_0)","decl":{"start":{"line":30,"column":4},"end":{"line":30,"column":5}},"loc":{"start":{"line":30,"column":14},"end":{"line":30,"column":64}},"line":30}},"branchMap":{"0":{"loc":{"start":{"line":64,"column":9},"end":{"line":64,"column":40}},"type":"binary-expr","locations":[{"start":{"line":64,"column":9},"end":{"line":64,"column":30}},{"start":{"line":64,"column":34},"end":{"line":64,"column":40}}],"line":64},"1":{"loc":{"start":{"line":72,"column":9},"end":{"line":72,"column":40}},"type":"binary-expr","locations":[{"start":{"line":72,"column":9},"end":{"line":72,"column":30}},{"start":{"line":72,"column":34},"end":{"line":72,"column":40}}],"line":72},"2":{"loc":{"start":{"line":92,"column":9},"end":{"line":92,"column":40}},"type":"binary-expr","locations":[{"start":{"line":92,"column":9},"end":{"line":92,"column":30}},{"start":{"line":92,"column":34},"end":{"line":92,"column":40}}],"line":92},"3":{"loc":{"start":{"line":112,"column":9},"end":{"line":112,"column":40}},"type":"binary-expr","locations":[{"start":{"line":112,"column":9},"end":{"line":112,"column":30}},{"start":{"line":112,"column":34},"end":{"line":112,"column":40}}],"line":112}},"s":{"0":0,"1":0,"2":0,"3":0,"4":0,"5":0,"6":0,"7":0,"8":0,"9":0,"10":0,"11":0,"12":0},"f":{"0":0},"b":{"0":[0,0],"1":[0,0],"2":[0,0],"3":[0,0]}}
,"/Users/oliver/Projects/boutique/utils/secureLogging.js": {"path":"/Users/oliver/Projects/boutique/utils/secureLogging.js","statementMap":{"0":{"start":{"line":17,"column":2},"end":{"line":19,"column":3}},"1":{"start":{"line":18,"column":4},"end":{"line":18,"column":34}},"2":{"start":{"line":22,"column":2},"end":{"line":29,"column":3}},"3":{"start":{"line":23,"column":18},"end":{"line":23,"column":38}},"4":{"start":{"line":24,"column":4},"end":{"line":28,"column":5}},"5":{"start":{"line":25,"column":21},"end":{"line":25,"column":29}},"6":{"start":{"line":26,"column":21},"end":{"line":26,"column":54}},"7":{"start":{"line":27,"column":6},"end":{"line":27,"column":39}},"8":{"start":{"line":32,"column":2},"end":{"line":34,"column":3}},"9":{"start":{"line":33,"column":4},"end":{"line":33,"column":17}},"10":{"start":{"line":36,"column":16},"end":{"line":36,"column":37}},"11":{"start":{"line":37,"column":14},"end":{"line":37,"column":33}},"12":{"start":{"line":38,"column":2},"end":{"line":38,"column":29}},"13":{"start":{"line":50,"column":2},"end":{"line":52,"column":3}},"14":{"start":{"line":51,"column":4},"end":{"line":51,"column":11}},"15":{"start":{"line":55,"column":25},"end":{"line":55,"column":32}},"16":{"start":{"line":58,"column":2},"end":{"line":61,"column":3}},"17":{"start":{"line":59,"column":28},"end":{"line":59,"column":60}},"18":{"start":{"line":60,"column":4},"end":{"line":60,"column":84}},"19":{"start":{"line":63,"column":2},"end":{"line":63,"column":32}},"20":{"start":{"line":73,"column":2},"end":{"line":75,"column":3}},"21":{"start":{"line":74,"column":4},"end":{"line":74,"column":11}},"22":{"start":{"line":78,"column":19},"end":{"line":78,"column":43}},"23":{"start":{"line":79,"column":27},"end":{"line":79,"column":63}},"24":{"start":{"line":80,"column":2},"end":{"line":80,"column":32}},"25":{"start":{"line":91,"column":2},"end":{"line":93,"column":3}},"26":{"start":{"line":92,"column":4},"end":{"line":92,"column":11}},"27":{"start":{"line":95,"column":19},"end":{"line":95,"column":43}},"28":{"start":{"line":96,"column":2},"end":{"line":96,"column":70}},"29":{"start":{"line":105,"column":2},"end":{"line":105,"column":83}},"30":{"start":{"line":108,"column":0},"end":{"line":114,"column":2}}},"fnMap":{"0":{"name":"maskSessionId","decl":{"start":{"line":16,"column":9},"end":{"line":16,"column":22}},"loc":{"start":{"line":16,"column":34},"end":{"line":39,"column":1}},"line":16},"1":{"name":"secureLog","decl":{"start":{"line":48,"column":9},"end":{"line":48,"column":18}},"loc":{"start":{"line":48,"column":42},"end":{"line":64,"column":1}},"line":48},"2":{"name":"secureSessionLog","decl":{"start":{"line":72,"column":9},"end":{"line":72,"column":25}},"loc":{"start":{"line":72,"column":46},"end":{"line":81,"column":1}},"line":72},"3":{"name":"secureOperationLog","decl":{"start":{"line":90,"column":9},"end":{"line":90,"column":27}},"loc":{"start":{"line":90,"column":57},"end":{"line":97,"column":1}},"line":90},"4":{"name":"isDevelopmentLogging","decl":{"start":{"line":104,"column":9},"end":{"line":104,"column":29}},"loc":{"start":{"line":104,"column":32},"end":{"line":106,"column":1}},"line":104}},"branchMap":{"0":{"loc":{"start":{"line":17,"column":2},"end":{"line":19,"column":3}},"type":"if","locations":[{"start":{"line":17,"column":2},"end":{"line":19,"column":3}},{"start":{},"end":{}}],"line":17},"1":{"loc":{"start":{"line":17,"column":6},"end":{"line":17,"column":49}},"type":"binary-expr","locations":[{"start":{"line":17,"column":6},"end":{"line":17,"column":16}},{"start":{"line":17,"column":20},"end":{"line":17,"column":49}}],"line":17},"2":{"loc":{"start":{"line":22,"column":2},"end":{"line":29,"column":3}},"type":"if","locations":[{"start":{"line":22,"column":2},"end":{"line":29,"column":3}},{"start":{},"end":{}}],"line":22},"3":{"loc":{"start":{"line":24,"column":4},"end":{"line":28,"column":5}},"type":"if","locations":[{"start":{"line":24,"column":4},"end":{"line":28,"column":5}},{"start":{},"end":{}}],"line":24},"4":{"loc":{"start":{"line":32,"column":2},"end":{"line":34,"column":3}},"type":"if","locations":[{"start":{"line":32,"column":2},"end":{"line":34,"column":3}},{"start":{},"end":{}}],"line":32},"5":{"loc":{"start":{"line":48,"column":28},"end":{"line":48,"column":40}},"type":"default-arg","locations":[{"start":{"line":48,"column":38},"end":{"line":48,"column":40}}],"line":48},"6":{"loc":{"start":{"line":50,"column":2},"end":{"line":52,"column":3}},"type":"if","locations":[{"start":{"line":50,"column":2},"end":{"line":52,"column":3}},{"start":{},"end":{}}],"line":50},"7":{"loc":{"start":{"line":58,"column":2},"end":{"line":61,"column":3}},"type":"if","locations":[{"start":{"line":58,"column":2},"end":{"line":61,"column":3}},{"start":{},"end":{}}],"line":58},"8":{"loc":{"start":{"line":73,"column":2},"end":{"line":75,"column":3}},"type":"if","locations":[{"start":{"line":73,"column":2},"end":{"line":75,"column":3}},{"start":{},"end":{}}],"line":73},"9":{"loc":{"start":{"line":91,"column":2},"end":{"line":93,"column":3}},"type":"if","locations":[{"start":{"line":91,"column":2},"end":{"line":93,"column":3}},{"start":{},"end":{}}],"line":91},"10":{"loc":{"start":{"line":105,"column":9},"end":{"line":105,"column":82}},"type":"binary-expr","locations":[{"start":{"line":105,"column":9},"end":{"line":105,"column":47}},{"start":{"line":105,"column":51},"end":{"line":105,"column":82}}],"line":105}},"s":{"0":0,"1":0,"2":0,"3":0,"4":0,"5":0,"6":0,"7":0,"8":0,"9":0,"10":0,"11":0,"12":0,"13":0,"14":0,"15":0,"16":0,"17":0,"18":0,"19":0,"20":0,"21":0,"22":0,"23":0,"24":0,"25":0,"26":0,"27":0,"28":0,"29":0,"30":0},"f":{"0":0,"1":0,"2":0,"3":0,"4":0},"b":{"0":[0,0],"1":[0,0],"2":[0,0],"3":[0,0],"4":[0,0],"5":[0],"6":[0,0],"7":[0,0],"8":[0,0],"9":[0,0],"10":[0,0]}}
,"/Users/oliver/Projects/boutique/utils/wholesalerNotificationService.js": {"path":"/Users/oliver/Projects/boutique/utils/wholesalerNotificationService.js","statementMap":{"0":{"start":{"line":1,"column":14},"end":{"line":1,"column":40}},"1":{"start":{"line":2,"column":17},"end":{"line":2,"column":45}},"2":{"start":{"line":3,"column":39},"end":{"line":3,"column":64}},"3":{"start":{"line":4,"column":19},"end":{"line":4,"column":38}},"4":{"start":{"line":6,"column":36},"end":{"line":133,"column":1}},"5":{"start":{"line":7,"column":2},"end":{"line":132,"column":3}},"6":{"start":{"line":8,"column":4},"end":{"line":8,"column":77}},"7":{"start":{"line":11,"column":27},"end":{"line":17,"column":32}},"8":{"start":{"line":19,"column":4},"end":{"line":22,"column":5}},"9":{"start":{"line":20,"column":6},"end":{"line":20,"column":73}},"10":{"start":{"line":21,"column":6},"end":{"line":21,"column":45}},"11":{"start":{"line":24,"column":4},"end":{"line":24,"column":82}},"12":{"start":{"line":26,"column":23},"end":{"line":26,"column":24}},"13":{"start":{"line":27,"column":21},"end":{"line":27,"column":22}},"14":{"start":{"line":28,"column":20},"end":{"line":28,"column":22}},"15":{"start":{"line":30,"column":4},"end":{"line":114,"column":5}},"16":{"start":{"line":31,"column":6},"end":{"line":113,"column":7}},"17":{"start":{"line":33,"column":33},"end":{"line":33,"column":35}},"18":{"start":{"line":35,"column":8},"end":{"line":53,"column":9}},"19":{"start":{"line":36,"column":10},"end":{"line":52,"column":11}},"20":{"start":{"line":37,"column":26},"end":{"line":37,"column":47}},"21":{"start":{"line":38,"column":12},"end":{"line":43,"column":13}},"22":{"start":{"line":39,"column":14},"end":{"line":42,"column":16}},"23":{"start":{"line":46,"column":40},"end":{"line":49,"column":13}},"24":{"start":{"line":51,"column":12},"end":{"line":51,"column":68}},"25":{"start":{"line":56,"column":8},"end":{"line":102,"column":9}},"26":{"start":{"line":57,"column":28},"end":{"line":63,"column":11}},"27":{"start":{"line":65,"column":10},"end":{"line":65,"column":102}},"28":{"start":{"line":67,"column":30},"end":{"line":67,"column":90}},"29":{"start":{"line":69,"column":10},"end":{"line":101,"column":11}},"30":{"start":{"line":71,"column":32},"end":{"line":71,"column":42}},"31":{"start":{"line":73,"column":12},"end":{"line":78,"column":13}},"32":{"start":{"line":73,"column":25},"end":{"line":73,"column":26}},"33":{"start":{"line":74,"column":14},"end":{"line":77,"column":15}},"34":{"start":{"line":75,"column":16},"end":{"line":75,"column":58}},"35":{"start":{"line":76,"column":16},"end":{"line":76,"column":67}},"36":{"start":{"line":80,"column":12},"end":{"line":80,"column":31}},"37":{"start":{"line":82,"column":12},"end":{"line":82,"column":101}},"38":{"start":{"line":83,"column":12},"end":{"line":83,"column":27}},"39":{"start":{"line":85,"column":12},"end":{"line":90,"column":15}},"40":{"start":{"line":92,"column":12},"end":{"line":92,"column":119}},"41":{"start":{"line":93,"column":12},"end":{"line":93,"column":25}},"42":{"start":{"line":95,"column":12},"end":{"line":100,"column":15}},"43":{"start":{"line":105,"column":8},"end":{"line":105,"column":89}},"44":{"start":{"line":106,"column":8},"end":{"line":106,"column":21}},"45":{"start":{"line":108,"column":8},"end":{"line":112,"column":11}},"46":{"start":{"line":116,"column":4},"end":{"line":116,"column":101}},"47":{"start":{"line":118,"column":4},"end":{"line":124,"column":6}},"48":{"start":{"line":127,"column":4},"end":{"line":127,"column":73}},"49":{"start":{"line":128,"column":4},"end":{"line":131,"column":6}},"50":{"start":{"line":136,"column":34},"end":{"line":235,"column":1}},"51":{"start":{"line":137,"column":2},"end":{"line":234,"column":3}},"52":{"start":{"line":138,"column":18},"end":{"line":138,"column":73}},"53":{"start":{"line":140,"column":4},"end":{"line":142,"column":5}},"54":{"start":{"line":141,"column":6},"end":{"line":141,"column":58}},"55":{"start":{"line":145,"column":4},"end":{"line":150,"column":5}},"56":{"start":{"line":146,"column":6},"end":{"line":149,"column":8}},"57":{"start":{"line":153,"column":20},"end":{"line":153,"column":22}},"58":{"start":{"line":154,"column":29},"end":{"line":154,"column":31}},"59":{"start":{"line":157,"column":4},"end":{"line":174,"column":5}},"60":{"start":{"line":158,"column":6},"end":{"line":173,"column":7}},"61":{"start":{"line":159,"column":22},"end":{"line":159,"column":43}},"62":{"start":{"line":160,"column":8},"end":{"line":165,"column":9}},"63":{"start":{"line":161,"column":10},"end":{"line":164,"column":12}},"64":{"start":{"line":167,"column":36},"end":{"line":170,"column":9}},"65":{"start":{"line":172,"column":8},"end":{"line":172,"column":64}},"66":{"start":{"line":176,"column":4},"end":{"line":182,"column":5}},"67":{"start":{"line":177,"column":6},"end":{"line":181,"column":8}},"68":{"start":{"line":185,"column":4},"end":{"line":219,"column":5}},"69":{"start":{"line":186,"column":24},"end":{"line":192,"column":7}},"70":{"start":{"line":194,"column":26},"end":{"line":194,"column":86}},"71":{"start":{"line":196,"column":6},"end":{"line":218,"column":7}},"72":{"start":{"line":198,"column":28},"end":{"line":198,"column":38}},"73":{"start":{"line":200,"column":8},"end":{"line":205,"column":9}},"74":{"start":{"line":200,"column":21},"end":{"line":200,"column":22}},"75":{"start":{"line":201,"column":10},"end":{"line":204,"column":11}},"76":{"start":{"line":202,"column":12},"end":{"line":202,"column":54}},"77":{"start":{"line":203,"column":12},"end":{"line":203,"column":63}},"78":{"start":{"line":207,"column":8},"end":{"line":211,"column":11}},"79":{"start":{"line":213,"column":8},"end":{"line":217,"column":11}},"80":{"start":{"line":221,"column":4},"end":{"line":221,"column":23}},"81":{"start":{"line":223,"column":4},"end":{"line":227,"column":6}},"82":{"start":{"line":230,"column":4},"end":{"line":233,"column":6}},"83":{"start":{"line":237,"column":0},"end":{"line":240,"column":2}}},"fnMap":{"0":{"name":"(anonymous_0)","decl":{"start":{"line":6,"column":36},"end":{"line":6,"column":37}},"loc":{"start":{"line":6,"column":48},"end":{"line":133,"column":1}},"line":6},"1":{"name":"(anonymous_1)","decl":{"start":{"line":136,"column":34},"end":{"line":136,"column":35}},"loc":{"start":{"line":136,"column":53},"end":{"line":235,"column":1}},"line":136}},"branchMap":{"0":{"loc":{"start":{"line":19,"column":4},"end":{"line":22,"column":5}},"type":"if","locations":[{"start":{"line":19,"column":4},"end":{"line":22,"column":5}},{"start":{},"end":{}}],"line":19},"1":{"loc":{"start":{"line":36,"column":10},"end":{"line":52,"column":11}},"type":"if","locations":[{"start":{"line":36,"column":10},"end":{"line":52,"column":11}},{"start":{},"end":{}}],"line":36},"2":{"loc":{"start":{"line":36,"column":14},"end":{"line":36,"column":64}},"type":"binary-expr","locations":[{"start":{"line":36,"column":14},"end":{"line":36,"column":39}},{"start":{"line":36,"column":43},"end":{"line":36,"column":64}}],"line":36},"3":{"loc":{"start":{"line":38,"column":12},"end":{"line":43,"column":13}},"type":"if","locations":[{"start":{"line":38,"column":12},"end":{"line":43,"column":13}},{"start":{},"end":{}}],"line":38},"4":{"loc":{"start":{"line":48,"column":27},"end":{"line":48,"column":79}},"type":"cond-expr","locations":[{"start":{"line":48,"column":42},"end":{"line":48,"column":59}},{"start":{"line":48,"column":62},"end":{"line":48,"column":79}}],"line":48},"5":{"loc":{"start":{"line":69,"column":10},"end":{"line":101,"column":11}},"type":"if","locations":[{"start":{"line":69,"column":10},"end":{"line":101,"column":11}},{"start":{"line":91,"column":17},"end":{"line":101,"column":11}}],"line":69},"6":{"loc":{"start":{"line":74,"column":14},"end":{"line":77,"column":15}},"type":"if","locations":[{"start":{"line":74,"column":14},"end":{"line":77,"column":15}},{"start":{},"end":{}}],"line":74},"7":{"loc":{"start":{"line":74,"column":18},"end":{"line":74,"column":108}},"type":"binary-expr","locations":[{"start":{"line":74,"column":18},"end":{"line":74,"column":69}},{"start":{"line":74,"column":73},"end":{"line":74,"column":108}}],"line":74},"8":{"loc":{"start":{"line":140,"column":4},"end":{"line":142,"column":5}},"type":"if","locations":[{"start":{"line":140,"column":4},"end":{"line":142,"column":5}},{"start":{},"end":{}}],"line":140},"9":{"loc":{"start":{"line":145,"column":4},"end":{"line":150,"column":5}},"type":"if","locations":[{"start":{"line":145,"column":4},"end":{"line":150,"column":5}},{"start":{},"end":{}}],"line":145},"10":{"loc":{"start":{"line":145,"column":8},"end":{"line":145,"column":72}},"type":"binary-expr","locations":[{"start":{"line":145,"column":8},"end":{"line":145,"column":39}},{"start":{"line":145,"column":43},"end":{"line":145,"column":72}}],"line":145},"11":{"loc":{"start":{"line":158,"column":6},"end":{"line":173,"column":7}},"type":"if","locations":[{"start":{"line":158,"column":6},"end":{"line":173,"column":7}},{"start":{},"end":{}}],"line":158},"12":{"loc":{"start":{"line":158,"column":10},"end":{"line":158,"column":60}},"type":"binary-expr","locations":[{"start":{"line":158,"column":10},"end":{"line":158,"column":35}},{"start":{"line":158,"column":39},"end":{"line":158,"column":60}}],"line":158},"13":{"loc":{"start":{"line":160,"column":8},"end":{"line":165,"column":9}},"type":"if","locations":[{"start":{"line":160,"column":8},"end":{"line":165,"column":9}},{"start":{},"end":{}}],"line":160},"14":{"loc":{"start":{"line":169,"column":23},"end":{"line":169,"column":75}},"type":"cond-expr","locations":[{"start":{"line":169,"column":38},"end":{"line":169,"column":55}},{"start":{"line":169,"column":58},"end":{"line":169,"column":75}}],"line":169},"15":{"loc":{"start":{"line":176,"column":4},"end":{"line":182,"column":5}},"type":"if","locations":[{"start":{"line":176,"column":4},"end":{"line":182,"column":5}},{"start":{},"end":{}}],"line":176},"16":{"loc":{"start":{"line":196,"column":6},"end":{"line":218,"column":7}},"type":"if","locations":[{"start":{"line":196,"column":6},"end":{"line":218,"column":7}},{"start":{"line":212,"column":13},"end":{"line":218,"column":7}}],"line":196},"17":{"loc":{"start":{"line":201,"column":10},"end":{"line":204,"column":11}},"type":"if","locations":[{"start":{"line":201,"column":10},"end":{"line":204,"column":11}},{"start":{},"end":{}}],"line":201},"18":{"loc":{"start":{"line":201,"column":14},"end":{"line":201,"column":104}},"type":"binary-expr","locations":[{"start":{"line":201,"column":14},"end":{"line":201,"column":65}},{"start":{"line":201,"column":69},"end":{"line":201,"column":104}}],"line":201}},"s":{"0":0,"1":0,"2":0,"3":0,"4":0,"5":0,"6":0,"7":0,"8":0,"9":0,"10":0,"11":0,"12":0,"13":0,"14":0,"15":0,"16":0,"17":0,"18":0,"19":0,"20":0,"21":0,"22":0,"23":0,"24":0,"25":0,"26":0,"27":0,"28":0,"29":0,"30":0,"31":0,"32":0,"33":0,"34":0,"35":0,"36":0,"37":0,"38":0,"39":0,"40":0,"41":0,"42":0,"43":0,"44":0,"45":0,"46":0,"47":0,"48":0,"49":0,"50":0,"51":0,"52":0,"53":0,"54":0,"55":0,"56":0,"57":0,"58":0,"59":0,"60":0,"61":0,"62":0,"63":0,"64":0,"65":0,"66":0,"67":0,"68":0,"69":0,"70":0,"71":0,"72":0,"73":0,"74":0,"75":0,"76":0,"77":0,"78":0,"79":0,"80":0,"81":0,"82":0,"83":0},"f":{"0":0,"1":0},"b":{"0":[0,0],"1":[0,0],"2":[0,0],"3":[0,0],"4":[0,0],"5":[0,0],"6":[0,0],"7":[0,0],"8":[0,0],"9":[0,0],"10":[0,0],"11":[0,0],"12":[0,0],"13":[0,0],"14":[0,0],"15":[0,0],"16":[0,0],"17":[0,0],"18":[0,0]}}
}
