TN:
SF:server.js
FN:56,(anonymous_0)
FN:132,(anonymous_1)
FN:134,(anonymous_2)
FN:143,(anonymous_3)
FN:147,(anonymous_4)
FN:165,(anonymous_5)
FN:170,(anonymous_6)
FN:182,(anonymous_7)
FN:203,(anonymous_8)
FN:212,(anonymous_9)
FNF:10
FNH:0
FNDA:0,(anonymous_0)
FNDA:0,(anonymous_1)
FNDA:0,(anonymous_2)
FNDA:0,(anonymous_3)
FNDA:0,(anonymous_4)
FNDA:0,(anonymous_5)
FNDA:0,(anonymous_6)
FNDA:0,(anonymous_7)
FNDA:0,(anonymous_8)
FNDA:0,(anonymous_9)
DA:1,0
DA:2,0
DA:3,0
DA:4,0
DA:6,0
DA:8,0
DA:9,0
DA:10,0
DA:13,0
DA:16,0
DA:17,0
DA:25,0
DA:26,0
DA:27,0
DA:30,0
DA:31,0
DA:32,0
DA:34,0
DA:39,0
DA:40,0
DA:41,0
DA:47,0
DA:49,0
DA:52,0
DA:53,0
DA:55,0
DA:57,0
DA:65,0
DA:68,0
DA:69,0
DA:72,0
DA:73,0
DA:82,0
DA:85,0
DA:88,0
DA:91,0
DA:99,0
DA:102,0
DA:103,0
DA:106,0
DA:107,0
DA:108,0
DA:111,0
DA:112,0
DA:115,0
DA:118,0
DA:121,0
DA:124,0
DA:125,0
DA:128,0
DA:129,0
DA:133,0
DA:135,0
DA:136,0
DA:138,0
DA:139,0
DA:143,0
DA:144,0
DA:147,0
DA:148,0
DA:152,0
DA:153,0
DA:154,0
DA:155,0
DA:156,0
DA:157,0
DA:158,0
DA:159,0
DA:160,0
DA:161,0
DA:162,0
DA:165,0
DA:166,0
DA:170,0
DA:171,0
DA:182,0
DA:183,0
DA:199,0
DA:202,0
DA:203,0
DA:204,0
DA:208,0
DA:211,0
DA:212,0
DA:213,0
DA:218,0
LF:86
LH:0
BRDA:16,0,0,0
BRDA:16,0,1,0
BRDA:25,1,0,0
BRDA:25,1,1,0
BRDA:25,2,0,0
BRDA:25,2,1,0
BRDA:30,3,0,0
BRDA:30,3,1,0
BRDA:30,4,0,0
BRDA:30,4,1,0
BRDA:31,5,0,0
BRDA:31,5,1,0
BRDA:57,6,0,0
BRDA:57,6,1,0
BRDA:65,7,0,0
BRDA:65,7,1,0
BRDA:68,8,0,0
BRDA:68,8,1,0
BRDA:102,9,0,0
BRDA:102,9,1,0
BRDA:128,10,0,0
BRDA:128,10,1,0
BRDA:129,11,0,0
BRDA:129,11,1,0
BRDA:138,12,0,0
BRDA:138,12,1,0
BRDA:175,13,0,0
BRDA:175,13,1,0
BRDA:176,14,0,0
BRDA:176,14,1,0
BRDA:176,14,2,0
BRDA:194,15,0,0
BRDA:194,15,1,0
BRDA:202,16,0,0
BRDA:202,16,1,0
BRDA:208,17,0,0
BRDA:208,17,1,0
BRDA:211,18,0,0
BRDA:211,18,1,0
BRF:39
BRH:0
end_of_record
TN:
SF:middleware/auth.js
FN:7,(anonymous_0)
FN:41,(anonymous_1)
FN:113,(anonymous_2)
FNF:3
FNH:0
FNDA:0,(anonymous_0)
FNDA:0,(anonymous_1)
FNDA:0,(anonymous_2)
DA:1,0
DA:2,0
DA:3,0
DA:4,0
DA:7,0
DA:8,0
DA:10,0
DA:11,0
DA:12,0
DA:15,0
DA:17,0
DA:18,0
DA:19,0
DA:22,0
DA:23,0
DA:25,0
DA:26,0
DA:27,0
DA:30,0
DA:31,0
DA:34,0
DA:35,0
DA:36,0
DA:41,0
DA:42,0
DA:44,0
DA:45,0
DA:46,0
DA:49,0
DA:51,0
DA:52,0
DA:61,0
DA:62,0
DA:64,0
DA:65,0
DA:74,0
DA:75,0
DA:77,0
DA:78,0
DA:87,0
DA:88,0
DA:97,0
DA:98,0
DA:99,0
DA:101,0
DA:113,0
DA:114,0
DA:116,0
DA:117,0
DA:118,0
DA:121,0
DA:123,0
DA:124,0
DA:133,0
DA:134,0
DA:136,0
DA:137,0
DA:147,0
DA:148,0
DA:157,0
DA:158,0
DA:160,0
DA:161,0
DA:170,0
DA:171,0
DA:180,0
DA:181,0
DA:182,0
DA:184,0
DA:195,0
LF:70
LH:0
BRDA:12,0,0,0
BRDA:12,0,1,0
BRDA:15,1,0,0
BRDA:15,1,1,0
BRDA:17,2,0,0
BRDA:17,2,1,0
BRDA:25,3,0,0
BRDA:25,3,1,0
BRDA:25,4,0,0
BRDA:25,4,1,0
BRDA:46,5,0,0
BRDA:46,5,1,0
BRDA:49,6,0,0
BRDA:49,6,1,0
BRDA:51,7,0,0
BRDA:51,7,1,0
BRDA:52,8,0,0
BRDA:52,8,1,0
BRDA:64,9,0,0
BRDA:64,9,1,0
BRDA:64,10,0,0
BRDA:64,10,1,0
BRDA:65,11,0,0
BRDA:65,11,1,0
BRDA:77,12,0,0
BRDA:77,12,1,0
BRDA:78,13,0,0
BRDA:78,13,1,0
BRDA:87,14,0,0
BRDA:87,14,1,0
BRDA:88,15,0,0
BRDA:88,15,1,0
BRDA:98,16,0,0
BRDA:98,16,1,0
BRDA:118,17,0,0
BRDA:118,17,1,0
BRDA:121,18,0,0
BRDA:121,18,1,0
BRDA:123,19,0,0
BRDA:123,19,1,0
BRDA:124,20,0,0
BRDA:124,20,1,0
BRDA:136,21,0,0
BRDA:136,21,1,0
BRDA:136,22,0,0
BRDA:136,22,1,0
BRDA:137,23,0,0
BRDA:137,23,1,0
BRDA:147,24,0,0
BRDA:147,24,1,0
BRDA:148,25,0,0
BRDA:148,25,1,0
BRDA:160,26,0,0
BRDA:160,26,1,0
BRDA:161,27,0,0
BRDA:161,27,1,0
BRDA:170,28,0,0
BRDA:170,28,1,0
BRDA:171,29,0,0
BRDA:171,29,1,0
BRDA:181,30,0,0
BRDA:181,30,1,0
BRF:62
BRH:0
end_of_record
TN:
SF:middleware/errorHandler.js
FN:6,(anonymous_0)
FN:19,(anonymous_1)
FN:24,(anonymous_2)
FN:32,(anonymous_3)
FN:33,(anonymous_4)
FN:38,(anonymous_5)
FN:41,(anonymous_6)
FN:45,(anonymous_7)
FN:79,(anonymous_8)
FN:129,(anonymous_9)
FN:151,(anonymous_10)
FN:152,(anonymous_11)
FN:158,(anonymous_12)
FN:167,(anonymous_13)
FN:176,(anonymous_14)
FN:184,(anonymous_15)
FNF:16
FNH:10
FNDA:7,(anonymous_0)
FNDA:0,(anonymous_1)
FNDA:0,(anonymous_2)
FNDA:1,(anonymous_3)
FNDA:2,(anonymous_4)
FNDA:1,(anonymous_5)
FNDA:1,(anonymous_6)
FNDA:1,(anonymous_7)
FNDA:6,(anonymous_8)
FNDA:7,(anonymous_9)
FNDA:2,(anonymous_10)
FNDA:2,(anonymous_11)
FNDA:0,(anonymous_12)
FNDA:0,(anonymous_13)
FNDA:0,(anonymous_14)
FNDA:0,(anonymous_15)
DA:1,1
DA:2,1
DA:7,7
DA:8,7
DA:9,7
DA:10,7
DA:11,7
DA:12,7
DA:14,7
DA:19,1
DA:20,0
DA:21,0
DA:24,1
DA:26,0
DA:27,0
DA:28,0
DA:29,0
DA:32,1
DA:33,2
DA:34,1
DA:35,1
DA:38,1
DA:39,1
DA:41,1
DA:42,1
DA:45,1
DA:47,1
DA:57,1
DA:60,1
DA:61,1
DA:62,1
DA:65,1
DA:79,1
DA:81,6
DA:91,6
DA:94,6
DA:96,4
DA:97,4
DA:98,4
DA:101,4
DA:111,2
DA:117,2
DA:119,2
DA:129,1
DA:130,7
DA:131,7
DA:133,7
DA:134,1
DA:136,6
DA:137,6
DA:140,6
DA:141,6
DA:142,6
DA:143,6
DA:144,6
DA:146,6
DA:151,1
DA:152,2
DA:153,2
DA:158,1
DA:159,0
DA:166,0
DA:167,0
DA:168,0
DA:171,0
DA:176,1
DA:177,0
DA:183,0
DA:184,0
DA:185,0
DA:188,0
DA:192,1
LF:72
LH:56
BRDA:6,0,0,0
BRDA:6,1,0,7
BRDA:11,2,0,6
BRDA:11,2,1,1
BRDA:27,3,0,0
BRDA:27,3,1,0
BRDA:57,4,0,1
BRDA:57,4,1,1
BRDA:57,4,2,1
BRDA:61,5,0,1
BRDA:61,5,1,0
BRDA:62,6,0,1
BRDA:62,6,1,0
BRDA:91,7,0,6
BRDA:91,7,1,6
BRDA:91,7,2,6
BRDA:94,8,0,4
BRDA:94,8,1,2
BRDA:97,9,0,4
BRDA:97,9,1,0
BRDA:98,10,0,4
BRDA:98,10,1,0
BRDA:130,11,0,7
BRDA:130,11,1,5
BRDA:131,12,0,7
BRDA:131,12,1,5
BRDA:133,13,0,1
BRDA:133,13,1,6
BRDA:140,14,0,0
BRDA:140,14,1,6
BRDA:141,15,0,0
BRDA:141,15,1,6
BRDA:142,16,0,1
BRDA:142,16,1,5
BRDA:143,17,0,1
BRDA:143,17,1,5
BRDA:144,18,0,1
BRDA:144,18,1,5
BRDA:166,19,0,0
BRDA:166,19,1,0
BRDA:183,20,0,0
BRDA:183,20,1,0
BRF:42
BRH:29
end_of_record
TN:
SF:middleware/security.js
FN:9,(anonymous_0)
FN:54,(anonymous_1)
FN:62,(anonymous_2)
FN:93,(anonymous_3)
FN:152,(anonymous_4)
FN:161,(anonymous_5)
FN:208,(anonymous_6)
FN:217,(anonymous_7)
FN:230,(anonymous_8)
FNF:9
FNH:0
FNDA:0,(anonymous_0)
FNDA:0,(anonymous_1)
FNDA:0,(anonymous_2)
FNDA:0,(anonymous_3)
FNDA:0,(anonymous_4)
FNDA:0,(anonymous_5)
FNDA:0,(anonymous_6)
FNDA:0,(anonymous_7)
FNDA:0,(anonymous_8)
DA:1,0
DA:2,0
DA:3,0
DA:4,0
DA:5,0
DA:6,0
DA:9,0
DA:11,0
DA:12,0
DA:16,0
DA:17,0
DA:21,0
DA:22,0
DA:25,0
DA:26,0
DA:29,0
DA:30,0
DA:31,0
DA:34,0
DA:35,0
DA:41,0
DA:50,0
DA:54,0
DA:55,0
DA:56,0
DA:58,0
DA:62,0
DA:63,0
DA:65,0
DA:66,0
DA:76,0
DA:78,0
DA:79,0
DA:88,0
DA:89,0
DA:93,0
DA:94,0
DA:111,0
DA:149,0
DA:152,0
DA:158,0
DA:162,0
DA:168,0
DA:208,0
DA:209,0
DA:211,0
DA:212,0
DA:217,0
DA:226,0
DA:230,0
DA:232,0
DA:233,0
DA:234,0
DA:235,0
DA:236,0
DA:239,0
DA:241,0
DA:244,0
LF:58
LH:0
BRDA:11,0,0,0
BRDA:11,0,1,0
BRDA:16,1,0,0
BRDA:16,1,1,0
BRDA:21,2,0,0
BRDA:21,2,1,0
BRDA:21,3,0,0
BRDA:21,3,1,0
BRDA:25,4,0,0
BRDA:25,4,1,0
BRDA:29,5,0,0
BRDA:29,5,1,0
BRDA:34,6,0,0
BRDA:34,6,1,0
BRDA:34,7,0,0
BRDA:34,7,1,0
BRDA:34,7,2,0
BRDA:36,8,0,0
BRDA:36,8,1,0
BRDA:37,9,0,0
BRDA:37,9,1,0
BRDA:55,10,0,0
BRDA:55,10,1,0
BRDA:65,11,0,0
BRDA:65,11,1,0
BRDA:76,12,0,0
BRDA:76,12,1,0
BRDA:78,13,0,0
BRDA:78,13,1,0
BRDA:211,14,0,0
BRDA:211,14,1,0
BRF:31
BRH:0
end_of_record
TN:
SF:middleware/sessionCSRF.js
FN:5,(anonymous_0)
FN:13,(anonymous_1)
FN:55,(anonymous_2)
FN:75,(anonymous_3)
FN:92,(anonymous_4)
FNF:5
FNH:0
FNDA:0,(anonymous_0)
FNDA:0,(anonymous_1)
FNDA:0,(anonymous_2)
FNDA:0,(anonymous_3)
FNDA:0,(anonymous_4)
DA:1,0
DA:2,0
DA:5,0
DA:6,0
DA:7,0
DA:9,0
DA:13,0
DA:15,0
DA:16,0
DA:20,0
DA:21,0
DA:24,0
DA:34,0
DA:35,0
DA:42,0
DA:51,0
DA:55,0
DA:75,0
DA:76,0
DA:77,0
DA:81,0
DA:82,0
DA:88,0
DA:92,0
DA:93,0
DA:95,0
DA:98,0
DA:101,0
LF:28
LH:0
BRDA:6,0,0,0
BRDA:6,0,1,0
BRDA:15,1,0,0
BRDA:15,1,1,0
BRDA:20,2,0,0
BRDA:20,2,1,0
BRDA:24,3,0,0
BRDA:24,3,1,0
BRDA:34,4,0,0
BRDA:34,4,1,0
BRDA:34,5,0,0
BRDA:34,5,1,0
BRDA:36,6,0,0
BRDA:36,6,1,0
BRDA:37,7,0,0
BRDA:37,7,1,0
BRDA:56,8,0,0
BRDA:56,8,1,0
BRDA:67,9,0,0
BRDA:67,9,1,0
BRDA:76,10,0,0
BRDA:76,10,1,0
BRDA:76,11,0,0
BRDA:76,11,1,0
BRDA:81,12,0,0
BRDA:81,12,1,0
BRDA:93,13,0,0
BRDA:93,13,1,0
BRDA:93,14,0,0
BRDA:93,14,1,0
BRF:30
BRH:0
end_of_record
TN:
SF:middleware/uploadSecurity.js
FN:28,(anonymous_0)
FN:43,(anonymous_1)
FN:51,(anonymous_2)
FN:86,(anonymous_3)
FN:96,(anonymous_4)
FN:107,(anonymous_5)
FN:128,(anonymous_6)
FN:150,(anonymous_7)
FN:197,(anonymous_8)
FN:252,(anonymous_9)
FN:264,(anonymous_10)
FN:268,(anonymous_11)
FNF:12
FNH:0
FNDA:0,(anonymous_0)
FNDA:0,(anonymous_1)
FNDA:0,(anonymous_2)
FNDA:0,(anonymous_3)
FNDA:0,(anonymous_4)
FNDA:0,(anonymous_5)
FNDA:0,(anonymous_6)
FNDA:0,(anonymous_7)
FNDA:0,(anonymous_8)
FNDA:0,(anonymous_9)
FNDA:0,(anonymous_10)
FNDA:0,(anonymous_11)
DA:1,0
DA:2,0
DA:3,0
DA:4,0
DA:7,0
DA:21,0
DA:28,0
DA:29,0
DA:30,0
DA:33,0
DA:34,0
DA:38,0
DA:39,0
DA:43,0
DA:44,0
DA:47,0
DA:51,0
DA:52,0
DA:69,0
DA:71,0
DA:72,0
DA:73,0
DA:74,0
DA:75,0
DA:78,0
DA:80,0
DA:83,0
DA:85,0
DA:86,0
DA:89,0
DA:92,0
DA:96,0
DA:97,0
DA:98,0
DA:99,0
DA:102,0
DA:103,0
DA:107,0
DA:108,0
DA:112,0
DA:113,0
DA:114,0
DA:115,0
DA:117,0
DA:120,0
DA:121,0
DA:124,0
DA:128,0
DA:130,0
DA:131,0
DA:132,0
DA:137,0
DA:138,0
DA:139,0
DA:140,0
DA:142,0
DA:145,0
DA:146,0
DA:149,0
DA:151,0
DA:153,0
DA:154,0
DA:158,0
DA:159,0
DA:160,0
DA:164,0
DA:165,0
DA:169,0
DA:170,0
DA:174,0
DA:175,0
DA:179,0
DA:180,0
DA:183,0
DA:185,0
DA:198,0
DA:200,0
DA:201,0
DA:202,0
DA:206,0
DA:210,0
DA:211,0
DA:215,0
DA:217,0
DA:218,0
DA:219,0
DA:222,0
DA:225,0
DA:226,0
DA:231,0
DA:232,0
DA:234,0
DA:235,0
DA:238,0
DA:241,0
DA:243,0
DA:245,0
DA:247,0
DA:253,0
DA:254,0
DA:255,0
DA:257,0
DA:264,0
DA:265,0
DA:267,0
DA:268,0
DA:269,0
DA:270,0
DA:272,0
DA:273,0
DA:274,0
DA:275,0
DA:276,0
DA:279,0
DA:281,0
DA:283,0
DA:286,0
DA:293,0
LF:118
LH:0
BRDA:33,0,0,0
BRDA:33,0,1,0
BRDA:33,1,0,0
BRDA:33,1,1,0
BRDA:33,1,2,0
BRDA:38,2,0,0
BRDA:38,2,1,0
BRDA:43,3,0,0
BRDA:43,3,1,0
BRDA:69,4,0,0
BRDA:69,4,1,0
BRDA:71,5,0,0
BRDA:71,5,1,0
BRDA:72,6,0,0
BRDA:72,6,1,0
BRDA:73,7,0,0
BRDA:73,7,1,0
BRDA:74,8,0,0
BRDA:74,8,1,0
BRDA:78,9,0,0
BRDA:78,9,1,0
BRDA:83,10,0,0
BRDA:83,10,1,0
BRDA:83,11,0,0
BRDA:83,11,1,0
BRDA:83,11,2,0
BRDA:112,12,0,0
BRDA:112,12,1,0
BRDA:114,13,0,0
BRDA:114,13,1,0
BRDA:120,14,0,0
BRDA:120,14,1,0
BRDA:131,15,0,0
BRDA:131,15,1,0
BRDA:137,16,0,0
BRDA:137,16,1,0
BRDA:139,17,0,0
BRDA:139,17,1,0
BRDA:145,18,0,0
BRDA:145,18,1,0
BRDA:153,19,0,0
BRDA:153,19,1,0
BRDA:159,20,0,0
BRDA:159,20,1,0
BRDA:164,21,0,0
BRDA:164,21,1,0
BRDA:169,22,0,0
BRDA:169,22,1,0
BRDA:174,23,0,0
BRDA:174,23,1,0
BRDA:179,24,0,0
BRDA:179,24,1,0
BRDA:191,25,0,0
BRDA:191,25,1,0
BRDA:201,26,0,0
BRDA:201,26,1,0
BRDA:210,27,0,0
BRDA:210,27,1,0
BRDA:222,28,0,0
BRDA:222,28,1,0
BRDA:232,29,0,0
BRDA:232,29,1,0
BRDA:243,30,0,0
BRDA:243,30,1,0
BRDA:265,31,0,0
BRDA:265,31,1,0
BRDA:267,32,0,0
BRDA:267,32,1,0
BRDA:269,33,0,0
BRDA:269,33,1,0
BRDA:273,34,0,0
BRDA:273,34,1,0
BRDA:275,35,0,0
BRDA:275,35,1,0
BRDA:281,36,0,0
BRDA:281,36,1,0
BRF:76
BRH:0
end_of_record
TN:
SF:models/Cart.js
FN:47,(anonymous_0)
FN:48,(anonymous_1)
FN:50,(anonymous_2)
FN:57,(anonymous_3)
FN:58,(anonymous_4)
FN:85,(anonymous_5)
FN:86,(anonymous_6)
FN:104,(anonymous_7)
FN:105,(anonymous_8)
FN:118,(anonymous_9)
FNF:10
FNH:0
FNDA:0,(anonymous_0)
FNDA:0,(anonymous_1)
FNDA:0,(anonymous_2)
FNDA:0,(anonymous_3)
FNDA:0,(anonymous_4)
FNDA:0,(anonymous_5)
FNDA:0,(anonymous_6)
FNDA:0,(anonymous_7)
FNDA:0,(anonymous_8)
FNDA:0,(anonymous_9)
DA:1,0
DA:3,0
DA:42,0
DA:43,0
DA:44,0
DA:47,0
DA:48,0
DA:49,0
DA:50,0
DA:57,0
DA:58,0
DA:59,0
DA:62,0
DA:64,0
DA:65,0
DA:68,0
DA:76,0
DA:78,0
DA:79,0
DA:80,0
DA:85,0
DA:86,0
DA:87,0
DA:90,0
DA:91,0
DA:92,0
DA:94,0
DA:95,0
DA:97,0
DA:98,0
DA:100,0
DA:104,0
DA:105,0
DA:106,0
DA:109,0
DA:110,0
DA:111,0
DA:112,0
DA:114,0
DA:118,0
DA:119,0
DA:120,0
DA:123,0
LF:43
LH:0
BRDA:62,0,0,0
BRDA:62,0,1,0
BRDA:79,1,0,0
BRDA:79,1,1,0
BRDA:79,2,0,0
BRDA:79,2,1,0
BRDA:90,3,0,0
BRDA:90,3,1,0
BRDA:91,4,0,0
BRDA:91,4,1,0
BRDA:109,5,0,0
BRDA:109,5,1,0
BRF:12
BRH:0
end_of_record
TN:
SF:models/Category.js
FN:60,(anonymous_0)
FNF:1
FNH:0
FNDA:0,(anonymous_0)
DA:1,0
DA:3,0
DA:47,0
DA:48,0
DA:49,0
DA:52,0
DA:60,0
DA:61,0
DA:62,0
DA:63,0
DA:66,0
DA:68,0
LF:12
LH:0
BRF:0
BRH:0
end_of_record
TN:
SF:models/GDPRConsent.js
FN:71,(anonymous_0)
FN:75,(anonymous_1)
FN:85,(anonymous_2)
FN:90,(anonymous_3)
FN:97,(anonymous_4)
FN:99,(anonymous_5)
FN:109,(anonymous_6)
FN:117,(anonymous_7)
FN:125,(anonymous_8)
FN:144,(anonymous_9)
FN:149,(anonymous_10)
FNF:11
FNH:0
FNDA:0,(anonymous_0)
FNDA:0,(anonymous_1)
FNDA:0,(anonymous_2)
FNDA:0,(anonymous_3)
FNDA:0,(anonymous_4)
FNDA:0,(anonymous_5)
FNDA:0,(anonymous_6)
FNDA:0,(anonymous_7)
FNDA:0,(anonymous_8)
FNDA:0,(anonymous_9)
FNDA:0,(anonymous_10)
DA:1,0
DA:3,0
DA:66,0
DA:67,0
DA:68,0
DA:71,0
DA:72,0
DA:75,0
DA:76,0
DA:77,0
DA:81,0
DA:85,0
DA:86,0
DA:90,0
DA:91,0
DA:92,0
DA:93,0
DA:97,0
DA:98,0
DA:99,0
DA:100,0
DA:101,0
DA:102,0
DA:105,0
DA:109,0
DA:110,0
DA:117,0
DA:118,0
DA:125,0
DA:127,0
DA:128,0
DA:132,0
DA:133,0
DA:140,0
DA:144,0
DA:145,0
DA:149,0
DA:150,0
DA:151,0
DA:152,0
DA:153,0
DA:154,0
DA:157,0
DA:159,0
LF:44
LH:0
BRDA:76,0,0,0
BRDA:76,0,1,0
BRDA:77,1,0,0
BRDA:77,1,1,0
BRDA:86,2,0,0
BRDA:86,2,1,0
BRDA:91,3,0,0
BRDA:91,3,1,0
BRDA:92,4,0,0
BRDA:92,4,1,0
BRDA:100,5,0,0
BRDA:100,5,1,0
BRDA:127,6,0,0
BRDA:127,6,1,0
BRDA:132,7,0,0
BRDA:132,7,1,0
BRF:16
BRH:0
end_of_record
TN:
SF:models/Order.js
FN:16,(anonymous_0)
FN:22,(anonymous_1)
FN:27,(anonymous_2)
FN:186,(anonymous_3)
FN:204,(anonymous_4)
FN:212,(anonymous_5)
FN:220,(anonymous_6)
FN:221,(anonymous_7)
FN:225,(anonymous_8)
FN:226,(anonymous_9)
FN:230,(anonymous_10)
FN:246,(anonymous_11)
FN:254,(anonymous_12)
FN:267,(anonymous_13)
FN:299,(anonymous_14)
FN:304,(anonymous_15)
FNF:16
FNH:13
FNDA:13,(anonymous_0)
FNDA:13,(anonymous_1)
FNDA:13,(anonymous_2)
FNDA:12,(anonymous_3)
FNDA:2,(anonymous_4)
FNDA:0,(anonymous_5)
FNDA:1,(anonymous_6)
FNDA:1,(anonymous_7)
FNDA:1,(anonymous_8)
FNDA:1,(anonymous_9)
FNDA:2,(anonymous_10)
FNDA:1,(anonymous_11)
FNDA:0,(anonymous_12)
FNDA:0,(anonymous_13)
FNDA:1,(anonymous_14)
FNDA:1,(anonymous_15)
DA:1,2
DA:3,2
DA:16,13
DA:22,13
DA:27,13
DA:176,2
DA:177,2
DA:178,2
DA:179,2
DA:180,2
DA:181,2
DA:182,2
DA:183,2
DA:186,2
DA:187,12
DA:188,10
DA:192,12
DA:193,10
DA:200,12
DA:204,2
DA:205,2
DA:206,1
DA:208,1
DA:212,2
DA:213,0
DA:214,0
DA:216,0
DA:220,2
DA:221,1
DA:225,2
DA:226,1
DA:230,2
DA:231,2
DA:232,2
DA:233,2
DA:234,2
DA:235,1
DA:236,1
DA:237,1
DA:239,1
DA:242,2
DA:246,2
DA:247,1
DA:254,2
DA:255,0
DA:263,0
DA:267,2
DA:268,0
DA:271,0
DA:272,0
DA:276,0
DA:286,0
DA:289,0
DA:290,0
DA:293,0
DA:294,0
DA:299,2
DA:300,1
DA:303,1
DA:304,1
DA:305,1
DA:306,1
DA:308,1
DA:313,1
DA:317,1
DA:323,2
LF:66
LH:52
BRDA:187,0,0,10
BRDA:187,0,1,2
BRDA:192,1,0,10
BRDA:192,1,1,2
BRDA:192,2,0,12
BRDA:192,2,1,10
BRDA:192,2,2,10
BRDA:194,3,0,10
BRDA:194,3,1,0
BRDA:205,4,0,1
BRDA:205,4,1,1
BRDA:205,5,0,2
BRDA:205,5,1,1
BRDA:213,6,0,0
BRDA:213,6,1,0
BRDA:213,7,0,0
BRDA:213,7,1,0
BRDA:230,8,0,1
BRDA:232,9,0,2
BRDA:232,9,1,0
BRDA:234,10,0,1
BRDA:234,10,1,1
BRDA:263,11,0,0
BRDA:263,11,1,0
BRDA:267,12,0,0
BRDA:271,13,0,0
BRDA:271,13,1,0
BRDA:289,14,0,0
BRDA:289,14,1,0
BRDA:290,15,0,0
BRDA:290,15,1,0
BRDA:293,16,0,0
BRDA:293,16,1,0
BRDA:293,17,0,0
BRDA:293,17,1,0
BRDA:303,18,0,1
BRDA:303,18,1,0
BRDA:306,19,0,1
BRDA:306,19,1,0
BRF:39
BRH:18
end_of_record
TN:
SF:models/Product.js
FN:142,(anonymous_0)
FN:149,(anonymous_1)
FN:167,(anonymous_2)
FN:175,(anonymous_3)
FN:183,(anonymous_4)
FN:188,(anonymous_5)
FN:193,(anonymous_6)
FN:210,(anonymous_7)
FNF:8
FNH:4
FNDA:1,(anonymous_0)
FNDA:0,(anonymous_1)
FNDA:0,(anonymous_2)
FNDA:0,(anonymous_3)
FNDA:1,(anonymous_4)
FNDA:0,(anonymous_5)
FNDA:1,(anonymous_6)
FNDA:31,(anonymous_7)
DA:1,3
DA:3,3
DA:131,3
DA:132,3
DA:133,3
DA:134,3
DA:135,3
DA:136,3
DA:137,3
DA:138,3
DA:139,3
DA:142,3
DA:143,1
DA:144,1
DA:145,1
DA:149,3
DA:150,0
DA:151,0
DA:158,0
DA:159,0
DA:167,3
DA:168,0
DA:169,0
DA:170,0
DA:171,0
DA:175,3
DA:176,0
DA:177,0
DA:178,0
DA:179,0
DA:183,3
DA:184,1
DA:188,3
DA:189,0
DA:193,3
DA:194,1
DA:210,3
DA:211,31
DA:212,31
DA:216,31
DA:217,0
DA:219,31
DA:221,31
DA:224,3
LF:44
LH:30
BRDA:149,0,0,0
BRDA:150,1,0,0
BRDA:150,1,1,0
BRDA:150,2,0,0
BRDA:150,2,1,0
BRDA:150,2,2,0
BRDA:160,3,0,0
BRDA:160,3,1,0
BRDA:161,4,0,0
BRDA:161,4,1,0
BRDA:162,5,0,0
BRDA:162,5,1,0
BRDA:183,6,0,1
BRDA:188,7,0,0
BRDA:211,8,0,31
BRDA:211,8,1,0
BRDA:211,9,0,31
BRDA:211,9,1,31
BRDA:216,10,0,0
BRDA:216,10,1,31
BRF:20
BRH:5
end_of_record
TN:
SF:models/Review.js
FN:72,(anonymous_0)
FN:83,(anonymous_1)
FN:94,(anonymous_2)
FN:101,(anonymous_3)
FN:118,(anonymous_4)
FN:149,(anonymous_5)
FN:156,(anonymous_6)
FN:180,(anonymous_7)
FN:192,(anonymous_8)
FN:202,(anonymous_9)
FNF:10
FNH:6
FNDA:1,(anonymous_0)
FNDA:1,(anonymous_1)
FNDA:1,(anonymous_2)
FNDA:1,(anonymous_3)
FNDA:1,(anonymous_4)
FNDA:1,(anonymous_5)
FNDA:0,(anonymous_6)
FNDA:0,(anonymous_7)
FNDA:0,(anonymous_8)
FNDA:0,(anonymous_9)
DA:1,1
DA:3,1
DA:66,1
DA:67,1
DA:68,1
DA:69,1
DA:72,1
DA:73,1
DA:74,1
DA:75,1
DA:76,1
DA:77,1
DA:79,1
DA:83,1
DA:84,1
DA:85,1
DA:86,1
DA:87,1
DA:88,1
DA:90,1
DA:94,1
DA:95,1
DA:101,1
DA:102,1
DA:107,1
DA:108,0
DA:111,1
DA:118,1
DA:119,1
DA:122,1
DA:131,1
DA:132,1
DA:136,0
DA:141,0
DA:142,0
DA:145,0
DA:149,1
DA:150,1
DA:151,1
DA:152,1
DA:156,1
DA:157,0
DA:171,0
DA:172,0
DA:179,0
DA:180,0
DA:181,0
DA:184,0
DA:192,1
DA:193,0
DA:194,0
DA:195,0
DA:196,0
DA:198,0
DA:202,1
DA:203,0
DA:204,0
DA:205,0
DA:206,0
DA:207,0
DA:209,0
DA:212,1
LF:62
LH:39
BRDA:72,0,0,0
BRDA:76,1,0,1
BRDA:76,1,1,0
BRDA:83,2,0,0
BRDA:87,3,0,1
BRDA:87,3,1,0
BRDA:94,4,0,0
BRDA:107,5,0,0
BRDA:107,5,1,1
BRDA:131,6,0,1
BRDA:131,6,1,0
BRDA:141,7,0,0
BRDA:141,7,1,0
BRDA:152,8,0,1
BRDA:152,8,1,0
BRDA:171,9,0,0
BRDA:171,9,1,0
BRDA:193,10,0,0
BRDA:193,10,1,0
BRDA:204,11,0,0
BRDA:204,11,1,0
BRF:21
BRH:5
end_of_record
TN:
SF:models/Settings.js
FN:146,(anonymous_0)
FN:167,(anonymous_1)
FN:172,(anonymous_2)
FN:194,(anonymous_3)
FN:260,(anonymous_4)
FN:277,(anonymous_5)
FN:283,(anonymous_6)
FN:307,(anonymous_7)
FN:317,(anonymous_8)
FN:321,(anonymous_9)
FN:329,(anonymous_10)
FN:347,(anonymous_11)
FNF:12
FNH:0
FNDA:0,(anonymous_0)
FNDA:0,(anonymous_1)
FNDA:0,(anonymous_2)
FNDA:0,(anonymous_3)
FNDA:0,(anonymous_4)
FNDA:0,(anonymous_5)
FNDA:0,(anonymous_6)
FNDA:0,(anonymous_7)
FNDA:0,(anonymous_8)
FNDA:0,(anonymous_9)
FNDA:0,(anonymous_10)
FNDA:0,(anonymous_11)
DA:1,0
DA:3,0
DA:140,0
DA:141,0
DA:142,0
DA:143,0
DA:146,0
DA:148,0
DA:149,0
DA:157,0
DA:158,0
DA:159,0
DA:163,0
DA:167,0
DA:168,0
DA:172,0
DA:173,0
DA:174,0
DA:177,0
DA:179,0
DA:181,0
DA:183,0
DA:186,0
DA:189,0
DA:194,0
DA:195,0
DA:196,0
DA:199,0
DA:200,0
DA:201,0
DA:205,0
DA:206,0
DA:210,0
DA:212,0
DA:213,0
DA:215,0
DA:216,0
DA:218,0
DA:220,0
DA:221,0
DA:222,0
DA:225,0
DA:228,0
DA:229,0
DA:230,0
DA:232,0
DA:233,0
DA:235,0
DA:236,0
DA:239,0
DA:243,0
DA:244,0
DA:246,0
DA:247,0
DA:249,0
DA:250,0
DA:253,0
DA:256,0
DA:260,0
DA:261,0
DA:262,0
DA:265,0
DA:273,0
DA:277,0
DA:278,0
DA:279,0
DA:283,0
DA:284,0
DA:285,0
DA:286,0
DA:290,0
DA:291,0
DA:292,0
DA:295,0
DA:296,0
DA:299,0
DA:300,0
DA:303,0
DA:307,0
DA:308,0
DA:309,0
DA:310,0
DA:313,0
DA:317,0
DA:318,0
DA:319,0
DA:321,0
DA:322,0
DA:325,0
DA:329,0
DA:330,0
DA:347,0
DA:348,0
DA:359,0
LF:94
LH:0
BRDA:148,0,0,0
BRDA:148,0,1,0
BRDA:148,1,0,0
BRDA:148,1,1,0
BRDA:158,2,0,0
BRDA:158,2,1,0
BRDA:173,3,0,0
BRDA:173,3,1,0
BRDA:173,4,0,0
BRDA:173,4,1,0
BRDA:177,5,0,0
BRDA:177,5,1,0
BRDA:177,5,2,0
BRDA:177,5,3,0
BRDA:177,5,4,0
BRDA:177,5,5,0
BRDA:177,5,6,0
BRDA:183,6,0,0
BRDA:183,6,1,0
BRDA:186,7,0,0
BRDA:186,7,1,0
BRDA:199,8,0,0
BRDA:199,8,1,0
BRDA:199,9,0,0
BRDA:199,9,1,0
BRDA:199,9,2,0
BRDA:199,9,3,0
BRDA:205,10,0,0
BRDA:205,10,1,0
BRDA:205,11,0,0
BRDA:205,11,1,0
BRDA:205,11,2,0
BRDA:205,11,3,0
BRDA:210,12,0,0
BRDA:210,12,1,0
BRDA:210,12,2,0
BRDA:212,13,0,0
BRDA:212,13,1,0
BRDA:212,14,0,0
BRDA:212,14,1,0
BRDA:215,15,0,0
BRDA:215,15,1,0
BRDA:215,16,0,0
BRDA:215,16,1,0
BRDA:218,17,0,0
BRDA:218,17,1,0
BRDA:221,18,0,0
BRDA:221,18,1,0
BRDA:229,19,0,0
BRDA:229,19,1,0
BRDA:232,20,0,0
BRDA:232,20,1,0
BRDA:232,21,0,0
BRDA:232,21,1,0
BRDA:235,22,0,0
BRDA:235,22,1,0
BRDA:235,23,0,0
BRDA:235,23,1,0
BRDA:243,24,0,0
BRDA:243,24,1,0
BRDA:246,25,0,0
BRDA:246,25,1,0
BRDA:246,26,0,0
BRDA:246,26,1,0
BRDA:249,27,0,0
BRDA:249,27,1,0
BRDA:249,28,0,0
BRDA:249,28,1,0
BRDA:260,29,0,0
BRDA:277,30,0,0
BRDA:279,31,0,0
BRDA:279,31,1,0
BRDA:285,32,0,0
BRDA:285,32,1,0
BRDA:291,33,0,0
BRDA:291,33,1,0
BRDA:299,34,0,0
BRDA:299,34,1,0
BRDA:299,35,0,0
BRDA:299,35,1,0
BRDA:307,36,0,0
BRDA:309,37,0,0
BRDA:309,37,1,0
BRF:83
BRH:0
end_of_record
TN:
SF:models/User.js
FN:148,(anonymous_0)
FN:155,(anonymous_1)
FN:160,(anonymous_2)
FN:161,(anonymous_3)
FN:162,(anonymous_4)
FN:166,(anonymous_5)
FN:167,(anonymous_6)
FN:168,(anonymous_7)
FN:173,(anonymous_8)
FN:176,(anonymous_9)
FN:188,(anonymous_10)
FN:194,(anonymous_11)
FN:206,(anonymous_12)
FN:212,(anonymous_13)
FN:217,(anonymous_14)
FN:229,(anonymous_15)
FN:235,(anonymous_16)
FN:241,(anonymous_17)
FNF:18
FNH:12
FNDA:50,(anonymous_0)
FNDA:2,(anonymous_1)
FNDA:2,(anonymous_2)
FNDA:2,(anonymous_3)
FNDA:0,(anonymous_4)
FNDA:2,(anonymous_5)
FNDA:3,(anonymous_6)
FNDA:1,(anonymous_7)
FNDA:9,(anonymous_8)
FNDA:2,(anonymous_9)
FNDA:1,(anonymous_10)
FNDA:0,(anonymous_11)
FNDA:1,(anonymous_12)
FNDA:0,(anonymous_13)
FNDA:0,(anonymous_14)
FNDA:0,(anonymous_15)
FNDA:0,(anonymous_16)
FNDA:1,(anonymous_17)
DA:1,3
DA:2,3
DA:4,3
DA:143,3
DA:144,3
DA:145,3
DA:148,3
DA:149,50
DA:150,39
DA:151,39
DA:155,3
DA:156,2
DA:160,3
DA:161,2
DA:162,0
DA:166,3
DA:167,3
DA:168,1
DA:173,3
DA:175,9
DA:176,7
DA:177,2
DA:178,1
DA:183,9
DA:184,9
DA:188,3
DA:189,1
DA:190,1
DA:193,1
DA:194,0
DA:195,0
DA:196,0
DA:201,1
DA:202,1
DA:206,3
DA:207,1
DA:208,1
DA:212,3
DA:213,0
DA:214,0
DA:217,0
DA:218,0
DA:219,0
DA:224,0
DA:225,0
DA:229,3
DA:230,0
DA:231,0
DA:235,3
DA:236,0
DA:237,0
DA:241,3
DA:242,1
DA:257,3
LF:54
LH:39
BRDA:149,0,0,11
BRDA:149,0,1,39
BRDA:161,1,0,2
BRDA:161,1,1,0
BRDA:161,2,0,2
BRDA:161,2,1,2
BRDA:167,3,0,2
BRDA:167,3,1,1
BRDA:167,3,2,1
BRDA:167,4,0,3
BRDA:167,4,1,1
BRDA:175,5,0,7
BRDA:175,5,1,2
BRDA:177,6,0,1
BRDA:177,6,1,1
BRDA:190,7,0,0
BRDA:190,7,1,1
BRDA:193,8,0,0
BRDA:193,8,1,1
BRDA:195,9,0,0
BRDA:195,9,1,0
BRDA:195,10,0,0
BRDA:195,10,1,0
BRDA:214,11,0,0
BRDA:214,11,1,0
BRDA:218,12,0,0
BRDA:218,12,1,0
BRDA:218,13,0,0
BRDA:218,13,1,0
BRDA:236,14,0,0
BRDA:236,14,1,0
BRF:31
BRH:16
end_of_record
TN:
SF:models/Wholesaler.js
FN:87,(anonymous_0)
FNF:1
FNH:0
FNDA:0,(anonymous_0)
DA:1,0
DA:3,0
DA:83,0
DA:84,0
DA:87,0
DA:88,0
DA:89,0
DA:90,0
DA:93,0
DA:95,0
LF:10
LH:0
BRF:0
BRH:0
end_of_record
TN:
SF:routes/admin.js
FN:35,(anonymous_0)
FN:45,(anonymous_1)
FN:54,(anonymous_2)
FN:71,(anonymous_3)
FN:75,(anonymous_4)
FN:94,(anonymous_5)
FN:145,(anonymous_6)
FN:218,(anonymous_7)
FN:251,(anonymous_8)
FN:268,(anonymous_9)
FN:298,(anonymous_10)
FN:319,(anonymous_11)
FN:322,(anonymous_12)
FN:355,(anonymous_13)
FN:355,(anonymous_14)
FN:394,(anonymous_15)
FN:446,(anonymous_16)
FN:471,(anonymous_17)
FN:495,(anonymous_18)
FN:504,(anonymous_19)
FN:504,(anonymous_20)
FN:518,(anonymous_21)
FN:540,(anonymous_22)
FN:575,(anonymous_23)
FN:603,(anonymous_24)
FN:643,(anonymous_25)
FN:645,(anonymous_26)
FN:689,(anonymous_27)
FN:711,(anonymous_28)
FN:712,(anonymous_29)
FN:746,(anonymous_30)
FN:760,(anonymous_31)
FN:784,(anonymous_32)
FN:794,(anonymous_33)
FN:815,(anonymous_34)
FN:825,(anonymous_35)
FN:852,(anonymous_36)
FN:897,(anonymous_37)
FN:918,(anonymous_38)
FN:943,(anonymous_39)
FN:1049,(anonymous_40)
FN:1094,(anonymous_41)
FN:1180,(anonymous_42)
FN:1197,(anonymous_43)
FN:1254,(anonymous_44)
FN:1304,(anonymous_45)
FN:1419,(anonymous_46)
FN:1437,(anonymous_47)
FN:1468,(anonymous_48)
FN:1514,(anonymous_49)
FN:1560,(anonymous_50)
FN:1617,(anonymous_51)
FN:1682,(anonymous_52)
FN:1716,(anonymous_53)
FN:1733,(anonymous_54)
FN:1866,(anonymous_55)
FN:1874,(anonymous_56)
FN:1892,(anonymous_57)
FN:1976,(anonymous_58)
FN:1985,(anonymous_59)
FN:2005,(anonymous_60)
FN:2051,(anonymous_61)
FN:2063,(anonymous_62)
FN:2099,(anonymous_63)
FN:2148,(anonymous_64)
FN:2189,(anonymous_65)
FN:2209,(anonymous_66)
FN:2210,(anonymous_67)
FN:2246,(anonymous_68)
FN:2340,(anonymous_69)
FN:2387,(anonymous_70)
FN:2426,(anonymous_71)
FN:2487,(anonymous_72)
FN:2574,(anonymous_73)
FN:2655,(anonymous_74)
FN:2689,(anonymous_75)
FNF:76
FNH:0
FNDA:0,(anonymous_0)
FNDA:0,(anonymous_1)
FNDA:0,(anonymous_2)
FNDA:0,(anonymous_3)
FNDA:0,(anonymous_4)
FNDA:0,(anonymous_5)
FNDA:0,(anonymous_6)
FNDA:0,(anonymous_7)
FNDA:0,(anonymous_8)
FNDA:0,(anonymous_9)
FNDA:0,(anonymous_10)
FNDA:0,(anonymous_11)
FNDA:0,(anonymous_12)
FNDA:0,(anonymous_13)
FNDA:0,(anonymous_14)
FNDA:0,(anonymous_15)
FNDA:0,(anonymous_16)
FNDA:0,(anonymous_17)
FNDA:0,(anonymous_18)
FNDA:0,(anonymous_19)
FNDA:0,(anonymous_20)
FNDA:0,(anonymous_21)
FNDA:0,(anonymous_22)
FNDA:0,(anonymous_23)
FNDA:0,(anonymous_24)
FNDA:0,(anonymous_25)
FNDA:0,(anonymous_26)
FNDA:0,(anonymous_27)
FNDA:0,(anonymous_28)
FNDA:0,(anonymous_29)
FNDA:0,(anonymous_30)
FNDA:0,(anonymous_31)
FNDA:0,(anonymous_32)
FNDA:0,(anonymous_33)
FNDA:0,(anonymous_34)
FNDA:0,(anonymous_35)
FNDA:0,(anonymous_36)
FNDA:0,(anonymous_37)
FNDA:0,(anonymous_38)
FNDA:0,(anonymous_39)
FNDA:0,(anonymous_40)
FNDA:0,(anonymous_41)
FNDA:0,(anonymous_42)
FNDA:0,(anonymous_43)
FNDA:0,(anonymous_44)
FNDA:0,(anonymous_45)
FNDA:0,(anonymous_46)
FNDA:0,(anonymous_47)
FNDA:0,(anonymous_48)
FNDA:0,(anonymous_49)
FNDA:0,(anonymous_50)
FNDA:0,(anonymous_51)
FNDA:0,(anonymous_52)
FNDA:0,(anonymous_53)
FNDA:0,(anonymous_54)
FNDA:0,(anonymous_55)
FNDA:0,(anonymous_56)
FNDA:0,(anonymous_57)
FNDA:0,(anonymous_58)
FNDA:0,(anonymous_59)
FNDA:0,(anonymous_60)
FNDA:0,(anonymous_61)
FNDA:0,(anonymous_62)
FNDA:0,(anonymous_63)
FNDA:0,(anonymous_64)
FNDA:0,(anonymous_65)
FNDA:0,(anonymous_66)
FNDA:0,(anonymous_67)
FNDA:0,(anonymous_68)
FNDA:0,(anonymous_69)
FNDA:0,(anonymous_70)
FNDA:0,(anonymous_71)
FNDA:0,(anonymous_72)
FNDA:0,(anonymous_73)
FNDA:0,(anonymous_74)
FNDA:0,(anonymous_75)
DA:1,0
DA:2,0
DA:3,0
DA:4,0
DA:5,0
DA:6,0
DA:7,0
DA:8,0
DA:9,0
DA:10,0
DA:11,0
DA:12,0
DA:13,0
DA:14,0
DA:16,0
DA:17,0
DA:18,0
DA:19,0
DA:22,0
DA:30,0
DA:31,0
DA:32,0
DA:35,0
DA:36,0
DA:37,0
DA:39,0
DA:45,0
DA:46,0
DA:48,0
DA:52,0
DA:54,0
DA:55,0
DA:56,0
DA:57,0
DA:58,0
DA:64,0
DA:65,0
DA:70,0
DA:71,0
DA:75,0
DA:77,0
DA:82,0
DA:83,0
DA:91,0
DA:95,0
DA:96,0
DA:97,0
DA:103,0
DA:104,0
DA:107,0
DA:111,0
DA:112,0
DA:120,0
DA:129,0
DA:134,0
DA:135,0
DA:145,0
DA:146,0
DA:155,0
DA:157,0
DA:160,0
DA:161,0
DA:162,0
DA:163,0
DA:167,0
DA:168,0
DA:172,0
DA:173,0
DA:182,0
DA:183,0
DA:185,0
DA:186,0
DA:188,0
DA:189,0
DA:191,0
DA:192,0
DA:194,0
DA:195,0
DA:198,0
DA:199,0
DA:202,0
DA:203,0
DA:204,0
DA:207,0
DA:212,0
DA:213,0
DA:216,0
DA:217,0
DA:218,0
DA:219,0
DA:220,0
DA:221,0
DA:228,0
DA:245,0
DA:246,0
DA:251,0
DA:252,0
DA:253,0
DA:257,0
DA:258,0
DA:266,0
DA:268,0
DA:269,0
DA:271,0
DA:273,0
DA:276,0
DA:278,0
DA:287,0
DA:289,0
DA:290,0
DA:293,0
DA:298,0
DA:299,0
DA:300,0
DA:301,0
DA:305,0
DA:306,0
DA:308,0
DA:311,0
DA:312,0
DA:313,0
DA:314,0
DA:317,0
DA:319,0
DA:320,0
DA:322,0
DA:328,0
DA:329,0
DA:331,0
DA:333,0
DA:334,0
DA:338,0
DA:342,0
DA:348,0
DA:349,0
DA:350,0
DA:351,0
DA:355,0
DA:358,0
DA:393,0
DA:394,0
DA:401,0
DA:402,0
DA:409,0
DA:412,0
DA:420,0
DA:422,0
DA:436,0
DA:437,0
DA:440,0
DA:441,0
DA:446,0
DA:447,0
DA:448,0
DA:450,0
DA:451,0
DA:452,0
DA:454,0
DA:455,0
DA:456,0
DA:457,0
DA:460,0
DA:463,0
DA:471,0
DA:495,0
DA:503,0
DA:504,0
DA:507,0
DA:508,0
DA:509,0
DA:512,0
DA:513,0
DA:518,0
DA:519,0
DA:520,0
DA:522,0
DA:524,0
DA:525,0
DA:528,0
DA:534,0
DA:535,0
DA:540,0
DA:541,0
DA:542,0
DA:543,0
DA:545,0
DA:551,0
DA:552,0
DA:555,0
DA:564,0
DA:566,0
DA:567,0
DA:570,0
DA:575,0
DA:576,0
DA:577,0
DA:579,0
DA:581,0
DA:582,0
DA:586,0
DA:588,0
DA:597,0
DA:598,0
DA:603,0
DA:604,0
DA:605,0
DA:607,0
DA:609,0
DA:610,0
DA:613,0
DA:614,0
DA:618,0
DA:620,0
DA:629,0
DA:630,0
DA:635,0
DA:643,0
DA:645,0
DA:646,0
DA:647,0
DA:650,0
DA:651,0
DA:654,0
DA:655,0
DA:658,0
DA:659,0
DA:662,0
DA:663,0
DA:667,0
DA:671,0
DA:672,0
DA:673,0
DA:677,0
DA:678,0
DA:679,0
DA:680,0
DA:681,0
DA:684,0
DA:685,0
DA:689,0
DA:697,0
DA:704,0
DA:705,0
DA:711,0
DA:712,0
DA:713,0
DA:714,0
DA:717,0
DA:718,0
DA:721,0
DA:722,0
DA:725,0
DA:726,0
DA:729,0
DA:732,0
DA:733,0
DA:736,0
DA:737,0
DA:738,0
DA:741,0
DA:742,0
DA:746,0
DA:757,0
DA:758,0
DA:760,0
DA:770,0
DA:777,0
DA:778,0
DA:784,0
DA:785,0
DA:786,0
DA:788,0
DA:789,0
DA:790,0
DA:794,0
DA:795,0
DA:796,0
DA:800,0
DA:801,0
DA:803,0
DA:809,0
DA:810,0
DA:815,0
DA:816,0
DA:818,0
DA:825,0
DA:832,0
DA:838,0
DA:839,0
DA:844,0
DA:853,0
DA:854,0
DA:855,0
DA:856,0
DA:859,0
DA:862,0
DA:863,0
DA:871,0
DA:878,0
DA:885,0
DA:886,0
DA:891,0
DA:898,0
DA:899,0
DA:900,0
DA:901,0
DA:904,0
DA:905,0
DA:907,0
DA:908,0
DA:909,0
DA:913,0
DA:914,0
DA:918,0
DA:919,0
DA:922,0
DA:924,0
DA:935,0
DA:936,0
DA:943,0
DA:944,0
DA:955,0
DA:957,0
DA:960,0
DA:961,0
DA:963,0
DA:964,0
DA:968,0
DA:969,0
DA:973,0
DA:974,0
DA:975,0
DA:976,0
DA:980,0
DA:981,0
DA:992,0
DA:993,0
DA:995,0
DA:996,0
DA:998,0
DA:999,0
DA:1001,0
DA:1002,0
DA:1004,0
DA:1005,0
DA:1008,0
DA:1009,0
DA:1012,0
DA:1013,0
DA:1014,0
DA:1016,0
DA:1023,0
DA:1024,0
DA:1026,0
DA:1043,0
DA:1044,0
DA:1049,0
DA:1050,0
DA:1051,0
DA:1055,0
DA:1056,0
DA:1060,0
DA:1063,0
DA:1070,0
DA:1071,0
DA:1073,0
DA:1074,0
DA:1077,0
DA:1083,0
DA:1084,0
DA:1089,0
DA:1095,0
DA:1096,0
DA:1097,0
DA:1098,0
DA:1101,0
DA:1102,0
DA:1104,0
DA:1105,0
DA:1108,0
DA:1114,0
DA:1115,0
DA:1119,0
DA:1120,0
DA:1121,0
DA:1123,0
DA:1125,0
DA:1127,0
DA:1128,0
DA:1129,0
DA:1130,0
DA:1133,0
DA:1134,0
DA:1135,0
DA:1138,0
DA:1139,0
DA:1146,0
DA:1147,0
DA:1148,0
DA:1152,0
DA:1156,0
DA:1169,0
DA:1170,0
DA:1175,0
DA:1181,0
DA:1182,0
DA:1183,0
DA:1184,0
DA:1187,0
DA:1188,0
DA:1190,0
DA:1191,0
DA:1192,0
DA:1196,0
DA:1197,0
DA:1198,0
DA:1200,0
DA:1201,0
DA:1206,0
DA:1208,0
DA:1222,0
DA:1223,0
DA:1225,0
DA:1228,0
DA:1229,0
DA:1232,0
DA:1234,0
DA:1248,0
DA:1249,0
DA:1254,0
DA:1255,0
DA:1256,0
DA:1258,0
DA:1259,0
DA:1260,0
DA:1264,0
DA:1265,0
DA:1266,0
DA:1269,0
DA:1270,0
DA:1272,0
DA:1273,0
DA:1274,0
DA:1275,0
DA:1278,0
DA:1279,0
DA:1282,0
DA:1284,0
DA:1296,0
DA:1297,0
DA:1304,0
DA:1305,0
DA:1306,0
DA:1309,0
DA:1310,0
DA:1312,0
DA:1313,0
DA:1315,0
DA:1316,0
DA:1318,0
DA:1319,0
DA:1321,0
DA:1322,0
DA:1324,0
DA:1327,0
DA:1330,0
DA:1343,0
DA:1351,0
DA:1362,0
DA:1369,0
DA:1383,0
DA:1390,0
DA:1411,0
DA:1412,0
DA:1419,0
DA:1420,0
DA:1421,0
DA:1423,0
DA:1424,0
DA:1425,0
DA:1429,0
DA:1435,0
DA:1436,0
DA:1437,0
DA:1438,0
DA:1440,0
DA:1441,0
DA:1450,0
DA:1456,0
DA:1457,0
DA:1462,0
DA:1469,0
DA:1470,0
DA:1471,0
DA:1472,0
DA:1475,0
DA:1476,0
DA:1479,0
DA:1480,0
DA:1481,0
DA:1483,0
DA:1489,0
DA:1490,0
DA:1493,0
DA:1500,0
DA:1502,0
DA:1503,0
DA:1506,0
DA:1511,0
DA:1515,0
DA:1516,0
DA:1517,0
DA:1518,0
DA:1521,0
DA:1522,0
DA:1524,0
DA:1529,0
DA:1535,0
DA:1536,0
DA:1539,0
DA:1554,0
DA:1555,0
DA:1560,0
DA:1561,0
DA:1562,0
DA:1564,0
DA:1565,0
DA:1566,0
DA:1570,0
DA:1592,0
DA:1600,0
DA:1609,0
DA:1610,0
DA:1617,0
DA:1618,0
DA:1624,0
DA:1627,0
DA:1628,0
DA:1630,0
DA:1631,0
DA:1633,0
DA:1634,0
DA:1636,0
DA:1637,0
DA:1639,0
DA:1640,0
DA:1642,0
DA:1645,0
DA:1651,0
DA:1652,0
DA:1656,0
DA:1678,0
DA:1679,0
DA:1680,0
DA:1682,0
DA:1683,0
DA:1684,0
DA:1685,0
DA:1691,0
DA:1692,0
DA:1693,0
DA:1700,0
DA:1701,0
DA:1704,0
DA:1716,0
DA:1727,0
DA:1728,0
DA:1733,0
DA:1734,0
DA:1739,0
DA:1742,0
DA:1743,0
DA:1745,0
DA:1746,0
DA:1748,0
DA:1749,0
DA:1751,0
DA:1752,0
DA:1754,0
DA:1758,0
DA:1790,0
DA:1827,0
DA:1849,0
DA:1856,0
DA:1861,0
DA:1866,0
DA:1874,0
DA:1886,0
DA:1887,0
DA:1892,0
DA:1893,0
DA:1897,0
DA:1900,0
DA:1901,0
DA:1903,0
DA:1904,0
DA:1906,0
DA:1907,0
DA:1909,0
DA:1910,0
DA:1912,0
DA:1916,0
DA:1918,0
DA:1919,0
DA:1921,0
DA:1922,0
DA:1924,0
DA:1928,0
DA:1951,0
DA:1952,0
DA:1955,0
DA:1961,0
DA:1963,0
DA:1975,0
DA:1976,0
DA:1983,0
DA:1984,0
DA:1985,0
DA:1993,0
DA:1999,0
DA:2000,0
DA:2005,0
DA:2006,0
DA:2010,0
DA:2013,0
DA:2014,0
DA:2016,0
DA:2017,0
DA:2019,0
DA:2020,0
DA:2022,0
DA:2023,0
DA:2025,0
DA:2026,0
DA:2028,0
DA:2032,0
DA:2051,0
DA:2054,0
DA:2055,0
DA:2058,0
DA:2059,0
DA:2060,0
DA:2062,0
DA:2063,0
DA:2064,0
DA:2065,0
DA:2073,0
DA:2093,0
DA:2094,0
DA:2099,0
DA:2100,0
DA:2105,0
DA:2108,0
DA:2109,0
DA:2111,0
DA:2112,0
DA:2114,0
DA:2115,0
DA:2117,0
DA:2118,0
DA:2120,0
DA:2123,0
DA:2124,0
DA:2126,0
DA:2128,0
DA:2148,0
DA:2155,0
DA:2157,0
DA:2159,0
DA:2189,0
DA:2197,0
DA:2200,0
DA:2202,0
DA:2203,0
DA:2206,0
DA:2207,0
DA:2210,0
DA:2214,0
DA:2216,0
DA:2217,0
DA:2218,0
DA:2220,0
DA:2222,0
DA:2230,0
DA:2231,0
DA:2232,0
DA:2234,0
DA:2238,0
DA:2239,0
DA:2246,0
DA:2247,0
DA:2255,0
DA:2257,0
DA:2260,0
DA:2261,0
DA:2262,0
DA:2263,0
DA:2267,0
DA:2268,0
DA:2269,0
DA:2270,0
DA:2274,0
DA:2275,0
DA:2283,0
DA:2284,0
DA:2286,0
DA:2287,0
DA:2289,0
DA:2290,0
DA:2292,0
DA:2293,0
DA:2295,0
DA:2296,0
DA:2299,0
DA:2300,0
DA:2303,0
DA:2304,0
DA:2305,0
DA:2307,0
DA:2313,0
DA:2314,0
DA:2316,0
DA:2331,0
DA:2332,0
DA:2337,0
DA:2341,0
DA:2342,0
DA:2343,0
DA:2344,0
DA:2347,0
DA:2348,0
DA:2350,0
DA:2351,0
DA:2354,0
DA:2360,0
DA:2361,0
DA:2364,0
DA:2379,0
DA:2380,0
DA:2387,0
DA:2388,0
DA:2397,0
DA:2400,0
DA:2401,0
DA:2402,0
DA:2403,0
DA:2404,0
DA:2407,0
DA:2408,0
DA:2409,0
DA:2412,0
DA:2422,0
DA:2424,0
DA:2426,0
DA:2470,0
DA:2471,0
DA:2482,0
DA:2488,0
DA:2490,0
DA:2491,0
DA:2492,0
DA:2502,0
DA:2503,0
DA:2504,0
DA:2507,0
DA:2508,0
DA:2509,0
DA:2519,0
DA:2520,0
DA:2530,0
DA:2533,0
DA:2534,0
DA:2535,0
DA:2537,0
DA:2556,0
DA:2557,0
DA:2568,0
DA:2575,0
DA:2577,0
DA:2578,0
DA:2579,0
DA:2589,0
DA:2590,0
DA:2591,0
DA:2594,0
DA:2595,0
DA:2596,0
DA:2606,0
DA:2607,0
DA:2617,0
DA:2620,0
DA:2621,0
DA:2622,0
DA:2624,0
DA:2643,0
DA:2644,0
DA:2655,0
DA:2656,0
DA:2657,0
DA:2660,0
DA:2661,0
DA:2662,0
DA:2671,0
DA:2677,0
DA:2678,0
DA:2689,0
DA:2690,0
DA:2691,0
DA:2694,0
DA:2695,0
DA:2696,0
DA:2697,0
DA:2698,0
DA:2702,0
DA:2710,0
DA:2715,0
DA:2718,0
DA:2730,0
DA:2731,0
DA:2741,0
LF:820
LH:0
BRDA:36,0,0,0
BRDA:36,0,1,0
BRDA:55,1,0,0
BRDA:55,1,1,0
BRDA:55,2,0,0
BRDA:55,2,1,0
BRDA:56,3,0,0
BRDA:56,3,1,0
BRDA:57,4,0,0
BRDA:57,4,1,0
BRDA:60,5,0,0
BRDA:60,5,1,0
BRDA:64,6,0,0
BRDA:64,6,1,0
BRDA:96,7,0,0
BRDA:96,7,1,0
BRDA:111,8,0,0
BRDA:111,8,1,0
BRDA:123,9,0,0
BRDA:123,9,1,0
BRDA:124,10,0,0
BRDA:124,10,1,0
BRDA:125,11,0,0
BRDA:125,11,1,0
BRDA:148,12,0,0
BRDA:149,13,0,0
BRDA:152,14,0,0
BRDA:153,15,0,0
BRDA:160,16,0,0
BRDA:160,16,1,0
BRDA:162,17,0,0
BRDA:162,17,1,0
BRDA:167,18,0,0
BRDA:167,18,1,0
BRDA:167,19,0,0
BRDA:167,19,1,0
BRDA:172,20,0,0
BRDA:172,20,1,0
BRDA:183,21,0,0
BRDA:183,21,1,0
BRDA:183,21,2,0
BRDA:183,21,3,0
BRDA:183,21,4,0
BRDA:183,21,5,0
BRDA:217,22,0,0
BRDA:217,22,1,0
BRDA:217,23,0,0
BRDA:217,23,1,0
BRDA:257,24,0,0
BRDA:257,24,1,0
BRDA:257,25,0,0
BRDA:257,25,1,0
BRDA:266,26,0,0
BRDA:266,26,1,0
BRDA:269,27,0,0
BRDA:269,27,1,0
BRDA:269,27,2,0
BRDA:269,27,3,0
BRDA:271,28,0,0
BRDA:271,28,1,0
BRDA:289,29,0,0
BRDA:289,29,1,0
BRDA:300,30,0,0
BRDA:300,30,1,0
BRDA:333,31,0,0
BRDA:333,31,1,0
BRDA:333,32,0,0
BRDA:333,32,1,0
BRDA:333,32,2,0
BRDA:333,32,3,0
BRDA:333,32,4,0
BRDA:342,33,0,0
BRDA:342,33,1,0
BRDA:350,34,0,0
BRDA:350,34,1,0
BRDA:355,35,0,0
BRDA:355,35,1,0
BRDA:361,36,0,0
BRDA:361,36,1,0
BRDA:362,37,0,0
BRDA:362,37,1,0
BRDA:362,37,2,0
BRDA:364,38,0,0
BRDA:364,38,1,0
BRDA:379,39,0,0
BRDA:379,39,1,0
BRDA:380,40,0,0
BRDA:380,40,1,0
BRDA:381,41,0,0
BRDA:381,41,1,0
BRDA:388,42,0,0
BRDA:388,42,1,0
BRDA:389,43,0,0
BRDA:389,43,1,0
BRDA:393,44,0,0
BRDA:393,44,1,0
BRDA:436,45,0,0
BRDA:436,45,1,0
BRDA:436,46,0,0
BRDA:436,46,1,0
BRDA:448,47,0,0
BRDA:451,48,0,0
BRDA:451,48,1,0
BRDA:451,49,0,0
BRDA:451,49,1,0
BRDA:454,50,0,0
BRDA:454,50,1,0
BRDA:456,51,0,0
BRDA:456,51,1,0
BRDA:477,52,0,0
BRDA:477,52,1,0
BRDA:484,53,0,0
BRDA:484,53,1,0
BRDA:485,54,0,0
BRDA:485,54,1,0
BRDA:486,55,0,0
BRDA:486,55,1,0
BRDA:492,56,0,0
BRDA:492,56,1,0
BRDA:493,57,0,0
BRDA:493,57,1,0
BRDA:524,58,0,0
BRDA:524,58,1,0
BRDA:551,59,0,0
BRDA:551,59,1,0
BRDA:566,60,0,0
BRDA:566,60,1,0
BRDA:581,61,0,0
BRDA:581,61,1,0
BRDA:609,62,0,0
BRDA:609,62,1,0
BRDA:613,63,0,0
BRDA:613,63,1,0
BRDA:646,64,0,0
BRDA:646,64,1,0
BRDA:650,65,0,0
BRDA:650,65,1,0
BRDA:654,66,0,0
BRDA:654,66,1,0
BRDA:658,67,0,0
BRDA:658,67,1,0
BRDA:662,68,0,0
BRDA:662,68,1,0
BRDA:667,69,0,0
BRDA:667,69,1,0
BRDA:672,70,0,0
BRDA:672,70,1,0
BRDA:672,71,0,0
BRDA:672,71,1,0
BRDA:713,72,0,0
BRDA:713,72,1,0
BRDA:717,73,0,0
BRDA:717,73,1,0
BRDA:721,74,0,0
BRDA:721,74,1,0
BRDA:725,75,0,0
BRDA:725,75,1,0
BRDA:729,76,0,0
BRDA:729,76,1,0
BRDA:737,77,0,0
BRDA:737,77,1,0
BRDA:741,78,0,0
BRDA:741,78,1,0
BRDA:741,79,0,0
BRDA:741,79,1,0
BRDA:749,80,0,0
BRDA:749,80,1,0
BRDA:789,81,0,0
BRDA:789,81,1,0
BRDA:795,82,0,0
BRDA:795,82,1,0
BRDA:855,83,0,0
BRDA:855,83,1,0
BRDA:862,84,0,0
BRDA:862,84,1,0
BRDA:900,85,0,0
BRDA:900,85,1,0
BRDA:908,86,0,0
BRDA:908,86,1,0
BRDA:913,87,0,0
BRDA:913,87,1,0
BRDA:946,88,0,0
BRDA:947,89,0,0
BRDA:948,90,0,0
BRDA:949,91,0,0
BRDA:953,92,0,0
BRDA:960,93,0,0
BRDA:960,93,1,0
BRDA:963,94,0,0
BRDA:963,94,1,0
BRDA:968,95,0,0
BRDA:968,95,1,0
BRDA:973,96,0,0
BRDA:973,96,1,0
BRDA:973,97,0,0
BRDA:973,97,1,0
BRDA:975,98,0,0
BRDA:975,98,1,0
BRDA:976,99,0,0
BRDA:976,99,1,0
BRDA:980,100,0,0
BRDA:980,100,1,0
BRDA:993,101,0,0
BRDA:993,101,1,0
BRDA:993,101,2,0
BRDA:993,101,3,0
BRDA:993,101,4,0
BRDA:993,101,5,0
BRDA:1055,102,0,0
BRDA:1055,102,1,0
BRDA:1065,103,0,0
BRDA:1065,103,1,0
BRDA:1066,104,0,0
BRDA:1066,104,1,0
BRDA:1066,105,0,0
BRDA:1066,105,1,0
BRDA:1070,106,0,0
BRDA:1070,106,1,0
BRDA:1073,107,0,0
BRDA:1073,107,1,0
BRDA:1097,108,0,0
BRDA:1097,108,1,0
BRDA:1104,109,0,0
BRDA:1104,109,1,0
BRDA:1114,110,0,0
BRDA:1114,110,1,0
BRDA:1119,111,0,0
BRDA:1119,111,1,0
BRDA:1125,112,0,0
BRDA:1125,112,1,0
BRDA:1130,113,0,0
BRDA:1130,113,1,0
BRDA:1138,114,0,0
BRDA:1138,114,1,0
BRDA:1138,115,0,0
BRDA:1138,115,1,0
BRDA:1147,116,0,0
BRDA:1147,116,1,0
BRDA:1183,117,0,0
BRDA:1183,117,1,0
BRDA:1188,118,0,0
BRDA:1191,119,0,0
BRDA:1191,119,1,0
BRDA:1196,120,0,0
BRDA:1196,120,1,0
BRDA:1200,121,0,0
BRDA:1200,121,1,0
BRDA:1216,122,0,0
BRDA:1216,122,1,0
BRDA:1217,123,0,0
BRDA:1217,123,1,0
BRDA:1222,124,0,0
BRDA:1222,124,1,0
BRDA:1228,125,0,0
BRDA:1228,125,1,0
BRDA:1259,126,0,0
BRDA:1259,126,1,0
BRDA:1269,127,0,0
BRDA:1269,127,1,0
BRDA:1278,128,0,0
BRDA:1278,128,1,0
BRDA:1306,129,0,0
BRDA:1310,130,0,0
BRDA:1310,130,1,0
BRDA:1310,130,2,0
BRDA:1310,130,3,0
BRDA:1310,130,4,0
BRDA:1343,131,0,0
BRDA:1343,131,1,0
BRDA:1362,132,0,0
BRDA:1362,132,1,0
BRDA:1383,133,0,0
BRDA:1383,133,1,0
BRDA:1424,134,0,0
BRDA:1424,134,1,0
BRDA:1438,135,0,0
BRDA:1438,135,1,0
BRDA:1446,136,0,0
BRDA:1446,136,1,0
BRDA:1447,137,0,0
BRDA:1447,137,1,0
BRDA:1471,138,0,0
BRDA:1471,138,1,0
BRDA:1489,139,0,0
BRDA:1489,139,1,0
BRDA:1502,140,0,0
BRDA:1502,140,1,0
BRDA:1502,141,0,0
BRDA:1502,141,1,0
BRDA:1517,142,0,0
BRDA:1517,142,1,0
BRDA:1522,143,0,0
BRDA:1535,144,0,0
BRDA:1535,144,1,0
BRDA:1565,145,0,0
BRDA:1565,145,1,0
BRDA:1593,146,0,0
BRDA:1593,146,1,0
BRDA:1620,147,0,0
BRDA:1621,148,0,0
BRDA:1622,149,0,0
BRDA:1628,150,0,0
BRDA:1628,150,1,0
BRDA:1628,150,2,0
BRDA:1628,150,3,0
BRDA:1628,150,4,0
BRDA:1651,151,0,0
BRDA:1651,151,1,0
BRDA:1663,152,0,0
BRDA:1663,152,1,0
BRDA:1683,153,0,0
BRDA:1683,153,1,0
BRDA:1684,154,0,0
BRDA:1684,154,1,0
BRDA:1713,155,0,0
BRDA:1713,155,1,0
BRDA:1718,156,0,0
BRDA:1718,156,1,0
BRDA:1736,157,0,0
BRDA:1737,158,0,0
BRDA:1738,159,0,0
BRDA:1743,160,0,0
BRDA:1743,160,1,0
BRDA:1743,160,2,0
BRDA:1743,160,3,0
BRDA:1785,161,0,0
BRDA:1785,161,1,0
BRDA:1849,162,0,0
BRDA:1849,162,1,0
BRDA:1895,163,0,0
BRDA:1896,164,0,0
BRDA:1901,165,0,0
BRDA:1901,165,1,0
BRDA:1901,165,2,0
BRDA:1901,165,3,0
BRDA:1916,166,0,0
BRDA:1916,166,1,0
BRDA:1916,166,2,0
BRDA:1961,167,0,0
BRDA:1961,167,1,0
BRDA:1970,168,0,0
BRDA:1970,168,1,0
BRDA:1975,169,0,0
BRDA:1975,169,1,0
BRDA:1977,170,0,0
BRDA:1977,170,1,0
BRDA:1984,171,0,0
BRDA:1984,171,1,0
BRDA:1986,172,0,0
BRDA:1986,172,1,0
BRDA:2008,173,0,0
BRDA:2009,174,0,0
BRDA:2014,175,0,0
BRDA:2014,175,1,0
BRDA:2014,175,2,0
BRDA:2014,175,3,0
BRDA:2014,175,4,0
BRDA:2064,176,0,0
BRDA:2064,176,1,0
BRDA:2086,177,0,0
BRDA:2086,177,1,0
BRDA:2102,178,0,0
BRDA:2103,179,0,0
BRDA:2104,180,0,0
BRDA:2109,181,0,0
BRDA:2109,181,1,0
BRDA:2109,181,2,0
BRDA:2109,181,3,0
BRDA:2126,182,0,0
BRDA:2126,182,1,0
BRDA:2157,183,0,0
BRDA:2157,183,1,0
BRDA:2200,184,0,0
BRDA:2200,184,1,0
BRDA:2202,185,0,0
BRDA:2202,185,1,0
BRDA:2220,186,0,0
BRDA:2220,186,1,0
BRDA:2249,187,0,0
BRDA:2250,188,0,0
BRDA:2252,189,0,0
BRDA:2253,190,0,0
BRDA:2254,191,0,0
BRDA:2260,192,0,0
BRDA:2260,192,1,0
BRDA:2262,193,0,0
BRDA:2262,193,1,0
BRDA:2267,194,0,0
BRDA:2267,194,1,0
BRDA:2269,195,0,0
BRDA:2269,195,1,0
BRDA:2274,196,0,0
BRDA:2274,196,1,0
BRDA:2284,197,0,0
BRDA:2284,197,1,0
BRDA:2284,197,2,0
BRDA:2284,197,3,0
BRDA:2284,197,4,0
BRDA:2284,197,5,0
BRDA:2343,198,0,0
BRDA:2343,198,1,0
BRDA:2350,199,0,0
BRDA:2350,199,1,0
BRDA:2360,200,0,0
BRDA:2360,200,1,0
BRDA:2394,201,0,0
BRDA:2395,202,0,0
BRDA:2396,203,0,0
BRDA:2401,204,0,0
BRDA:2401,204,1,0
BRDA:2402,205,0,0
BRDA:2402,205,1,0
BRDA:2403,206,0,0
BRDA:2403,206,1,0
BRDA:2404,207,0,0
BRDA:2404,207,1,0
BRDA:2448,208,0,0
BRDA:2448,208,1,0
BRDA:2454,209,0,0
BRDA:2454,209,1,0
BRDA:2491,210,0,0
BRDA:2491,210,1,0
BRDA:2508,211,0,0
BRDA:2508,211,1,0
BRDA:2519,212,0,0
BRDA:2519,212,1,0
BRDA:2578,213,0,0
BRDA:2578,213,1,0
BRDA:2595,214,0,0
BRDA:2595,214,1,0
BRDA:2606,215,0,0
BRDA:2606,215,1,0
BRDA:2661,216,0,0
BRDA:2661,216,1,0
BRDA:2695,217,0,0
BRDA:2695,217,1,0
BRDA:2695,218,0,0
BRDA:2695,218,1,0
BRDA:2697,219,0,0
BRDA:2697,219,1,0
BRDA:2698,220,0,0
BRDA:2698,220,1,0
BRDA:2715,221,0,0
BRDA:2715,221,1,0
BRF:444
BRH:0
end_of_record
TN:
SF:routes/auth.js
FN:16,(anonymous_0)
FN:74,(anonymous_1)
FN:153,(anonymous_2)
FN:217,(anonymous_3)
FN:277,(anonymous_4)
FN:293,(anonymous_5)
FN:341,(anonymous_6)
FN:368,(anonymous_7)
FN:395,(anonymous_8)
FN:399,(anonymous_9)
FN:403,(anonymous_10)
FN:406,(anonymous_11)
FN:409,(anonymous_12)
FN:412,(anonymous_13)
FN:418,(anonymous_14)
FN:563,(anonymous_15)
FN:596,(anonymous_16)
FN:613,(anonymous_17)
FN:659,(anonymous_18)
FN:687,(anonymous_19)
FN:725,(anonymous_20)
FN:737,(anonymous_21)
FN:762,(anonymous_22)
FN:792,(anonymous_23)
FN:836,(anonymous_24)
FN:858,(anonymous_25)
FN:883,(anonymous_26)
FN:934,(anonymous_27)
FN:965,(anonymous_28)
FN:1018,(anonymous_29)
FN:1030,(anonymous_30)
FN:1034,(anonymous_31)
FN:1055,(anonymous_32)
FN:1083,(anonymous_33)
FN:1093,(anonymous_34)
FN:1127,processDataExport
FN:1149,(anonymous_36)
FN:1159,(anonymous_37)
FN:1165,(anonymous_38)
FN:1198,(anonymous_39)
FN:1241,(anonymous_40)
FN:1250,(anonymous_41)
FNF:42
FNH:0
FNDA:0,(anonymous_0)
FNDA:0,(anonymous_1)
FNDA:0,(anonymous_2)
FNDA:0,(anonymous_3)
FNDA:0,(anonymous_4)
FNDA:0,(anonymous_5)
FNDA:0,(anonymous_6)
FNDA:0,(anonymous_7)
FNDA:0,(anonymous_8)
FNDA:0,(anonymous_9)
FNDA:0,(anonymous_10)
FNDA:0,(anonymous_11)
FNDA:0,(anonymous_12)
FNDA:0,(anonymous_13)
FNDA:0,(anonymous_14)
FNDA:0,(anonymous_15)
FNDA:0,(anonymous_16)
FNDA:0,(anonymous_17)
FNDA:0,(anonymous_18)
FNDA:0,(anonymous_19)
FNDA:0,(anonymous_20)
FNDA:0,(anonymous_21)
FNDA:0,(anonymous_22)
FNDA:0,(anonymous_23)
FNDA:0,(anonymous_24)
FNDA:0,(anonymous_25)
FNDA:0,(anonymous_26)
FNDA:0,(anonymous_27)
FNDA:0,(anonymous_28)
FNDA:0,(anonymous_29)
FNDA:0,(anonymous_30)
FNDA:0,(anonymous_31)
FNDA:0,(anonymous_32)
FNDA:0,(anonymous_33)
FNDA:0,(anonymous_34)
FNDA:0,processDataExport
FNDA:0,(anonymous_36)
FNDA:0,(anonymous_37)
FNDA:0,(anonymous_38)
FNDA:0,(anonymous_39)
FNDA:0,(anonymous_40)
FNDA:0,(anonymous_41)
DA:1,0
DA:2,0
DA:3,0
DA:4,0
DA:5,0
DA:6,0
DA:7,0
DA:8,0
DA:10,0
DA:11,0
DA:12,0
DA:13,0
DA:16,0
DA:17,0
DA:21,0
DA:45,0
DA:56,0
DA:64,0
DA:74,0
DA:75,0
DA:76,0
DA:77,0
DA:78,0
DA:81,0
DA:84,0
DA:85,0
DA:86,0
DA:90,0
DA:99,0
DA:100,0
DA:103,0
DA:104,0
DA:107,0
DA:108,0
DA:109,0
DA:112,0
DA:114,0
DA:119,0
DA:120,0
DA:121,0
DA:125,0
DA:129,0
DA:137,0
DA:147,0
DA:148,0
DA:153,0
DA:154,0
DA:155,0
DA:156,0
DA:157,0
DA:160,0
DA:163,0
DA:164,0
DA:165,0
DA:169,0
DA:170,0
DA:171,0
DA:175,0
DA:176,0
DA:180,0
DA:183,0
DA:184,0
DA:187,0
DA:192,0
DA:200,0
DA:211,0
DA:212,0
DA:217,0
DA:218,0
DA:219,0
DA:220,0
DA:221,0
DA:224,0
DA:229,0
DA:232,0
DA:233,0
DA:239,0
DA:241,0
DA:242,0
DA:243,0
DA:246,0
DA:247,0
DA:248,0
DA:251,0
DA:253,0
DA:259,0
DA:260,0
DA:264,0
DA:265,0
DA:272,0
DA:277,0
DA:281,0
DA:287,0
DA:288,0
DA:293,0
DA:294,0
DA:295,0
DA:296,0
DA:297,0
DA:300,0
DA:303,0
DA:309,0
DA:314,0
DA:315,0
DA:319,0
DA:320,0
DA:321,0
DA:322,0
DA:325,0
DA:327,0
DA:335,0
DA:336,0
DA:341,0
DA:342,0
DA:344,0
DA:345,0
DA:349,0
DA:350,0
DA:351,0
DA:354,0
DA:362,0
DA:363,0
DA:368,0
DA:369,0
DA:371,0
DA:373,0
DA:374,0
DA:377,0
DA:384,0
DA:385,0
DA:390,0
DA:397,0
DA:401,0
DA:404,0
DA:407,0
DA:410,0
DA:413,0
DA:419,0
DA:421,0
DA:422,0
DA:423,0
DA:424,0
DA:427,0
DA:430,0
DA:431,0
DA:432,0
DA:433,0
DA:434,0
DA:437,0
DA:438,0
DA:440,0
DA:442,0
DA:444,0
DA:446,0
DA:449,0
DA:450,0
DA:453,0
DA:455,0
DA:467,0
DA:472,0
DA:473,0
DA:479,0
DA:481,0
DA:482,0
DA:483,0
DA:488,0
DA:494,0
DA:495,0
DA:503,0
DA:505,0
DA:506,0
DA:507,0
DA:508,0
DA:513,0
DA:519,0
DA:520,0
DA:523,0
DA:526,0
DA:539,0
DA:540,0
DA:544,0
DA:551,0
DA:552,0
DA:555,0
DA:560,0
DA:564,0
DA:565,0
DA:566,0
DA:567,0
DA:570,0
DA:573,0
DA:576,0
DA:577,0
DA:578,0
DA:582,0
DA:583,0
DA:585,0
DA:590,0
DA:591,0
DA:596,0
DA:597,0
DA:598,0
DA:601,0
DA:607,0
DA:609,0
DA:610,0
DA:613,0
DA:614,0
DA:615,0
DA:621,0
DA:628,0
DA:634,0
DA:635,0
DA:648,0
DA:660,0
DA:661,0
DA:662,0
DA:663,0
DA:666,0
DA:680,0
DA:681,0
DA:682,0
DA:686,0
DA:687,0
DA:688,0
DA:692,0
DA:693,0
DA:695,0
DA:702,0
DA:703,0
DA:714,0
DA:726,0
DA:727,0
DA:728,0
DA:729,0
DA:732,0
DA:733,0
DA:736,0
DA:738,0
DA:739,0
DA:744,0
DA:745,0
DA:746,0
DA:749,0
DA:750,0
DA:751,0
DA:761,0
DA:762,0
DA:763,0
DA:764,0
DA:770,0
DA:771,0
DA:773,0
DA:780,0
DA:781,0
DA:792,0
DA:793,0
DA:794,0
DA:797,0
DA:798,0
DA:799,0
DA:802,0
DA:803,0
DA:804,0
DA:814,0
DA:815,0
DA:817,0
DA:824,0
DA:825,0
DA:836,0
DA:837,0
DA:838,0
DA:841,0
DA:842,0
DA:843,0
DA:846,0
DA:847,0
DA:848,0
DA:858,0
DA:859,0
DA:862,0
DA:864,0
DA:871,0
DA:872,0
DA:883,0
DA:884,0
DA:885,0
DA:887,0
DA:888,0
DA:897,0
DA:898,0
DA:900,0
DA:901,0
DA:910,0
DA:912,0
DA:918,0
DA:919,0
DA:931,0
DA:934,0
DA:935,0
DA:936,0
DA:939,0
DA:940,0
DA:941,0
DA:943,0
DA:946,0
DA:947,0
DA:954,0
DA:959,0
DA:960,0
DA:965,0
DA:966,0
DA:967,0
DA:969,0
DA:970,0
DA:973,0
DA:996,0
DA:999,0
DA:1000,0
DA:1006,0
DA:1012,0
DA:1013,0
DA:1018,0
DA:1019,0
DA:1020,0
DA:1022,0
DA:1023,0
DA:1026,0
DA:1028,0
DA:1030,0
DA:1034,0
DA:1035,0
DA:1036,0
DA:1037,0
DA:1041,0
DA:1043,0
DA:1049,0
DA:1050,0
DA:1055,0
DA:1056,0
DA:1057,0
DA:1059,0
DA:1060,0
DA:1063,0
DA:1066,0
DA:1070,0
DA:1075,0
DA:1076,0
DA:1083,0
DA:1084,0
DA:1085,0
DA:1088,0
DA:1089,0
DA:1093,0
DA:1094,0
DA:1095,0
DA:1098,0
DA:1099,0
DA:1103,0
DA:1110,0
DA:1113,0
DA:1115,0
DA:1121,0
DA:1122,0
DA:1128,0
DA:1129,0
DA:1130,0
DA:1133,0
DA:1134,0
DA:1135,0
DA:1136,0
DA:1138,0
DA:1149,0
DA:1159,0
DA:1165,0
DA:1180,0
DA:1183,0
DA:1184,0
DA:1185,0
DA:1186,0
DA:1188,0
DA:1190,0
DA:1191,0
DA:1198,0
DA:1199,0
DA:1200,0
DA:1203,0
DA:1204,0
DA:1205,0
DA:1208,0
DA:1209,0
DA:1210,0
DA:1214,0
DA:1216,0
DA:1223,0
DA:1224,0
DA:1227,0
DA:1229,0
DA:1235,0
DA:1236,0
DA:1241,0
DA:1242,0
DA:1243,0
DA:1244,0
DA:1245,0
DA:1249,0
DA:1250,0
DA:1253,0
DA:1254,0
DA:1257,0
DA:1258,0
DA:1259,0
DA:1260,0
DA:1262,0
DA:1267,0
DA:1268,0
DA:1272,0
LF:417
LH:0
BRDA:77,0,0,0
BRDA:77,0,1,0
BRDA:85,1,0,0
BRDA:85,1,1,0
BRDA:96,2,0,0
BRDA:96,2,1,0
BRDA:108,3,0,0
BRDA:108,3,1,0
BRDA:112,4,0,0
BRDA:112,4,1,0
BRDA:112,4,2,0
BRDA:120,5,0,0
BRDA:120,5,1,0
BRDA:156,6,0,0
BRDA:156,6,1,0
BRDA:164,7,0,0
BRDA:164,7,1,0
BRDA:170,8,0,0
BRDA:170,8,1,0
BRDA:175,9,0,0
BRDA:175,9,1,0
BRDA:220,10,0,0
BRDA:220,10,1,0
BRDA:239,11,0,0
BRDA:239,11,1,0
BRDA:248,12,0,0
BRDA:248,12,1,0
BRDA:251,13,0,0
BRDA:251,13,1,0
BRDA:251,13,2,0
BRDA:259,14,0,0
BRDA:259,14,1,0
BRDA:264,15,0,0
BRDA:264,15,1,0
BRDA:296,16,0,0
BRDA:296,16,1,0
BRDA:314,17,0,0
BRDA:314,17,1,0
BRDA:344,18,0,0
BRDA:344,18,1,0
BRDA:350,19,0,0
BRDA:350,19,1,0
BRDA:350,20,0,0
BRDA:350,20,1,0
BRDA:373,21,0,0
BRDA:373,21,1,0
BRDA:397,22,0,0
BRDA:397,22,1,0
BRDA:401,23,0,0
BRDA:401,23,1,0
BRDA:401,23,2,0
BRDA:404,24,0,0
BRDA:404,24,1,0
BRDA:404,24,2,0
BRDA:407,25,0,0
BRDA:407,25,1,0
BRDA:407,25,2,0
BRDA:410,26,0,0
BRDA:410,26,1,0
BRDA:410,26,2,0
BRDA:413,27,0,0
BRDA:413,27,1,0
BRDA:423,28,0,0
BRDA:423,28,1,0
BRDA:431,29,0,0
BRDA:431,29,1,0
BRDA:432,30,0,0
BRDA:432,30,1,0
BRDA:433,31,0,0
BRDA:433,31,1,0
BRDA:434,32,0,0
BRDA:434,32,1,0
BRDA:437,33,0,0
BRDA:437,33,1,0
BRDA:438,34,0,0
BRDA:438,34,1,0
BRDA:440,35,0,0
BRDA:440,35,1,0
BRDA:446,36,0,0
BRDA:446,36,1,0
BRDA:449,37,0,0
BRDA:449,37,1,0
BRDA:449,37,2,0
BRDA:449,37,3,0
BRDA:450,38,0,0
BRDA:450,38,1,0
BRDA:453,39,0,0
BRDA:453,39,1,0
BRDA:453,40,0,0
BRDA:453,40,1,0
BRDA:453,40,2,0
BRDA:453,40,3,0
BRDA:456,41,0,0
BRDA:456,41,1,0
BRDA:457,42,0,0
BRDA:457,42,1,0
BRDA:457,42,2,0
BRDA:458,43,0,0
BRDA:458,43,1,0
BRDA:458,43,2,0
BRDA:463,44,0,0
BRDA:463,44,1,0
BRDA:465,45,0,0
BRDA:465,45,1,0
BRDA:472,46,0,0
BRDA:472,46,1,0
BRDA:479,47,0,0
BRDA:479,47,1,0
BRDA:482,48,0,0
BRDA:482,48,1,0
BRDA:483,49,0,0
BRDA:483,49,1,0
BRDA:494,50,0,0
BRDA:494,50,1,0
BRDA:496,51,0,0
BRDA:496,51,1,0
BRDA:505,52,0,0
BRDA:505,52,1,0
BRDA:505,53,0,0
BRDA:505,53,1,0
BRDA:507,54,0,0
BRDA:507,54,1,0
BRDA:519,55,0,0
BRDA:519,55,1,0
BRDA:535,56,0,0
BRDA:535,56,1,0
BRDA:540,57,0,0
BRDA:540,57,1,0
BRDA:551,58,0,0
BRDA:551,58,1,0
BRDA:566,59,0,0
BRDA:566,59,1,0
BRDA:577,60,0,0
BRDA:577,60,1,0
BRDA:607,61,0,0
BRDA:607,61,1,0
BRDA:614,62,0,0
BRDA:614,62,1,0
BRDA:662,63,0,0
BRDA:662,63,1,0
BRDA:674,64,0,0
BRDA:674,64,1,0
BRDA:676,65,0,0
BRDA:676,65,1,0
BRDA:681,66,0,0
BRDA:681,66,1,0
BRDA:686,67,0,0
BRDA:686,67,1,0
BRDA:728,68,0,0
BRDA:728,68,1,0
BRDA:738,69,0,0
BRDA:738,69,1,0
BRDA:745,70,0,0
BRDA:745,70,1,0
BRDA:750,71,0,0
BRDA:750,71,1,0
BRDA:761,72,0,0
BRDA:761,72,1,0
BRDA:763,73,0,0
BRDA:763,73,1,0
BRDA:798,74,0,0
BRDA:798,74,1,0
BRDA:803,75,0,0
BRDA:803,75,1,0
BRDA:842,76,0,0
BRDA:842,76,1,0
BRDA:847,77,0,0
BRDA:847,77,1,0
BRDA:887,78,0,0
BRDA:887,78,1,0
BRDA:900,79,0,0
BRDA:900,79,1,0
BRDA:900,80,0,0
BRDA:900,80,1,0
BRDA:939,81,0,0
BRDA:939,81,1,0
BRDA:941,82,0,0
BRDA:941,82,1,0
BRDA:946,83,0,0
BRDA:946,83,1,0
BRDA:969,84,0,0
BRDA:969,84,1,0
BRDA:974,85,0,0
BRDA:974,85,1,0
BRDA:975,86,0,0
BRDA:975,86,1,0
BRDA:975,86,2,0
BRDA:976,87,0,0
BRDA:976,87,1,0
BRDA:980,88,0,0
BRDA:980,88,1,0
BRDA:981,89,0,0
BRDA:981,89,1,0
BRDA:984,90,0,0
BRDA:984,90,1,0
BRDA:985,91,0,0
BRDA:985,91,1,0
BRDA:988,92,0,0
BRDA:988,92,1,0
BRDA:989,93,0,0
BRDA:989,93,1,0
BRDA:992,94,0,0
BRDA:992,94,1,0
BRDA:993,95,0,0
BRDA:993,95,1,0
BRDA:999,96,0,0
BRDA:999,96,1,0
BRDA:1022,97,0,0
BRDA:1022,97,1,0
BRDA:1028,98,0,0
BRDA:1028,98,1,0
BRDA:1035,99,0,0
BRDA:1035,99,1,0
BRDA:1037,100,0,0
BRDA:1037,100,1,0
BRDA:1059,101,0,0
BRDA:1059,101,1,0
BRDA:1088,102,0,0
BRDA:1088,102,1,0
BRDA:1095,103,0,0
BRDA:1095,103,1,0
BRDA:1098,104,0,0
BRDA:1098,104,1,0
BRDA:1204,105,0,0
BRDA:1204,105,1,0
BRDA:1209,106,0,0
BRDA:1209,106,1,0
BRDA:1219,107,0,0
BRDA:1219,107,1,0
BRDA:1244,108,0,0
BRDA:1244,108,1,0
BRDA:1253,109,0,0
BRDA:1253,109,1,0
BRF:233
BRH:0
end_of_record
TN:
SF:routes/cart.js
FN:14,getUserCurrency
FN:25,enhanceProductWithCurrency
FN:45,(anonymous_2)
FN:72,(anonymous_3)
FN:124,(anonymous_4)
FN:137,(anonymous_5)
FN:146,(anonymous_6)
FN:171,(anonymous_7)
FN:174,(anonymous_8)
FN:175,(anonymous_9)
FN:197,(anonymous_10)
FN:247,(anonymous_11)
FN:263,(anonymous_12)
FN:285,(anonymous_13)
FN:305,(anonymous_14)
FN:344,(anonymous_15)
FN:360,(anonymous_16)
FN:360,(anonymous_17)
FN:362,(anonymous_18)
FN:363,(anonymous_19)
FN:385,(anonymous_20)
FN:402,(anonymous_21)
FN:422,(anonymous_22)
FN:458,(anonymous_23)
FN:472,(anonymous_24)
FN:473,(anonymous_25)
FN:474,(anonymous_26)
FN:500,(anonymous_27)
FN:512,(anonymous_28)
FN:525,(anonymous_29)
FN:552,(anonymous_30)
FN:566,(anonymous_31)
FN:567,(anonymous_32)
FN:568,(anonymous_33)
FN:591,(anonymous_34)
FN:640,(anonymous_35)
FN:674,(anonymous_36)
FN:710,(anonymous_37)
FN:751,(anonymous_38)
FN:776,(anonymous_39)
FN:777,(anonymous_40)
FN:778,(anonymous_41)
FN:806,(anonymous_42)
FN:852,(anonymous_43)
FN:861,(anonymous_44)
FN:868,(anonymous_45)
FNF:46
FNH:0
FNDA:0,getUserCurrency
FNDA:0,enhanceProductWithCurrency
FNDA:0,(anonymous_2)
FNDA:0,(anonymous_3)
FNDA:0,(anonymous_4)
FNDA:0,(anonymous_5)
FNDA:0,(anonymous_6)
FNDA:0,(anonymous_7)
FNDA:0,(anonymous_8)
FNDA:0,(anonymous_9)
FNDA:0,(anonymous_10)
FNDA:0,(anonymous_11)
FNDA:0,(anonymous_12)
FNDA:0,(anonymous_13)
FNDA:0,(anonymous_14)
FNDA:0,(anonymous_15)
FNDA:0,(anonymous_16)
FNDA:0,(anonymous_17)
FNDA:0,(anonymous_18)
FNDA:0,(anonymous_19)
FNDA:0,(anonymous_20)
FNDA:0,(anonymous_21)
FNDA:0,(anonymous_22)
FNDA:0,(anonymous_23)
FNDA:0,(anonymous_24)
FNDA:0,(anonymous_25)
FNDA:0,(anonymous_26)
FNDA:0,(anonymous_27)
FNDA:0,(anonymous_28)
FNDA:0,(anonymous_29)
FNDA:0,(anonymous_30)
FNDA:0,(anonymous_31)
FNDA:0,(anonymous_32)
FNDA:0,(anonymous_33)
FNDA:0,(anonymous_34)
FNDA:0,(anonymous_35)
FNDA:0,(anonymous_36)
FNDA:0,(anonymous_37)
FNDA:0,(anonymous_38)
FNDA:0,(anonymous_39)
FNDA:0,(anonymous_40)
FNDA:0,(anonymous_41)
FNDA:0,(anonymous_42)
FNDA:0,(anonymous_43)
FNDA:0,(anonymous_44)
FNDA:0,(anonymous_45)
DA:1,0
DA:2,0
DA:3,0
DA:4,0
DA:5,0
DA:6,0
DA:7,0
DA:8,0
DA:9,0
DA:10,0
DA:11,0
DA:16,0
DA:17,0
DA:20,0
DA:21,0
DA:26,0
DA:30,0
DA:31,0
DA:33,0
DA:36,0
DA:45,0
DA:46,0
DA:48,0
DA:49,0
DA:50,0
DA:51,0
DA:53,0
DA:57,0
DA:60,0
DA:61,0
DA:62,0
DA:66,0
DA:67,0
DA:68,0
DA:69,0
DA:72,0
DA:73,0
DA:74,0
DA:75,0
DA:81,0
DA:83,0
DA:84,0
DA:86,0
DA:99,0
DA:100,0
DA:104,0
DA:106,0
DA:107,0
DA:109,0
DA:113,0
DA:117,0
DA:118,0
DA:119,0
DA:120,0
DA:124,0
DA:128,0
DA:129,0
DA:132,0
DA:137,0
DA:138,0
DA:140,0
DA:142,0
DA:145,0
DA:147,0
DA:148,0
DA:149,0
DA:150,0
DA:153,0
DA:154,0
DA:156,0
DA:164,0
DA:165,0
DA:171,0
DA:174,0
DA:175,0
DA:177,0
DA:191,0
DA:192,0
DA:197,0
DA:198,0
DA:199,0
DA:202,0
DA:203,0
DA:214,0
DA:215,0
DA:219,0
DA:220,0
DA:224,0
DA:225,0
DA:229,0
DA:230,0
DA:234,0
DA:235,0
DA:236,0
DA:239,0
DA:240,0
DA:244,0
DA:246,0
DA:247,0
DA:248,0
DA:251,0
DA:253,0
DA:254,0
DA:255,0
DA:258,0
DA:259,0
DA:263,0
DA:264,0
DA:267,0
DA:269,0
DA:270,0
DA:271,0
DA:274,0
DA:275,0
DA:281,0
DA:283,0
DA:285,0
DA:286,0
DA:289,0
DA:290,0
DA:291,0
DA:293,0
DA:301,0
DA:302,0
DA:305,0
DA:306,0
DA:310,0
DA:312,0
DA:324,0
DA:341,0
DA:343,0
DA:345,0
DA:346,0
DA:347,0
DA:349,0
DA:350,0
DA:352,0
DA:360,0
DA:362,0
DA:363,0
DA:365,0
DA:379,0
DA:380,0
DA:385,0
DA:386,0
DA:387,0
DA:390,0
DA:391,0
DA:394,0
DA:395,0
DA:398,0
DA:400,0
DA:402,0
DA:403,0
DA:406,0
DA:407,0
DA:408,0
DA:411,0
DA:412,0
DA:413,0
DA:415,0
DA:416,0
DA:418,0
DA:422,0
DA:423,0
DA:426,0
DA:428,0
DA:430,0
DA:431,0
DA:433,0
DA:441,0
DA:449,0
DA:451,0
DA:456,0
DA:457,0
DA:459,0
DA:460,0
DA:462,0
DA:472,0
DA:473,0
DA:474,0
DA:477,0
DA:479,0
DA:494,0
DA:495,0
DA:500,0
DA:501,0
DA:502,0
DA:504,0
DA:505,0
DA:508,0
DA:510,0
DA:512,0
DA:513,0
DA:516,0
DA:517,0
DA:518,0
DA:519,0
DA:521,0
DA:525,0
DA:526,0
DA:529,0
DA:531,0
DA:532,0
DA:535,0
DA:543,0
DA:545,0
DA:550,0
DA:551,0
DA:553,0
DA:554,0
DA:556,0
DA:566,0
DA:567,0
DA:568,0
DA:570,0
DA:585,0
DA:586,0
DA:591,0
DA:592,0
DA:593,0
DA:595,0
DA:597,0
DA:598,0
DA:599,0
DA:600,0
DA:601,0
DA:605,0
DA:608,0
DA:609,0
DA:612,0
DA:613,0
DA:615,0
DA:618,0
DA:634,0
DA:635,0
DA:640,0
DA:641,0
DA:642,0
DA:643,0
DA:646,0
DA:648,0
DA:655,0
DA:656,0
DA:657,0
DA:660,0
DA:663,0
DA:665,0
DA:666,0
DA:667,0
DA:668,0
DA:671,0
DA:672,0
DA:674,0
DA:675,0
DA:678,0
DA:680,0
DA:681,0
DA:683,0
DA:690,0
DA:694,0
DA:695,0
DA:696,0
DA:698,0
DA:700,0
DA:701,0
DA:702,0
DA:704,0
DA:705,0
DA:706,0
DA:707,0
DA:710,0
DA:711,0
DA:714,0
DA:716,0
DA:717,0
DA:719,0
DA:726,0
DA:730,0
DA:731,0
DA:733,0
DA:737,0
DA:738,0
DA:740,0
DA:747,0
DA:750,0
DA:752,0
DA:753,0
DA:754,0
DA:755,0
DA:758,0
DA:759,0
DA:761,0
DA:769,0
DA:770,0
DA:776,0
DA:777,0
DA:778,0
DA:780,0
DA:800,0
DA:801,0
DA:806,0
DA:807,0
DA:809,0
DA:810,0
DA:814,0
DA:817,0
DA:818,0
DA:819,0
DA:823,0
DA:826,0
DA:827,0
DA:829,0
DA:845,0
DA:846,0
DA:851,0
DA:852,0
DA:853,0
DA:854,0
DA:855,0
DA:858,0
DA:861,0
DA:868,0
DA:881,0
DA:886,0
LF:325
LH:0
BRDA:16,0,0,0
BRDA:16,0,1,0
BRDA:17,1,0,0
BRDA:17,1,1,0
BRDA:20,2,0,0
BRDA:20,2,1,0
BRDA:25,3,0,0
BRDA:30,4,0,0
BRDA:30,4,1,0
BRDA:30,5,0,0
BRDA:30,5,1,0
BRDA:30,5,2,0
BRDA:46,6,0,0
BRDA:46,6,1,0
BRDA:49,7,0,0
BRDA:49,7,1,0
BRDA:60,8,0,0
BRDA:60,8,1,0
BRDA:60,9,0,0
BRDA:60,9,1,0
BRDA:67,10,0,0
BRDA:67,10,1,0
BRDA:68,11,0,0
BRDA:68,11,1,0
BRDA:99,12,0,0
BRDA:99,12,1,0
BRDA:104,13,0,0
BRDA:104,13,1,0
BRDA:107,14,0,0
BRDA:107,14,1,0
BRDA:118,15,0,0
BRDA:118,15,1,0
BRDA:128,16,0,0
BRDA:128,16,1,0
BRDA:149,17,0,0
BRDA:149,17,1,0
BRDA:149,18,0,0
BRDA:149,18,1,0
BRDA:154,19,0,0
BRDA:154,19,1,0
BRDA:199,20,0,0
BRDA:202,21,0,0
BRDA:202,21,1,0
BRDA:206,22,0,0
BRDA:206,22,1,0
BRDA:209,23,0,0
BRDA:209,23,1,0
BRDA:214,24,0,0
BRDA:214,24,1,0
BRDA:219,25,0,0
BRDA:219,25,1,0
BRDA:219,26,0,0
BRDA:219,26,1,0
BRDA:219,26,2,0
BRDA:224,27,0,0
BRDA:224,27,1,0
BRDA:229,28,0,0
BRDA:229,28,1,0
BRDA:235,29,0,0
BRDA:235,29,1,0
BRDA:239,30,0,0
BRDA:239,30,1,0
BRDA:246,31,0,0
BRDA:246,31,1,0
BRDA:251,32,0,0
BRDA:251,32,1,0
BRDA:258,33,0,0
BRDA:258,33,1,0
BRDA:258,34,0,0
BRDA:258,34,1,0
BRDA:267,35,0,0
BRDA:267,35,1,0
BRDA:274,36,0,0
BRDA:274,36,1,0
BRDA:274,37,0,0
BRDA:274,37,1,0
BRDA:283,38,0,0
BRDA:283,38,1,0
BRDA:289,39,0,0
BRDA:289,39,1,0
BRDA:310,40,0,0
BRDA:310,40,1,0
BRDA:346,41,0,0
BRDA:346,41,1,0
BRDA:350,42,0,0
BRDA:350,42,1,0
BRDA:390,43,0,0
BRDA:390,43,1,0
BRDA:394,44,0,0
BRDA:394,44,1,0
BRDA:394,45,0,0
BRDA:394,45,1,0
BRDA:394,45,2,0
BRDA:400,46,0,0
BRDA:400,46,1,0
BRDA:406,47,0,0
BRDA:406,47,1,0
BRDA:407,48,0,0
BRDA:407,48,1,0
BRDA:426,49,0,0
BRDA:426,49,1,0
BRDA:430,50,0,0
BRDA:430,50,1,0
BRDA:456,51,0,0
BRDA:456,51,1,0
BRDA:460,52,0,0
BRDA:460,52,1,0
BRDA:460,53,0,0
BRDA:460,53,1,0
BRDA:481,54,0,0
BRDA:481,54,1,0
BRDA:504,55,0,0
BRDA:504,55,1,0
BRDA:510,56,0,0
BRDA:510,56,1,0
BRDA:516,57,0,0
BRDA:516,57,1,0
BRDA:529,58,0,0
BRDA:529,58,1,0
BRDA:550,59,0,0
BRDA:550,59,1,0
BRDA:554,60,0,0
BRDA:554,60,1,0
BRDA:554,61,0,0
BRDA:554,61,1,0
BRDA:595,62,0,0
BRDA:595,62,1,0
BRDA:600,63,0,0
BRDA:600,63,1,0
BRDA:609,64,0,0
BRDA:609,64,1,0
BRDA:642,65,0,0
BRDA:642,65,1,0
BRDA:651,66,0,0
BRDA:651,66,1,0
BRDA:656,67,0,0
BRDA:656,67,1,0
BRDA:663,68,0,0
BRDA:663,68,1,0
BRDA:663,69,0,0
BRDA:663,69,1,0
BRDA:663,69,2,0
BRDA:666,70,0,0
BRDA:666,70,1,0
BRDA:667,71,0,0
BRDA:667,71,1,0
BRDA:667,72,0,0
BRDA:667,72,1,0
BRDA:671,73,0,0
BRDA:671,73,1,0
BRDA:672,74,0,0
BRDA:672,74,1,0
BRDA:678,75,0,0
BRDA:678,75,1,0
BRDA:694,76,0,0
BRDA:694,76,1,0
BRDA:698,77,0,0
BRDA:698,77,1,0
BRDA:701,78,0,0
BRDA:701,78,1,0
BRDA:701,79,0,0
BRDA:701,79,1,0
BRDA:706,80,0,0
BRDA:706,80,1,0
BRDA:706,81,0,0
BRDA:706,81,1,0
BRDA:714,82,0,0
BRDA:714,82,1,0
BRDA:754,83,0,0
BRDA:754,83,1,0
BRDA:754,84,0,0
BRDA:754,84,1,0
BRDA:759,85,0,0
BRDA:759,85,1,0
BRDA:809,86,0,0
BRDA:809,86,1,0
BRDA:817,87,0,0
BRDA:817,87,1,0
BRDA:817,88,0,0
BRDA:817,88,1,0
BRDA:819,89,0,0
BRDA:819,89,1,0
BRDA:851,90,0,0
BRDA:851,90,1,0
BRDA:870,91,0,0
BRDA:870,91,1,0
BRDA:871,92,0,0
BRDA:871,92,1,0
BRF:188
BRH:0
end_of_record
TN:
SF:routes/integration.js
FN:17,(anonymous_0)
FN:78,(anonymous_1)
FN:140,(anonymous_2)
FN:168,(anonymous_3)
FN:219,(anonymous_4)
FN:250,(anonymous_5)
FN:264,(anonymous_6)
FN:297,(anonymous_7)
FN:351,(anonymous_8)
FN:432,(anonymous_9)
FN:433,(anonymous_10)
FN:435,(anonymous_11)
FN:461,escapeHtml
FN:472,generateProductWidget
FNF:14
FNH:0
FNDA:0,(anonymous_0)
FNDA:0,(anonymous_1)
FNDA:0,(anonymous_2)
FNDA:0,(anonymous_3)
FNDA:0,(anonymous_4)
FNDA:0,(anonymous_5)
FNDA:0,(anonymous_6)
FNDA:0,(anonymous_7)
FNDA:0,(anonymous_8)
FNDA:0,(anonymous_9)
FNDA:0,(anonymous_10)
FNDA:0,(anonymous_11)
FNDA:0,escapeHtml
FNDA:0,generateProductWidget
DA:1,0
DA:2,0
DA:3,0
DA:4,0
DA:5,0
DA:6,0
DA:7,0
DA:10,0
DA:13,0
DA:18,0
DA:19,0
DA:20,0
DA:22,0
DA:31,0
DA:32,0
DA:42,0
DA:44,0
DA:48,0
DA:50,0
DA:62,0
DA:63,0
DA:74,0
DA:79,0
DA:80,0
DA:81,0
DA:83,0
DA:88,0
DA:89,0
DA:99,0
DA:100,0
DA:103,0
DA:123,0
DA:124,0
DA:135,0
DA:141,0
DA:142,0
DA:143,0
DA:145,0
DA:151,0
DA:152,0
DA:161,0
DA:168,0
DA:183,0
DA:185,0
DA:186,0
DA:187,0
DA:190,0
DA:202,0
DA:203,0
DA:214,0
DA:220,0
DA:221,0
DA:222,0
DA:225,0
DA:231,0
DA:232,0
DA:233,0
DA:234,0
DA:235,0
DA:236,0
DA:237,0
DA:238,0
DA:239,0
DA:243,0
DA:244,0
DA:247,0
DA:248,0
DA:249,0
DA:250,0
DA:251,0
DA:252,0
DA:260,0
DA:264,0
DA:266,0
DA:278,0
DA:279,0
DA:290,0
DA:298,0
DA:299,0
DA:301,0
DA:302,0
DA:312,0
DA:322,0
DA:327,0
DA:333,0
DA:334,0
DA:345,0
DA:352,0
DA:353,0
DA:356,0
DA:357,0
DA:358,0
DA:359,0
DA:360,0
DA:364,0
DA:365,0
DA:366,0
DA:370,0
DA:392,0
DA:428,0
DA:432,0
DA:433,0
DA:435,0
DA:449,0
DA:450,0
DA:462,0
DA:463,0
DA:473,0
DA:477,0
DA:566,0
LF:110
LH:0
BRDA:31,0,0,0
BRDA:31,0,1,0
BRDA:42,1,0,0
BRDA:42,1,1,0
BRDA:88,2,0,0
BRDA:88,2,1,0
BRDA:99,3,0,0
BRDA:99,3,1,0
BRDA:143,4,0,0
BRDA:143,5,0,0
BRDA:151,6,0,0
BRDA:151,6,1,0
BRDA:168,7,0,0
BRDA:168,7,1,0
BRDA:183,8,0,0
BRDA:183,8,1,0
BRDA:222,9,0,0
BRDA:231,10,0,0
BRDA:231,10,1,0
BRDA:234,11,0,0
BRDA:234,11,1,0
BRDA:237,12,0,0
BRDA:237,12,1,0
BRDA:243,13,0,0
BRDA:243,13,1,0
BRDA:247,14,0,0
BRDA:247,14,1,0
BRDA:251,15,0,0
BRDA:251,15,1,0
BRDA:252,16,0,0
BRDA:252,16,1,0
BRDA:301,17,0,0
BRDA:301,17,1,0
BRDA:301,18,0,0
BRDA:301,18,1,0
BRDA:357,19,0,0
BRDA:357,19,1,0
BRDA:357,20,0,0
BRDA:357,20,1,0
BRDA:359,21,0,0
BRDA:359,21,1,0
BRDA:360,22,0,0
BRDA:360,22,1,0
BRDA:365,23,0,0
BRDA:365,23,1,0
BRDA:434,24,0,0
BRDA:434,24,1,0
BRDA:462,25,0,0
BRDA:462,25,1,0
BRDA:472,26,0,0
BRDA:473,27,0,0
BRDA:473,27,1,0
BRDA:544,28,0,0
BRDA:544,28,1,0
BRDA:544,29,0,0
BRDA:544,29,1,0
BRDA:546,30,0,0
BRDA:546,30,1,0
BRDA:549,31,0,0
BRDA:549,31,1,0
BRDA:551,32,0,0
BRDA:551,32,1,0
BRDA:551,33,0,0
BRDA:551,33,1,0
BRDA:553,34,0,0
BRDA:553,34,1,0
BRDA:554,35,0,0
BRDA:554,35,1,0
BRF:68
BRH:0
end_of_record
TN:
SF:routes/monitoring.js
FN:10,(anonymous_0)
FN:22,(anonymous_1)
FN:60,getDatabaseStatus
FN:93,getServicesStatus
FN:128,(anonymous_4)
FN:165,getCollectionStats
FN:190,getErrorMetrics
FN:204,(anonymous_7)
FNF:8
FNH:0
FNDA:0,(anonymous_0)
FNDA:0,(anonymous_1)
FNDA:0,getDatabaseStatus
FNDA:0,getServicesStatus
FNDA:0,(anonymous_4)
FNDA:0,getCollectionStats
FNDA:0,getErrorMetrics
FNDA:0,(anonymous_7)
DA:1,0
DA:2,0
DA:3,0
DA:4,0
DA:5,0
DA:7,0
DA:10,0
DA:11,0
DA:18,0
DA:22,0
DA:23,0
DA:24,0
DA:34,0
DA:39,0
DA:44,0
DA:49,0
DA:61,0
DA:62,0
DA:63,0
DA:70,0
DA:78,0
DA:79,0
DA:80,0
DA:83,0
DA:85,0
DA:94,0
DA:97,0
DA:99,0
DA:104,0
DA:111,0
DA:113,0
DA:118,0
DA:124,0
DA:128,0
DA:129,0
DA:130,0
DA:144,0
DA:149,0
DA:154,0
DA:166,0
DA:167,0
DA:168,0
DA:170,0
DA:171,0
DA:172,0
DA:173,0
DA:179,0
DA:183,0
DA:185,0
DA:193,0
DA:204,0
DA:205,0
DA:206,0
DA:209,0
DA:219,0
DA:224,0
DA:234,0
LF:57
LH:0
BRDA:15,0,0,0
BRDA:15,0,1,0
BRDA:26,1,0,0
BRDA:26,1,1,0
BRDA:78,2,0,0
BRDA:78,2,1,0
BRDA:206,3,0,0
BRDA:206,4,0,0
BRF:8
BRH:0
end_of_record
TN:
SF:routes/orders.js
FN:16,getUserCurrency
FN:118,(anonymous_1)
FN:147,(anonymous_2)
FN:149,(anonymous_3)
FN:247,(anonymous_4)
FN:295,(anonymous_5)
FN:324,(anonymous_6)
FN:326,(anonymous_7)
FN:434,(anonymous_8)
FN:504,(anonymous_9)
FN:515,(anonymous_10)
FN:517,(anonymous_11)
FN:602,(anonymous_12)
FN:658,(anonymous_13)
FN:686,(anonymous_14)
FN:714,(anonymous_15)
FN:766,(anonymous_16)
FN:796,(anonymous_17)
FN:825,(anonymous_18)
FN:874,(anonymous_19)
FN:1030,(anonymous_20)
FNF:21
FNH:0
FNDA:0,getUserCurrency
FNDA:0,(anonymous_1)
FNDA:0,(anonymous_2)
FNDA:0,(anonymous_3)
FNDA:0,(anonymous_4)
FNDA:0,(anonymous_5)
FNDA:0,(anonymous_6)
FNDA:0,(anonymous_7)
FNDA:0,(anonymous_8)
FNDA:0,(anonymous_9)
FNDA:0,(anonymous_10)
FNDA:0,(anonymous_11)
FNDA:0,(anonymous_12)
FNDA:0,(anonymous_13)
FNDA:0,(anonymous_14)
FNDA:0,(anonymous_15)
FNDA:0,(anonymous_16)
FNDA:0,(anonymous_17)
FNDA:0,(anonymous_18)
FNDA:0,(anonymous_19)
FNDA:0,(anonymous_20)
DA:1,0
DA:2,0
DA:3,0
DA:4,0
DA:5,0
DA:6,0
DA:7,0
DA:8,0
DA:9,0
DA:10,0
DA:11,0
DA:12,0
DA:13,0
DA:18,0
DA:19,0
DA:22,0
DA:23,0
DA:27,0
DA:118,0
DA:119,0
DA:121,0
DA:122,0
DA:123,0
DA:140,0
DA:143,0
DA:144,0
DA:147,0
DA:148,0
DA:149,0
DA:151,0
DA:152,0
DA:154,0
DA:155,0
DA:165,0
DA:166,0
DA:170,0
DA:171,0
DA:173,0
DA:187,0
DA:188,0
DA:189,0
DA:192,0
DA:193,0
DA:194,0
DA:195,0
DA:198,0
DA:218,0
DA:219,0
DA:221,0
DA:229,0
DA:232,0
DA:235,0
DA:238,0
DA:239,0
DA:242,0
DA:244,0
DA:247,0
DA:257,0
DA:258,0
DA:259,0
DA:262,0
DA:268,0
DA:283,0
DA:284,0
DA:295,0
DA:296,0
DA:298,0
DA:299,0
DA:300,0
DA:317,0
DA:320,0
DA:321,0
DA:324,0
DA:325,0
DA:326,0
DA:328,0
DA:329,0
DA:331,0
DA:332,0
DA:342,0
DA:343,0
DA:347,0
DA:348,0
DA:350,0
DA:365,0
DA:366,0
DA:367,0
DA:370,0
DA:371,0
DA:372,0
DA:373,0
DA:376,0
DA:396,0
DA:398,0
DA:422,0
DA:423,0
DA:434,0
DA:435,0
DA:437,0
DA:438,0
DA:454,0
DA:457,0
DA:458,0
DA:460,0
DA:461,0
DA:462,0
DA:464,0
DA:465,0
DA:466,0
DA:467,0
DA:468,0
DA:471,0
DA:472,0
DA:473,0
DA:474,0
DA:475,0
DA:480,0
DA:481,0
DA:491,0
DA:492,0
DA:494,0
DA:495,0
DA:496,0
DA:504,0
DA:511,0
DA:512,0
DA:515,0
DA:516,0
DA:517,0
DA:519,0
DA:520,0
DA:522,0
DA:523,0
DA:533,0
DA:534,0
DA:538,0
DA:539,0
DA:541,0
DA:555,0
DA:556,0
DA:557,0
DA:560,0
DA:561,0
DA:562,0
DA:563,0
DA:566,0
DA:586,0
DA:589,0
DA:592,0
DA:593,0
DA:594,0
DA:597,0
DA:599,0
DA:602,0
DA:612,0
DA:613,0
DA:614,0
DA:618,0
DA:622,0
DA:623,0
DA:624,0
DA:627,0
DA:628,0
DA:631,0
DA:646,0
DA:647,0
DA:658,0
DA:659,0
DA:660,0
DA:661,0
DA:662,0
DA:663,0
DA:666,0
DA:667,0
DA:668,0
DA:672,0
DA:679,0
DA:680,0
DA:683,0
DA:687,0
DA:689,0
DA:702,0
DA:703,0
DA:714,0
DA:715,0
DA:716,0
DA:720,0
DA:721,0
DA:732,0
DA:733,0
DA:734,0
DA:746,0
DA:754,0
DA:755,0
DA:766,0
DA:767,0
DA:769,0
DA:770,0
DA:779,0
DA:780,0
DA:781,0
DA:784,0
DA:790,0
DA:791,0
DA:796,0
DA:798,0
DA:813,0
DA:814,0
DA:825,0
DA:826,0
DA:827,0
DA:830,0
DA:831,0
DA:832,0
DA:842,0
DA:843,0
DA:853,0
DA:854,0
DA:856,0
DA:862,0
DA:863,0
DA:874,0
DA:875,0
DA:876,0
DA:879,0
DA:880,0
DA:890,0
DA:891,0
DA:892,0
DA:902,0
DA:903,0
DA:904,0
DA:914,0
DA:915,0
DA:925,0
DA:926,0
DA:927,0
DA:937,0
DA:939,0
DA:947,0
DA:948,0
DA:950,0
DA:953,0
DA:954,0
DA:956,0
DA:958,0
DA:960,0
DA:961,0
DA:962,0
DA:963,0
DA:964,0
DA:967,0
DA:968,0
DA:969,0
DA:972,0
DA:973,0
DA:982,0
DA:983,0
DA:984,0
DA:988,0
DA:991,0
DA:1008,0
DA:1018,0
DA:1019,0
DA:1030,0
DA:1031,0
DA:1032,0
DA:1034,0
DA:1035,0
DA:1036,0
DA:1045,0
DA:1046,0
DA:1047,0
DA:1050,0
DA:1056,0
DA:1057,0
DA:1067,0
DA:1068,0
DA:1070,0
DA:1072,0
DA:1074,0
DA:1075,0
DA:1076,0
DA:1077,0
DA:1080,0
DA:1081,0
DA:1082,0
DA:1085,0
DA:1086,0
DA:1093,0
DA:1094,0
DA:1095,0
DA:1099,0
DA:1102,0
DA:1115,0
DA:1116,0
DA:1126,0
LF:297
LH:0
BRDA:18,0,0,0
BRDA:18,0,1,0
BRDA:19,1,0,0
BRDA:19,1,1,0
BRDA:22,2,0,0
BRDA:22,2,1,0
BRDA:122,3,0,0
BRDA:122,3,1,0
BRDA:154,4,0,0
BRDA:154,4,1,0
BRDA:154,5,0,0
BRDA:154,5,1,0
BRDA:166,6,0,0
BRDA:166,6,1,0
BRDA:166,7,0,0
BRDA:166,7,1,0
BRDA:189,8,0,0
BRDA:189,8,1,0
BRDA:194,9,0,0
BRDA:194,9,1,0
BRDA:218,10,0,0
BRDA:218,10,1,0
BRDA:225,11,0,0
BRDA:225,11,1,0
BRDA:242,12,0,0
BRDA:242,12,1,0
BRDA:258,13,0,0
BRDA:258,13,1,0
BRDA:299,14,0,0
BRDA:299,14,1,0
BRDA:331,15,0,0
BRDA:331,15,1,0
BRDA:331,16,0,0
BRDA:331,16,1,0
BRDA:343,17,0,0
BRDA:343,17,1,0
BRDA:343,18,0,0
BRDA:343,18,1,0
BRDA:367,19,0,0
BRDA:367,19,1,0
BRDA:372,20,0,0
BRDA:372,20,1,0
BRDA:380,21,0,0
BRDA:380,21,1,0
BRDA:437,22,0,0
BRDA:437,22,1,0
BRDA:453,23,0,0
BRDA:460,24,0,0
BRDA:460,24,1,0
BRDA:464,25,0,0
BRDA:464,25,1,0
BRDA:471,26,0,0
BRDA:471,26,1,0
BRDA:480,27,0,0
BRDA:480,27,1,0
BRDA:480,28,0,0
BRDA:480,28,1,0
BRDA:492,29,0,0
BRDA:492,29,1,0
BRDA:492,30,0,0
BRDA:492,30,1,0
BRDA:495,31,0,0
BRDA:495,31,1,0
BRDA:495,32,0,0
BRDA:495,32,1,0
BRDA:495,32,2,0
BRDA:522,33,0,0
BRDA:522,33,1,0
BRDA:522,34,0,0
BRDA:522,34,1,0
BRDA:534,35,0,0
BRDA:534,35,1,0
BRDA:534,36,0,0
BRDA:534,36,1,0
BRDA:557,37,0,0
BRDA:557,37,1,0
BRDA:562,38,0,0
BRDA:562,38,1,0
BRDA:593,39,0,0
BRDA:593,39,1,0
BRDA:597,40,0,0
BRDA:597,40,1,0
BRDA:597,40,2,0
BRDA:613,41,0,0
BRDA:613,41,1,0
BRDA:627,42,0,0
BRDA:627,42,1,0
BRDA:627,43,0,0
BRDA:627,43,1,0
BRDA:660,44,0,0
BRDA:660,44,1,0
BRDA:661,45,0,0
BRDA:661,45,1,0
BRDA:667,46,0,0
BRDA:667,46,1,0
BRDA:667,47,0,0
BRDA:667,47,1,0
BRDA:720,48,0,0
BRDA:720,48,1,0
BRDA:732,49,0,0
BRDA:732,49,1,0
BRDA:733,50,0,0
BRDA:733,50,1,0
BRDA:733,51,0,0
BRDA:733,51,1,0
BRDA:733,51,2,0
BRDA:769,52,0,0
BRDA:769,52,1,0
BRDA:779,53,0,0
BRDA:779,53,1,0
BRDA:780,54,0,0
BRDA:780,54,1,0
BRDA:831,55,0,0
BRDA:831,55,1,0
BRDA:842,56,0,0
BRDA:842,56,1,0
BRDA:879,57,0,0
BRDA:879,57,1,0
BRDA:891,58,0,0
BRDA:891,58,1,0
BRDA:903,59,0,0
BRDA:903,59,1,0
BRDA:914,60,0,0
BRDA:914,60,1,0
BRDA:925,61,0,0
BRDA:925,61,1,0
BRDA:926,62,0,0
BRDA:926,62,1,0
BRDA:947,63,0,0
BRDA:947,63,1,0
BRDA:948,64,0,0
BRDA:948,64,1,0
BRDA:958,65,0,0
BRDA:958,65,1,0
BRDA:964,66,0,0
BRDA:964,66,1,0
BRDA:964,66,2,0
BRDA:969,67,0,0
BRDA:969,67,1,0
BRDA:972,68,0,0
BRDA:972,68,1,0
BRDA:972,69,0,0
BRDA:972,69,1,0
BRDA:983,70,0,0
BRDA:983,70,1,0
BRDA:1035,71,0,0
BRDA:1035,71,1,0
BRDA:1046,72,0,0
BRDA:1046,72,1,0
BRDA:1056,73,0,0
BRDA:1056,73,1,0
BRDA:1072,74,0,0
BRDA:1072,74,1,0
BRDA:1077,75,0,0
BRDA:1077,75,1,0
BRDA:1077,75,2,0
BRDA:1082,76,0,0
BRDA:1082,76,1,0
BRDA:1085,77,0,0
BRDA:1085,77,1,0
BRDA:1085,78,0,0
BRDA:1085,78,1,0
BRDA:1094,79,0,0
BRDA:1094,79,1,0
BRF:164
BRH:0
end_of_record
TN:
SF:routes/payments.js
FN:30,(anonymous_0)
FN:31,(anonymous_1)
FN:33,(anonymous_2)
FN:37,(anonymous_3)
FN:47,(anonymous_4)
FN:53,(anonymous_5)
FN:59,(anonymous_6)
FN:148,(anonymous_7)
FN:221,(anonymous_8)
FN:329,(anonymous_9)
FN:412,(anonymous_10)
FN:453,(anonymous_11)
FN:467,(anonymous_12)
FN:488,(anonymous_13)
FN:558,(anonymous_14)
FNF:15
FNH:0
FNDA:0,(anonymous_0)
FNDA:0,(anonymous_1)
FNDA:0,(anonymous_2)
FNDA:0,(anonymous_3)
FNDA:0,(anonymous_4)
FNDA:0,(anonymous_5)
FNDA:0,(anonymous_6)
FNDA:0,(anonymous_7)
FNDA:0,(anonymous_8)
FNDA:0,(anonymous_9)
FNDA:0,(anonymous_10)
FNDA:0,(anonymous_11)
FNDA:0,(anonymous_12)
FNDA:0,(anonymous_13)
FNDA:0,(anonymous_14)
DA:1,0
DA:2,0
DA:3,0
DA:4,0
DA:5,0
DA:6,0
DA:7,0
DA:8,0
DA:9,0
DA:13,0
DA:14,0
DA:16,0
DA:17,0
DA:18,0
DA:21,0
DA:24,0
DA:26,0
DA:28,0
DA:30,0
DA:31,0
DA:33,0
DA:37,0
DA:44,0
DA:48,0
DA:49,0
DA:51,0
DA:54,0
DA:55,0
DA:57,0
DA:60,0
DA:62,0
DA:63,0
DA:64,0
DA:67,0
DA:70,0
DA:72,0
DA:73,0
DA:77,0
DA:78,0
DA:82,0
DA:97,0
DA:98,0
DA:102,0
DA:105,0
DA:106,0
DA:107,0
DA:108,0
DA:110,0
DA:128,0
DA:131,0
DA:132,0
DA:136,0
DA:137,0
DA:140,0
DA:146,0
DA:149,0
DA:150,0
DA:151,0
DA:152,0
DA:155,0
DA:157,0
DA:158,0
DA:159,0
DA:163,0
DA:164,0
DA:168,0
DA:169,0
DA:173,0
DA:174,0
DA:175,0
DA:176,0
DA:177,0
DA:180,0
DA:181,0
DA:184,0
DA:187,0
DA:188,0
DA:192,0
DA:193,0
DA:194,0
DA:196,0
DA:199,0
DA:215,0
DA:216,0
DA:221,0
DA:222,0
DA:223,0
DA:225,0
DA:226,0
DA:230,0
DA:233,0
DA:234,0
DA:235,0
DA:236,0
DA:240,0
DA:242,0
DA:244,0
DA:245,0
DA:246,0
DA:247,0
DA:248,0
DA:253,0
DA:254,0
DA:255,0
DA:259,0
DA:260,0
DA:263,0
DA:266,0
DA:269,0
DA:277,0
DA:279,0
DA:282,0
DA:284,0
DA:285,0
DA:287,0
DA:289,0
DA:290,0
DA:291,0
DA:292,0
DA:295,0
DA:296,0
DA:297,0
DA:300,0
DA:301,0
DA:312,0
DA:313,0
DA:314,0
DA:318,0
DA:322,0
DA:323,0
DA:325,0
DA:326,0
DA:329,0
DA:339,0
DA:345,0
DA:346,0
DA:350,0
DA:354,0
DA:355,0
DA:358,0
DA:359,0
DA:360,0
DA:372,0
DA:378,0
DA:384,0
DA:385,0
DA:390,0
DA:399,0
DA:403,0
DA:406,0
DA:407,0
DA:412,0
DA:413,0
DA:414,0
DA:417,0
DA:420,0
DA:422,0
DA:442,0
DA:444,0
DA:445,0
DA:448,0
DA:453,0
DA:454,0
DA:455,0
DA:457,0
DA:458,0
DA:459,0
DA:465,0
DA:467,0
DA:476,0
DA:482,0
DA:483,0
DA:488,0
DA:489,0
DA:490,0
DA:493,0
DA:494,0
DA:497,0
DA:498,0
DA:502,0
DA:503,0
DA:504,0
DA:508,0
DA:512,0
DA:513,0
DA:520,0
DA:523,0
DA:524,0
DA:525,0
DA:527,0
DA:529,0
DA:547,0
DA:549,0
DA:550,0
DA:553,0
DA:558,0
DA:559,0
DA:561,0
DA:563,0
DA:571,0
DA:572,0
DA:576,0
LF:202
LH:0
BRDA:14,0,0,0
BRDA:14,0,1,0
BRDA:16,1,0,0
BRDA:16,1,1,0
BRDA:48,2,0,0
BRDA:48,2,1,0
BRDA:48,3,0,0
BRDA:48,3,1,0
BRDA:54,4,0,0
BRDA:54,4,1,0
BRDA:54,5,0,0
BRDA:54,5,1,0
BRDA:63,6,0,0
BRDA:63,6,1,0
BRDA:67,7,0,0
BRDA:72,8,0,0
BRDA:72,8,1,0
BRDA:77,9,0,0
BRDA:77,9,1,0
BRDA:84,10,0,0
BRDA:84,10,1,0
BRDA:88,11,0,0
BRDA:88,11,1,0
BRDA:89,12,0,0
BRDA:89,12,1,0
BRDA:97,13,0,0
BRDA:97,13,1,0
BRDA:97,14,0,0
BRDA:97,14,1,0
BRDA:115,15,0,0
BRDA:115,15,1,0
BRDA:117,16,0,0
BRDA:117,16,1,0
BRDA:118,17,0,0
BRDA:118,17,1,0
BRDA:131,18,0,0
BRDA:131,18,1,0
BRDA:136,19,0,0
BRDA:136,19,1,0
BRDA:136,20,0,0
BRDA:136,20,1,0
BRDA:151,21,0,0
BRDA:151,21,1,0
BRDA:158,22,0,0
BRDA:158,22,1,0
BRDA:163,23,0,0
BRDA:163,23,1,0
BRDA:163,24,0,0
BRDA:163,24,1,0
BRDA:163,24,2,0
BRDA:163,24,3,0
BRDA:168,25,0,0
BRDA:168,25,1,0
BRDA:180,26,0,0
BRDA:180,26,1,0
BRDA:180,27,0,0
BRDA:180,27,1,0
BRDA:180,27,2,0
BRDA:187,28,0,0
BRDA:187,28,1,0
BRDA:187,29,0,0
BRDA:187,29,1,0
BRDA:225,30,0,0
BRDA:225,30,1,0
BRDA:234,31,0,0
BRDA:234,31,1,0
BRDA:242,32,0,0
BRDA:242,32,1,0
BRDA:242,32,2,0
BRDA:242,32,3,0
BRDA:242,32,4,0
BRDA:242,32,5,0
BRDA:242,32,6,0
BRDA:246,33,0,0
BRDA:246,33,1,0
BRDA:277,34,0,0
BRDA:277,34,1,0
BRDA:277,35,0,0
BRDA:277,35,1,0
BRDA:287,36,0,0
BRDA:287,36,1,0
BRDA:292,37,0,0
BRDA:292,37,1,0
BRDA:300,38,0,0
BRDA:300,38,1,0
BRDA:305,39,0,0
BRDA:305,39,1,0
BRDA:306,40,0,0
BRDA:306,40,1,0
BRDA:313,41,0,0
BRDA:313,41,1,0
BRDA:325,42,0,0
BRDA:325,42,1,0
BRDA:325,43,0,0
BRDA:325,43,1,0
BRDA:325,43,2,0
BRDA:325,43,3,0
BRDA:330,44,0,0
BRDA:330,44,1,0
BRDA:345,45,0,0
BRDA:345,45,1,0
BRDA:359,46,0,0
BRDA:359,46,1,0
BRDA:359,47,0,0
BRDA:359,47,1,0
BRDA:367,48,0,0
BRDA:367,48,1,0
BRDA:384,49,0,0
BRDA:384,49,1,0
BRDA:433,50,0,0
BRDA:433,50,1,0
BRDA:444,51,0,0
BRDA:444,51,1,0
BRDA:455,52,0,0
BRDA:458,53,0,0
BRDA:458,53,1,0
BRDA:493,54,0,0
BRDA:493,54,1,0
BRDA:497,55,0,0
BRDA:497,55,1,0
BRDA:503,56,0,0
BRDA:503,56,1,0
BRDA:509,57,0,0
BRDA:509,57,1,0
BRDA:512,58,0,0
BRDA:512,58,1,0
BRDA:523,59,0,0
BRDA:523,59,1,0
BRDA:549,60,0,0
BRDA:549,60,1,0
BRF:130
BRH:0
end_of_record
TN:
SF:routes/products.js
FN:12,getUserCurrency
FN:23,enhanceProductWithCurrency
FN:41,(anonymous_2)
FN:153,(anonymous_3)
FN:191,(anonymous_4)
FN:197,(anonymous_5)
FN:199,(anonymous_6)
FN:222,(anonymous_7)
FN:245,(anonymous_8)
FN:267,(anonymous_9)
FN:268,(anonymous_10)
FN:288,(anonymous_11)
FN:315,(anonymous_12)
FN:344,(anonymous_13)
FN:382,(anonymous_14)
FN:383,(anonymous_15)
FN:383,(anonymous_16)
FN:387,(anonymous_17)
FN:408,(anonymous_18)
FN:426,(anonymous_19)
FN:444,(anonymous_20)
FN:538,(anonymous_21)
FN:565,(anonymous_22)
FN:589,(anonymous_23)
FN:625,(anonymous_24)
FN:658,(anonymous_25)
FN:696,(anonymous_26)
FN:735,(anonymous_27)
FNF:28
FNH:0
FNDA:0,getUserCurrency
FNDA:0,enhanceProductWithCurrency
FNDA:0,(anonymous_2)
FNDA:0,(anonymous_3)
FNDA:0,(anonymous_4)
FNDA:0,(anonymous_5)
FNDA:0,(anonymous_6)
FNDA:0,(anonymous_7)
FNDA:0,(anonymous_8)
FNDA:0,(anonymous_9)
FNDA:0,(anonymous_10)
FNDA:0,(anonymous_11)
FNDA:0,(anonymous_12)
FNDA:0,(anonymous_13)
FNDA:0,(anonymous_14)
FNDA:0,(anonymous_15)
FNDA:0,(anonymous_16)
FNDA:0,(anonymous_17)
FNDA:0,(anonymous_18)
FNDA:0,(anonymous_19)
FNDA:0,(anonymous_20)
FNDA:0,(anonymous_21)
FNDA:0,(anonymous_22)
FNDA:0,(anonymous_23)
FNDA:0,(anonymous_24)
FNDA:0,(anonymous_25)
FNDA:0,(anonymous_26)
FNDA:0,(anonymous_27)
DA:1,0
DA:2,0
DA:3,0
DA:4,0
DA:5,0
DA:6,0
DA:7,0
DA:8,0
DA:9,0
DA:14,0
DA:15,0
DA:18,0
DA:19,0
DA:24,0
DA:27,0
DA:28,0
DA:32,0
DA:41,0
DA:42,0
DA:56,0
DA:59,0
DA:62,0
DA:63,0
DA:67,0
DA:68,0
DA:72,0
DA:73,0
DA:74,0
DA:77,0
DA:78,0
DA:79,0
DA:82,0
DA:83,0
DA:84,0
DA:87,0
DA:88,0
DA:89,0
DA:93,0
DA:94,0
DA:95,0
DA:96,0
DA:100,0
DA:101,0
DA:105,0
DA:106,0
DA:108,0
DA:109,0
DA:111,0
DA:112,0
DA:114,0
DA:115,0
DA:117,0
DA:118,0
DA:120,0
DA:121,0
DA:124,0
DA:125,0
DA:129,0
DA:130,0
DA:133,0
DA:134,0
DA:135,0
DA:138,0
DA:145,0
DA:146,0
DA:149,0
DA:150,0
DA:153,0
DA:154,0
DA:155,0
DA:158,0
DA:185,0
DA:186,0
DA:191,0
DA:192,0
DA:194,0
DA:196,0
DA:197,0
DA:198,0
DA:199,0
DA:200,0
DA:205,0
DA:207,0
DA:212,0
DA:213,0
DA:222,0
DA:223,0
DA:224,0
DA:226,0
DA:227,0
DA:233,0
DA:234,0
DA:235,0
DA:238,0
DA:245,0
DA:246,0
DA:247,0
DA:248,0
DA:249,0
DA:259,0
DA:266,0
DA:267,0
DA:268,0
DA:269,0
DA:270,0
DA:271,0
DA:281,0
DA:288,0
DA:289,0
DA:290,0
DA:291,0
DA:293,0
DA:294,0
DA:304,0
DA:315,0
DA:316,0
DA:317,0
DA:318,0
DA:319,0
DA:329,0
DA:335,0
DA:336,0
DA:344,0
DA:345,0
DA:346,0
DA:348,0
DA:349,0
DA:353,0
DA:361,0
DA:364,0
DA:366,0
DA:374,0
DA:381,0
DA:382,0
DA:383,0
DA:387,0
DA:389,0
DA:402,0
DA:403,0
DA:408,0
DA:409,0
DA:410,0
DA:424,0
DA:426,0
DA:438,0
DA:439,0
DA:444,0
DA:445,0
DA:446,0
DA:448,0
DA:449,0
DA:450,0
DA:453,0
DA:508,0
DA:516,0
DA:532,0
DA:533,0
DA:538,0
DA:539,0
DA:540,0
DA:541,0
DA:543,0
DA:544,0
DA:545,0
DA:549,0
DA:560,0
DA:565,0
DA:567,0
DA:583,0
DA:584,0
DA:589,0
DA:590,0
DA:591,0
DA:593,0
DA:595,0
DA:596,0
DA:606,0
DA:618,0
DA:619,0
DA:621,0
DA:625,0
DA:635,0
DA:636,0
DA:641,0
DA:659,0
DA:660,0
DA:661,0
DA:662,0
DA:665,0
DA:668,0
DA:669,0
DA:676,0
DA:677,0
DA:678,0
DA:681,0
DA:683,0
DA:690,0
DA:691,0
DA:696,0
DA:697,0
DA:698,0
DA:699,0
DA:702,0
DA:703,0
DA:704,0
DA:706,0
DA:712,0
DA:713,0
DA:722,0
DA:729,0
DA:730,0
DA:735,0
DA:736,0
DA:737,0
DA:739,0
DA:745,0
DA:746,0
DA:755,0
DA:766,0
DA:767,0
DA:771,0
LF:221
LH:0
BRDA:14,0,0,0
BRDA:14,0,1,0
BRDA:15,1,0,0
BRDA:15,1,1,0
BRDA:18,2,0,0
BRDA:18,2,1,0
BRDA:23,3,0,0
BRDA:24,4,0,0
BRDA:24,4,1,0
BRDA:27,5,0,0
BRDA:27,5,1,0
BRDA:27,6,0,0
BRDA:27,6,1,0
BRDA:28,7,0,0
BRDA:28,7,1,0
BRDA:28,8,0,0
BRDA:28,8,1,0
BRDA:53,9,0,0
BRDA:54,10,0,0
BRDA:55,11,0,0
BRDA:62,12,0,0
BRDA:62,12,1,0
BRDA:67,13,0,0
BRDA:67,13,1,0
BRDA:72,14,0,0
BRDA:72,14,1,0
BRDA:73,15,0,0
BRDA:73,15,1,0
BRDA:77,16,0,0
BRDA:77,16,1,0
BRDA:78,17,0,0
BRDA:78,17,1,0
BRDA:82,18,0,0
BRDA:82,18,1,0
BRDA:83,19,0,0
BRDA:83,19,1,0
BRDA:87,20,0,0
BRDA:87,20,1,0
BRDA:88,21,0,0
BRDA:88,21,1,0
BRDA:93,22,0,0
BRDA:93,22,1,0
BRDA:93,23,0,0
BRDA:93,23,1,0
BRDA:95,24,0,0
BRDA:95,24,1,0
BRDA:96,25,0,0
BRDA:96,25,1,0
BRDA:100,26,0,0
BRDA:100,26,1,0
BRDA:106,27,0,0
BRDA:106,27,1,0
BRDA:106,27,2,0
BRDA:106,27,3,0
BRDA:106,27,4,0
BRDA:106,27,5,0
BRDA:106,27,6,0
BRDA:129,28,0,0
BRDA:129,28,1,0
BRDA:150,29,0,0
BRDA:150,29,1,0
BRDA:198,30,0,0
BRDA:198,30,1,0
BRDA:198,31,0,0
BRDA:198,31,1,0
BRDA:200,32,0,0
BRDA:200,32,1,0
BRDA:226,33,0,0
BRDA:226,33,1,0
BRDA:226,34,0,0
BRDA:226,34,1,0
BRDA:247,35,0,0
BRDA:247,35,1,0
BRDA:269,36,0,0
BRDA:269,36,1,0
BRDA:269,37,0,0
BRDA:269,37,1,0
BRDA:290,38,0,0
BRDA:290,38,1,0
BRDA:298,39,0,0
BRDA:298,39,1,0
BRDA:317,40,0,0
BRDA:317,40,1,0
BRDA:346,41,0,0
BRDA:348,42,0,0
BRDA:348,42,1,0
BRDA:364,43,0,0
BRDA:364,43,1,0
BRDA:449,44,0,0
BRDA:449,44,1,0
BRDA:508,45,0,0
BRDA:508,45,1,0
BRDA:524,46,0,0
BRDA:524,46,1,0
BRDA:525,47,0,0
BRDA:525,47,1,0
BRDA:528,48,0,0
BRDA:528,48,1,0
BRDA:541,49,0,0
BRDA:544,50,0,0
BRDA:544,50,1,0
BRDA:554,51,0,0
BRDA:554,51,1,0
BRDA:555,52,0,0
BRDA:555,52,1,0
BRDA:556,53,0,0
BRDA:556,53,1,0
BRDA:595,54,0,0
BRDA:595,54,1,0
BRDA:610,55,0,0
BRDA:610,55,1,0
BRDA:619,56,0,0
BRDA:619,56,1,0
BRDA:661,57,0,0
BRDA:661,57,1,0
BRDA:668,58,0,0
BRDA:668,58,1,0
BRDA:677,59,0,0
BRDA:677,59,1,0
BRDA:712,60,0,0
BRDA:712,60,1,0
BRDA:745,61,0,0
BRDA:745,61,1,0
BRF:123
BRH:0
end_of_record
TN:
SF:routes/reviews.js
FN:34,(anonymous_0)
FN:120,(anonymous_1)
FN:164,(anonymous_2)
FN:195,(anonymous_3)
FN:214,(anonymous_4)
FN:250,(anonymous_5)
FNF:6
FNH:0
FNDA:0,(anonymous_0)
FNDA:0,(anonymous_1)
FNDA:0,(anonymous_2)
FNDA:0,(anonymous_3)
FNDA:0,(anonymous_4)
FNDA:0,(anonymous_5)
DA:1,0
DA:2,0
DA:3,0
DA:4,0
DA:5,0
DA:6,0
DA:7,0
DA:8,0
DA:9,0
DA:12,0
DA:27,0
DA:34,0
DA:35,0
DA:37,0
DA:38,0
DA:39,0
DA:46,0
DA:47,0
DA:48,0
DA:51,0
DA:52,0
DA:53,0
DA:60,0
DA:61,0
DA:62,0
DA:67,0
DA:74,0
DA:84,0
DA:86,0
DA:102,0
DA:105,0
DA:106,0
DA:112,0
DA:120,0
DA:121,0
DA:123,0
DA:124,0
DA:125,0
DA:132,0
DA:133,0
DA:134,0
DA:135,0
DA:138,0
DA:139,0
DA:140,0
DA:147,0
DA:154,0
DA:160,0
DA:162,0
DA:164,0
DA:186,0
DA:187,0
DA:195,0
DA:196,0
DA:197,0
DA:198,0
DA:199,0
DA:200,0
DA:203,0
DA:210,0
DA:212,0
DA:214,0
DA:239,0
DA:240,0
DA:248,0
DA:251,0
DA:253,0
DA:254,0
DA:255,0
DA:262,0
DA:263,0
DA:266,0
DA:267,0
DA:268,0
DA:275,0
DA:277,0
DA:279,0
DA:280,0
DA:290,0
DA:291,0
DA:302,0
DA:303,0
DA:310,0
LF:83
LH:0
BRDA:38,0,0,0
BRDA:38,0,1,0
BRDA:48,1,0,0
BRDA:48,1,1,0
BRDA:52,2,0,0
BRDA:52,2,1,0
BRDA:61,3,0,0
BRDA:61,3,1,0
BRDA:69,4,0,0
BRDA:69,4,1,0
BRDA:105,5,0,0
BRDA:105,5,1,0
BRDA:124,6,0,0
BRDA:124,6,1,0
BRDA:133,7,0,0
BRDA:133,7,1,0
BRDA:134,8,0,0
BRDA:134,8,1,0
BRDA:139,9,0,0
BRDA:139,9,1,0
BRDA:198,10,0,0
BRDA:198,10,1,0
BRDA:199,11,0,0
BRDA:199,11,1,0
BRDA:254,12,0,0
BRDA:254,12,1,0
BRDA:267,13,0,0
BRDA:267,13,1,0
BRDA:277,14,0,0
BRDA:277,14,1,0
BRF:30
BRH:0
end_of_record
TN:
SF:routes/settings.js
FN:11,(anonymous_0)
FN:31,(anonymous_1)
FN:50,(anonymous_2)
FN:76,(anonymous_3)
FN:82,(anonymous_4)
FN:96,(anonymous_5)
FN:106,(anonymous_6)
FN:133,(anonymous_7)
FN:198,(anonymous_8)
FN:252,(anonymous_9)
FN:285,(anonymous_10)
FN:311,(anonymous_11)
FN:345,(anonymous_12)
FN:433,(anonymous_13)
FN:449,(anonymous_14)
FNF:15
FNH:0
FNDA:0,(anonymous_0)
FNDA:0,(anonymous_1)
FNDA:0,(anonymous_2)
FNDA:0,(anonymous_3)
FNDA:0,(anonymous_4)
FNDA:0,(anonymous_5)
FNDA:0,(anonymous_6)
FNDA:0,(anonymous_7)
FNDA:0,(anonymous_8)
FNDA:0,(anonymous_9)
FNDA:0,(anonymous_10)
FNDA:0,(anonymous_11)
FNDA:0,(anonymous_12)
FNDA:0,(anonymous_13)
FNDA:0,(anonymous_14)
DA:1,0
DA:2,0
DA:3,0
DA:4,0
DA:5,0
DA:6,0
DA:7,0
DA:8,0
DA:11,0
DA:12,0
DA:13,0
DA:15,0
DA:25,0
DA:26,0
DA:31,0
DA:32,0
DA:33,0
DA:36,0
DA:37,0
DA:38,0
DA:40,0
DA:41,0
DA:44,0
DA:49,0
DA:50,0
DA:51,0
DA:52,0
DA:54,0
DA:57,0
DA:70,0
DA:71,0
DA:76,0
DA:77,0
DA:78,0
DA:81,0
DA:83,0
DA:84,0
DA:85,0
DA:94,0
DA:96,0
DA:100,0
DA:101,0
DA:106,0
DA:107,0
DA:108,0
DA:110,0
DA:114,0
DA:115,0
DA:118,0
DA:124,0
DA:125,0
DA:130,0
DA:134,0
DA:135,0
DA:136,0
DA:137,0
DA:140,0
DA:141,0
DA:142,0
DA:144,0
DA:145,0
DA:146,0
DA:150,0
DA:151,0
DA:152,0
DA:156,0
DA:159,0
DA:160,0
DA:163,0
DA:172,0
DA:173,0
DA:176,0
DA:178,0
DA:190,0
DA:191,0
DA:196,0
DA:199,0
DA:200,0
DA:201,0
DA:202,0
DA:205,0
DA:206,0
DA:207,0
DA:209,0
DA:210,0
DA:211,0
DA:214,0
DA:215,0
DA:217,0
DA:229,0
DA:230,0
DA:235,0
DA:253,0
DA:254,0
DA:255,0
DA:256,0
DA:259,0
DA:265,0
DA:266,0
DA:267,0
DA:270,0
DA:272,0
DA:279,0
DA:280,0
DA:285,0
DA:286,0
DA:287,0
DA:289,0
DA:290,0
DA:291,0
DA:294,0
DA:305,0
DA:306,0
DA:311,0
DA:312,0
DA:313,0
DA:315,0
DA:316,0
DA:317,0
DA:320,0
DA:321,0
DA:322,0
DA:324,0
DA:334,0
DA:335,0
DA:340,0
DA:346,0
DA:347,0
DA:348,0
DA:349,0
DA:352,0
DA:353,0
DA:355,0
DA:356,0
DA:357,0
DA:360,0
DA:361,0
DA:362,0
DA:363,0
DA:364,0
DA:365,0
DA:369,0
DA:370,0
DA:371,0
DA:372,0
DA:375,0
DA:376,0
DA:377,0
DA:380,0
DA:388,0
DA:389,0
DA:392,0
DA:394,0
DA:395,0
DA:398,0
DA:407,0
DA:411,0
DA:427,0
DA:428,0
DA:433,0
DA:434,0
DA:435,0
DA:437,0
DA:438,0
DA:439,0
DA:442,0
DA:445,0
DA:446,0
DA:449,0
DA:464,0
DA:469,0
DA:473,0
DA:474,0
DA:478,0
LF:174
LH:0
BRDA:37,0,0,0
BRDA:37,0,1,0
BRDA:40,1,0,0
BRDA:40,1,1,0
BRDA:51,2,0,0
BRDA:51,2,1,0
BRDA:114,3,0,0
BRDA:114,3,1,0
BRDA:136,4,0,0
BRDA:136,4,1,0
BRDA:145,5,0,0
BRDA:145,5,1,0
BRDA:151,6,0,0
BRDA:151,6,1,0
BRDA:168,7,0,0
BRDA:168,7,1,0
BRDA:172,8,0,0
BRDA:172,8,1,0
BRDA:201,9,0,0
BRDA:201,9,1,0
BRDA:210,10,0,0
BRDA:210,10,1,0
BRDA:215,11,0,0
BRDA:215,11,1,0
BRDA:255,12,0,0
BRDA:255,12,1,0
BRDA:266,13,0,0
BRDA:266,13,1,0
BRDA:290,14,0,0
BRDA:290,14,1,0
BRDA:316,15,0,0
BRDA:316,15,1,0
BRDA:326,16,0,0
BRDA:326,16,1,0
BRDA:348,17,0,0
BRDA:348,17,1,0
BRDA:363,18,0,0
BRDA:363,18,1,0
BRDA:370,19,0,0
BRDA:370,19,1,0
BRDA:385,20,0,0
BRDA:385,20,1,0
BRDA:388,21,0,0
BRDA:388,21,1,0
BRDA:394,22,0,0
BRDA:394,22,1,0
BRDA:435,23,0,0
BRDA:438,24,0,0
BRDA:438,24,1,0
BRDA:445,25,0,0
BRDA:445,25,1,0
BRF:51
BRH:0
end_of_record
TN:
SF:routes/wholesalers.js
FN:8,(anonymous_0)
FN:24,(anonymous_1)
FN:55,(anonymous_2)
FN:85,(anonymous_3)
FN:95,(anonymous_4)
FN:102,(anonymous_5)
FN:103,(anonymous_6)
FN:127,(anonymous_7)
FN:139,(anonymous_8)
FNF:9
FNH:0
FNDA:0,(anonymous_0)
FNDA:0,(anonymous_1)
FNDA:0,(anonymous_2)
FNDA:0,(anonymous_3)
FNDA:0,(anonymous_4)
FNDA:0,(anonymous_5)
FNDA:0,(anonymous_6)
FNDA:0,(anonymous_7)
FNDA:0,(anonymous_8)
DA:1,0
DA:2,0
DA:3,0
DA:4,0
DA:8,0
DA:9,0
DA:24,0
DA:25,0
DA:26,0
DA:28,0
DA:29,0
DA:40,0
DA:46,0
DA:55,0
DA:56,0
DA:57,0
DA:58,0
DA:60,0
DA:61,0
DA:70,0
DA:76,0
DA:85,0
DA:86,0
DA:87,0
DA:95,0
DA:102,0
DA:103,0
DA:110,0
DA:118,0
DA:127,0
DA:128,0
DA:129,0
DA:130,0
DA:132,0
DA:133,0
DA:139,0
DA:147,0
DA:155,0
DA:162,0
LF:39
LH:0
BRDA:28,0,0,0
BRDA:28,0,1,0
BRDA:34,1,0,0
BRDA:34,1,1,0
BRDA:35,2,0,0
BRDA:35,2,1,0
BRDA:36,3,0,0
BRDA:36,3,1,0
BRDA:60,4,0,0
BRDA:60,4,1,0
BRDA:63,5,0,0
BRDA:63,5,1,0
BRDA:66,6,0,0
BRDA:66,6,1,0
BRDA:102,7,0,0
BRDA:102,7,1,0
BRDA:132,8,0,0
BRDA:132,8,1,0
BRF:18
BRH:0
end_of_record
TN:
SF:utils/currency.js
FN:45,convertPrice
FN:71,formatPrice
FN:91,getCurrencyForLocale
FN:99,getExchangeRates
FN:111,calculateAllPrices
FN:114,(anonymous_5)
FN:126,getCurrencySymbol
FNF:7
FNH:1
FNDA:0,convertPrice
FNDA:20,formatPrice
FNDA:0,getCurrencyForLocale
FNDA:0,getExchangeRates
FNDA:0,calculateAllPrices
FNDA:0,(anonymous_5)
FNDA:0,getCurrencySymbol
DA:5,1
DA:16,1
DA:27,1
DA:46,0
DA:47,0
DA:51,0
DA:54,0
DA:57,0
DA:58,0
DA:61,0
DA:72,20
DA:73,20
DA:81,0
DA:82,0
DA:92,0
DA:102,0
DA:112,0
DA:114,0
DA:115,0
DA:118,0
DA:127,0
DA:130,1
LF:22
LH:6
BRDA:45,0,0,0
BRDA:46,1,0,0
BRDA:46,1,1,0
BRDA:57,2,0,0
BRDA:57,2,1,0
BRDA:71,3,0,20
BRDA:76,4,0,0
BRDA:76,4,1,20
BRDA:77,5,0,0
BRDA:77,5,1,20
BRDA:81,6,0,0
BRDA:81,6,1,0
BRDA:82,7,0,0
BRDA:82,7,1,0
BRDA:92,8,0,0
BRDA:92,8,1,0
BRDA:111,9,0,0
BRDA:127,10,0,0
BRDA:127,10,1,0
BRF:19
BRH:3
end_of_record
TN:
SF:utils/emailService.js
FN:7,(anonymous_0)
FN:518,replacePlaceholders
FN:519,(anonymous_2)
FN:526,(anonymous_3)
FN:531,(anonymous_4)
FN:581,(anonymous_5)
FN:600,(anonymous_6)
FN:661,(anonymous_7)
FN:714,(anonymous_8)
FN:731,(anonymous_9)
FN:750,(anonymous_10)
FN:762,(anonymous_11)
FN:809,(anonymous_12)
FN:818,(anonymous_13)
FN:865,(anonymous_14)
FN:890,(anonymous_15)
FN:914,(anonymous_16)
FN:938,(anonymous_17)
FN:962,(anonymous_18)
FN:986,(anonymous_19)
FNF:20
FNH:20
FNDA:10,(anonymous_0)
FNDA:58,replacePlaceholders
FNDA:58,(anonymous_2)
FNDA:3,(anonymous_3)
FNDA:5,(anonymous_4)
FNDA:5,(anonymous_5)
FNDA:2,(anonymous_6)
FNDA:2,(anonymous_7)
FNDA:1,(anonymous_8)
FNDA:4,(anonymous_9)
FNDA:4,(anonymous_10)
FNDA:1,(anonymous_11)
FNDA:1,(anonymous_12)
FNDA:1,(anonymous_13)
FNDA:2,(anonymous_14)
FNDA:1,(anonymous_15)
FNDA:2,(anonymous_16)
FNDA:1,(anonymous_17)
FNDA:1,(anonymous_18)
FNDA:2,(anonymous_19)
DA:1,1
DA:2,1
DA:3,1
DA:7,1
DA:9,10
DA:10,0
DA:11,0
DA:14,10
DA:26,1
DA:519,58
DA:520,58
DA:525,1
DA:527,3
DA:528,3
DA:529,3
DA:531,3
DA:532,5
DA:535,3
DA:541,3
DA:581,5
DA:601,2
DA:602,2
DA:603,2
DA:605,2
DA:614,2
DA:662,2
DA:663,2
DA:664,2
DA:666,2
DA:673,2
DA:675,2
DA:715,1
DA:716,1
DA:717,1
DA:719,1
DA:721,1
DA:731,4
DA:750,4
DA:763,1
DA:764,1
DA:765,1
DA:767,1
DA:769,1
DA:809,1
DA:810,1
DA:811,1
DA:812,0
DA:815,1
DA:818,1
DA:819,1
DA:822,1
DA:849,1
DA:856,1
DA:857,1
DA:858,1
DA:860,0
DA:865,1
DA:866,2
DA:867,2
DA:868,0
DA:871,2
DA:873,2
DA:881,2
DA:882,2
DA:883,1
DA:885,1
DA:890,1
DA:891,1
DA:892,1
DA:893,0
DA:895,1
DA:897,1
DA:905,1
DA:906,1
DA:907,1
DA:909,0
DA:914,1
DA:915,2
DA:916,2
DA:917,0
DA:919,2
DA:921,2
DA:929,2
DA:930,2
DA:931,2
DA:933,0
DA:938,1
DA:939,1
DA:940,1
DA:941,0
DA:943,1
DA:945,1
DA:953,1
DA:954,1
DA:955,1
DA:957,0
DA:962,1
DA:963,1
DA:964,1
DA:965,0
DA:967,1
DA:969,1
DA:977,1
DA:978,1
DA:979,1
DA:981,0
DA:986,1
DA:987,2
DA:988,2
DA:989,0
DA:992,2
DA:1000,2
DA:1001,2
DA:1002,2
DA:1004,0
DA:1008,1
LF:116
LH:101
BRDA:9,0,0,0
BRDA:9,0,1,10
BRDA:9,1,0,10
BRDA:9,1,1,10
BRDA:520,2,0,58
BRDA:520,2,1,0
BRDA:526,3,0,1
BRDA:527,4,0,3
BRDA:528,5,0,3
BRDA:528,5,1,0
BRDA:532,6,0,5
BRDA:532,6,1,0
BRDA:566,7,0,0
BRDA:566,7,1,3
BRDA:581,8,0,5
BRDA:581,8,1,0
BRDA:600,9,0,1
BRDA:601,10,0,2
BRDA:602,11,0,2
BRDA:602,11,1,0
BRDA:635,12,0,0
BRDA:635,12,1,2
BRDA:661,13,0,0
BRDA:663,14,0,2
BRDA:663,14,1,0
BRDA:673,15,0,2
BRDA:673,15,1,0
BRDA:686,16,0,2
BRDA:686,16,1,0
BRDA:693,17,0,0
BRDA:693,17,1,2
BRDA:703,18,0,2
BRDA:703,18,1,0
BRDA:714,19,0,0
BRDA:716,20,0,1
BRDA:716,20,1,0
BRDA:738,21,0,0
BRDA:738,21,1,1
BRDA:762,22,0,0
BRDA:764,23,0,1
BRDA:764,23,1,0
BRDA:786,24,0,0
BRDA:786,24,1,1
BRDA:811,25,0,0
BRDA:811,25,1,1
BRDA:819,26,0,1
BRDA:819,26,1,0
BRDA:836,27,0,1
BRDA:836,27,1,0
BRDA:841,28,0,1
BRDA:841,28,1,0
BRDA:865,29,0,2
BRDA:867,30,0,0
BRDA:867,30,1,2
BRDA:890,31,0,1
BRDA:892,32,0,0
BRDA:892,32,1,1
BRDA:914,33,0,2
BRDA:916,34,0,0
BRDA:916,34,1,2
BRDA:938,35,0,1
BRDA:940,36,0,0
BRDA:940,36,1,1
BRDA:962,37,0,1
BRDA:964,38,0,0
BRDA:964,38,1,1
BRDA:986,39,0,1
BRDA:988,40,0,0
BRDA:988,40,1,2
BRDA:997,41,0,2
BRDA:997,41,1,1
BRF:71
BRH:41
end_of_record
TN:
SF:utils/errorHandler.js
FN:130,formatError
FN:162,createValidationError
FN:170,(anonymous_2)
FN:183,errorResponse
FN:195,(anonymous_4)
FN:204,(anonymous_5)
FN:222,webhookError
FN:230,initializeErrorHandlers
FNF:8
FNH:0
FNDA:0,formatError
FNDA:0,createValidationError
FNDA:0,(anonymous_2)
FNDA:0,errorResponse
FNDA:0,(anonymous_4)
FNDA:0,(anonymous_5)
FNDA:0,webhookError
FNDA:0,initializeErrorHandlers
DA:10,0
DA:131,0
DA:137,0
DA:139,0
DA:140,0
DA:143,0
DA:144,0
DA:147,0
DA:148,0
DA:151,0
DA:163,0
DA:165,0
DA:170,0
DA:185,0
DA:195,0
DA:196,0
DA:197,0
DA:204,0
DA:205,0
DA:207,0
DA:208,0
DA:210,0
DA:213,0
DA:223,0
DA:231,0
DA:234,0
LF:26
LH:0
BRDA:130,0,0,0
BRDA:130,1,0,0
BRDA:130,2,0,0
BRDA:137,3,0,0
BRDA:137,3,1,0
BRDA:137,4,0,0
BRDA:137,4,1,0
BRDA:143,5,0,0
BRDA:143,5,1,0
BRDA:147,6,0,0
BRDA:147,6,1,0
BRDA:171,7,0,0
BRDA:171,7,1,0
BRDA:185,8,0,0
BRDA:185,8,1,0
BRDA:195,9,0,0
BRDA:195,10,0,0
BRDA:207,11,0,0
BRDA:207,11,1,0
BRDA:207,12,0,0
BRDA:207,12,1,0
BRF:21
BRH:0
end_of_record
TN:
SF:utils/errorRecovery.js
FN:20,(anonymous_0)
FN:32,(anonymous_1)
FN:51,(anonymous_2)
FN:59,(anonymous_3)
FN:70,(anonymous_4)
FN:82,retryWithBackoff
FN:115,(anonymous_6)
FN:124,(anonymous_7)
FN:131,(anonymous_8)
FN:132,(anonymous_9)
FN:134,(anonymous_10)
FN:141,(anonymous_11)
FN:165,(anonymous_12)
FN:178,(anonymous_13)
FN:190,(anonymous_14)
FN:206,(anonymous_15)
FN:213,(anonymous_16)
FN:214,(anonymous_17)
FN:216,(anonymous_18)
FN:223,(anonymous_19)
FN:246,(anonymous_20)
FN:259,(anonymous_21)
FN:272,(anonymous_22)
FN:292,getCircuitBreakerStatus
FNF:24
FNH:0
FNDA:0,(anonymous_0)
FNDA:0,(anonymous_1)
FNDA:0,(anonymous_2)
FNDA:0,(anonymous_3)
FNDA:0,(anonymous_4)
FNDA:0,retryWithBackoff
FNDA:0,(anonymous_6)
FNDA:0,(anonymous_7)
FNDA:0,(anonymous_8)
FNDA:0,(anonymous_9)
FNDA:0,(anonymous_10)
FNDA:0,(anonymous_11)
FNDA:0,(anonymous_12)
FNDA:0,(anonymous_13)
FNDA:0,(anonymous_14)
FNDA:0,(anonymous_15)
FNDA:0,(anonymous_16)
FNDA:0,(anonymous_17)
FNDA:0,(anonymous_18)
FNDA:0,(anonymous_19)
FNDA:0,(anonymous_20)
FNDA:0,(anonymous_21)
FNDA:0,(anonymous_22)
FNDA:0,getCircuitBreakerStatus
DA:1,0
DA:4,0
DA:12,0
DA:21,0
DA:22,0
DA:23,0
DA:24,0
DA:26,0
DA:27,0
DA:28,0
DA:29,0
DA:33,0
DA:34,0
DA:35,0
DA:37,0
DA:38,0
DA:41,0
DA:42,0
DA:43,0
DA:44,0
DA:46,0
DA:47,0
DA:52,0
DA:53,0
DA:54,0
DA:55,0
DA:60,0
DA:61,0
DA:63,0
DA:64,0
DA:65,0
DA:66,0
DA:71,0
DA:83,0
DA:86,0
DA:87,0
DA:88,0
DA:89,0
DA:90,0
DA:92,0
DA:94,0
DA:96,0
DA:97,0
DA:101,0
DA:104,0
DA:109,0
DA:115,0
DA:119,0
DA:125,0
DA:132,0
DA:133,0
DA:134,0
DA:142,0
DA:151,0
DA:153,0
DA:156,0
DA:158,0
DA:162,0
DA:166,0
DA:172,0
DA:179,0
DA:184,0
DA:191,0
DA:197,0
DA:207,0
DA:214,0
DA:215,0
DA:216,0
DA:224,0
DA:232,0
DA:234,0
DA:237,0
DA:239,0
DA:243,0
DA:247,0
DA:253,0
DA:260,0
DA:266,0
DA:273,0
DA:280,0
DA:288,0
DA:289,0
DA:293,0
DA:299,0
LF:84
LH:0
BRDA:20,0,0,0
BRDA:22,1,0,0
BRDA:22,1,1,0
BRDA:23,2,0,0
BRDA:23,2,1,0
BRDA:24,3,0,0
BRDA:24,3,1,0
BRDA:33,4,0,0
BRDA:33,4,1,0
BRDA:34,5,0,0
BRDA:34,5,1,0
BRDA:53,6,0,0
BRDA:53,6,1,0
BRDA:63,7,0,0
BRDA:63,7,1,0
BRDA:82,8,0,0
BRDA:82,9,0,0
BRDA:89,10,0,0
BRDA:89,10,1,0
BRDA:96,11,0,0
BRDA:96,11,1,0
BRDA:151,12,0,0
BRDA:151,12,1,0
BRDA:151,13,0,0
BRDA:151,13,1,0
BRDA:156,14,0,0
BRDA:156,14,1,0
BRDA:232,15,0,0
BRDA:232,15,1,0
BRDA:232,16,0,0
BRDA:232,16,1,0
BRDA:237,17,0,0
BRDA:237,17,1,0
BRDA:237,18,0,0
BRDA:237,18,1,0
BRF:35
BRH:0
end_of_record
TN:
SF:utils/i18n.js
FN:273,getErrorMessage
FN:281,i18nMiddleware
FN:286,(anonymous_2)
FN:299,getSupportedLocales
FN:306,isLocaleSupported
FNF:5
FNH:1
FNDA:7,getErrorMessage
FNDA:0,i18nMiddleware
FNDA:0,(anonymous_2)
FNDA:0,getSupportedLocales
FNDA:0,isLocaleSupported
DA:9,1
DA:274,7
DA:275,7
DA:283,0
DA:286,0
DA:287,0
DA:290,0
DA:291,0
DA:293,0
DA:300,0
DA:307,0
DA:310,1
LF:12
LH:4
BRDA:273,0,0,0
BRDA:273,1,0,0
BRDA:274,2,0,7
BRDA:274,2,1,0
BRDA:275,3,0,7
BRDA:275,3,1,3
BRDA:275,3,2,0
BRDA:275,3,3,0
BRDA:283,4,0,0
BRDA:283,4,1,0
BRDA:283,4,2,0
BRF:11
BRH:3
end_of_record
TN:
SF:utils/inputSanitizer.js
FN:33,isValidObjectId
FN:51,sanitizeObjectId
FN:72,sanitizeValue
FN:90,(anonymous_3)
FN:129,sanitizeQuery
FN:142,(anonymous_5)
FN:161,sanitizeBody
FN:175,validateAllowedOperators
FN:200,createSafeMatchStage
FN:221,(anonymous_9)
FN:241,sanitizeInputMiddleware
FN:293,validateObjectIdParam
FN:294,(anonymous_12)
FN:328,isObjectId
FN:337,sanitizeSearchQuery
FNF:15
FNH:0
FNDA:0,isValidObjectId
FNDA:0,sanitizeObjectId
FNDA:0,sanitizeValue
FNDA:0,(anonymous_3)
FNDA:0,sanitizeQuery
FNDA:0,(anonymous_5)
FNDA:0,sanitizeBody
FNDA:0,validateAllowedOperators
FNDA:0,createSafeMatchStage
FNDA:0,(anonymous_9)
FNDA:0,sanitizeInputMiddleware
FNDA:0,validateObjectIdParam
FNDA:0,(anonymous_12)
FNDA:0,isObjectId
FNDA:0,sanitizeSearchQuery
DA:1,0
DA:11,0
DA:34,0
DA:35,0
DA:39,0
DA:40,0
DA:43,0
DA:52,0
DA:53,0
DA:57,0
DA:59,0
DA:60,0
DA:63,0
DA:73,0
DA:74,0
DA:78,0
DA:79,0
DA:83,0
DA:85,0
DA:86,0
DA:88,0
DA:90,0
DA:91,0
DA:92,0
DA:96,0
DA:98,0
DA:99,0
DA:101,0
DA:103,0
DA:105,0
DA:106,0
DA:108,0
DA:109,0
DA:113,0
DA:117,0
DA:118,0
DA:121,0
DA:130,0
DA:131,0
DA:134,0
DA:136,0
DA:137,0
DA:138,0
DA:141,0
DA:142,0
DA:144,0
DA:148,0
DA:153,0
DA:162,0
DA:163,0
DA:166,0
DA:176,0
DA:177,0
DA:180,0
DA:181,0
DA:182,0
DA:185,0
DA:186,0
DA:187,0
DA:192,0
DA:201,0
DA:202,0
DA:205,0
DA:207,0
DA:208,0
DA:209,0
DA:212,0
DA:214,0
DA:215,0
DA:217,0
DA:218,0
DA:219,0
DA:220,0
DA:221,0
DA:222,0
DA:225,0
DA:226,0
DA:232,0
DA:242,0
DA:244,0
DA:245,0
DA:249,0
DA:250,0
DA:254,0
DA:255,0
DA:256,0
DA:257,0
DA:260,0
DA:261,0
DA:262,0
DA:263,0
DA:271,0
DA:277,0
DA:279,0
DA:294,0
DA:295,0
DA:297,0
DA:298,0
DA:307,0
DA:308,0
DA:309,0
DA:318,0
DA:319,0
DA:329,0
DA:338,0
DA:339,0
DA:343,0
DA:346,0
LF:108
LH:0
BRDA:34,0,0,0
BRDA:34,0,1,0
BRDA:39,1,0,0
BRDA:39,1,1,0
BRDA:52,2,0,0
BRDA:52,2,1,0
BRDA:59,3,0,0
BRDA:59,3,1,0
BRDA:72,4,0,0
BRDA:73,5,0,0
BRDA:73,5,1,0
BRDA:73,6,0,0
BRDA:73,6,1,0
BRDA:78,7,0,0
BRDA:78,7,1,0
BRDA:78,8,0,0
BRDA:78,8,1,0
BRDA:78,8,2,0
BRDA:83,9,0,0
BRDA:83,9,1,0
BRDA:85,10,0,0
BRDA:85,10,1,0
BRDA:96,11,0,0
BRDA:96,11,1,0
BRDA:98,12,0,0
BRDA:98,12,1,0
BRDA:106,13,0,0
BRDA:106,13,1,0
BRDA:108,14,0,0
BRDA:108,14,1,0
BRDA:130,15,0,0
BRDA:130,15,1,0
BRDA:130,16,0,0
BRDA:130,16,1,0
BRDA:137,17,0,0
BRDA:137,17,1,0
BRDA:141,18,0,0
BRDA:141,18,1,0
BRDA:144,19,0,0
BRDA:144,19,1,0
BRDA:148,20,0,0
BRDA:148,20,1,0
BRDA:162,21,0,0
BRDA:162,21,1,0
BRDA:162,22,0,0
BRDA:162,22,1,0
BRDA:175,23,0,0
BRDA:176,24,0,0
BRDA:176,24,1,0
BRDA:176,25,0,0
BRDA:176,25,1,0
BRDA:181,26,0,0
BRDA:181,26,1,0
BRDA:181,27,0,0
BRDA:181,27,1,0
BRDA:185,28,0,0
BRDA:185,28,1,0
BRDA:185,29,0,0
BRDA:185,29,1,0
BRDA:186,30,0,0
BRDA:186,30,1,0
BRDA:201,31,0,0
BRDA:201,31,1,0
BRDA:201,32,0,0
BRDA:201,32,1,0
BRDA:208,33,0,0
BRDA:208,33,1,0
BRDA:208,34,0,0
BRDA:208,34,1,0
BRDA:212,35,0,0
BRDA:212,35,1,0
BRDA:212,36,0,0
BRDA:212,36,1,0
BRDA:212,36,2,0
BRDA:212,36,3,0
BRDA:215,37,0,0
BRDA:215,37,1,0
BRDA:215,38,0,0
BRDA:215,38,1,0
BRDA:215,38,2,0
BRDA:218,39,0,0
BRDA:218,39,1,0
BRDA:219,40,0,0
BRDA:219,40,1,0
BRDA:220,41,0,0
BRDA:220,41,1,0
BRDA:220,42,0,0
BRDA:220,42,1,0
BRDA:222,43,0,0
BRDA:222,43,1,0
BRDA:222,43,2,0
BRDA:225,44,0,0
BRDA:225,44,1,0
BRDA:244,45,0,0
BRDA:244,45,1,0
BRDA:249,46,0,0
BRDA:249,46,1,0
BRDA:254,47,0,0
BRDA:254,47,1,0
BRDA:256,48,0,0
BRDA:256,48,1,0
BRDA:260,49,0,0
BRDA:260,49,1,0
BRDA:262,50,0,0
BRDA:262,50,1,0
BRDA:293,51,0,0
BRDA:297,52,0,0
BRDA:297,52,1,0
BRDA:308,53,0,0
BRDA:308,53,1,0
BRDA:338,54,0,0
BRDA:338,54,1,0
BRF:112
BRH:0
end_of_record
TN:
SF:utils/logger.js
FN:30,(anonymous_0)
FNF:1
FNH:0
FNDA:0,(anonymous_0)
DA:1,0
DA:2,0
DA:5,0
DA:14,0
DA:23,0
DA:26,0
DA:30,0
DA:35,0
DA:63,0
DA:71,0
DA:91,0
DA:111,0
DA:131,0
LF:13
LH:0
BRDA:64,0,0,0
BRDA:64,0,1,0
BRDA:72,1,0,0
BRDA:72,1,1,0
BRDA:92,2,0,0
BRDA:92,2,1,0
BRDA:112,3,0,0
BRDA:112,3,1,0
BRF:8
BRH:0
end_of_record
TN:
SF:utils/secureLogging.js
FN:16,maskSessionId
FN:48,secureLog
FN:72,secureSessionLog
FN:90,secureOperationLog
FN:104,isDevelopmentLogging
FNF:5
FNH:0
FNDA:0,maskSessionId
FNDA:0,secureLog
FNDA:0,secureSessionLog
FNDA:0,secureOperationLog
FNDA:0,isDevelopmentLogging
DA:17,0
DA:18,0
DA:22,0
DA:23,0
DA:24,0
DA:25,0
DA:26,0
DA:27,0
DA:32,0
DA:33,0
DA:36,0
DA:37,0
DA:38,0
DA:50,0
DA:51,0
DA:55,0
DA:58,0
DA:59,0
DA:60,0
DA:63,0
DA:73,0
DA:74,0
DA:78,0
DA:79,0
DA:80,0
DA:91,0
DA:92,0
DA:95,0
DA:96,0
DA:105,0
DA:108,0
LF:31
LH:0
BRDA:17,0,0,0
BRDA:17,0,1,0
BRDA:17,1,0,0
BRDA:17,1,1,0
BRDA:22,2,0,0
BRDA:22,2,1,0
BRDA:24,3,0,0
BRDA:24,3,1,0
BRDA:32,4,0,0
BRDA:32,4,1,0
BRDA:48,5,0,0
BRDA:50,6,0,0
BRDA:50,6,1,0
BRDA:58,7,0,0
BRDA:58,7,1,0
BRDA:73,8,0,0
BRDA:73,8,1,0
BRDA:91,9,0,0
BRDA:91,9,1,0
BRDA:105,10,0,0
BRDA:105,10,1,0
BRF:21
BRH:0
end_of_record
TN:
SF:utils/wholesalerNotificationService.js
FN:6,(anonymous_0)
FN:136,(anonymous_1)
FNF:2
FNH:0
FNDA:0,(anonymous_0)
FNDA:0,(anonymous_1)
DA:1,0
DA:2,0
DA:3,0
DA:4,0
DA:6,0
DA:7,0
DA:8,0
DA:11,0
DA:19,0
DA:20,0
DA:21,0
DA:24,0
DA:26,0
DA:27,0
DA:28,0
DA:30,0
DA:31,0
DA:33,0
DA:35,0
DA:36,0
DA:37,0
DA:38,0
DA:39,0
DA:46,0
DA:51,0
DA:56,0
DA:57,0
DA:65,0
DA:67,0
DA:69,0
DA:71,0
DA:73,0
DA:74,0
DA:75,0
DA:76,0
DA:80,0
DA:82,0
DA:83,0
DA:85,0
DA:92,0
DA:93,0
DA:95,0
DA:105,0
DA:106,0
DA:108,0
DA:116,0
DA:118,0
DA:127,0
DA:128,0
DA:136,0
DA:137,0
DA:138,0
DA:140,0
DA:141,0
DA:145,0
DA:146,0
DA:153,0
DA:154,0
DA:157,0
DA:158,0
DA:159,0
DA:160,0
DA:161,0
DA:167,0
DA:172,0
DA:176,0
DA:177,0
DA:185,0
DA:186,0
DA:194,0
DA:196,0
DA:198,0
DA:200,0
DA:201,0
DA:202,0
DA:203,0
DA:207,0
DA:213,0
DA:221,0
DA:223,0
DA:230,0
DA:237,0
LF:82
LH:0
BRDA:19,0,0,0
BRDA:19,0,1,0
BRDA:36,1,0,0
BRDA:36,1,1,0
BRDA:36,2,0,0
BRDA:36,2,1,0
BRDA:38,3,0,0
BRDA:38,3,1,0
BRDA:48,4,0,0
BRDA:48,4,1,0
BRDA:69,5,0,0
BRDA:69,5,1,0
BRDA:74,6,0,0
BRDA:74,6,1,0
BRDA:74,7,0,0
BRDA:74,7,1,0
BRDA:140,8,0,0
BRDA:140,8,1,0
BRDA:145,9,0,0
BRDA:145,9,1,0
BRDA:145,10,0,0
BRDA:145,10,1,0
BRDA:158,11,0,0
BRDA:158,11,1,0
BRDA:158,12,0,0
BRDA:158,12,1,0
BRDA:160,13,0,0
BRDA:160,13,1,0
BRDA:169,14,0,0
BRDA:169,14,1,0
BRDA:176,15,0,0
BRDA:176,15,1,0
BRDA:196,16,0,0
BRDA:196,16,1,0
BRDA:201,17,0,0
BRDA:201,17,1,0
BRDA:201,18,0,0
BRDA:201,18,1,0
BRF:38
BRH:0
end_of_record
