TN:
SF:server.js
FN:53,(anonymous_0)
FN:128,(anonymous_1)
FN:130,(anonymous_2)
FN:136,(anonymous_3)
FN:140,(anonymous_4)
FN:157,(anonymous_5)
FN:162,(anonymous_6)
FN:174,(anonymous_7)
FN:195,(anonymous_8)
FN:204,(anonymous_9)
FNF:10
FNH:0
FNDA:0,(anonymous_0)
FNDA:0,(anonymous_1)
FNDA:0,(anonymous_2)
FNDA:0,(anonymous_3)
FNDA:0,(anonymous_4)
FNDA:0,(anonymous_5)
FNDA:0,(anonymous_6)
FNDA:0,(anonymous_7)
FNDA:0,(anonymous_8)
FNDA:0,(anonymous_9)
DA:1,0
DA:2,0
DA:3,0
DA:4,0
DA:5,0
DA:6,0
DA:7,0
DA:8,0
DA:9,0
DA:10,0
DA:13,0
DA:14,0
DA:15,0
DA:16,0
DA:21,0
DA:22,0
DA:23,0
DA:26,0
DA:27,0
DA:28,0
DA:30,0
DA:35,0
DA:36,0
DA:37,0
DA:38,0
DA:44,0
DA:46,0
DA:49,0
DA:50,0
DA:52,0
DA:54,0
DA:62,0
DA:65,0
DA:66,0
DA:68,0
DA:69,0
DA:78,0
DA:81,0
DA:84,0
DA:87,0
DA:96,0
DA:99,0
DA:100,0
DA:103,0
DA:104,0
DA:105,0
DA:108,0
DA:109,0
DA:112,0
DA:115,0
DA:118,0
DA:121,0
DA:122,0
DA:125,0
DA:129,0
DA:131,0
DA:132,0
DA:136,0
DA:137,0
DA:140,0
DA:141,0
DA:145,0
DA:146,0
DA:147,0
DA:148,0
DA:149,0
DA:150,0
DA:151,0
DA:152,0
DA:153,0
DA:154,0
DA:157,0
DA:158,0
DA:162,0
DA:163,0
DA:174,0
DA:175,0
DA:191,0
DA:194,0
DA:195,0
DA:196,0
DA:200,0
DA:203,0
DA:204,0
DA:205,0
DA:210,0
LF:86
LH:0
BRDA:13,0,0,0
BRDA:13,0,1,0
BRDA:21,1,0,0
BRDA:21,1,1,0
BRDA:21,2,0,0
BRDA:21,2,1,0
BRDA:26,3,0,0
BRDA:26,3,1,0
BRDA:26,4,0,0
BRDA:26,4,1,0
BRDA:27,5,0,0
BRDA:27,5,1,0
BRDA:54,6,0,0
BRDA:54,6,1,0
BRDA:62,7,0,0
BRDA:62,7,1,0
BRDA:65,8,0,0
BRDA:65,8,1,0
BRDA:99,9,0,0
BRDA:99,9,1,0
BRDA:125,10,0,0
BRDA:125,10,1,0
BRDA:167,11,0,0
BRDA:167,11,1,0
BRDA:168,12,0,0
BRDA:168,12,1,0
BRDA:168,12,2,0
BRDA:186,13,0,0
BRDA:186,13,1,0
BRDA:194,14,0,0
BRDA:194,14,1,0
BRDA:200,15,0,0
BRDA:200,15,1,0
BRDA:203,16,0,0
BRDA:203,16,1,0
BRF:35
BRH:0
end_of_record
TN:
SF:middleware/auth.js
FN:6,(anonymous_0)
FN:40,(anonymous_1)
FN:112,(anonymous_2)
FNF:3
FNH:0
FNDA:0,(anonymous_0)
FNDA:0,(anonymous_1)
FNDA:0,(anonymous_2)
DA:1,0
DA:2,0
DA:3,0
DA:6,0
DA:7,0
DA:9,0
DA:10,0
DA:11,0
DA:14,0
DA:16,0
DA:17,0
DA:18,0
DA:21,0
DA:22,0
DA:24,0
DA:25,0
DA:26,0
DA:29,0
DA:30,0
DA:33,0
DA:34,0
DA:35,0
DA:40,0
DA:41,0
DA:43,0
DA:44,0
DA:45,0
DA:48,0
DA:50,0
DA:51,0
DA:60,0
DA:61,0
DA:63,0
DA:64,0
DA:73,0
DA:74,0
DA:76,0
DA:77,0
DA:86,0
DA:87,0
DA:96,0
DA:97,0
DA:98,0
DA:100,0
DA:112,0
DA:113,0
DA:115,0
DA:116,0
DA:117,0
DA:120,0
DA:122,0
DA:123,0
DA:132,0
DA:133,0
DA:135,0
DA:136,0
DA:146,0
DA:147,0
DA:156,0
DA:157,0
DA:159,0
DA:160,0
DA:169,0
DA:170,0
DA:179,0
DA:180,0
DA:181,0
DA:183,0
DA:194,0
LF:69
LH:0
BRDA:11,0,0,0
BRDA:11,0,1,0
BRDA:14,1,0,0
BRDA:14,1,1,0
BRDA:16,2,0,0
BRDA:16,2,1,0
BRDA:24,3,0,0
BRDA:24,3,1,0
BRDA:24,4,0,0
BRDA:24,4,1,0
BRDA:45,5,0,0
BRDA:45,5,1,0
BRDA:48,6,0,0
BRDA:48,6,1,0
BRDA:50,7,0,0
BRDA:50,7,1,0
BRDA:51,8,0,0
BRDA:51,8,1,0
BRDA:63,9,0,0
BRDA:63,9,1,0
BRDA:63,10,0,0
BRDA:63,10,1,0
BRDA:64,11,0,0
BRDA:64,11,1,0
BRDA:76,12,0,0
BRDA:76,12,1,0
BRDA:77,13,0,0
BRDA:77,13,1,0
BRDA:86,14,0,0
BRDA:86,14,1,0
BRDA:87,15,0,0
BRDA:87,15,1,0
BRDA:97,16,0,0
BRDA:97,16,1,0
BRDA:117,17,0,0
BRDA:117,17,1,0
BRDA:120,18,0,0
BRDA:120,18,1,0
BRDA:122,19,0,0
BRDA:122,19,1,0
BRDA:123,20,0,0
BRDA:123,20,1,0
BRDA:135,21,0,0
BRDA:135,21,1,0
BRDA:135,22,0,0
BRDA:135,22,1,0
BRDA:136,23,0,0
BRDA:136,23,1,0
BRDA:146,24,0,0
BRDA:146,24,1,0
BRDA:147,25,0,0
BRDA:147,25,1,0
BRDA:159,26,0,0
BRDA:159,26,1,0
BRDA:160,27,0,0
BRDA:160,27,1,0
BRDA:169,28,0,0
BRDA:169,28,1,0
BRDA:170,29,0,0
BRDA:170,29,1,0
BRDA:180,30,0,0
BRDA:180,30,1,0
BRF:62
BRH:0
end_of_record
TN:
SF:middleware/errorHandler.js
FN:6,(anonymous_0)
FN:19,(anonymous_1)
FN:24,(anonymous_2)
FN:30,(anonymous_3)
FN:31,(anonymous_4)
FN:36,(anonymous_5)
FN:39,(anonymous_6)
FN:43,(anonymous_7)
FN:77,(anonymous_8)
FN:127,(anonymous_9)
FN:149,(anonymous_10)
FN:150,(anonymous_11)
FN:156,(anonymous_12)
FN:168,(anonymous_13)
FNF:14
FNH:0
FNDA:0,(anonymous_0)
FNDA:0,(anonymous_1)
FNDA:0,(anonymous_2)
FNDA:0,(anonymous_3)
FNDA:0,(anonymous_4)
FNDA:0,(anonymous_5)
FNDA:0,(anonymous_6)
FNDA:0,(anonymous_7)
FNDA:0,(anonymous_8)
FNDA:0,(anonymous_9)
FNDA:0,(anonymous_10)
FNDA:0,(anonymous_11)
FNDA:0,(anonymous_12)
FNDA:0,(anonymous_13)
DA:1,0
DA:2,0
DA:7,0
DA:8,0
DA:9,0
DA:10,0
DA:11,0
DA:12,0
DA:14,0
DA:19,0
DA:20,0
DA:21,0
DA:24,0
DA:25,0
DA:26,0
DA:27,0
DA:30,0
DA:31,0
DA:32,0
DA:33,0
DA:36,0
DA:37,0
DA:39,0
DA:40,0
DA:43,0
DA:45,0
DA:55,0
DA:58,0
DA:59,0
DA:60,0
DA:63,0
DA:77,0
DA:79,0
DA:89,0
DA:92,0
DA:94,0
DA:95,0
DA:96,0
DA:99,0
DA:109,0
DA:115,0
DA:117,0
DA:127,0
DA:128,0
DA:129,0
DA:131,0
DA:132,0
DA:134,0
DA:135,0
DA:138,0
DA:139,0
DA:140,0
DA:141,0
DA:142,0
DA:144,0
DA:149,0
DA:150,0
DA:151,0
DA:156,0
DA:157,0
DA:164,0
DA:168,0
DA:169,0
DA:175,0
DA:178,0
LF:65
LH:0
BRDA:6,0,0,0
BRDA:6,1,0,0
BRDA:11,2,0,0
BRDA:11,2,1,0
BRDA:55,3,0,0
BRDA:55,3,1,0
BRDA:55,3,2,0
BRDA:59,4,0,0
BRDA:59,4,1,0
BRDA:60,5,0,0
BRDA:60,5,1,0
BRDA:89,6,0,0
BRDA:89,6,1,0
BRDA:89,6,2,0
BRDA:92,7,0,0
BRDA:92,7,1,0
BRDA:95,8,0,0
BRDA:95,8,1,0
BRDA:96,9,0,0
BRDA:96,9,1,0
BRDA:128,10,0,0
BRDA:128,10,1,0
BRDA:129,11,0,0
BRDA:129,11,1,0
BRDA:131,12,0,0
BRDA:131,12,1,0
BRDA:138,13,0,0
BRDA:138,13,1,0
BRDA:139,14,0,0
BRDA:139,14,1,0
BRDA:140,15,0,0
BRDA:140,15,1,0
BRDA:141,16,0,0
BRDA:141,16,1,0
BRDA:142,17,0,0
BRDA:142,17,1,0
BRF:36
BRH:0
end_of_record
TN:
SF:middleware/security.js
FN:8,(anonymous_0)
FN:52,(anonymous_1)
FN:60,(anonymous_2)
FN:91,(anonymous_3)
FN:150,(anonymous_4)
FN:159,(anonymous_5)
FN:206,(anonymous_6)
FN:215,(anonymous_7)
FN:228,(anonymous_8)
FNF:9
FNH:0
FNDA:0,(anonymous_0)
FNDA:0,(anonymous_1)
FNDA:0,(anonymous_2)
FNDA:0,(anonymous_3)
FNDA:0,(anonymous_4)
FNDA:0,(anonymous_5)
FNDA:0,(anonymous_6)
FNDA:0,(anonymous_7)
FNDA:0,(anonymous_8)
DA:1,0
DA:2,0
DA:3,0
DA:4,0
DA:5,0
DA:8,0
DA:10,0
DA:11,0
DA:15,0
DA:16,0
DA:20,0
DA:21,0
DA:24,0
DA:25,0
DA:28,0
DA:29,0
DA:30,0
DA:33,0
DA:34,0
DA:39,0
DA:48,0
DA:52,0
DA:53,0
DA:54,0
DA:56,0
DA:60,0
DA:61,0
DA:63,0
DA:64,0
DA:74,0
DA:76,0
DA:77,0
DA:86,0
DA:87,0
DA:91,0
DA:92,0
DA:109,0
DA:147,0
DA:150,0
DA:156,0
DA:160,0
DA:166,0
DA:206,0
DA:207,0
DA:209,0
DA:210,0
DA:215,0
DA:224,0
DA:228,0
DA:230,0
DA:231,0
DA:232,0
DA:233,0
DA:234,0
DA:237,0
DA:239,0
DA:242,0
LF:57
LH:0
BRDA:10,0,0,0
BRDA:10,0,1,0
BRDA:15,1,0,0
BRDA:15,1,1,0
BRDA:20,2,0,0
BRDA:20,2,1,0
BRDA:20,3,0,0
BRDA:20,3,1,0
BRDA:24,4,0,0
BRDA:24,4,1,0
BRDA:28,5,0,0
BRDA:28,5,1,0
BRDA:33,6,0,0
BRDA:33,6,1,0
BRDA:33,7,0,0
BRDA:33,7,1,0
BRDA:33,7,2,0
BRDA:35,8,0,0
BRDA:35,8,1,0
BRDA:36,9,0,0
BRDA:36,9,1,0
BRDA:53,10,0,0
BRDA:53,10,1,0
BRDA:63,11,0,0
BRDA:63,11,1,0
BRDA:74,12,0,0
BRDA:74,12,1,0
BRDA:76,13,0,0
BRDA:76,13,1,0
BRDA:209,14,0,0
BRDA:209,14,1,0
BRF:31
BRH:0
end_of_record
TN:
SF:middleware/sessionCSRF.js
FN:4,(anonymous_0)
FN:12,(anonymous_1)
FN:47,(anonymous_2)
FN:67,(anonymous_3)
FN:84,(anonymous_4)
FNF:5
FNH:0
FNDA:0,(anonymous_0)
FNDA:0,(anonymous_1)
FNDA:0,(anonymous_2)
FNDA:0,(anonymous_3)
FNDA:0,(anonymous_4)
DA:1,0
DA:4,0
DA:5,0
DA:6,0
DA:8,0
DA:12,0
DA:14,0
DA:15,0
DA:18,0
DA:28,0
DA:29,0
DA:34,0
DA:43,0
DA:47,0
DA:67,0
DA:68,0
DA:69,0
DA:73,0
DA:74,0
DA:80,0
DA:84,0
DA:85,0
DA:87,0
DA:90,0
DA:93,0
LF:25
LH:0
BRDA:5,0,0,0
BRDA:5,0,1,0
BRDA:14,1,0,0
BRDA:14,1,1,0
BRDA:14,2,0,0
BRDA:14,2,1,0
BRDA:18,3,0,0
BRDA:18,3,1,0
BRDA:28,4,0,0
BRDA:28,4,1,0
BRDA:28,5,0,0
BRDA:28,5,1,0
BRDA:30,6,0,0
BRDA:30,6,1,0
BRDA:31,7,0,0
BRDA:31,7,1,0
BRDA:48,8,0,0
BRDA:48,8,1,0
BRDA:59,9,0,0
BRDA:59,9,1,0
BRDA:68,10,0,0
BRDA:68,10,1,0
BRDA:68,11,0,0
BRDA:68,11,1,0
BRDA:73,12,0,0
BRDA:73,12,1,0
BRDA:85,13,0,0
BRDA:85,13,1,0
BRDA:85,14,0,0
BRDA:85,14,1,0
BRF:30
BRH:0
end_of_record
TN:
SF:middleware/uploadSecurity.js
FN:27,(anonymous_0)
FN:42,(anonymous_1)
FN:50,(anonymous_2)
FN:85,(anonymous_3)
FN:95,(anonymous_4)
FN:106,(anonymous_5)
FN:114,(anonymous_6)
FN:161,(anonymous_7)
FN:199,(anonymous_8)
FN:211,(anonymous_9)
FN:215,(anonymous_10)
FNF:11
FNH:0
FNDA:0,(anonymous_0)
FNDA:0,(anonymous_1)
FNDA:0,(anonymous_2)
FNDA:0,(anonymous_3)
FNDA:0,(anonymous_4)
FNDA:0,(anonymous_5)
FNDA:0,(anonymous_6)
FNDA:0,(anonymous_7)
FNDA:0,(anonymous_8)
FNDA:0,(anonymous_9)
FNDA:0,(anonymous_10)
DA:1,0
DA:2,0
DA:3,0
DA:6,0
DA:20,0
DA:27,0
DA:28,0
DA:29,0
DA:32,0
DA:33,0
DA:37,0
DA:38,0
DA:42,0
DA:43,0
DA:46,0
DA:50,0
DA:51,0
DA:68,0
DA:70,0
DA:71,0
DA:72,0
DA:73,0
DA:74,0
DA:77,0
DA:79,0
DA:82,0
DA:84,0
DA:85,0
DA:88,0
DA:91,0
DA:95,0
DA:96,0
DA:97,0
DA:98,0
DA:101,0
DA:102,0
DA:106,0
DA:107,0
DA:109,0
DA:110,0
DA:113,0
DA:115,0
DA:117,0
DA:118,0
DA:122,0
DA:123,0
DA:124,0
DA:128,0
DA:129,0
DA:133,0
DA:134,0
DA:138,0
DA:139,0
DA:143,0
DA:144,0
DA:147,0
DA:149,0
DA:162,0
DA:164,0
DA:165,0
DA:169,0
DA:170,0
DA:171,0
DA:172,0
DA:175,0
DA:177,0
DA:178,0
DA:182,0
DA:183,0
DA:184,0
DA:185,0
DA:188,0
DA:191,0
DA:192,0
DA:194,0
DA:200,0
DA:201,0
DA:202,0
DA:204,0
DA:211,0
DA:212,0
DA:214,0
DA:215,0
DA:216,0
DA:217,0
DA:218,0
DA:220,0
DA:227,0
LF:88
LH:0
BRDA:32,0,0,0
BRDA:32,0,1,0
BRDA:32,1,0,0
BRDA:32,1,1,0
BRDA:32,1,2,0
BRDA:37,2,0,0
BRDA:37,2,1,0
BRDA:42,3,0,0
BRDA:42,3,1,0
BRDA:68,4,0,0
BRDA:68,4,1,0
BRDA:70,5,0,0
BRDA:70,5,1,0
BRDA:71,6,0,0
BRDA:71,6,1,0
BRDA:72,7,0,0
BRDA:72,7,1,0
BRDA:73,8,0,0
BRDA:73,8,1,0
BRDA:77,9,0,0
BRDA:77,9,1,0
BRDA:82,10,0,0
BRDA:82,10,1,0
BRDA:82,11,0,0
BRDA:82,11,1,0
BRDA:82,11,2,0
BRDA:109,12,0,0
BRDA:109,12,1,0
BRDA:117,13,0,0
BRDA:117,13,1,0
BRDA:123,14,0,0
BRDA:123,14,1,0
BRDA:128,15,0,0
BRDA:128,15,1,0
BRDA:133,16,0,0
BRDA:133,16,1,0
BRDA:138,17,0,0
BRDA:138,17,1,0
BRDA:143,18,0,0
BRDA:143,18,1,0
BRDA:155,19,0,0
BRDA:155,19,1,0
BRDA:164,20,0,0
BRDA:164,20,1,0
BRDA:175,21,0,0
BRDA:175,21,1,0
BRDA:183,22,0,0
BRDA:183,22,1,0
BRDA:191,23,0,0
BRDA:191,23,1,0
BRDA:212,24,0,0
BRDA:212,24,1,0
BRDA:214,25,0,0
BRDA:214,25,1,0
BRDA:216,26,0,0
BRDA:216,26,1,0
BRDA:216,27,0,0
BRDA:216,27,1,0
BRF:58
BRH:0
end_of_record
TN:
SF:models/Cart.js
FN:47,(anonymous_0)
FN:48,(anonymous_1)
FN:50,(anonymous_2)
FN:57,(anonymous_3)
FN:58,(anonymous_4)
FN:85,(anonymous_5)
FN:86,(anonymous_6)
FN:104,(anonymous_7)
FN:105,(anonymous_8)
FN:118,(anonymous_9)
FNF:10
FNH:0
FNDA:0,(anonymous_0)
FNDA:0,(anonymous_1)
FNDA:0,(anonymous_2)
FNDA:0,(anonymous_3)
FNDA:0,(anonymous_4)
FNDA:0,(anonymous_5)
FNDA:0,(anonymous_6)
FNDA:0,(anonymous_7)
FNDA:0,(anonymous_8)
FNDA:0,(anonymous_9)
DA:1,0
DA:3,0
DA:42,0
DA:43,0
DA:44,0
DA:47,0
DA:48,0
DA:49,0
DA:50,0
DA:57,0
DA:58,0
DA:59,0
DA:62,0
DA:64,0
DA:65,0
DA:68,0
DA:76,0
DA:78,0
DA:79,0
DA:80,0
DA:85,0
DA:86,0
DA:87,0
DA:90,0
DA:91,0
DA:92,0
DA:94,0
DA:95,0
DA:97,0
DA:98,0
DA:100,0
DA:104,0
DA:105,0
DA:106,0
DA:109,0
DA:110,0
DA:111,0
DA:112,0
DA:114,0
DA:118,0
DA:119,0
DA:120,0
DA:123,0
LF:43
LH:0
BRDA:62,0,0,0
BRDA:62,0,1,0
BRDA:79,1,0,0
BRDA:79,1,1,0
BRDA:79,2,0,0
BRDA:79,2,1,0
BRDA:90,3,0,0
BRDA:90,3,1,0
BRDA:91,4,0,0
BRDA:91,4,1,0
BRDA:109,5,0,0
BRDA:109,5,1,0
BRF:12
BRH:0
end_of_record
TN:
SF:models/Category.js
FN:60,(anonymous_0)
FNF:1
FNH:0
FNDA:0,(anonymous_0)
DA:1,0
DA:3,0
DA:47,0
DA:48,0
DA:49,0
DA:52,0
DA:60,0
DA:61,0
DA:62,0
DA:63,0
DA:66,0
DA:68,0
LF:12
LH:0
BRF:0
BRH:0
end_of_record
TN:
SF:models/Order.js
FN:16,(anonymous_0)
FN:22,(anonymous_1)
FN:27,(anonymous_2)
FN:186,(anonymous_3)
FN:204,(anonymous_4)
FN:212,(anonymous_5)
FN:220,(anonymous_6)
FN:221,(anonymous_7)
FN:225,(anonymous_8)
FN:226,(anonymous_9)
FN:230,(anonymous_10)
FN:246,(anonymous_11)
FN:254,(anonymous_12)
FN:267,(anonymous_13)
FN:299,(anonymous_14)
FN:304,(anonymous_15)
FNF:16
FNH:13
FNDA:13,(anonymous_0)
FNDA:13,(anonymous_1)
FNDA:13,(anonymous_2)
FNDA:12,(anonymous_3)
FNDA:2,(anonymous_4)
FNDA:0,(anonymous_5)
FNDA:1,(anonymous_6)
FNDA:1,(anonymous_7)
FNDA:1,(anonymous_8)
FNDA:1,(anonymous_9)
FNDA:2,(anonymous_10)
FNDA:1,(anonymous_11)
FNDA:0,(anonymous_12)
FNDA:0,(anonymous_13)
FNDA:1,(anonymous_14)
FNDA:1,(anonymous_15)
DA:1,2
DA:3,2
DA:16,13
DA:22,13
DA:27,13
DA:176,2
DA:177,2
DA:178,2
DA:179,2
DA:180,2
DA:181,2
DA:182,2
DA:183,2
DA:186,2
DA:187,12
DA:188,10
DA:192,12
DA:193,10
DA:200,12
DA:204,2
DA:205,2
DA:206,1
DA:208,1
DA:212,2
DA:213,0
DA:214,0
DA:216,0
DA:220,2
DA:221,1
DA:225,2
DA:226,1
DA:230,2
DA:231,2
DA:232,2
DA:233,2
DA:234,2
DA:235,1
DA:236,1
DA:237,1
DA:239,1
DA:242,2
DA:246,2
DA:247,1
DA:254,2
DA:255,0
DA:263,0
DA:267,2
DA:268,0
DA:271,0
DA:272,0
DA:276,0
DA:286,0
DA:289,0
DA:290,0
DA:293,0
DA:294,0
DA:299,2
DA:300,1
DA:303,1
DA:304,1
DA:305,1
DA:306,1
DA:308,1
DA:313,1
DA:317,1
DA:323,2
LF:66
LH:52
BRDA:187,0,0,10
BRDA:187,0,1,2
BRDA:192,1,0,10
BRDA:192,1,1,2
BRDA:192,2,0,12
BRDA:192,2,1,10
BRDA:192,2,2,10
BRDA:194,3,0,10
BRDA:194,3,1,0
BRDA:205,4,0,1
BRDA:205,4,1,1
BRDA:205,5,0,2
BRDA:205,5,1,1
BRDA:213,6,0,0
BRDA:213,6,1,0
BRDA:213,7,0,0
BRDA:213,7,1,0
BRDA:230,8,0,1
BRDA:232,9,0,2
BRDA:232,9,1,0
BRDA:234,10,0,1
BRDA:234,10,1,1
BRDA:263,11,0,0
BRDA:263,11,1,0
BRDA:267,12,0,0
BRDA:271,13,0,0
BRDA:271,13,1,0
BRDA:289,14,0,0
BRDA:289,14,1,0
BRDA:290,15,0,0
BRDA:290,15,1,0
BRDA:293,16,0,0
BRDA:293,16,1,0
BRDA:293,17,0,0
BRDA:293,17,1,0
BRDA:303,18,0,1
BRDA:303,18,1,0
BRDA:306,19,0,1
BRDA:306,19,1,0
BRF:39
BRH:18
end_of_record
TN:
SF:models/Product.js
FN:142,(anonymous_0)
FN:149,(anonymous_1)
FN:167,(anonymous_2)
FN:175,(anonymous_3)
FN:183,(anonymous_4)
FN:188,(anonymous_5)
FN:193,(anonymous_6)
FN:210,(anonymous_7)
FNF:8
FNH:4
FNDA:1,(anonymous_0)
FNDA:0,(anonymous_1)
FNDA:0,(anonymous_2)
FNDA:0,(anonymous_3)
FNDA:1,(anonymous_4)
FNDA:0,(anonymous_5)
FNDA:1,(anonymous_6)
FNDA:31,(anonymous_7)
DA:1,3
DA:3,3
DA:131,3
DA:132,3
DA:133,3
DA:134,3
DA:135,3
DA:136,3
DA:137,3
DA:138,3
DA:139,3
DA:142,3
DA:143,1
DA:144,1
DA:145,1
DA:149,3
DA:150,0
DA:151,0
DA:158,0
DA:159,0
DA:167,3
DA:168,0
DA:169,0
DA:170,0
DA:171,0
DA:175,3
DA:176,0
DA:177,0
DA:178,0
DA:179,0
DA:183,3
DA:184,1
DA:188,3
DA:189,0
DA:193,3
DA:194,1
DA:210,3
DA:211,31
DA:212,31
DA:216,31
DA:217,0
DA:219,31
DA:221,31
DA:224,3
LF:44
LH:30
BRDA:149,0,0,0
BRDA:150,1,0,0
BRDA:150,1,1,0
BRDA:150,2,0,0
BRDA:150,2,1,0
BRDA:150,2,2,0
BRDA:160,3,0,0
BRDA:160,3,1,0
BRDA:161,4,0,0
BRDA:161,4,1,0
BRDA:162,5,0,0
BRDA:162,5,1,0
BRDA:183,6,0,1
BRDA:188,7,0,0
BRDA:211,8,0,31
BRDA:211,8,1,0
BRDA:211,9,0,31
BRDA:211,9,1,31
BRDA:216,10,0,0
BRDA:216,10,1,31
BRF:20
BRH:5
end_of_record
TN:
SF:models/Review.js
FN:72,(anonymous_0)
FN:83,(anonymous_1)
FN:94,(anonymous_2)
FN:101,(anonymous_3)
FN:118,(anonymous_4)
FN:145,(anonymous_5)
FN:152,(anonymous_6)
FN:176,(anonymous_7)
FN:188,(anonymous_8)
FN:198,(anonymous_9)
FNF:10
FNH:6
FNDA:1,(anonymous_0)
FNDA:1,(anonymous_1)
FNDA:1,(anonymous_2)
FNDA:1,(anonymous_3)
FNDA:1,(anonymous_4)
FNDA:1,(anonymous_5)
FNDA:0,(anonymous_6)
FNDA:0,(anonymous_7)
FNDA:0,(anonymous_8)
FNDA:0,(anonymous_9)
DA:1,1
DA:3,1
DA:66,1
DA:67,1
DA:68,1
DA:69,1
DA:72,1
DA:73,1
DA:74,1
DA:75,1
DA:76,1
DA:77,1
DA:79,1
DA:83,1
DA:84,1
DA:85,1
DA:86,1
DA:87,1
DA:88,1
DA:90,1
DA:94,1
DA:95,1
DA:101,1
DA:102,1
DA:107,1
DA:108,0
DA:111,1
DA:118,1
DA:119,1
DA:122,1
DA:131,1
DA:132,1
DA:136,0
DA:141,0
DA:145,1
DA:146,1
DA:147,1
DA:148,1
DA:152,1
DA:153,0
DA:167,0
DA:168,0
DA:175,0
DA:176,0
DA:177,0
DA:180,0
DA:188,1
DA:189,0
DA:190,0
DA:191,0
DA:192,0
DA:194,0
DA:198,1
DA:199,0
DA:200,0
DA:201,0
DA:202,0
DA:203,0
DA:205,0
DA:208,1
LF:60
LH:39
BRDA:72,0,0,0
BRDA:76,1,0,1
BRDA:76,1,1,0
BRDA:83,2,0,0
BRDA:87,3,0,1
BRDA:87,3,1,0
BRDA:94,4,0,0
BRDA:107,5,0,0
BRDA:107,5,1,1
BRDA:131,6,0,1
BRDA:131,6,1,0
BRDA:148,7,0,1
BRDA:148,7,1,0
BRDA:167,8,0,0
BRDA:167,8,1,0
BRDA:189,9,0,0
BRDA:189,9,1,0
BRDA:200,10,0,0
BRDA:200,10,1,0
BRF:19
BRH:5
end_of_record
TN:
SF:models/User.js
FN:116,(anonymous_0)
FN:123,(anonymous_1)
FN:128,(anonymous_2)
FN:129,(anonymous_3)
FN:130,(anonymous_4)
FN:134,(anonymous_5)
FN:135,(anonymous_6)
FN:136,(anonymous_7)
FN:141,(anonymous_8)
FN:144,(anonymous_9)
FN:156,(anonymous_10)
FN:162,(anonymous_11)
FN:174,(anonymous_12)
FN:180,(anonymous_13)
FN:185,(anonymous_14)
FN:197,(anonymous_15)
FN:203,(anonymous_16)
FN:209,(anonymous_17)
FNF:18
FNH:12
FNDA:50,(anonymous_0)
FNDA:2,(anonymous_1)
FNDA:2,(anonymous_2)
FNDA:2,(anonymous_3)
FNDA:0,(anonymous_4)
FNDA:2,(anonymous_5)
FNDA:3,(anonymous_6)
FNDA:1,(anonymous_7)
FNDA:9,(anonymous_8)
FNDA:2,(anonymous_9)
FNDA:1,(anonymous_10)
FNDA:0,(anonymous_11)
FNDA:1,(anonymous_12)
FNDA:0,(anonymous_13)
FNDA:0,(anonymous_14)
FNDA:0,(anonymous_15)
FNDA:0,(anonymous_16)
FNDA:1,(anonymous_17)
DA:1,3
DA:2,3
DA:4,3
DA:111,3
DA:112,3
DA:113,3
DA:116,3
DA:117,50
DA:118,39
DA:119,39
DA:123,3
DA:124,2
DA:128,3
DA:129,2
DA:130,0
DA:134,3
DA:135,3
DA:136,1
DA:141,3
DA:143,9
DA:144,7
DA:145,2
DA:146,1
DA:151,9
DA:152,9
DA:156,3
DA:157,1
DA:158,1
DA:161,1
DA:162,0
DA:163,0
DA:164,0
DA:169,1
DA:170,1
DA:174,3
DA:175,1
DA:176,1
DA:180,3
DA:181,0
DA:182,0
DA:185,0
DA:186,0
DA:187,0
DA:192,0
DA:193,0
DA:197,3
DA:198,0
DA:199,0
DA:203,3
DA:204,0
DA:205,0
DA:209,3
DA:210,1
DA:225,3
LF:54
LH:39
BRDA:117,0,0,11
BRDA:117,0,1,39
BRDA:129,1,0,2
BRDA:129,1,1,0
BRDA:129,2,0,2
BRDA:129,2,1,2
BRDA:135,3,0,2
BRDA:135,3,1,1
BRDA:135,3,2,1
BRDA:135,4,0,3
BRDA:135,4,1,1
BRDA:143,5,0,7
BRDA:143,5,1,2
BRDA:145,6,0,1
BRDA:145,6,1,1
BRDA:158,7,0,0
BRDA:158,7,1,1
BRDA:161,8,0,0
BRDA:161,8,1,1
BRDA:163,9,0,0
BRDA:163,9,1,0
BRDA:163,10,0,0
BRDA:163,10,1,0
BRDA:182,11,0,0
BRDA:182,11,1,0
BRDA:186,12,0,0
BRDA:186,12,1,0
BRDA:186,13,0,0
BRDA:186,13,1,0
BRDA:204,14,0,0
BRDA:204,14,1,0
BRF:31
BRH:16
end_of_record
TN:
SF:models/Wholesaler.js
FN:87,(anonymous_0)
FNF:1
FNH:0
FNDA:0,(anonymous_0)
DA:1,0
DA:3,0
DA:83,0
DA:84,0
DA:87,0
DA:88,0
DA:89,0
DA:90,0
DA:93,0
DA:95,0
LF:10
LH:0
BRF:0
BRH:0
end_of_record
TN:
SF:routes/auth.js
FN:13,(anonymous_0)
FN:71,(anonymous_1)
FN:150,(anonymous_2)
FN:214,(anonymous_3)
FN:276,(anonymous_4)
FN:292,(anonymous_5)
FN:340,(anonymous_6)
FN:367,(anonymous_7)
FN:394,(anonymous_8)
FN:398,(anonymous_9)
FN:402,(anonymous_10)
FN:405,(anonymous_11)
FN:408,(anonymous_12)
FN:411,(anonymous_13)
FN:417,(anonymous_14)
FN:560,(anonymous_15)
FN:593,(anonymous_16)
FN:610,(anonymous_17)
FN:656,(anonymous_18)
FN:684,(anonymous_19)
FN:722,(anonymous_20)
FN:734,(anonymous_21)
FN:759,(anonymous_22)
FN:789,(anonymous_23)
FN:833,(anonymous_24)
FN:855,(anonymous_25)
FN:880,(anonymous_26)
FNF:27
FNH:0
FNDA:0,(anonymous_0)
FNDA:0,(anonymous_1)
FNDA:0,(anonymous_2)
FNDA:0,(anonymous_3)
FNDA:0,(anonymous_4)
FNDA:0,(anonymous_5)
FNDA:0,(anonymous_6)
FNDA:0,(anonymous_7)
FNDA:0,(anonymous_8)
FNDA:0,(anonymous_9)
FNDA:0,(anonymous_10)
FNDA:0,(anonymous_11)
FNDA:0,(anonymous_12)
FNDA:0,(anonymous_13)
FNDA:0,(anonymous_14)
FNDA:0,(anonymous_15)
FNDA:0,(anonymous_16)
FNDA:0,(anonymous_17)
FNDA:0,(anonymous_18)
FNDA:0,(anonymous_19)
FNDA:0,(anonymous_20)
FNDA:0,(anonymous_21)
FNDA:0,(anonymous_22)
FNDA:0,(anonymous_23)
FNDA:0,(anonymous_24)
FNDA:0,(anonymous_25)
FNDA:0,(anonymous_26)
DA:1,0
DA:2,0
DA:3,0
DA:4,0
DA:5,0
DA:6,0
DA:7,0
DA:8,0
DA:9,0
DA:10,0
DA:13,0
DA:14,0
DA:18,0
DA:42,0
DA:53,0
DA:61,0
DA:71,0
DA:72,0
DA:73,0
DA:74,0
DA:75,0
DA:78,0
DA:81,0
DA:82,0
DA:83,0
DA:87,0
DA:96,0
DA:97,0
DA:100,0
DA:101,0
DA:104,0
DA:105,0
DA:106,0
DA:109,0
DA:111,0
DA:116,0
DA:117,0
DA:118,0
DA:122,0
DA:126,0
DA:134,0
DA:144,0
DA:145,0
DA:150,0
DA:151,0
DA:152,0
DA:153,0
DA:154,0
DA:157,0
DA:160,0
DA:161,0
DA:162,0
DA:166,0
DA:167,0
DA:168,0
DA:172,0
DA:173,0
DA:177,0
DA:180,0
DA:181,0
DA:184,0
DA:189,0
DA:197,0
DA:208,0
DA:209,0
DA:214,0
DA:215,0
DA:216,0
DA:217,0
DA:218,0
DA:221,0
DA:227,0
DA:230,0
DA:231,0
DA:237,0
DA:239,0
DA:240,0
DA:241,0
DA:244,0
DA:245,0
DA:246,0
DA:249,0
DA:251,0
DA:257,0
DA:258,0
DA:262,0
DA:263,0
DA:264,0
DA:265,0
DA:266,0
DA:267,0
DA:268,0
DA:271,0
DA:276,0
DA:280,0
DA:286,0
DA:287,0
DA:292,0
DA:293,0
DA:294,0
DA:295,0
DA:296,0
DA:299,0
DA:302,0
DA:308,0
DA:313,0
DA:314,0
DA:318,0
DA:319,0
DA:320,0
DA:321,0
DA:324,0
DA:326,0
DA:334,0
DA:335,0
DA:340,0
DA:341,0
DA:343,0
DA:344,0
DA:348,0
DA:349,0
DA:350,0
DA:353,0
DA:361,0
DA:362,0
DA:367,0
DA:368,0
DA:370,0
DA:372,0
DA:373,0
DA:376,0
DA:383,0
DA:384,0
DA:389,0
DA:396,0
DA:400,0
DA:403,0
DA:406,0
DA:409,0
DA:412,0
DA:418,0
DA:420,0
DA:421,0
DA:422,0
DA:423,0
DA:426,0
DA:429,0
DA:430,0
DA:431,0
DA:432,0
DA:433,0
DA:436,0
DA:437,0
DA:439,0
DA:441,0
DA:443,0
DA:445,0
DA:448,0
DA:449,0
DA:452,0
DA:454,0
DA:466,0
DA:471,0
DA:472,0
DA:478,0
DA:480,0
DA:481,0
DA:482,0
DA:487,0
DA:493,0
DA:494,0
DA:502,0
DA:504,0
DA:505,0
DA:506,0
DA:507,0
DA:512,0
DA:518,0
DA:519,0
DA:522,0
DA:525,0
DA:538,0
DA:539,0
DA:543,0
DA:544,0
DA:545,0
DA:548,0
DA:549,0
DA:552,0
DA:557,0
DA:561,0
DA:562,0
DA:563,0
DA:564,0
DA:567,0
DA:570,0
DA:573,0
DA:574,0
DA:575,0
DA:579,0
DA:580,0
DA:582,0
DA:587,0
DA:588,0
DA:593,0
DA:594,0
DA:595,0
DA:598,0
DA:604,0
DA:606,0
DA:607,0
DA:610,0
DA:611,0
DA:612,0
DA:618,0
DA:625,0
DA:631,0
DA:632,0
DA:645,0
DA:657,0
DA:658,0
DA:659,0
DA:660,0
DA:663,0
DA:677,0
DA:678,0
DA:679,0
DA:683,0
DA:684,0
DA:685,0
DA:689,0
DA:690,0
DA:692,0
DA:699,0
DA:700,0
DA:711,0
DA:723,0
DA:724,0
DA:725,0
DA:726,0
DA:729,0
DA:730,0
DA:733,0
DA:735,0
DA:736,0
DA:741,0
DA:742,0
DA:743,0
DA:746,0
DA:747,0
DA:748,0
DA:758,0
DA:759,0
DA:760,0
DA:761,0
DA:767,0
DA:768,0
DA:770,0
DA:777,0
DA:778,0
DA:789,0
DA:790,0
DA:791,0
DA:794,0
DA:795,0
DA:796,0
DA:799,0
DA:800,0
DA:801,0
DA:811,0
DA:812,0
DA:814,0
DA:821,0
DA:822,0
DA:833,0
DA:834,0
DA:835,0
DA:838,0
DA:839,0
DA:840,0
DA:843,0
DA:844,0
DA:845,0
DA:855,0
DA:856,0
DA:859,0
DA:861,0
DA:868,0
DA:869,0
DA:880,0
DA:881,0
DA:882,0
DA:884,0
DA:885,0
DA:894,0
DA:895,0
DA:897,0
DA:898,0
DA:907,0
DA:909,0
DA:915,0
DA:916,0
DA:926,0
LF:303
LH:0
BRDA:74,0,0,0
BRDA:74,0,1,0
BRDA:82,1,0,0
BRDA:82,1,1,0
BRDA:93,2,0,0
BRDA:93,2,1,0
BRDA:105,3,0,0
BRDA:105,3,1,0
BRDA:109,4,0,0
BRDA:109,4,1,0
BRDA:109,4,2,0
BRDA:117,5,0,0
BRDA:117,5,1,0
BRDA:153,6,0,0
BRDA:153,6,1,0
BRDA:161,7,0,0
BRDA:161,7,1,0
BRDA:167,8,0,0
BRDA:167,8,1,0
BRDA:172,9,0,0
BRDA:172,9,1,0
BRDA:217,10,0,0
BRDA:217,10,1,0
BRDA:237,11,0,0
BRDA:237,11,1,0
BRDA:246,12,0,0
BRDA:246,12,1,0
BRDA:249,13,0,0
BRDA:249,13,1,0
BRDA:249,13,2,0
BRDA:257,14,0,0
BRDA:257,14,1,0
BRDA:262,15,0,0
BRDA:262,15,1,0
BRDA:295,16,0,0
BRDA:295,16,1,0
BRDA:313,17,0,0
BRDA:313,17,1,0
BRDA:343,18,0,0
BRDA:343,18,1,0
BRDA:349,19,0,0
BRDA:349,19,1,0
BRDA:349,20,0,0
BRDA:349,20,1,0
BRDA:372,21,0,0
BRDA:372,21,1,0
BRDA:396,22,0,0
BRDA:396,22,1,0
BRDA:400,23,0,0
BRDA:400,23,1,0
BRDA:400,23,2,0
BRDA:403,24,0,0
BRDA:403,24,1,0
BRDA:403,24,2,0
BRDA:406,25,0,0
BRDA:406,25,1,0
BRDA:406,25,2,0
BRDA:409,26,0,0
BRDA:409,26,1,0
BRDA:409,26,2,0
BRDA:412,27,0,0
BRDA:412,27,1,0
BRDA:422,28,0,0
BRDA:422,28,1,0
BRDA:430,29,0,0
BRDA:430,29,1,0
BRDA:431,30,0,0
BRDA:431,30,1,0
BRDA:432,31,0,0
BRDA:432,31,1,0
BRDA:433,32,0,0
BRDA:433,32,1,0
BRDA:436,33,0,0
BRDA:436,33,1,0
BRDA:437,34,0,0
BRDA:437,34,1,0
BRDA:439,35,0,0
BRDA:439,35,1,0
BRDA:445,36,0,0
BRDA:445,36,1,0
BRDA:448,37,0,0
BRDA:448,37,1,0
BRDA:448,37,2,0
BRDA:448,37,3,0
BRDA:449,38,0,0
BRDA:449,38,1,0
BRDA:452,39,0,0
BRDA:452,39,1,0
BRDA:452,40,0,0
BRDA:452,40,1,0
BRDA:452,40,2,0
BRDA:452,40,3,0
BRDA:455,41,0,0
BRDA:455,41,1,0
BRDA:456,42,0,0
BRDA:456,42,1,0
BRDA:456,42,2,0
BRDA:457,43,0,0
BRDA:457,43,1,0
BRDA:457,43,2,0
BRDA:462,44,0,0
BRDA:462,44,1,0
BRDA:464,45,0,0
BRDA:464,45,1,0
BRDA:471,46,0,0
BRDA:471,46,1,0
BRDA:478,47,0,0
BRDA:478,47,1,0
BRDA:481,48,0,0
BRDA:481,48,1,0
BRDA:482,49,0,0
BRDA:482,49,1,0
BRDA:493,50,0,0
BRDA:493,50,1,0
BRDA:495,51,0,0
BRDA:495,51,1,0
BRDA:504,52,0,0
BRDA:504,52,1,0
BRDA:504,53,0,0
BRDA:504,53,1,0
BRDA:506,54,0,0
BRDA:506,54,1,0
BRDA:518,55,0,0
BRDA:518,55,1,0
BRDA:534,56,0,0
BRDA:534,56,1,0
BRDA:539,57,0,0
BRDA:539,57,1,0
BRDA:548,58,0,0
BRDA:548,58,1,0
BRDA:563,59,0,0
BRDA:563,59,1,0
BRDA:574,60,0,0
BRDA:574,60,1,0
BRDA:604,61,0,0
BRDA:604,61,1,0
BRDA:611,62,0,0
BRDA:611,62,1,0
BRDA:659,63,0,0
BRDA:659,63,1,0
BRDA:671,64,0,0
BRDA:671,64,1,0
BRDA:673,65,0,0
BRDA:673,65,1,0
BRDA:678,66,0,0
BRDA:678,66,1,0
BRDA:683,67,0,0
BRDA:683,67,1,0
BRDA:725,68,0,0
BRDA:725,68,1,0
BRDA:735,69,0,0
BRDA:735,69,1,0
BRDA:742,70,0,0
BRDA:742,70,1,0
BRDA:747,71,0,0
BRDA:747,71,1,0
BRDA:758,72,0,0
BRDA:758,72,1,0
BRDA:760,73,0,0
BRDA:760,73,1,0
BRDA:795,74,0,0
BRDA:795,74,1,0
BRDA:800,75,0,0
BRDA:800,75,1,0
BRDA:839,76,0,0
BRDA:839,76,1,0
BRDA:844,77,0,0
BRDA:844,77,1,0
BRDA:884,78,0,0
BRDA:884,78,1,0
BRDA:897,79,0,0
BRDA:897,79,1,0
BRDA:897,80,0,0
BRDA:897,80,1,0
BRF:174
BRH:0
end_of_record
TN:
SF:routes/cart.js
FN:13,getUserCurrency
FN:24,enhanceProductWithCurrency
FN:41,(anonymous_2)
FN:68,(anonymous_3)
FN:120,(anonymous_4)
FN:133,(anonymous_5)
FN:142,(anonymous_6)
FN:167,(anonymous_7)
FN:170,(anonymous_8)
FN:171,(anonymous_9)
FN:193,(anonymous_10)
FN:243,(anonymous_11)
FN:257,(anonymous_12)
FN:277,(anonymous_13)
FN:297,(anonymous_14)
FN:336,(anonymous_15)
FN:352,(anonymous_16)
FN:352,(anonymous_17)
FN:354,(anonymous_18)
FN:355,(anonymous_19)
FN:381,(anonymous_20)
FN:398,(anonymous_21)
FN:416,(anonymous_22)
FN:452,(anonymous_23)
FN:466,(anonymous_24)
FN:467,(anonymous_25)
FN:468,(anonymous_26)
FN:494,(anonymous_27)
FN:506,(anonymous_28)
FN:519,(anonymous_29)
FN:546,(anonymous_30)
FN:560,(anonymous_31)
FN:561,(anonymous_32)
FN:562,(anonymous_33)
FN:585,(anonymous_34)
FN:634,(anonymous_35)
FN:668,(anonymous_36)
FN:704,(anonymous_37)
FN:745,(anonymous_38)
FN:770,(anonymous_39)
FN:771,(anonymous_40)
FN:772,(anonymous_41)
FN:802,(anonymous_42)
FN:848,(anonymous_43)
FN:857,(anonymous_44)
FN:864,(anonymous_45)
FNF:46
FNH:0
FNDA:0,getUserCurrency
FNDA:0,enhanceProductWithCurrency
FNDA:0,(anonymous_2)
FNDA:0,(anonymous_3)
FNDA:0,(anonymous_4)
FNDA:0,(anonymous_5)
FNDA:0,(anonymous_6)
FNDA:0,(anonymous_7)
FNDA:0,(anonymous_8)
FNDA:0,(anonymous_9)
FNDA:0,(anonymous_10)
FNDA:0,(anonymous_11)
FNDA:0,(anonymous_12)
FNDA:0,(anonymous_13)
FNDA:0,(anonymous_14)
FNDA:0,(anonymous_15)
FNDA:0,(anonymous_16)
FNDA:0,(anonymous_17)
FNDA:0,(anonymous_18)
FNDA:0,(anonymous_19)
FNDA:0,(anonymous_20)
FNDA:0,(anonymous_21)
FNDA:0,(anonymous_22)
FNDA:0,(anonymous_23)
FNDA:0,(anonymous_24)
FNDA:0,(anonymous_25)
FNDA:0,(anonymous_26)
FNDA:0,(anonymous_27)
FNDA:0,(anonymous_28)
FNDA:0,(anonymous_29)
FNDA:0,(anonymous_30)
FNDA:0,(anonymous_31)
FNDA:0,(anonymous_32)
FNDA:0,(anonymous_33)
FNDA:0,(anonymous_34)
FNDA:0,(anonymous_35)
FNDA:0,(anonymous_36)
FNDA:0,(anonymous_37)
FNDA:0,(anonymous_38)
FNDA:0,(anonymous_39)
FNDA:0,(anonymous_40)
FNDA:0,(anonymous_41)
FNDA:0,(anonymous_42)
FNDA:0,(anonymous_43)
FNDA:0,(anonymous_44)
FNDA:0,(anonymous_45)
DA:1,0
DA:2,0
DA:3,0
DA:4,0
DA:5,0
DA:6,0
DA:7,0
DA:8,0
DA:9,0
DA:10,0
DA:15,0
DA:16,0
DA:19,0
DA:20,0
DA:25,0
DA:28,0
DA:32,0
DA:41,0
DA:42,0
DA:44,0
DA:45,0
DA:46,0
DA:47,0
DA:49,0
DA:53,0
DA:56,0
DA:57,0
DA:58,0
DA:62,0
DA:63,0
DA:64,0
DA:65,0
DA:68,0
DA:69,0
DA:70,0
DA:71,0
DA:77,0
DA:79,0
DA:80,0
DA:82,0
DA:95,0
DA:96,0
DA:100,0
DA:102,0
DA:103,0
DA:105,0
DA:109,0
DA:113,0
DA:114,0
DA:115,0
DA:116,0
DA:120,0
DA:124,0
DA:125,0
DA:128,0
DA:133,0
DA:134,0
DA:136,0
DA:138,0
DA:141,0
DA:143,0
DA:144,0
DA:145,0
DA:146,0
DA:149,0
DA:150,0
DA:152,0
DA:160,0
DA:161,0
DA:167,0
DA:170,0
DA:171,0
DA:173,0
DA:187,0
DA:188,0
DA:193,0
DA:194,0
DA:195,0
DA:198,0
DA:199,0
DA:210,0
DA:211,0
DA:215,0
DA:216,0
DA:220,0
DA:221,0
DA:225,0
DA:226,0
DA:230,0
DA:231,0
DA:232,0
DA:235,0
DA:236,0
DA:240,0
DA:242,0
DA:243,0
DA:244,0
DA:247,0
DA:248,0
DA:249,0
DA:252,0
DA:253,0
DA:257,0
DA:258,0
DA:261,0
DA:262,0
DA:263,0
DA:266,0
DA:267,0
DA:273,0
DA:275,0
DA:277,0
DA:278,0
DA:281,0
DA:282,0
DA:283,0
DA:285,0
DA:293,0
DA:294,0
DA:297,0
DA:298,0
DA:302,0
DA:304,0
DA:316,0
DA:333,0
DA:335,0
DA:337,0
DA:338,0
DA:339,0
DA:341,0
DA:342,0
DA:344,0
DA:352,0
DA:354,0
DA:355,0
DA:357,0
DA:371,0
DA:372,0
DA:373,0
DA:381,0
DA:382,0
DA:383,0
DA:386,0
DA:387,0
DA:390,0
DA:391,0
DA:394,0
DA:396,0
DA:398,0
DA:399,0
DA:402,0
DA:403,0
DA:404,0
DA:406,0
DA:407,0
DA:409,0
DA:410,0
DA:412,0
DA:416,0
DA:417,0
DA:420,0
DA:422,0
DA:424,0
DA:425,0
DA:427,0
DA:435,0
DA:443,0
DA:445,0
DA:450,0
DA:451,0
DA:453,0
DA:454,0
DA:456,0
DA:466,0
DA:467,0
DA:468,0
DA:471,0
DA:473,0
DA:488,0
DA:489,0
DA:494,0
DA:495,0
DA:496,0
DA:498,0
DA:499,0
DA:502,0
DA:504,0
DA:506,0
DA:507,0
DA:510,0
DA:511,0
DA:512,0
DA:513,0
DA:515,0
DA:519,0
DA:520,0
DA:523,0
DA:525,0
DA:526,0
DA:529,0
DA:537,0
DA:539,0
DA:544,0
DA:545,0
DA:547,0
DA:548,0
DA:550,0
DA:560,0
DA:561,0
DA:562,0
DA:564,0
DA:579,0
DA:580,0
DA:585,0
DA:586,0
DA:587,0
DA:589,0
DA:591,0
DA:592,0
DA:593,0
DA:594,0
DA:595,0
DA:599,0
DA:602,0
DA:603,0
DA:606,0
DA:607,0
DA:609,0
DA:612,0
DA:628,0
DA:629,0
DA:634,0
DA:635,0
DA:636,0
DA:637,0
DA:640,0
DA:642,0
DA:649,0
DA:650,0
DA:651,0
DA:654,0
DA:657,0
DA:659,0
DA:660,0
DA:661,0
DA:662,0
DA:665,0
DA:666,0
DA:668,0
DA:669,0
DA:672,0
DA:674,0
DA:675,0
DA:677,0
DA:684,0
DA:688,0
DA:689,0
DA:690,0
DA:692,0
DA:694,0
DA:695,0
DA:696,0
DA:698,0
DA:699,0
DA:700,0
DA:701,0
DA:704,0
DA:705,0
DA:708,0
DA:710,0
DA:711,0
DA:713,0
DA:720,0
DA:724,0
DA:725,0
DA:727,0
DA:731,0
DA:732,0
DA:734,0
DA:741,0
DA:744,0
DA:746,0
DA:747,0
DA:748,0
DA:749,0
DA:752,0
DA:753,0
DA:755,0
DA:763,0
DA:764,0
DA:770,0
DA:771,0
DA:772,0
DA:774,0
DA:794,0
DA:795,0
DA:802,0
DA:803,0
DA:805,0
DA:806,0
DA:810,0
DA:813,0
DA:814,0
DA:815,0
DA:819,0
DA:822,0
DA:823,0
DA:825,0
DA:841,0
DA:842,0
DA:847,0
DA:848,0
DA:849,0
DA:850,0
DA:851,0
DA:854,0
DA:857,0
DA:864,0
DA:877,0
DA:882,0
LF:320
LH:0
BRDA:15,0,0,0
BRDA:15,0,1,0
BRDA:16,1,0,0
BRDA:16,1,1,0
BRDA:19,2,0,0
BRDA:19,2,1,0
BRDA:24,3,0,0
BRDA:28,4,0,0
BRDA:28,4,1,0
BRDA:28,5,0,0
BRDA:28,5,1,0
BRDA:42,6,0,0
BRDA:42,6,1,0
BRDA:45,7,0,0
BRDA:45,7,1,0
BRDA:56,8,0,0
BRDA:56,8,1,0
BRDA:56,9,0,0
BRDA:56,9,1,0
BRDA:63,10,0,0
BRDA:63,10,1,0
BRDA:64,11,0,0
BRDA:64,11,1,0
BRDA:95,12,0,0
BRDA:95,12,1,0
BRDA:100,13,0,0
BRDA:100,13,1,0
BRDA:103,14,0,0
BRDA:103,14,1,0
BRDA:114,15,0,0
BRDA:114,15,1,0
BRDA:124,16,0,0
BRDA:124,16,1,0
BRDA:145,17,0,0
BRDA:145,17,1,0
BRDA:145,18,0,0
BRDA:145,18,1,0
BRDA:150,19,0,0
BRDA:150,19,1,0
BRDA:195,20,0,0
BRDA:198,21,0,0
BRDA:198,21,1,0
BRDA:202,22,0,0
BRDA:202,22,1,0
BRDA:205,23,0,0
BRDA:205,23,1,0
BRDA:210,24,0,0
BRDA:210,24,1,0
BRDA:215,25,0,0
BRDA:215,25,1,0
BRDA:215,26,0,0
BRDA:215,26,1,0
BRDA:215,26,2,0
BRDA:220,27,0,0
BRDA:220,27,1,0
BRDA:225,28,0,0
BRDA:225,28,1,0
BRDA:231,29,0,0
BRDA:231,29,1,0
BRDA:235,30,0,0
BRDA:235,30,1,0
BRDA:242,31,0,0
BRDA:242,31,1,0
BRDA:247,32,0,0
BRDA:247,32,1,0
BRDA:252,33,0,0
BRDA:252,33,1,0
BRDA:252,34,0,0
BRDA:252,34,1,0
BRDA:261,35,0,0
BRDA:261,35,1,0
BRDA:266,36,0,0
BRDA:266,36,1,0
BRDA:266,37,0,0
BRDA:266,37,1,0
BRDA:275,38,0,0
BRDA:275,38,1,0
BRDA:281,39,0,0
BRDA:281,39,1,0
BRDA:302,40,0,0
BRDA:302,40,1,0
BRDA:338,41,0,0
BRDA:338,41,1,0
BRDA:342,42,0,0
BRDA:342,42,1,0
BRDA:374,43,0,0
BRDA:374,43,1,0
BRDA:375,44,0,0
BRDA:375,44,1,0
BRDA:386,45,0,0
BRDA:386,45,1,0
BRDA:390,46,0,0
BRDA:390,46,1,0
BRDA:390,47,0,0
BRDA:390,47,1,0
BRDA:390,47,2,0
BRDA:396,48,0,0
BRDA:396,48,1,0
BRDA:402,49,0,0
BRDA:402,49,1,0
BRDA:403,50,0,0
BRDA:403,50,1,0
BRDA:420,51,0,0
BRDA:420,51,1,0
BRDA:424,52,0,0
BRDA:424,52,1,0
BRDA:450,53,0,0
BRDA:450,53,1,0
BRDA:454,54,0,0
BRDA:454,54,1,0
BRDA:454,55,0,0
BRDA:454,55,1,0
BRDA:475,56,0,0
BRDA:475,56,1,0
BRDA:498,57,0,0
BRDA:498,57,1,0
BRDA:504,58,0,0
BRDA:504,58,1,0
BRDA:510,59,0,0
BRDA:510,59,1,0
BRDA:523,60,0,0
BRDA:523,60,1,0
BRDA:544,61,0,0
BRDA:544,61,1,0
BRDA:548,62,0,0
BRDA:548,62,1,0
BRDA:548,63,0,0
BRDA:548,63,1,0
BRDA:589,64,0,0
BRDA:589,64,1,0
BRDA:594,65,0,0
BRDA:594,65,1,0
BRDA:603,66,0,0
BRDA:603,66,1,0
BRDA:636,67,0,0
BRDA:636,67,1,0
BRDA:645,68,0,0
BRDA:645,68,1,0
BRDA:650,69,0,0
BRDA:650,69,1,0
BRDA:657,70,0,0
BRDA:657,70,1,0
BRDA:657,71,0,0
BRDA:657,71,1,0
BRDA:657,71,2,0
BRDA:660,72,0,0
BRDA:660,72,1,0
BRDA:661,73,0,0
BRDA:661,73,1,0
BRDA:661,74,0,0
BRDA:661,74,1,0
BRDA:665,75,0,0
BRDA:665,75,1,0
BRDA:666,76,0,0
BRDA:666,76,1,0
BRDA:672,77,0,0
BRDA:672,77,1,0
BRDA:688,78,0,0
BRDA:688,78,1,0
BRDA:692,79,0,0
BRDA:692,79,1,0
BRDA:695,80,0,0
BRDA:695,80,1,0
BRDA:695,81,0,0
BRDA:695,81,1,0
BRDA:700,82,0,0
BRDA:700,82,1,0
BRDA:700,83,0,0
BRDA:700,83,1,0
BRDA:708,84,0,0
BRDA:708,84,1,0
BRDA:748,85,0,0
BRDA:748,85,1,0
BRDA:748,86,0,0
BRDA:748,86,1,0
BRDA:753,87,0,0
BRDA:753,87,1,0
BRDA:796,88,0,0
BRDA:796,88,1,0
BRDA:805,89,0,0
BRDA:805,89,1,0
BRDA:813,90,0,0
BRDA:813,90,1,0
BRDA:813,91,0,0
BRDA:813,91,1,0
BRDA:815,92,0,0
BRDA:815,92,1,0
BRDA:847,93,0,0
BRDA:847,93,1,0
BRDA:866,94,0,0
BRDA:866,94,1,0
BRDA:867,95,0,0
BRDA:867,95,1,0
BRF:193
BRH:0
end_of_record
TN:
SF:routes/integration.js
FN:16,(anonymous_0)
FN:77,(anonymous_1)
FN:139,(anonymous_2)
FN:167,(anonymous_3)
FN:218,(anonymous_4)
FN:249,(anonymous_5)
FN:263,(anonymous_6)
FN:296,(anonymous_7)
FN:350,(anonymous_8)
FN:431,(anonymous_9)
FN:432,(anonymous_10)
FN:434,(anonymous_11)
FN:460,escapeHtml
FN:471,generateProductWidget
FNF:14
FNH:0
FNDA:0,(anonymous_0)
FNDA:0,(anonymous_1)
FNDA:0,(anonymous_2)
FNDA:0,(anonymous_3)
FNDA:0,(anonymous_4)
FNDA:0,(anonymous_5)
FNDA:0,(anonymous_6)
FNDA:0,(anonymous_7)
FNDA:0,(anonymous_8)
FNDA:0,(anonymous_9)
FNDA:0,(anonymous_10)
FNDA:0,(anonymous_11)
FNDA:0,escapeHtml
FNDA:0,generateProductWidget
DA:1,0
DA:2,0
DA:3,0
DA:4,0
DA:5,0
DA:6,0
DA:9,0
DA:12,0
DA:17,0
DA:18,0
DA:19,0
DA:21,0
DA:30,0
DA:31,0
DA:41,0
DA:43,0
DA:47,0
DA:49,0
DA:61,0
DA:62,0
DA:73,0
DA:78,0
DA:79,0
DA:80,0
DA:82,0
DA:87,0
DA:88,0
DA:98,0
DA:99,0
DA:102,0
DA:122,0
DA:123,0
DA:134,0
DA:140,0
DA:141,0
DA:142,0
DA:144,0
DA:150,0
DA:151,0
DA:160,0
DA:167,0
DA:182,0
DA:184,0
DA:185,0
DA:186,0
DA:189,0
DA:201,0
DA:202,0
DA:213,0
DA:219,0
DA:220,0
DA:221,0
DA:224,0
DA:230,0
DA:231,0
DA:232,0
DA:233,0
DA:234,0
DA:235,0
DA:236,0
DA:237,0
DA:238,0
DA:242,0
DA:243,0
DA:246,0
DA:247,0
DA:248,0
DA:249,0
DA:250,0
DA:251,0
DA:259,0
DA:263,0
DA:265,0
DA:277,0
DA:278,0
DA:289,0
DA:297,0
DA:298,0
DA:300,0
DA:301,0
DA:311,0
DA:321,0
DA:326,0
DA:332,0
DA:333,0
DA:344,0
DA:351,0
DA:352,0
DA:355,0
DA:356,0
DA:357,0
DA:358,0
DA:359,0
DA:363,0
DA:364,0
DA:365,0
DA:369,0
DA:391,0
DA:427,0
DA:431,0
DA:432,0
DA:434,0
DA:448,0
DA:449,0
DA:461,0
DA:462,0
DA:472,0
DA:476,0
DA:565,0
LF:109
LH:0
BRDA:30,0,0,0
BRDA:30,0,1,0
BRDA:41,1,0,0
BRDA:41,1,1,0
BRDA:87,2,0,0
BRDA:87,2,1,0
BRDA:98,3,0,0
BRDA:98,3,1,0
BRDA:142,4,0,0
BRDA:142,5,0,0
BRDA:150,6,0,0
BRDA:150,6,1,0
BRDA:167,7,0,0
BRDA:167,7,1,0
BRDA:182,8,0,0
BRDA:182,8,1,0
BRDA:221,9,0,0
BRDA:230,10,0,0
BRDA:230,10,1,0
BRDA:233,11,0,0
BRDA:233,11,1,0
BRDA:236,12,0,0
BRDA:236,12,1,0
BRDA:242,13,0,0
BRDA:242,13,1,0
BRDA:246,14,0,0
BRDA:246,14,1,0
BRDA:250,15,0,0
BRDA:250,15,1,0
BRDA:251,16,0,0
BRDA:251,16,1,0
BRDA:300,17,0,0
BRDA:300,17,1,0
BRDA:300,18,0,0
BRDA:300,18,1,0
BRDA:356,19,0,0
BRDA:356,19,1,0
BRDA:356,20,0,0
BRDA:356,20,1,0
BRDA:358,21,0,0
BRDA:358,21,1,0
BRDA:359,22,0,0
BRDA:359,22,1,0
BRDA:364,23,0,0
BRDA:364,23,1,0
BRDA:433,24,0,0
BRDA:433,24,1,0
BRDA:461,25,0,0
BRDA:461,25,1,0
BRDA:471,26,0,0
BRDA:472,27,0,0
BRDA:472,27,1,0
BRDA:543,28,0,0
BRDA:543,28,1,0
BRDA:543,29,0,0
BRDA:543,29,1,0
BRDA:545,30,0,0
BRDA:545,30,1,0
BRDA:548,31,0,0
BRDA:548,31,1,0
BRDA:550,32,0,0
BRDA:550,32,1,0
BRDA:550,33,0,0
BRDA:550,33,1,0
BRDA:552,34,0,0
BRDA:552,34,1,0
BRDA:553,35,0,0
BRDA:553,35,1,0
BRF:68
BRH:0
end_of_record
TN:
SF:routes/monitoring.js
FN:10,(anonymous_0)
FN:22,(anonymous_1)
FN:60,getDatabaseStatus
FN:93,getServicesStatus
FN:128,(anonymous_4)
FN:165,getCollectionStats
FN:190,getErrorMetrics
FN:204,(anonymous_7)
FNF:8
FNH:0
FNDA:0,(anonymous_0)
FNDA:0,(anonymous_1)
FNDA:0,getDatabaseStatus
FNDA:0,getServicesStatus
FNDA:0,(anonymous_4)
FNDA:0,getCollectionStats
FNDA:0,getErrorMetrics
FNDA:0,(anonymous_7)
DA:1,0
DA:2,0
DA:3,0
DA:4,0
DA:5,0
DA:7,0
DA:10,0
DA:11,0
DA:18,0
DA:22,0
DA:23,0
DA:24,0
DA:34,0
DA:39,0
DA:44,0
DA:49,0
DA:61,0
DA:62,0
DA:63,0
DA:70,0
DA:78,0
DA:79,0
DA:80,0
DA:83,0
DA:85,0
DA:94,0
DA:97,0
DA:99,0
DA:104,0
DA:111,0
DA:113,0
DA:118,0
DA:124,0
DA:128,0
DA:129,0
DA:130,0
DA:144,0
DA:149,0
DA:154,0
DA:166,0
DA:167,0
DA:168,0
DA:170,0
DA:171,0
DA:172,0
DA:173,0
DA:179,0
DA:183,0
DA:185,0
DA:193,0
DA:204,0
DA:205,0
DA:206,0
DA:209,0
DA:219,0
DA:224,0
DA:234,0
LF:57
LH:0
BRDA:15,0,0,0
BRDA:15,0,1,0
BRDA:26,1,0,0
BRDA:26,1,1,0
BRDA:78,2,0,0
BRDA:78,2,1,0
BRDA:206,3,0,0
BRDA:206,4,0,0
BRF:8
BRH:0
end_of_record
TN:
SF:routes/orders.js
FN:14,getUserCurrency
FN:116,(anonymous_1)
FN:145,(anonymous_2)
FN:147,(anonymous_3)
FN:245,(anonymous_4)
FN:293,(anonymous_5)
FN:322,(anonymous_6)
FN:324,(anonymous_7)
FN:432,(anonymous_8)
FN:502,(anonymous_9)
FN:513,(anonymous_10)
FN:515,(anonymous_11)
FN:600,(anonymous_12)
FN:656,(anonymous_13)
FN:684,(anonymous_14)
FN:712,(anonymous_15)
FN:764,(anonymous_16)
FN:794,(anonymous_17)
FN:823,(anonymous_18)
FN:872,(anonymous_19)
FN:1028,(anonymous_20)
FNF:21
FNH:0
FNDA:0,getUserCurrency
FNDA:0,(anonymous_1)
FNDA:0,(anonymous_2)
FNDA:0,(anonymous_3)
FNDA:0,(anonymous_4)
FNDA:0,(anonymous_5)
FNDA:0,(anonymous_6)
FNDA:0,(anonymous_7)
FNDA:0,(anonymous_8)
FNDA:0,(anonymous_9)
FNDA:0,(anonymous_10)
FNDA:0,(anonymous_11)
FNDA:0,(anonymous_12)
FNDA:0,(anonymous_13)
FNDA:0,(anonymous_14)
FNDA:0,(anonymous_15)
FNDA:0,(anonymous_16)
FNDA:0,(anonymous_17)
FNDA:0,(anonymous_18)
FNDA:0,(anonymous_19)
FNDA:0,(anonymous_20)
DA:1,0
DA:2,0
DA:3,0
DA:4,0
DA:5,0
DA:6,0
DA:7,0
DA:8,0
DA:9,0
DA:10,0
DA:11,0
DA:16,0
DA:17,0
DA:20,0
DA:21,0
DA:25,0
DA:116,0
DA:117,0
DA:119,0
DA:120,0
DA:121,0
DA:138,0
DA:141,0
DA:142,0
DA:145,0
DA:146,0
DA:147,0
DA:149,0
DA:150,0
DA:152,0
DA:153,0
DA:163,0
DA:164,0
DA:168,0
DA:169,0
DA:171,0
DA:185,0
DA:186,0
DA:187,0
DA:190,0
DA:191,0
DA:192,0
DA:193,0
DA:196,0
DA:216,0
DA:217,0
DA:219,0
DA:227,0
DA:230,0
DA:233,0
DA:236,0
DA:237,0
DA:240,0
DA:242,0
DA:245,0
DA:255,0
DA:256,0
DA:257,0
DA:260,0
DA:266,0
DA:281,0
DA:282,0
DA:293,0
DA:294,0
DA:296,0
DA:297,0
DA:298,0
DA:315,0
DA:318,0
DA:319,0
DA:322,0
DA:323,0
DA:324,0
DA:326,0
DA:327,0
DA:329,0
DA:330,0
DA:340,0
DA:341,0
DA:345,0
DA:346,0
DA:348,0
DA:363,0
DA:364,0
DA:365,0
DA:368,0
DA:369,0
DA:370,0
DA:371,0
DA:374,0
DA:394,0
DA:396,0
DA:420,0
DA:421,0
DA:432,0
DA:433,0
DA:435,0
DA:436,0
DA:452,0
DA:455,0
DA:456,0
DA:458,0
DA:459,0
DA:460,0
DA:462,0
DA:463,0
DA:464,0
DA:465,0
DA:466,0
DA:469,0
DA:470,0
DA:471,0
DA:472,0
DA:473,0
DA:478,0
DA:479,0
DA:489,0
DA:490,0
DA:492,0
DA:493,0
DA:494,0
DA:502,0
DA:509,0
DA:510,0
DA:513,0
DA:514,0
DA:515,0
DA:517,0
DA:518,0
DA:520,0
DA:521,0
DA:531,0
DA:532,0
DA:536,0
DA:537,0
DA:539,0
DA:553,0
DA:554,0
DA:555,0
DA:558,0
DA:559,0
DA:560,0
DA:561,0
DA:564,0
DA:584,0
DA:587,0
DA:590,0
DA:591,0
DA:592,0
DA:595,0
DA:597,0
DA:600,0
DA:610,0
DA:611,0
DA:612,0
DA:616,0
DA:620,0
DA:621,0
DA:622,0
DA:625,0
DA:626,0
DA:629,0
DA:644,0
DA:645,0
DA:656,0
DA:657,0
DA:658,0
DA:659,0
DA:660,0
DA:661,0
DA:664,0
DA:665,0
DA:666,0
DA:670,0
DA:677,0
DA:678,0
DA:681,0
DA:685,0
DA:687,0
DA:700,0
DA:701,0
DA:712,0
DA:713,0
DA:714,0
DA:718,0
DA:719,0
DA:730,0
DA:731,0
DA:732,0
DA:744,0
DA:752,0
DA:753,0
DA:764,0
DA:765,0
DA:767,0
DA:768,0
DA:777,0
DA:778,0
DA:779,0
DA:782,0
DA:788,0
DA:789,0
DA:794,0
DA:796,0
DA:811,0
DA:812,0
DA:823,0
DA:824,0
DA:825,0
DA:828,0
DA:829,0
DA:830,0
DA:840,0
DA:841,0
DA:851,0
DA:852,0
DA:854,0
DA:860,0
DA:861,0
DA:872,0
DA:873,0
DA:874,0
DA:877,0
DA:878,0
DA:888,0
DA:889,0
DA:890,0
DA:900,0
DA:901,0
DA:902,0
DA:912,0
DA:913,0
DA:923,0
DA:924,0
DA:925,0
DA:935,0
DA:937,0
DA:945,0
DA:946,0
DA:948,0
DA:951,0
DA:952,0
DA:954,0
DA:956,0
DA:958,0
DA:959,0
DA:960,0
DA:961,0
DA:962,0
DA:965,0
DA:966,0
DA:967,0
DA:970,0
DA:971,0
DA:980,0
DA:981,0
DA:982,0
DA:986,0
DA:989,0
DA:1006,0
DA:1016,0
DA:1017,0
DA:1028,0
DA:1029,0
DA:1030,0
DA:1032,0
DA:1033,0
DA:1034,0
DA:1043,0
DA:1044,0
DA:1045,0
DA:1048,0
DA:1054,0
DA:1055,0
DA:1065,0
DA:1066,0
DA:1068,0
DA:1070,0
DA:1072,0
DA:1073,0
DA:1074,0
DA:1075,0
DA:1078,0
DA:1079,0
DA:1080,0
DA:1083,0
DA:1084,0
DA:1091,0
DA:1092,0
DA:1093,0
DA:1097,0
DA:1100,0
DA:1113,0
DA:1114,0
DA:1124,0
LF:295
LH:0
BRDA:16,0,0,0
BRDA:16,0,1,0
BRDA:17,1,0,0
BRDA:17,1,1,0
BRDA:20,2,0,0
BRDA:20,2,1,0
BRDA:120,3,0,0
BRDA:120,3,1,0
BRDA:152,4,0,0
BRDA:152,4,1,0
BRDA:152,5,0,0
BRDA:152,5,1,0
BRDA:164,6,0,0
BRDA:164,6,1,0
BRDA:164,7,0,0
BRDA:164,7,1,0
BRDA:187,8,0,0
BRDA:187,8,1,0
BRDA:192,9,0,0
BRDA:192,9,1,0
BRDA:216,10,0,0
BRDA:216,10,1,0
BRDA:223,11,0,0
BRDA:223,11,1,0
BRDA:240,12,0,0
BRDA:240,12,1,0
BRDA:256,13,0,0
BRDA:256,13,1,0
BRDA:297,14,0,0
BRDA:297,14,1,0
BRDA:329,15,0,0
BRDA:329,15,1,0
BRDA:329,16,0,0
BRDA:329,16,1,0
BRDA:341,17,0,0
BRDA:341,17,1,0
BRDA:341,18,0,0
BRDA:341,18,1,0
BRDA:365,19,0,0
BRDA:365,19,1,0
BRDA:370,20,0,0
BRDA:370,20,1,0
BRDA:378,21,0,0
BRDA:378,21,1,0
BRDA:435,22,0,0
BRDA:435,22,1,0
BRDA:451,23,0,0
BRDA:458,24,0,0
BRDA:458,24,1,0
BRDA:462,25,0,0
BRDA:462,25,1,0
BRDA:469,26,0,0
BRDA:469,26,1,0
BRDA:478,27,0,0
BRDA:478,27,1,0
BRDA:478,28,0,0
BRDA:478,28,1,0
BRDA:490,29,0,0
BRDA:490,29,1,0
BRDA:490,30,0,0
BRDA:490,30,1,0
BRDA:493,31,0,0
BRDA:493,31,1,0
BRDA:493,32,0,0
BRDA:493,32,1,0
BRDA:493,32,2,0
BRDA:520,33,0,0
BRDA:520,33,1,0
BRDA:520,34,0,0
BRDA:520,34,1,0
BRDA:532,35,0,0
BRDA:532,35,1,0
BRDA:532,36,0,0
BRDA:532,36,1,0
BRDA:555,37,0,0
BRDA:555,37,1,0
BRDA:560,38,0,0
BRDA:560,38,1,0
BRDA:591,39,0,0
BRDA:591,39,1,0
BRDA:595,40,0,0
BRDA:595,40,1,0
BRDA:595,40,2,0
BRDA:611,41,0,0
BRDA:611,41,1,0
BRDA:625,42,0,0
BRDA:625,42,1,0
BRDA:625,43,0,0
BRDA:625,43,1,0
BRDA:658,44,0,0
BRDA:658,44,1,0
BRDA:659,45,0,0
BRDA:659,45,1,0
BRDA:665,46,0,0
BRDA:665,46,1,0
BRDA:665,47,0,0
BRDA:665,47,1,0
BRDA:718,48,0,0
BRDA:718,48,1,0
BRDA:730,49,0,0
BRDA:730,49,1,0
BRDA:731,50,0,0
BRDA:731,50,1,0
BRDA:731,51,0,0
BRDA:731,51,1,0
BRDA:731,51,2,0
BRDA:767,52,0,0
BRDA:767,52,1,0
BRDA:777,53,0,0
BRDA:777,53,1,0
BRDA:778,54,0,0
BRDA:778,54,1,0
BRDA:829,55,0,0
BRDA:829,55,1,0
BRDA:840,56,0,0
BRDA:840,56,1,0
BRDA:877,57,0,0
BRDA:877,57,1,0
BRDA:889,58,0,0
BRDA:889,58,1,0
BRDA:901,59,0,0
BRDA:901,59,1,0
BRDA:912,60,0,0
BRDA:912,60,1,0
BRDA:923,61,0,0
BRDA:923,61,1,0
BRDA:924,62,0,0
BRDA:924,62,1,0
BRDA:945,63,0,0
BRDA:945,63,1,0
BRDA:946,64,0,0
BRDA:946,64,1,0
BRDA:956,65,0,0
BRDA:956,65,1,0
BRDA:962,66,0,0
BRDA:962,66,1,0
BRDA:962,66,2,0
BRDA:967,67,0,0
BRDA:967,67,1,0
BRDA:970,68,0,0
BRDA:970,68,1,0
BRDA:970,69,0,0
BRDA:970,69,1,0
BRDA:981,70,0,0
BRDA:981,70,1,0
BRDA:1033,71,0,0
BRDA:1033,71,1,0
BRDA:1044,72,0,0
BRDA:1044,72,1,0
BRDA:1054,73,0,0
BRDA:1054,73,1,0
BRDA:1070,74,0,0
BRDA:1070,74,1,0
BRDA:1075,75,0,0
BRDA:1075,75,1,0
BRDA:1075,75,2,0
BRDA:1080,76,0,0
BRDA:1080,76,1,0
BRDA:1083,77,0,0
BRDA:1083,77,1,0
BRDA:1083,78,0,0
BRDA:1083,78,1,0
BRDA:1092,79,0,0
BRDA:1092,79,1,0
BRF:164
BRH:0
end_of_record
TN:
SF:routes/payments.js
FN:28,(anonymous_0)
FN:29,(anonymous_1)
FN:31,(anonymous_2)
FN:35,(anonymous_3)
FN:45,(anonymous_4)
FN:51,(anonymous_5)
FN:57,(anonymous_6)
FN:146,(anonymous_7)
FN:219,(anonymous_8)
FN:365,(anonymous_9)
FN:406,(anonymous_10)
FN:420,(anonymous_11)
FN:441,(anonymous_12)
FN:511,(anonymous_13)
FNF:14
FNH:0
FNDA:0,(anonymous_0)
FNDA:0,(anonymous_1)
FNDA:0,(anonymous_2)
FNDA:0,(anonymous_3)
FNDA:0,(anonymous_4)
FNDA:0,(anonymous_5)
FNDA:0,(anonymous_6)
FNDA:0,(anonymous_7)
FNDA:0,(anonymous_8)
FNDA:0,(anonymous_9)
FNDA:0,(anonymous_10)
FNDA:0,(anonymous_11)
FNDA:0,(anonymous_12)
FNDA:0,(anonymous_13)
DA:1,0
DA:2,0
DA:3,0
DA:4,0
DA:5,0
DA:6,0
DA:7,0
DA:11,0
DA:12,0
DA:14,0
DA:15,0
DA:16,0
DA:19,0
DA:22,0
DA:24,0
DA:26,0
DA:28,0
DA:29,0
DA:31,0
DA:35,0
DA:42,0
DA:46,0
DA:47,0
DA:49,0
DA:52,0
DA:53,0
DA:55,0
DA:58,0
DA:60,0
DA:61,0
DA:62,0
DA:65,0
DA:68,0
DA:70,0
DA:71,0
DA:75,0
DA:76,0
DA:80,0
DA:95,0
DA:96,0
DA:100,0
DA:103,0
DA:104,0
DA:105,0
DA:106,0
DA:108,0
DA:126,0
DA:129,0
DA:130,0
DA:134,0
DA:135,0
DA:138,0
DA:144,0
DA:147,0
DA:148,0
DA:149,0
DA:150,0
DA:153,0
DA:155,0
DA:156,0
DA:157,0
DA:161,0
DA:162,0
DA:166,0
DA:167,0
DA:171,0
DA:172,0
DA:173,0
DA:174,0
DA:175,0
DA:178,0
DA:179,0
DA:182,0
DA:185,0
DA:186,0
DA:190,0
DA:191,0
DA:192,0
DA:194,0
DA:197,0
DA:213,0
DA:214,0
DA:219,0
DA:220,0
DA:221,0
DA:223,0
DA:224,0
DA:228,0
DA:231,0
DA:232,0
DA:233,0
DA:234,0
DA:238,0
DA:240,0
DA:242,0
DA:243,0
DA:244,0
DA:245,0
DA:246,0
DA:251,0
DA:252,0
DA:253,0
DA:257,0
DA:258,0
DA:261,0
DA:264,0
DA:267,0
DA:270,0
DA:272,0
DA:274,0
DA:275,0
DA:277,0
DA:279,0
DA:281,0
DA:282,0
DA:283,0
DA:284,0
DA:287,0
DA:288,0
DA:289,0
DA:292,0
DA:293,0
DA:304,0
DA:305,0
DA:306,0
DA:310,0
DA:314,0
DA:315,0
DA:318,0
DA:319,0
DA:320,0
DA:332,0
DA:338,0
DA:344,0
DA:345,0
DA:347,0
DA:352,0
DA:356,0
DA:359,0
DA:360,0
DA:365,0
DA:366,0
DA:367,0
DA:370,0
DA:373,0
DA:375,0
DA:395,0
DA:397,0
DA:398,0
DA:401,0
DA:406,0
DA:407,0
DA:408,0
DA:410,0
DA:411,0
DA:412,0
DA:418,0
DA:420,0
DA:429,0
DA:435,0
DA:436,0
DA:441,0
DA:442,0
DA:443,0
DA:446,0
DA:447,0
DA:450,0
DA:451,0
DA:455,0
DA:456,0
DA:457,0
DA:461,0
DA:465,0
DA:466,0
DA:473,0
DA:476,0
DA:477,0
DA:478,0
DA:480,0
DA:482,0
DA:500,0
DA:502,0
DA:503,0
DA:506,0
DA:511,0
DA:512,0
DA:514,0
DA:516,0
DA:524,0
DA:525,0
DA:529,0
LF:191
LH:0
BRDA:12,0,0,0
BRDA:12,0,1,0
BRDA:14,1,0,0
BRDA:14,1,1,0
BRDA:46,2,0,0
BRDA:46,2,1,0
BRDA:46,3,0,0
BRDA:46,3,1,0
BRDA:52,4,0,0
BRDA:52,4,1,0
BRDA:52,5,0,0
BRDA:52,5,1,0
BRDA:61,6,0,0
BRDA:61,6,1,0
BRDA:65,7,0,0
BRDA:70,8,0,0
BRDA:70,8,1,0
BRDA:75,9,0,0
BRDA:75,9,1,0
BRDA:82,10,0,0
BRDA:82,10,1,0
BRDA:86,11,0,0
BRDA:86,11,1,0
BRDA:87,12,0,0
BRDA:87,12,1,0
BRDA:95,13,0,0
BRDA:95,13,1,0
BRDA:95,14,0,0
BRDA:95,14,1,0
BRDA:113,15,0,0
BRDA:113,15,1,0
BRDA:115,16,0,0
BRDA:115,16,1,0
BRDA:116,17,0,0
BRDA:116,17,1,0
BRDA:129,18,0,0
BRDA:129,18,1,0
BRDA:134,19,0,0
BRDA:134,19,1,0
BRDA:134,20,0,0
BRDA:134,20,1,0
BRDA:149,21,0,0
BRDA:149,21,1,0
BRDA:156,22,0,0
BRDA:156,22,1,0
BRDA:161,23,0,0
BRDA:161,23,1,0
BRDA:161,24,0,0
BRDA:161,24,1,0
BRDA:161,24,2,0
BRDA:161,24,3,0
BRDA:166,25,0,0
BRDA:166,25,1,0
BRDA:178,26,0,0
BRDA:178,26,1,0
BRDA:178,27,0,0
BRDA:178,27,1,0
BRDA:178,27,2,0
BRDA:185,28,0,0
BRDA:185,28,1,0
BRDA:185,29,0,0
BRDA:185,29,1,0
BRDA:223,30,0,0
BRDA:223,30,1,0
BRDA:232,31,0,0
BRDA:232,31,1,0
BRDA:240,32,0,0
BRDA:240,32,1,0
BRDA:240,32,2,0
BRDA:240,32,3,0
BRDA:240,32,4,0
BRDA:240,32,5,0
BRDA:240,32,6,0
BRDA:244,33,0,0
BRDA:244,33,1,0
BRDA:270,34,0,0
BRDA:270,34,1,0
BRDA:270,35,0,0
BRDA:270,35,1,0
BRDA:279,36,0,0
BRDA:279,36,1,0
BRDA:284,37,0,0
BRDA:284,37,1,0
BRDA:292,38,0,0
BRDA:292,38,1,0
BRDA:297,39,0,0
BRDA:297,39,1,0
BRDA:298,40,0,0
BRDA:298,40,1,0
BRDA:305,41,0,0
BRDA:305,41,1,0
BRDA:319,42,0,0
BRDA:319,42,1,0
BRDA:319,43,0,0
BRDA:319,43,1,0
BRDA:327,44,0,0
BRDA:327,44,1,0
BRDA:344,45,0,0
BRDA:344,45,1,0
BRDA:386,46,0,0
BRDA:386,46,1,0
BRDA:397,47,0,0
BRDA:397,47,1,0
BRDA:408,48,0,0
BRDA:411,49,0,0
BRDA:411,49,1,0
BRDA:446,50,0,0
BRDA:446,50,1,0
BRDA:450,51,0,0
BRDA:450,51,1,0
BRDA:456,52,0,0
BRDA:456,52,1,0
BRDA:462,53,0,0
BRDA:462,53,1,0
BRDA:465,54,0,0
BRDA:465,54,1,0
BRDA:476,55,0,0
BRDA:476,55,1,0
BRDA:502,56,0,0
BRDA:502,56,1,0
BRF:120
BRH:0
end_of_record
TN:
SF:routes/products.js
FN:10,getUserCurrency
FN:21,enhanceProductWithCurrency
FN:38,(anonymous_2)
FN:150,(anonymous_3)
FN:188,(anonymous_4)
FN:194,(anonymous_5)
FN:196,(anonymous_6)
FN:219,(anonymous_7)
FN:242,(anonymous_8)
FN:264,(anonymous_9)
FN:265,(anonymous_10)
FN:285,(anonymous_11)
FN:312,(anonymous_12)
FN:341,(anonymous_13)
FN:379,(anonymous_14)
FN:380,(anonymous_15)
FN:380,(anonymous_16)
FN:384,(anonymous_17)
FN:405,(anonymous_18)
FN:423,(anonymous_19)
FN:441,(anonymous_20)
FN:535,(anonymous_21)
FN:562,(anonymous_22)
FN:586,(anonymous_23)
FN:622,(anonymous_24)
FN:655,(anonymous_25)
FN:693,(anonymous_26)
FN:732,(anonymous_27)
FNF:28
FNH:0
FNDA:0,getUserCurrency
FNDA:0,enhanceProductWithCurrency
FNDA:0,(anonymous_2)
FNDA:0,(anonymous_3)
FNDA:0,(anonymous_4)
FNDA:0,(anonymous_5)
FNDA:0,(anonymous_6)
FNDA:0,(anonymous_7)
FNDA:0,(anonymous_8)
FNDA:0,(anonymous_9)
FNDA:0,(anonymous_10)
FNDA:0,(anonymous_11)
FNDA:0,(anonymous_12)
FNDA:0,(anonymous_13)
FNDA:0,(anonymous_14)
FNDA:0,(anonymous_15)
FNDA:0,(anonymous_16)
FNDA:0,(anonymous_17)
FNDA:0,(anonymous_18)
FNDA:0,(anonymous_19)
FNDA:0,(anonymous_20)
FNDA:0,(anonymous_21)
FNDA:0,(anonymous_22)
FNDA:0,(anonymous_23)
FNDA:0,(anonymous_24)
FNDA:0,(anonymous_25)
FNDA:0,(anonymous_26)
FNDA:0,(anonymous_27)
DA:1,0
DA:2,0
DA:3,0
DA:4,0
DA:5,0
DA:6,0
DA:7,0
DA:12,0
DA:13,0
DA:16,0
DA:17,0
DA:22,0
DA:25,0
DA:29,0
DA:38,0
DA:39,0
DA:53,0
DA:56,0
DA:59,0
DA:60,0
DA:64,0
DA:65,0
DA:69,0
DA:70,0
DA:71,0
DA:74,0
DA:75,0
DA:76,0
DA:79,0
DA:80,0
DA:81,0
DA:84,0
DA:85,0
DA:86,0
DA:90,0
DA:91,0
DA:92,0
DA:93,0
DA:97,0
DA:98,0
DA:102,0
DA:103,0
DA:105,0
DA:106,0
DA:108,0
DA:109,0
DA:111,0
DA:112,0
DA:114,0
DA:115,0
DA:117,0
DA:118,0
DA:121,0
DA:122,0
DA:126,0
DA:127,0
DA:130,0
DA:131,0
DA:132,0
DA:135,0
DA:142,0
DA:143,0
DA:146,0
DA:147,0
DA:150,0
DA:151,0
DA:152,0
DA:155,0
DA:182,0
DA:183,0
DA:188,0
DA:189,0
DA:191,0
DA:193,0
DA:194,0
DA:195,0
DA:196,0
DA:197,0
DA:202,0
DA:204,0
DA:209,0
DA:210,0
DA:219,0
DA:220,0
DA:221,0
DA:223,0
DA:224,0
DA:230,0
DA:231,0
DA:232,0
DA:235,0
DA:242,0
DA:243,0
DA:244,0
DA:245,0
DA:246,0
DA:256,0
DA:263,0
DA:264,0
DA:265,0
DA:266,0
DA:267,0
DA:268,0
DA:278,0
DA:285,0
DA:286,0
DA:287,0
DA:288,0
DA:290,0
DA:291,0
DA:301,0
DA:312,0
DA:313,0
DA:314,0
DA:315,0
DA:316,0
DA:326,0
DA:332,0
DA:333,0
DA:341,0
DA:342,0
DA:343,0
DA:345,0
DA:346,0
DA:350,0
DA:358,0
DA:361,0
DA:363,0
DA:371,0
DA:378,0
DA:379,0
DA:380,0
DA:384,0
DA:386,0
DA:399,0
DA:400,0
DA:405,0
DA:406,0
DA:407,0
DA:421,0
DA:423,0
DA:435,0
DA:436,0
DA:441,0
DA:442,0
DA:443,0
DA:445,0
DA:446,0
DA:447,0
DA:450,0
DA:505,0
DA:513,0
DA:529,0
DA:530,0
DA:535,0
DA:536,0
DA:537,0
DA:538,0
DA:540,0
DA:541,0
DA:542,0
DA:546,0
DA:557,0
DA:562,0
DA:564,0
DA:580,0
DA:581,0
DA:586,0
DA:587,0
DA:588,0
DA:590,0
DA:592,0
DA:593,0
DA:603,0
DA:615,0
DA:616,0
DA:618,0
DA:622,0
DA:632,0
DA:633,0
DA:638,0
DA:656,0
DA:657,0
DA:658,0
DA:659,0
DA:662,0
DA:665,0
DA:666,0
DA:673,0
DA:674,0
DA:675,0
DA:678,0
DA:680,0
DA:687,0
DA:688,0
DA:693,0
DA:694,0
DA:695,0
DA:696,0
DA:699,0
DA:700,0
DA:701,0
DA:703,0
DA:709,0
DA:710,0
DA:719,0
DA:726,0
DA:727,0
DA:732,0
DA:733,0
DA:734,0
DA:736,0
DA:742,0
DA:743,0
DA:752,0
DA:763,0
DA:764,0
DA:768,0
LF:218
LH:0
BRDA:12,0,0,0
BRDA:12,0,1,0
BRDA:13,1,0,0
BRDA:13,1,1,0
BRDA:16,2,0,0
BRDA:16,2,1,0
BRDA:21,3,0,0
BRDA:22,4,0,0
BRDA:22,4,1,0
BRDA:25,5,0,0
BRDA:25,5,1,0
BRDA:25,6,0,0
BRDA:25,6,1,0
BRDA:50,7,0,0
BRDA:51,8,0,0
BRDA:52,9,0,0
BRDA:59,10,0,0
BRDA:59,10,1,0
BRDA:64,11,0,0
BRDA:64,11,1,0
BRDA:69,12,0,0
BRDA:69,12,1,0
BRDA:70,13,0,0
BRDA:70,13,1,0
BRDA:74,14,0,0
BRDA:74,14,1,0
BRDA:75,15,0,0
BRDA:75,15,1,0
BRDA:79,16,0,0
BRDA:79,16,1,0
BRDA:80,17,0,0
BRDA:80,17,1,0
BRDA:84,18,0,0
BRDA:84,18,1,0
BRDA:85,19,0,0
BRDA:85,19,1,0
BRDA:90,20,0,0
BRDA:90,20,1,0
BRDA:90,21,0,0
BRDA:90,21,1,0
BRDA:92,22,0,0
BRDA:92,22,1,0
BRDA:93,23,0,0
BRDA:93,23,1,0
BRDA:97,24,0,0
BRDA:97,24,1,0
BRDA:103,25,0,0
BRDA:103,25,1,0
BRDA:103,25,2,0
BRDA:103,25,3,0
BRDA:103,25,4,0
BRDA:103,25,5,0
BRDA:103,25,6,0
BRDA:126,26,0,0
BRDA:126,26,1,0
BRDA:147,27,0,0
BRDA:147,27,1,0
BRDA:195,28,0,0
BRDA:195,28,1,0
BRDA:195,29,0,0
BRDA:195,29,1,0
BRDA:197,30,0,0
BRDA:197,30,1,0
BRDA:223,31,0,0
BRDA:223,31,1,0
BRDA:223,32,0,0
BRDA:223,32,1,0
BRDA:244,33,0,0
BRDA:244,33,1,0
BRDA:266,34,0,0
BRDA:266,34,1,0
BRDA:266,35,0,0
BRDA:266,35,1,0
BRDA:287,36,0,0
BRDA:287,36,1,0
BRDA:295,37,0,0
BRDA:295,37,1,0
BRDA:314,38,0,0
BRDA:314,38,1,0
BRDA:343,39,0,0
BRDA:345,40,0,0
BRDA:345,40,1,0
BRDA:361,41,0,0
BRDA:361,41,1,0
BRDA:446,42,0,0
BRDA:446,42,1,0
BRDA:505,43,0,0
BRDA:505,43,1,0
BRDA:521,44,0,0
BRDA:521,44,1,0
BRDA:522,45,0,0
BRDA:522,45,1,0
BRDA:525,46,0,0
BRDA:525,46,1,0
BRDA:538,47,0,0
BRDA:541,48,0,0
BRDA:541,48,1,0
BRDA:551,49,0,0
BRDA:551,49,1,0
BRDA:552,50,0,0
BRDA:552,50,1,0
BRDA:553,51,0,0
BRDA:553,51,1,0
BRDA:592,52,0,0
BRDA:592,52,1,0
BRDA:607,53,0,0
BRDA:607,53,1,0
BRDA:616,54,0,0
BRDA:616,54,1,0
BRDA:658,55,0,0
BRDA:658,55,1,0
BRDA:665,56,0,0
BRDA:665,56,1,0
BRDA:674,57,0,0
BRDA:674,57,1,0
BRDA:709,58,0,0
BRDA:709,58,1,0
BRDA:742,59,0,0
BRDA:742,59,1,0
BRF:119
BRH:0
end_of_record
TN:
SF:routes/reviews.js
FN:33,(anonymous_0)
FN:115,(anonymous_1)
FN:159,(anonymous_2)
FN:191,(anonymous_3)
FN:210,(anonymous_4)
FN:247,(anonymous_5)
FNF:6
FNH:0
FNDA:0,(anonymous_0)
FNDA:0,(anonymous_1)
FNDA:0,(anonymous_2)
FNDA:0,(anonymous_3)
FNDA:0,(anonymous_4)
FNDA:0,(anonymous_5)
DA:1,0
DA:2,0
DA:3,0
DA:4,0
DA:5,0
DA:6,0
DA:7,0
DA:8,0
DA:11,0
DA:26,0
DA:33,0
DA:34,0
DA:36,0
DA:37,0
DA:38,0
DA:45,0
DA:46,0
DA:47,0
DA:50,0
DA:51,0
DA:52,0
DA:59,0
DA:60,0
DA:61,0
DA:68,0
DA:78,0
DA:80,0
DA:96,0
DA:99,0
DA:100,0
DA:106,0
DA:115,0
DA:116,0
DA:118,0
DA:119,0
DA:120,0
DA:127,0
DA:128,0
DA:129,0
DA:130,0
DA:133,0
DA:134,0
DA:135,0
DA:142,0
DA:149,0
DA:155,0
DA:157,0
DA:159,0
DA:181,0
DA:182,0
DA:191,0
DA:192,0
DA:193,0
DA:194,0
DA:195,0
DA:196,0
DA:199,0
DA:206,0
DA:208,0
DA:210,0
DA:235,0
DA:236,0
DA:245,0
DA:248,0
DA:250,0
DA:251,0
DA:252,0
DA:259,0
DA:260,0
DA:263,0
DA:264,0
DA:265,0
DA:272,0
DA:274,0
DA:276,0
DA:277,0
DA:287,0
DA:288,0
DA:299,0
DA:300,0
DA:308,0
LF:81
LH:0
BRDA:37,0,0,0
BRDA:37,0,1,0
BRDA:47,1,0,0
BRDA:47,1,1,0
BRDA:51,2,0,0
BRDA:51,2,1,0
BRDA:60,3,0,0
BRDA:60,3,1,0
BRDA:99,4,0,0
BRDA:99,4,1,0
BRDA:109,5,0,0
BRDA:109,5,1,0
BRDA:119,6,0,0
BRDA:119,6,1,0
BRDA:128,7,0,0
BRDA:128,7,1,0
BRDA:129,8,0,0
BRDA:129,8,1,0
BRDA:134,9,0,0
BRDA:134,9,1,0
BRDA:185,10,0,0
BRDA:185,10,1,0
BRDA:194,11,0,0
BRDA:194,11,1,0
BRDA:195,12,0,0
BRDA:195,12,1,0
BRDA:239,13,0,0
BRDA:239,13,1,0
BRDA:251,14,0,0
BRDA:251,14,1,0
BRDA:264,15,0,0
BRDA:264,15,1,0
BRDA:274,16,0,0
BRDA:274,16,1,0
BRDA:303,17,0,0
BRDA:303,17,1,0
BRF:36
BRH:0
end_of_record
TN:
SF:routes/wholesalers.js
FN:8,(anonymous_0)
FN:24,(anonymous_1)
FN:55,(anonymous_2)
FN:85,(anonymous_3)
FN:95,(anonymous_4)
FN:102,(anonymous_5)
FN:103,(anonymous_6)
FN:127,(anonymous_7)
FN:139,(anonymous_8)
FNF:9
FNH:0
FNDA:0,(anonymous_0)
FNDA:0,(anonymous_1)
FNDA:0,(anonymous_2)
FNDA:0,(anonymous_3)
FNDA:0,(anonymous_4)
FNDA:0,(anonymous_5)
FNDA:0,(anonymous_6)
FNDA:0,(anonymous_7)
FNDA:0,(anonymous_8)
DA:1,0
DA:2,0
DA:3,0
DA:4,0
DA:8,0
DA:9,0
DA:24,0
DA:25,0
DA:26,0
DA:28,0
DA:29,0
DA:40,0
DA:46,0
DA:55,0
DA:56,0
DA:57,0
DA:58,0
DA:60,0
DA:61,0
DA:70,0
DA:76,0
DA:85,0
DA:86,0
DA:87,0
DA:95,0
DA:102,0
DA:103,0
DA:110,0
DA:118,0
DA:127,0
DA:128,0
DA:129,0
DA:130,0
DA:132,0
DA:133,0
DA:139,0
DA:147,0
DA:155,0
DA:162,0
LF:39
LH:0
BRDA:28,0,0,0
BRDA:28,0,1,0
BRDA:34,1,0,0
BRDA:34,1,1,0
BRDA:35,2,0,0
BRDA:35,2,1,0
BRDA:36,3,0,0
BRDA:36,3,1,0
BRDA:60,4,0,0
BRDA:60,4,1,0
BRDA:63,5,0,0
BRDA:63,5,1,0
BRDA:66,6,0,0
BRDA:66,6,1,0
BRDA:102,7,0,0
BRDA:102,7,1,0
BRDA:132,8,0,0
BRDA:132,8,1,0
BRF:18
BRH:0
end_of_record
TN:
SF:utils/currency.js
FN:45,convertPrice
FN:71,formatPrice
FN:91,getCurrencyForLocale
FN:99,getExchangeRates
FN:111,calculateAllPrices
FN:114,(anonymous_5)
FN:126,getCurrencySymbol
FNF:7
FNH:0
FNDA:0,convertPrice
FNDA:0,formatPrice
FNDA:0,getCurrencyForLocale
FNDA:0,getExchangeRates
FNDA:0,calculateAllPrices
FNDA:0,(anonymous_5)
FNDA:0,getCurrencySymbol
DA:5,0
DA:16,0
DA:27,0
DA:46,0
DA:47,0
DA:51,0
DA:54,0
DA:57,0
DA:58,0
DA:61,0
DA:72,0
DA:73,0
DA:81,0
DA:82,0
DA:92,0
DA:102,0
DA:112,0
DA:114,0
DA:115,0
DA:118,0
DA:127,0
DA:130,0
LF:22
LH:0
BRDA:45,0,0,0
BRDA:46,1,0,0
BRDA:46,1,1,0
BRDA:57,2,0,0
BRDA:57,2,1,0
BRDA:71,3,0,0
BRDA:76,4,0,0
BRDA:76,4,1,0
BRDA:77,5,0,0
BRDA:77,5,1,0
BRDA:81,6,0,0
BRDA:81,6,1,0
BRDA:82,7,0,0
BRDA:82,7,1,0
BRDA:92,8,0,0
BRDA:92,8,1,0
BRDA:111,9,0,0
BRDA:127,10,0,0
BRDA:127,10,1,0
BRF:19
BRH:0
end_of_record
TN:
SF:utils/emailService.js
FN:6,(anonymous_0)
FN:517,replacePlaceholders
FN:518,(anonymous_2)
FN:525,(anonymous_3)
FN:530,(anonymous_4)
FN:580,(anonymous_5)
FN:599,(anonymous_6)
FN:660,(anonymous_7)
FN:713,(anonymous_8)
FN:730,(anonymous_9)
FN:749,(anonymous_10)
FN:761,(anonymous_11)
FN:808,(anonymous_12)
FN:817,(anonymous_13)
FN:864,(anonymous_14)
FN:889,(anonymous_15)
FN:913,(anonymous_16)
FN:937,(anonymous_17)
FN:961,(anonymous_18)
FN:985,(anonymous_19)
FNF:20
FNH:0
FNDA:0,(anonymous_0)
FNDA:0,replacePlaceholders
FNDA:0,(anonymous_2)
FNDA:0,(anonymous_3)
FNDA:0,(anonymous_4)
FNDA:0,(anonymous_5)
FNDA:0,(anonymous_6)
FNDA:0,(anonymous_7)
FNDA:0,(anonymous_8)
FNDA:0,(anonymous_9)
FNDA:0,(anonymous_10)
FNDA:0,(anonymous_11)
FNDA:0,(anonymous_12)
FNDA:0,(anonymous_13)
FNDA:0,(anonymous_14)
FNDA:0,(anonymous_15)
FNDA:0,(anonymous_16)
FNDA:0,(anonymous_17)
FNDA:0,(anonymous_18)
FNDA:0,(anonymous_19)
DA:1,0
DA:2,0
DA:3,0
DA:6,0
DA:8,0
DA:9,0
DA:10,0
DA:13,0
DA:25,0
DA:518,0
DA:519,0
DA:524,0
DA:526,0
DA:527,0
DA:528,0
DA:530,0
DA:531,0
DA:534,0
DA:540,0
DA:580,0
DA:600,0
DA:601,0
DA:602,0
DA:604,0
DA:613,0
DA:661,0
DA:662,0
DA:663,0
DA:665,0
DA:672,0
DA:674,0
DA:714,0
DA:715,0
DA:716,0
DA:718,0
DA:720,0
DA:730,0
DA:749,0
DA:762,0
DA:763,0
DA:764,0
DA:766,0
DA:768,0
DA:808,0
DA:809,0
DA:810,0
DA:811,0
DA:814,0
DA:817,0
DA:818,0
DA:821,0
DA:848,0
DA:855,0
DA:856,0
DA:857,0
DA:859,0
DA:864,0
DA:865,0
DA:866,0
DA:867,0
DA:870,0
DA:872,0
DA:880,0
DA:881,0
DA:882,0
DA:884,0
DA:889,0
DA:890,0
DA:891,0
DA:892,0
DA:894,0
DA:896,0
DA:904,0
DA:905,0
DA:906,0
DA:908,0
DA:913,0
DA:914,0
DA:915,0
DA:916,0
DA:918,0
DA:920,0
DA:928,0
DA:929,0
DA:930,0
DA:932,0
DA:937,0
DA:938,0
DA:939,0
DA:940,0
DA:942,0
DA:944,0
DA:952,0
DA:953,0
DA:954,0
DA:956,0
DA:961,0
DA:962,0
DA:963,0
DA:964,0
DA:966,0
DA:968,0
DA:976,0
DA:977,0
DA:978,0
DA:980,0
DA:985,0
DA:986,0
DA:987,0
DA:988,0
DA:991,0
DA:999,0
DA:1000,0
DA:1001,0
DA:1003,0
DA:1007,0
LF:116
LH:0
BRDA:8,0,0,0
BRDA:8,0,1,0
BRDA:8,1,0,0
BRDA:8,1,1,0
BRDA:519,2,0,0
BRDA:519,2,1,0
BRDA:525,3,0,0
BRDA:526,4,0,0
BRDA:527,5,0,0
BRDA:527,5,1,0
BRDA:531,6,0,0
BRDA:531,6,1,0
BRDA:565,7,0,0
BRDA:565,7,1,0
BRDA:580,8,0,0
BRDA:580,8,1,0
BRDA:599,9,0,0
BRDA:600,10,0,0
BRDA:601,11,0,0
BRDA:601,11,1,0
BRDA:634,12,0,0
BRDA:634,12,1,0
BRDA:660,13,0,0
BRDA:662,14,0,0
BRDA:662,14,1,0
BRDA:672,15,0,0
BRDA:672,15,1,0
BRDA:685,16,0,0
BRDA:685,16,1,0
BRDA:692,17,0,0
BRDA:692,17,1,0
BRDA:702,18,0,0
BRDA:702,18,1,0
BRDA:713,19,0,0
BRDA:715,20,0,0
BRDA:715,20,1,0
BRDA:737,21,0,0
BRDA:737,21,1,0
BRDA:761,22,0,0
BRDA:763,23,0,0
BRDA:763,23,1,0
BRDA:785,24,0,0
BRDA:785,24,1,0
BRDA:810,25,0,0
BRDA:810,25,1,0
BRDA:818,26,0,0
BRDA:818,26,1,0
BRDA:835,27,0,0
BRDA:835,27,1,0
BRDA:840,28,0,0
BRDA:840,28,1,0
BRDA:864,29,0,0
BRDA:866,30,0,0
BRDA:866,30,1,0
BRDA:889,31,0,0
BRDA:891,32,0,0
BRDA:891,32,1,0
BRDA:913,33,0,0
BRDA:915,34,0,0
BRDA:915,34,1,0
BRDA:937,35,0,0
BRDA:939,36,0,0
BRDA:939,36,1,0
BRDA:961,37,0,0
BRDA:963,38,0,0
BRDA:963,38,1,0
BRDA:985,39,0,0
BRDA:987,40,0,0
BRDA:987,40,1,0
BRDA:996,41,0,0
BRDA:996,41,1,0
BRF:71
BRH:0
end_of_record
TN:
SF:utils/errorHandler.js
FN:120,formatError
FN:152,createValidationError
FN:160,(anonymous_2)
FN:173,errorResponse
FN:185,(anonymous_4)
FN:194,(anonymous_5)
FN:212,webhookError
FN:220,initializeErrorHandlers
FNF:8
FNH:0
FNDA:0,formatError
FNDA:0,createValidationError
FNDA:0,(anonymous_2)
FNDA:0,errorResponse
FNDA:0,(anonymous_4)
FNDA:0,(anonymous_5)
FNDA:0,webhookError
FNDA:0,initializeErrorHandlers
DA:10,0
DA:121,0
DA:127,0
DA:129,0
DA:130,0
DA:133,0
DA:134,0
DA:137,0
DA:138,0
DA:141,0
DA:153,0
DA:155,0
DA:160,0
DA:175,0
DA:185,0
DA:186,0
DA:187,0
DA:194,0
DA:195,0
DA:197,0
DA:198,0
DA:200,0
DA:203,0
DA:213,0
DA:221,0
DA:224,0
LF:26
LH:0
BRDA:120,0,0,0
BRDA:120,1,0,0
BRDA:120,2,0,0
BRDA:127,3,0,0
BRDA:127,3,1,0
BRDA:127,4,0,0
BRDA:127,4,1,0
BRDA:133,5,0,0
BRDA:133,5,1,0
BRDA:137,6,0,0
BRDA:137,6,1,0
BRDA:161,7,0,0
BRDA:161,7,1,0
BRDA:175,8,0,0
BRDA:175,8,1,0
BRDA:185,9,0,0
BRDA:185,10,0,0
BRDA:197,11,0,0
BRDA:197,11,1,0
BRDA:197,12,0,0
BRDA:197,12,1,0
BRF:21
BRH:0
end_of_record
TN:
SF:utils/errorRecovery.js
FN:20,(anonymous_0)
FN:32,(anonymous_1)
FN:51,(anonymous_2)
FN:59,(anonymous_3)
FN:70,(anonymous_4)
FN:82,retryWithBackoff
FN:115,(anonymous_6)
FN:124,(anonymous_7)
FN:131,(anonymous_8)
FN:132,(anonymous_9)
FN:134,(anonymous_10)
FN:141,(anonymous_11)
FN:165,(anonymous_12)
FN:178,(anonymous_13)
FN:190,(anonymous_14)
FN:206,(anonymous_15)
FN:213,(anonymous_16)
FN:214,(anonymous_17)
FN:216,(anonymous_18)
FN:223,(anonymous_19)
FN:246,(anonymous_20)
FN:259,(anonymous_21)
FN:272,(anonymous_22)
FN:292,getCircuitBreakerStatus
FNF:24
FNH:0
FNDA:0,(anonymous_0)
FNDA:0,(anonymous_1)
FNDA:0,(anonymous_2)
FNDA:0,(anonymous_3)
FNDA:0,(anonymous_4)
FNDA:0,retryWithBackoff
FNDA:0,(anonymous_6)
FNDA:0,(anonymous_7)
FNDA:0,(anonymous_8)
FNDA:0,(anonymous_9)
FNDA:0,(anonymous_10)
FNDA:0,(anonymous_11)
FNDA:0,(anonymous_12)
FNDA:0,(anonymous_13)
FNDA:0,(anonymous_14)
FNDA:0,(anonymous_15)
FNDA:0,(anonymous_16)
FNDA:0,(anonymous_17)
FNDA:0,(anonymous_18)
FNDA:0,(anonymous_19)
FNDA:0,(anonymous_20)
FNDA:0,(anonymous_21)
FNDA:0,(anonymous_22)
FNDA:0,getCircuitBreakerStatus
DA:1,0
DA:4,0
DA:12,0
DA:21,0
DA:22,0
DA:23,0
DA:24,0
DA:26,0
DA:27,0
DA:28,0
DA:29,0
DA:33,0
DA:34,0
DA:35,0
DA:37,0
DA:38,0
DA:41,0
DA:42,0
DA:43,0
DA:44,0
DA:46,0
DA:47,0
DA:52,0
DA:53,0
DA:54,0
DA:55,0
DA:60,0
DA:61,0
DA:63,0
DA:64,0
DA:65,0
DA:66,0
DA:71,0
DA:83,0
DA:86,0
DA:87,0
DA:88,0
DA:89,0
DA:90,0
DA:92,0
DA:94,0
DA:96,0
DA:97,0
DA:101,0
DA:104,0
DA:109,0
DA:115,0
DA:119,0
DA:125,0
DA:132,0
DA:133,0
DA:134,0
DA:142,0
DA:151,0
DA:153,0
DA:156,0
DA:158,0
DA:162,0
DA:166,0
DA:172,0
DA:179,0
DA:184,0
DA:191,0
DA:197,0
DA:207,0
DA:214,0
DA:215,0
DA:216,0
DA:224,0
DA:232,0
DA:234,0
DA:237,0
DA:239,0
DA:243,0
DA:247,0
DA:253,0
DA:260,0
DA:266,0
DA:273,0
DA:280,0
DA:288,0
DA:289,0
DA:293,0
DA:299,0
LF:84
LH:0
BRDA:20,0,0,0
BRDA:22,1,0,0
BRDA:22,1,1,0
BRDA:23,2,0,0
BRDA:23,2,1,0
BRDA:24,3,0,0
BRDA:24,3,1,0
BRDA:33,4,0,0
BRDA:33,4,1,0
BRDA:34,5,0,0
BRDA:34,5,1,0
BRDA:53,6,0,0
BRDA:53,6,1,0
BRDA:63,7,0,0
BRDA:63,7,1,0
BRDA:82,8,0,0
BRDA:82,9,0,0
BRDA:89,10,0,0
BRDA:89,10,1,0
BRDA:96,11,0,0
BRDA:96,11,1,0
BRDA:151,12,0,0
BRDA:151,12,1,0
BRDA:151,13,0,0
BRDA:151,13,1,0
BRDA:156,14,0,0
BRDA:156,14,1,0
BRDA:232,15,0,0
BRDA:232,15,1,0
BRDA:232,16,0,0
BRDA:232,16,1,0
BRDA:237,17,0,0
BRDA:237,17,1,0
BRDA:237,18,0,0
BRDA:237,18,1,0
BRF:35
BRH:0
end_of_record
TN:
SF:utils/i18n.js
FN:273,getErrorMessage
FN:281,i18nMiddleware
FN:286,(anonymous_2)
FN:299,getSupportedLocales
FN:306,isLocaleSupported
FNF:5
FNH:0
FNDA:0,getErrorMessage
FNDA:0,i18nMiddleware
FNDA:0,(anonymous_2)
FNDA:0,getSupportedLocales
FNDA:0,isLocaleSupported
DA:9,0
DA:274,0
DA:275,0
DA:283,0
DA:286,0
DA:287,0
DA:290,0
DA:291,0
DA:293,0
DA:300,0
DA:307,0
DA:310,0
LF:12
LH:0
BRDA:273,0,0,0
BRDA:273,1,0,0
BRDA:274,2,0,0
BRDA:274,2,1,0
BRDA:275,3,0,0
BRDA:275,3,1,0
BRDA:275,3,2,0
BRDA:275,3,3,0
BRDA:283,4,0,0
BRDA:283,4,1,0
BRDA:283,4,2,0
BRF:11
BRH:0
end_of_record
TN:
SF:utils/logger.js
FN:30,(anonymous_0)
FNF:1
FNH:0
FNDA:0,(anonymous_0)
DA:1,0
DA:2,0
DA:5,0
DA:14,0
DA:23,0
DA:26,0
DA:30,0
DA:35,0
DA:63,0
DA:71,0
DA:91,0
DA:111,0
DA:131,0
LF:13
LH:0
BRDA:64,0,0,0
BRDA:64,0,1,0
BRDA:72,1,0,0
BRDA:72,1,1,0
BRDA:92,2,0,0
BRDA:92,2,1,0
BRDA:112,3,0,0
BRDA:112,3,1,0
BRF:8
BRH:0
end_of_record
TN:
SF:utils/secureLogging.js
FN:15,maskSessionId
FN:47,secureLog
FN:71,secureSessionLog
FN:89,secureOperationLog
FN:103,isDevelopmentLogging
FNF:5
FNH:0
FNDA:0,maskSessionId
FNDA:0,secureLog
FNDA:0,secureSessionLog
FNDA:0,secureOperationLog
FNDA:0,isDevelopmentLogging
DA:16,0
DA:17,0
DA:21,0
DA:22,0
DA:23,0
DA:24,0
DA:25,0
DA:26,0
DA:31,0
DA:32,0
DA:35,0
DA:36,0
DA:37,0
DA:49,0
DA:50,0
DA:54,0
DA:57,0
DA:58,0
DA:59,0
DA:62,0
DA:72,0
DA:73,0
DA:77,0
DA:78,0
DA:79,0
DA:90,0
DA:91,0
DA:94,0
DA:95,0
DA:104,0
DA:107,0
LF:31
LH:0
BRDA:16,0,0,0
BRDA:16,0,1,0
BRDA:16,1,0,0
BRDA:16,1,1,0
BRDA:21,2,0,0
BRDA:21,2,1,0
BRDA:23,3,0,0
BRDA:23,3,1,0
BRDA:31,4,0,0
BRDA:31,4,1,0
BRDA:47,5,0,0
BRDA:49,6,0,0
BRDA:49,6,1,0
BRDA:57,7,0,0
BRDA:57,7,1,0
BRDA:72,8,0,0
BRDA:72,8,1,0
BRDA:90,9,0,0
BRDA:90,9,1,0
BRDA:104,10,0,0
BRDA:104,10,1,0
BRF:21
BRH:0
end_of_record
TN:
SF:utils/wholesalerNotificationService.js
FN:6,(anonymous_0)
FN:136,(anonymous_1)
FNF:2
FNH:0
FNDA:0,(anonymous_0)
FNDA:0,(anonymous_1)
DA:1,0
DA:2,0
DA:3,0
DA:6,0
DA:7,0
DA:8,0
DA:11,0
DA:19,0
DA:20,0
DA:21,0
DA:24,0
DA:26,0
DA:27,0
DA:28,0
DA:30,0
DA:31,0
DA:33,0
DA:35,0
DA:36,0
DA:37,0
DA:38,0
DA:39,0
DA:46,0
DA:51,0
DA:56,0
DA:57,0
DA:65,0
DA:67,0
DA:69,0
DA:71,0
DA:73,0
DA:74,0
DA:75,0
DA:76,0
DA:80,0
DA:82,0
DA:83,0
DA:85,0
DA:92,0
DA:93,0
DA:95,0
DA:105,0
DA:106,0
DA:108,0
DA:116,0
DA:118,0
DA:127,0
DA:128,0
DA:136,0
DA:137,0
DA:138,0
DA:140,0
DA:141,0
DA:145,0
DA:146,0
DA:153,0
DA:154,0
DA:157,0
DA:158,0
DA:159,0
DA:160,0
DA:161,0
DA:167,0
DA:172,0
DA:176,0
DA:177,0
DA:185,0
DA:186,0
DA:194,0
DA:196,0
DA:198,0
DA:200,0
DA:201,0
DA:202,0
DA:203,0
DA:207,0
DA:213,0
DA:221,0
DA:223,0
DA:230,0
DA:237,0
LF:81
LH:0
BRDA:19,0,0,0
BRDA:19,0,1,0
BRDA:36,1,0,0
BRDA:36,1,1,0
BRDA:36,2,0,0
BRDA:36,2,1,0
BRDA:38,3,0,0
BRDA:38,3,1,0
BRDA:48,4,0,0
BRDA:48,4,1,0
BRDA:69,5,0,0
BRDA:69,5,1,0
BRDA:74,6,0,0
BRDA:74,6,1,0
BRDA:74,7,0,0
BRDA:74,7,1,0
BRDA:140,8,0,0
BRDA:140,8,1,0
BRDA:145,9,0,0
BRDA:145,9,1,0
BRDA:145,10,0,0
BRDA:145,10,1,0
BRDA:158,11,0,0
BRDA:158,11,1,0
BRDA:158,12,0,0
BRDA:158,12,1,0
BRDA:160,13,0,0
BRDA:160,13,1,0
BRDA:169,14,0,0
BRDA:169,14,1,0
BRDA:176,15,0,0
BRDA:176,15,1,0
BRDA:196,16,0,0
BRDA:196,16,1,0
BRDA:201,17,0,0
BRDA:201,17,1,0
BRDA:201,18,0,0
BRDA:201,18,1,0
BRF:38
BRH:0
end_of_record
