{"/Users/oliver/Projects/boutique/server.js": {"path":"/Users/oliver/Projects/boutique/server.js","statementMap":{"0":{"start":{"line":1,"column":16},"end":{"line":1,"column":34}},"1":{"start":{"line":2,"column":17},"end":{"line":2,"column":36}},"2":{"start":{"line":3,"column":13},"end":{"line":3,"column":28}},"3":{"start":{"line":4,"column":15},"end":{"line":4,"column":32}},"4":{"start":{"line":6,"column":16},"end":{"line":6,"column":42}},"5":{"start":{"line":8,"column":21},"end":{"line":8,"column":45}},"6":{"start":{"line":9,"column":13},"end":{"line":9,"column":28}},"7":{"start":{"line":10,"column":0},"end":{"line":10,"column":27}},"8":{"start":{"line":13,"column":0},"end":{"line":18,"column":1}},"9":{"start":{"line":14,"column":2},"end":{"line":14,"column":47}},"10":{"start":{"line":15,"column":2},"end":{"line":15,"column":49}},"11":{"start":{"line":16,"column":2},"end":{"line":16,"column":41}},"12":{"start":{"line":21,"column":0},"end":{"line":24,"column":1}},"13":{"start":{"line":22,"column":2},"end":{"line":22,"column":122}},"14":{"start":{"line":23,"column":2},"end":{"line":23,"column":47}},"15":{"start":{"line":26,"column":0},"end":{"line":32,"column":1}},"16":{"start":{"line":27,"column":2},"end":{"line":31,"column":3}},"17":{"start":{"line":28,"column":4},"end":{"line":28,"column":95}},"18":{"start":{"line":30,"column":4},"end":{"line":30,"column":44}},"19":{"start":{"line":35,"column":19},"end":{"line":35,"column":44}},"20":{"start":{"line":36,"column":31},"end":{"line":36,"column":67}},"21":{"start":{"line":37,"column":27},"end":{"line":37,"column":50}},"22":{"start":{"line":38,"column":26},"end":{"line":38,"column":57}},"23":{"start":{"line":44,"column":4},"end":{"line":44,"column":36}},"24":{"start":{"line":46,"column":12},"end":{"line":46,"column":21}},"25":{"start":{"line":49,"column":0},"end":{"line":49,"column":18}},"26":{"start":{"line":50,"column":0},"end":{"line":50,"column":25}},"27":{"start":{"line":52,"column":20},"end":{"line":77,"column":1}},"28":{"start":{"line":54,"column":27},"end":{"line":59,"column":5}},"29":{"start":{"line":62,"column":4},"end":{"line":62,"column":47}},"30":{"start":{"line":62,"column":18},"end":{"line":62,"column":46}},"31":{"start":{"line":65,"column":4},"end":{"line":71,"column":5}},"32":{"start":{"line":66,"column":6},"end":{"line":66,"column":27}},"33":{"start":{"line":69,"column":6},"end":{"line":69,"column":90}},"34":{"start":{"line":70,"column":6},"end":{"line":70,"column":49}},"35":{"start":{"line":79,"column":0},"end":{"line":79,"column":27}},"36":{"start":{"line":82,"column":0},"end":{"line":82,"column":23}},"37":{"start":{"line":85,"column":0},"end":{"line":85,"column":28}},"38":{"start":{"line":88,"column":0},"end":{"line":88,"column":22}},"39":{"start":{"line":96,"column":4},"end":{"line":96,"column":39}},"40":{"start":{"line":99,"column":17},"end":{"line":99,"column":86}},"41":{"start":{"line":100,"column":0},"end":{"line":100,"column":48}},"42":{"start":{"line":103,"column":0},"end":{"line":103,"column":27}},"43":{"start":{"line":104,"column":0},"end":{"line":104,"column":29}},"44":{"start":{"line":105,"column":0},"end":{"line":105,"column":29}},"45":{"start":{"line":108,"column":0},"end":{"line":108,"column":41}},"46":{"start":{"line":109,"column":0},"end":{"line":109,"column":48}},"47":{"start":{"line":112,"column":0},"end":{"line":112,"column":24}},"48":{"start":{"line":115,"column":0},"end":{"line":115,"column":24}},"49":{"start":{"line":118,"column":0},"end":{"line":118,"column":23}},"50":{"start":{"line":121,"column":0},"end":{"line":121,"column":47}},"51":{"start":{"line":122,"column":0},"end":{"line":122,"column":34}},"52":{"start":{"line":125,"column":0},"end":{"line":133,"column":3}},"53":{"start":{"line":129,"column":2},"end":{"line":129,"column":38}},"54":{"start":{"line":131,"column":2},"end":{"line":131,"column":69}},"55":{"start":{"line":132,"column":2},"end":{"line":132,"column":62}},"56":{"start":{"line":136,"column":0},"end":{"line":138,"column":3}},"57":{"start":{"line":137,"column":2},"end":{"line":137,"column":69}},"58":{"start":{"line":140,"column":0},"end":{"line":142,"column":3}},"59":{"start":{"line":141,"column":2},"end":{"line":141,"column":38}},"60":{"start":{"line":145,"column":0},"end":{"line":145,"column":64}},"61":{"start":{"line":146,"column":0},"end":{"line":146,"column":55}},"62":{"start":{"line":147,"column":0},"end":{"line":147,"column":53}},"63":{"start":{"line":148,"column":0},"end":{"line":148,"column":47}},"64":{"start":{"line":149,"column":0},"end":{"line":149,"column":51}},"65":{"start":{"line":150,"column":0},"end":{"line":150,"column":75}},"66":{"start":{"line":151,"column":0},"end":{"line":151,"column":61}},"67":{"start":{"line":152,"column":0},"end":{"line":152,"column":85}},"68":{"start":{"line":153,"column":0},"end":{"line":153,"column":67}},"69":{"start":{"line":154,"column":0},"end":{"line":154,"column":59}},"70":{"start":{"line":157,"column":0},"end":{"line":159,"column":3}},"71":{"start":{"line":158,"column":2},"end":{"line":158,"column":66}},"72":{"start":{"line":162,"column":0},"end":{"line":171,"column":3}},"73":{"start":{"line":163,"column":2},"end":{"line":170,"column":5}},"74":{"start":{"line":174,"column":0},"end":{"line":188,"column":3}},"75":{"start":{"line":175,"column":2},"end":{"line":187,"column":5}},"76":{"start":{"line":191,"column":0},"end":{"line":191,"column":28}},"77":{"start":{"line":194,"column":0},"end":{"line":198,"column":1}},"78":{"start":{"line":195,"column":2},"end":{"line":197,"column":5}},"79":{"start":{"line":196,"column":4},"end":{"line":196,"column":62}},"80":{"start":{"line":200,"column":13},"end":{"line":200,"column":37}},"81":{"start":{"line":203,"column":0},"end":{"line":207,"column":1}},"82":{"start":{"line":204,"column":2},"end":{"line":206,"column":5}},"83":{"start":{"line":205,"column":4},"end":{"line":205,"column":50}},"84":{"start":{"line":210,"column":0},"end":{"line":210,"column":21}}},"fnMap":{"0":{"name":"(anonymous_0)","decl":{"start":{"line":53,"column":10},"end":{"line":53,"column":11}},"loc":{"start":{"line":53,"column":38},"end":{"line":72,"column":3}},"line":53},"1":{"name":"(anonymous_1)","decl":{"start":{"line":128,"column":8},"end":{"line":128,"column":9}},"loc":{"start":{"line":128,"column":14},"end":{"line":130,"column":1}},"line":128},"2":{"name":"(anonymous_2)","decl":{"start":{"line":130,"column":9},"end":{"line":130,"column":10}},"loc":{"start":{"line":130,"column":20},"end":{"line":133,"column":1}},"line":130},"3":{"name":"(anonymous_3)","decl":{"start":{"line":136,"column":32},"end":{"line":136,"column":33}},"loc":{"start":{"line":136,"column":43},"end":{"line":138,"column":1}},"line":136},"4":{"name":"(anonymous_4)","decl":{"start":{"line":140,"column":39},"end":{"line":140,"column":40}},"loc":{"start":{"line":140,"column":45},"end":{"line":142,"column":1}},"line":140},"5":{"name":"(anonymous_5)","decl":{"start":{"line":157,"column":19},"end":{"line":157,"column":20}},"loc":{"start":{"line":157,"column":33},"end":{"line":159,"column":1}},"line":157},"6":{"name":"(anonymous_6)","decl":{"start":{"line":162,"column":27},"end":{"line":162,"column":28}},"loc":{"start":{"line":162,"column":41},"end":{"line":171,"column":1}},"line":162},"7":{"name":"(anonymous_7)","decl":{"start":{"line":174,"column":13},"end":{"line":174,"column":14}},"loc":{"start":{"line":174,"column":27},"end":{"line":188,"column":1}},"line":174},"8":{"name":"(anonymous_8)","decl":{"start":{"line":195,"column":15},"end":{"line":195,"column":16}},"loc":{"start":{"line":195,"column":29},"end":{"line":197,"column":3}},"line":195},"9":{"name":"(anonymous_9)","decl":{"start":{"line":204,"column":19},"end":{"line":204,"column":20}},"loc":{"start":{"line":204,"column":25},"end":{"line":206,"column":3}},"line":204}},"branchMap":{"0":{"loc":{"start":{"line":13,"column":0},"end":{"line":18,"column":1}},"type":"if","locations":[{"start":{"line":13,"column":0},"end":{"line":18,"column":1}},{"start":{},"end":{}}],"line":13},"1":{"loc":{"start":{"line":21,"column":0},"end":{"line":24,"column":1}},"type":"if","locations":[{"start":{"line":21,"column":0},"end":{"line":24,"column":1}},{"start":{},"end":{}}],"line":21},"2":{"loc":{"start":{"line":21,"column":4},"end":{"line":21,"column":62}},"type":"binary-expr","locations":[{"start":{"line":21,"column":4},"end":{"line":21,"column":27}},{"start":{"line":21,"column":31},"end":{"line":21,"column":62}}],"line":21},"3":{"loc":{"start":{"line":26,"column":0},"end":{"line":32,"column":1}},"type":"if","locations":[{"start":{"line":26,"column":0},"end":{"line":32,"column":1}},{"start":{},"end":{}}],"line":26},"4":{"loc":{"start":{"line":26,"column":4},"end":{"line":26,"column":65}},"type":"binary-expr","locations":[{"start":{"line":26,"column":4},"end":{"line":26,"column":27}},{"start":{"line":26,"column":31},"end":{"line":26,"column":65}}],"line":26},"5":{"loc":{"start":{"line":27,"column":2},"end":{"line":31,"column":3}},"type":"if","locations":[{"start":{"line":27,"column":2},"end":{"line":31,"column":3}},{"start":{},"end":{}}],"line":27},"6":{"loc":{"start":{"line":54,"column":27},"end":{"line":59,"column":5}},"type":"binary-expr","locations":[{"start":{"line":54,"column":27},"end":{"line":54,"column":66}},{"start":{"line":54,"column":70},"end":{"line":59,"column":5}}],"line":54},"7":{"loc":{"start":{"line":62,"column":4},"end":{"line":62,"column":47}},"type":"if","locations":[{"start":{"line":62,"column":4},"end":{"line":62,"column":47}},{"start":{},"end":{}}],"line":62},"8":{"loc":{"start":{"line":65,"column":4},"end":{"line":71,"column":5}},"type":"if","locations":[{"start":{"line":65,"column":4},"end":{"line":71,"column":5}},{"start":{"line":67,"column":11},"end":{"line":71,"column":5}}],"line":65},"9":{"loc":{"start":{"line":99,"column":17},"end":{"line":99,"column":86}},"type":"binary-expr","locations":[{"start":{"line":99,"column":17},"end":{"line":99,"column":40}},{"start":{"line":99,"column":44},"end":{"line":99,"column":86}}],"line":99},"10":{"loc":{"start":{"line":125,"column":17},"end":{"line":125,"column":86}},"type":"binary-expr","locations":[{"start":{"line":125,"column":17},"end":{"line":125,"column":40}},{"start":{"line":125,"column":44},"end":{"line":125,"column":86}}],"line":125},"11":{"loc":{"start":{"line":167,"column":15},"end":{"line":167,"column":49}},"type":"binary-expr","locations":[{"start":{"line":167,"column":15},"end":{"line":167,"column":24}},{"start":{"line":167,"column":28},"end":{"line":167,"column":49}}],"line":167},"12":{"loc":{"start":{"line":168,"column":15},"end":{"line":168,"column":98}},"type":"binary-expr","locations":[{"start":{"line":168,"column":15},"end":{"line":168,"column":33}},{"start":{"line":168,"column":37},"end":{"line":168,"column":61}},{"start":{"line":168,"column":65},"end":{"line":168,"column":98}}],"line":168},"13":{"loc":{"start":{"line":186,"column":14},"end":{"line":186,"column":65}},"type":"binary-expr","locations":[{"start":{"line":186,"column":14},"end":{"line":186,"column":38}},{"start":{"line":186,"column":42},"end":{"line":186,"column":65}}],"line":186},"14":{"loc":{"start":{"line":194,"column":0},"end":{"line":198,"column":1}},"type":"if","locations":[{"start":{"line":194,"column":0},"end":{"line":198,"column":1}},{"start":{},"end":{}}],"line":194},"15":{"loc":{"start":{"line":200,"column":13},"end":{"line":200,"column":37}},"type":"binary-expr","locations":[{"start":{"line":200,"column":13},"end":{"line":200,"column":29}},{"start":{"line":200,"column":33},"end":{"line":200,"column":37}}],"line":200},"16":{"loc":{"start":{"line":203,"column":0},"end":{"line":207,"column":1}},"type":"if","locations":[{"start":{"line":203,"column":0},"end":{"line":207,"column":1}},{"start":{},"end":{}}],"line":203}},"s":{"0":4,"1":4,"2":4,"3":4,"4":4,"5":4,"6":4,"7":4,"8":4,"9":0,"10":0,"11":0,"12":4,"13":0,"14":0,"15":4,"16":0,"17":0,"18":0,"19":4,"20":4,"21":4,"22":4,"23":4,"24":4,"25":4,"26":4,"27":4,"28":0,"29":0,"30":0,"31":0,"32":0,"33":0,"34":0,"35":4,"36":4,"37":4,"38":4,"39":4,"40":4,"41":4,"42":4,"43":4,"44":4,"45":4,"46":4,"47":4,"48":4,"49":4,"50":4,"51":4,"52":4,"53":0,"54":1,"55":1,"56":4,"57":4,"58":4,"59":4,"60":4,"61":4,"62":4,"63":4,"64":4,"65":4,"66":4,"67":4,"68":4,"69":4,"70":4,"71":0,"72":4,"73":0,"74":4,"75":0,"76":4,"77":4,"78":1,"79":0,"80":4,"81":4,"82":1,"83":0,"84":4},"f":{"0":0,"1":0,"2":1,"3":4,"4":4,"5":0,"6":0,"7":0,"8":0,"9":0},"b":{"0":[0,4],"1":[0,4],"2":[4,0],"3":[0,4],"4":[4,4],"5":[0,0],"6":[0,0],"7":[0,0],"8":[0,0],"9":[4,0],"10":[4,0],"11":[0,0],"12":[0,0,0],"13":[0,0],"14":[1,3],"15":[4,0],"16":[1,3]},"_coverageSchema":"1a1c01bbd47fc00a2c39e90264f33305004495a9","hash":"e42f7659017408b0aae972b0b61fa53a55f10af5"}
,"/Users/oliver/Projects/boutique/middleware/auth.js": {"path":"/Users/oliver/Projects/boutique/middleware/auth.js","statementMap":{"0":{"start":{"line":1,"column":12},"end":{"line":1,"column":35}},"1":{"start":{"line":2,"column":13},"end":{"line":2,"column":38}},"2":{"start":{"line":3,"column":23},"end":{"line":3,"column":55}},"3":{"start":{"line":4,"column":19},"end":{"line":4,"column":45}},"4":{"start":{"line":7,"column":26},"end":{"line":38,"column":1}},"5":{"start":{"line":8,"column":2},"end":{"line":37,"column":3}},"6":{"start":{"line":10,"column":24},"end":{"line":10,"column":42}},"7":{"start":{"line":11,"column":23},"end":{"line":11,"column":51}},"8":{"start":{"line":12,"column":24},"end":{"line":12,"column":62}},"9":{"start":{"line":15,"column":18},"end":{"line":15,"column":44}},"10":{"start":{"line":17,"column":4},"end":{"line":20,"column":5}},"11":{"start":{"line":18,"column":6},"end":{"line":18,"column":22}},"12":{"start":{"line":19,"column":6},"end":{"line":19,"column":20}},"13":{"start":{"line":22,"column":20},"end":{"line":22,"column":61}},"14":{"start":{"line":23,"column":17},"end":{"line":23,"column":72}},"15":{"start":{"line":25,"column":4},"end":{"line":28,"column":5}},"16":{"start":{"line":26,"column":6},"end":{"line":26,"column":22}},"17":{"start":{"line":27,"column":6},"end":{"line":27,"column":20}},"18":{"start":{"line":30,"column":4},"end":{"line":30,"column":20}},"19":{"start":{"line":31,"column":4},"end":{"line":31,"column":11}},"20":{"start":{"line":34,"column":4},"end":{"line":34,"column":69}},"21":{"start":{"line":35,"column":4},"end":{"line":35,"column":20}},"22":{"start":{"line":36,"column":4},"end":{"line":36,"column":11}},"23":{"start":{"line":41,"column":20},"end":{"line":110,"column":1}},"24":{"start":{"line":42,"column":2},"end":{"line":109,"column":3}},"25":{"start":{"line":44,"column":24},"end":{"line":44,"column":42}},"26":{"start":{"line":45,"column":23},"end":{"line":45,"column":51}},"27":{"start":{"line":46,"column":24},"end":{"line":46,"column":62}},"28":{"start":{"line":49,"column":18},"end":{"line":49,"column":44}},"29":{"start":{"line":51,"column":4},"end":{"line":59,"column":5}},"30":{"start":{"line":52,"column":6},"end":{"line":58,"column":9}},"31":{"start":{"line":61,"column":20},"end":{"line":61,"column":61}},"32":{"start":{"line":62,"column":17},"end":{"line":62,"column":72}},"33":{"start":{"line":64,"column":4},"end":{"line":72,"column":5}},"34":{"start":{"line":65,"column":6},"end":{"line":71,"column":9}},"35":{"start":{"line":74,"column":4},"end":{"line":74,"column":20}},"36":{"start":{"line":75,"column":4},"end":{"line":75,"column":11}},"37":{"start":{"line":77,"column":4},"end":{"line":85,"column":5}},"38":{"start":{"line":78,"column":6},"end":{"line":84,"column":9}},"39":{"start":{"line":87,"column":4},"end":{"line":95,"column":5}},"40":{"start":{"line":88,"column":6},"end":{"line":94,"column":9}},"41":{"start":{"line":97,"column":4},"end":{"line":97,"column":67}},"42":{"start":{"line":98,"column":4},"end":{"line":108,"column":5}},"43":{"start":{"line":99,"column":6},"end":{"line":99,"column":73}},"44":{"start":{"line":101,"column":6},"end":{"line":107,"column":9}},"45":{"start":{"line":113,"column":21},"end":{"line":193,"column":1}},"46":{"start":{"line":114,"column":2},"end":{"line":192,"column":3}},"47":{"start":{"line":116,"column":24},"end":{"line":116,"column":42}},"48":{"start":{"line":117,"column":23},"end":{"line":117,"column":51}},"49":{"start":{"line":118,"column":24},"end":{"line":118,"column":62}},"50":{"start":{"line":121,"column":18},"end":{"line":121,"column":44}},"51":{"start":{"line":123,"column":4},"end":{"line":131,"column":5}},"52":{"start":{"line":124,"column":6},"end":{"line":130,"column":9}},"53":{"start":{"line":133,"column":20},"end":{"line":133,"column":61}},"54":{"start":{"line":134,"column":17},"end":{"line":134,"column":72}},"55":{"start":{"line":136,"column":4},"end":{"line":144,"column":5}},"56":{"start":{"line":137,"column":6},"end":{"line":143,"column":9}},"57":{"start":{"line":147,"column":4},"end":{"line":155,"column":5}},"58":{"start":{"line":148,"column":6},"end":{"line":154,"column":9}},"59":{"start":{"line":157,"column":4},"end":{"line":157,"column":20}},"60":{"start":{"line":158,"column":4},"end":{"line":158,"column":11}},"61":{"start":{"line":160,"column":4},"end":{"line":168,"column":5}},"62":{"start":{"line":161,"column":6},"end":{"line":167,"column":9}},"63":{"start":{"line":170,"column":4},"end":{"line":178,"column":5}},"64":{"start":{"line":171,"column":6},"end":{"line":177,"column":9}},"65":{"start":{"line":180,"column":4},"end":{"line":180,"column":63}},"66":{"start":{"line":181,"column":4},"end":{"line":191,"column":5}},"67":{"start":{"line":182,"column":6},"end":{"line":182,"column":72}},"68":{"start":{"line":184,"column":6},"end":{"line":190,"column":9}},"69":{"start":{"line":195,"column":0},"end":{"line":199,"column":2}}},"fnMap":{"0":{"name":"(anonymous_0)","decl":{"start":{"line":7,"column":26},"end":{"line":7,"column":27}},"loc":{"start":{"line":7,"column":52},"end":{"line":38,"column":1}},"line":7},"1":{"name":"(anonymous_1)","decl":{"start":{"line":41,"column":20},"end":{"line":41,"column":21}},"loc":{"start":{"line":41,"column":46},"end":{"line":110,"column":1}},"line":41},"2":{"name":"(anonymous_2)","decl":{"start":{"line":113,"column":21},"end":{"line":113,"column":22}},"loc":{"start":{"line":113,"column":47},"end":{"line":193,"column":1}},"line":113}},"branchMap":{"0":{"loc":{"start":{"line":12,"column":24},"end":{"line":12,"column":62}},"type":"binary-expr","locations":[{"start":{"line":12,"column":24},"end":{"line":12,"column":34}},{"start":{"line":12,"column":38},"end":{"line":12,"column":62}}],"line":12},"1":{"loc":{"start":{"line":15,"column":18},"end":{"line":15,"column":44}},"type":"binary-expr","locations":[{"start":{"line":15,"column":18},"end":{"line":15,"column":29}},{"start":{"line":15,"column":33},"end":{"line":15,"column":44}}],"line":15},"2":{"loc":{"start":{"line":17,"column":4},"end":{"line":20,"column":5}},"type":"if","locations":[{"start":{"line":17,"column":4},"end":{"line":20,"column":5}},{"start":{},"end":{}}],"line":17},"3":{"loc":{"start":{"line":25,"column":4},"end":{"line":28,"column":5}},"type":"if","locations":[{"start":{"line":25,"column":4},"end":{"line":28,"column":5}},{"start":{},"end":{}}],"line":25},"4":{"loc":{"start":{"line":25,"column":8},"end":{"line":25,"column":31}},"type":"binary-expr","locations":[{"start":{"line":25,"column":8},"end":{"line":25,"column":13}},{"start":{"line":25,"column":17},"end":{"line":25,"column":31}}],"line":25},"5":{"loc":{"start":{"line":46,"column":24},"end":{"line":46,"column":62}},"type":"binary-expr","locations":[{"start":{"line":46,"column":24},"end":{"line":46,"column":34}},{"start":{"line":46,"column":38},"end":{"line":46,"column":62}}],"line":46},"6":{"loc":{"start":{"line":49,"column":18},"end":{"line":49,"column":44}},"type":"binary-expr","locations":[{"start":{"line":49,"column":18},"end":{"line":49,"column":29}},{"start":{"line":49,"column":33},"end":{"line":49,"column":44}}],"line":49},"7":{"loc":{"start":{"line":51,"column":4},"end":{"line":59,"column":5}},"type":"if","locations":[{"start":{"line":51,"column":4},"end":{"line":59,"column":5}},{"start":{},"end":{}}],"line":51},"8":{"loc":{"start":{"line":52,"column":13},"end":{"line":58,"column":8}},"type":"cond-expr","locations":[{"start":{"line":52,"column":25},"end":{"line":52,"column":103}},{"start":{"line":52,"column":106},"end":{"line":58,"column":8}}],"line":52},"9":{"loc":{"start":{"line":64,"column":4},"end":{"line":72,"column":5}},"type":"if","locations":[{"start":{"line":64,"column":4},"end":{"line":72,"column":5}},{"start":{},"end":{}}],"line":64},"10":{"loc":{"start":{"line":64,"column":8},"end":{"line":64,"column":31}},"type":"binary-expr","locations":[{"start":{"line":64,"column":8},"end":{"line":64,"column":13}},{"start":{"line":64,"column":17},"end":{"line":64,"column":31}}],"line":64},"11":{"loc":{"start":{"line":65,"column":13},"end":{"line":71,"column":8}},"type":"cond-expr","locations":[{"start":{"line":65,"column":25},"end":{"line":65,"column":93}},{"start":{"line":65,"column":96},"end":{"line":71,"column":8}}],"line":65},"12":{"loc":{"start":{"line":77,"column":4},"end":{"line":85,"column":5}},"type":"if","locations":[{"start":{"line":77,"column":4},"end":{"line":85,"column":5}},{"start":{},"end":{}}],"line":77},"13":{"loc":{"start":{"line":78,"column":13},"end":{"line":84,"column":8}},"type":"cond-expr","locations":[{"start":{"line":78,"column":25},"end":{"line":78,"column":89}},{"start":{"line":78,"column":92},"end":{"line":84,"column":8}}],"line":78},"14":{"loc":{"start":{"line":87,"column":4},"end":{"line":95,"column":5}},"type":"if","locations":[{"start":{"line":87,"column":4},"end":{"line":95,"column":5}},{"start":{},"end":{}}],"line":87},"15":{"loc":{"start":{"line":88,"column":13},"end":{"line":94,"column":8}},"type":"cond-expr","locations":[{"start":{"line":88,"column":25},"end":{"line":88,"column":86}},{"start":{"line":88,"column":89},"end":{"line":94,"column":8}}],"line":88},"16":{"loc":{"start":{"line":98,"column":4},"end":{"line":108,"column":5}},"type":"if","locations":[{"start":{"line":98,"column":4},"end":{"line":108,"column":5}},{"start":{"line":100,"column":11},"end":{"line":108,"column":5}}],"line":98},"17":{"loc":{"start":{"line":118,"column":24},"end":{"line":118,"column":62}},"type":"binary-expr","locations":[{"start":{"line":118,"column":24},"end":{"line":118,"column":34}},{"start":{"line":118,"column":38},"end":{"line":118,"column":62}}],"line":118},"18":{"loc":{"start":{"line":121,"column":18},"end":{"line":121,"column":44}},"type":"binary-expr","locations":[{"start":{"line":121,"column":18},"end":{"line":121,"column":29}},{"start":{"line":121,"column":33},"end":{"line":121,"column":44}}],"line":121},"19":{"loc":{"start":{"line":123,"column":4},"end":{"line":131,"column":5}},"type":"if","locations":[{"start":{"line":123,"column":4},"end":{"line":131,"column":5}},{"start":{},"end":{}}],"line":123},"20":{"loc":{"start":{"line":124,"column":13},"end":{"line":130,"column":8}},"type":"cond-expr","locations":[{"start":{"line":124,"column":25},"end":{"line":124,"column":103}},{"start":{"line":124,"column":106},"end":{"line":130,"column":8}}],"line":124},"21":{"loc":{"start":{"line":136,"column":4},"end":{"line":144,"column":5}},"type":"if","locations":[{"start":{"line":136,"column":4},"end":{"line":144,"column":5}},{"start":{},"end":{}}],"line":136},"22":{"loc":{"start":{"line":136,"column":8},"end":{"line":136,"column":31}},"type":"binary-expr","locations":[{"start":{"line":136,"column":8},"end":{"line":136,"column":13}},{"start":{"line":136,"column":17},"end":{"line":136,"column":31}}],"line":136},"23":{"loc":{"start":{"line":137,"column":13},"end":{"line":143,"column":8}},"type":"cond-expr","locations":[{"start":{"line":137,"column":25},"end":{"line":137,"column":93}},{"start":{"line":137,"column":96},"end":{"line":143,"column":8}}],"line":137},"24":{"loc":{"start":{"line":147,"column":4},"end":{"line":155,"column":5}},"type":"if","locations":[{"start":{"line":147,"column":4},"end":{"line":155,"column":5}},{"start":{},"end":{}}],"line":147},"25":{"loc":{"start":{"line":148,"column":13},"end":{"line":154,"column":8}},"type":"cond-expr","locations":[{"start":{"line":148,"column":25},"end":{"line":148,"column":101}},{"start":{"line":148,"column":104},"end":{"line":154,"column":8}}],"line":148},"26":{"loc":{"start":{"line":160,"column":4},"end":{"line":168,"column":5}},"type":"if","locations":[{"start":{"line":160,"column":4},"end":{"line":168,"column":5}},{"start":{},"end":{}}],"line":160},"27":{"loc":{"start":{"line":161,"column":13},"end":{"line":167,"column":8}},"type":"cond-expr","locations":[{"start":{"line":161,"column":25},"end":{"line":161,"column":89}},{"start":{"line":161,"column":92},"end":{"line":167,"column":8}}],"line":161},"28":{"loc":{"start":{"line":170,"column":4},"end":{"line":178,"column":5}},"type":"if","locations":[{"start":{"line":170,"column":4},"end":{"line":178,"column":5}},{"start":{},"end":{}}],"line":170},"29":{"loc":{"start":{"line":171,"column":13},"end":{"line":177,"column":8}},"type":"cond-expr","locations":[{"start":{"line":171,"column":25},"end":{"line":171,"column":86}},{"start":{"line":171,"column":89},"end":{"line":177,"column":8}}],"line":171},"30":{"loc":{"start":{"line":181,"column":4},"end":{"line":191,"column":5}},"type":"if","locations":[{"start":{"line":181,"column":4},"end":{"line":191,"column":5}},{"start":{"line":183,"column":11},"end":{"line":191,"column":5}}],"line":181}},"s":{"0":20,"1":20,"2":20,"3":20,"4":20,"5":51,"6":51,"7":51,"8":51,"9":51,"10":51,"11":23,"12":23,"13":28,"14":27,"15":27,"16":16,"17":16,"18":11,"19":11,"20":1,"21":1,"22":1,"23":20,"24":41,"25":41,"26":41,"27":41,"28":41,"29":41,"30":9,"31":32,"32":30,"33":30,"34":0,"35":30,"36":30,"37":2,"38":2,"39":0,"40":0,"41":0,"42":0,"43":0,"44":0,"45":20,"46":146,"47":146,"48":146,"49":146,"50":146,"51":146,"52":18,"53":128,"54":127,"55":114,"56":0,"57":114,"58":9,"59":105,"60":105,"61":14,"62":1,"63":13,"64":0,"65":13,"66":13,"67":0,"68":13,"69":20},"f":{"0":51,"1":41,"2":146},"b":{"0":[51,28],"1":[51,51],"2":[23,28],"3":[16,11],"4":[27,11],"5":[41,32],"6":[41,40],"7":[9,32],"8":[8,1],"9":[0,30],"10":[30,30],"11":[0,0],"12":[2,0],"13":[2,0],"14":[0,0],"15":[0,0],"16":[0,0],"17":[146,128],"18":[146,146],"19":[18,128],"20":[11,7],"21":[0,114],"22":[114,114],"23":[0,0],"24":[9,105],"25":[9,0],"26":[1,13],"27":[1,0],"28":[0,13],"29":[0,0],"30":[0,13]},"_coverageSchema":"1a1c01bbd47fc00a2c39e90264f33305004495a9","hash":"918a0943e7d947c24413bf9da280f7d05f68e5fc"}
,"/Users/oliver/Projects/boutique/middleware/errorHandler.js": {"path":"/Users/oliver/Projects/boutique/middleware/errorHandler.js","statementMap":{"0":{"start":{"line":1,"column":19},"end":{"line":1,"column":45}},"1":{"start":{"line":2,"column":28},"end":{"line":2,"column":52}},"2":{"start":{"line":7,"column":4},"end":{"line":7,"column":19}},"3":{"start":{"line":8,"column":4},"end":{"line":8,"column":33}},"4":{"start":{"line":9,"column":4},"end":{"line":9,"column":21}},"5":{"start":{"line":10,"column":4},"end":{"line":10,"column":39}},"6":{"start":{"line":11,"column":4},"end":{"line":11,"column":69}},"7":{"start":{"line":12,"column":4},"end":{"line":12,"column":34}},"8":{"start":{"line":14,"column":4},"end":{"line":14,"column":52}},"9":{"start":{"line":19,"column":26},"end":{"line":22,"column":1}},"10":{"start":{"line":20,"column":18},"end":{"line":20,"column":53}},"11":{"start":{"line":21,"column":2},"end":{"line":21,"column":50}},"12":{"start":{"line":24,"column":32},"end":{"line":30,"column":1}},"13":{"start":{"line":26,"column":16},"end":{"line":26,"column":58}},"14":{"start":{"line":27,"column":16},"end":{"line":27,"column":44}},"15":{"start":{"line":28,"column":18},"end":{"line":28,"column":78}},"16":{"start":{"line":29,"column":2},"end":{"line":29,"column":55}},"17":{"start":{"line":32,"column":32},"end":{"line":36,"column":1}},"18":{"start":{"line":33,"column":17},"end":{"line":33,"column":64}},"19":{"start":{"line":33,"column":53},"end":{"line":33,"column":63}},"20":{"start":{"line":34,"column":18},"end":{"line":34,"column":60}},"21":{"start":{"line":35,"column":2},"end":{"line":35,"column":56}},"22":{"start":{"line":38,"column":23},"end":{"line":39,"column":75}},"23":{"start":{"line":39,"column":2},"end":{"line":39,"column":75}},"24":{"start":{"line":41,"column":30},"end":{"line":42,"column":84}},"25":{"start":{"line":42,"column":2},"end":{"line":42,"column":84}},"26":{"start":{"line":45,"column":21},"end":{"line":76,"column":1}},"27":{"start":{"line":47,"column":2},"end":{"line":54,"column":5}},"28":{"start":{"line":57,"column":17},"end":{"line":57,"column":62}},"29":{"start":{"line":60,"column":26},"end":{"line":60,"column":37}},"30":{"start":{"line":61,"column":2},"end":{"line":63,"column":3}},"31":{"start":{"line":62,"column":4},"end":{"line":62,"column":93}},"32":{"start":{"line":65,"column":2},"end":{"line":75,"column":5}},"33":{"start":{"line":79,"column":22},"end":{"line":126,"column":1}},"34":{"start":{"line":81,"column":2},"end":{"line":88,"column":5}},"35":{"start":{"line":91,"column":17},"end":{"line":91,"column":62}},"36":{"start":{"line":94,"column":2},"end":{"line":108,"column":3}},"37":{"start":{"line":96,"column":18},"end":{"line":96,"column":29}},"38":{"start":{"line":97,"column":4},"end":{"line":99,"column":5}},"39":{"start":{"line":98,"column":6},"end":{"line":98,"column":85}},"40":{"start":{"line":101,"column":4},"end":{"line":107,"column":7}},"41":{"start":{"line":111,"column":2},"end":{"line":114,"column":5}},"42":{"start":{"line":117,"column":31},"end":{"line":117,"column":97}},"43":{"start":{"line":119,"column":2},"end":{"line":125,"column":5}},"44":{"start":{"line":129,"column":27},"end":{"line":148,"column":1}},"45":{"start":{"line":130,"column":2},"end":{"line":130,"column":41}},"46":{"start":{"line":131,"column":2},"end":{"line":131,"column":37}},"47":{"start":{"line":133,"column":2},"end":{"line":147,"column":3}},"48":{"start":{"line":134,"column":4},"end":{"line":134,"column":32}},"49":{"start":{"line":136,"column":16},"end":{"line":136,"column":26}},"50":{"start":{"line":137,"column":4},"end":{"line":137,"column":32}},"51":{"start":{"line":140,"column":4},"end":{"line":140,"column":71}},"52":{"start":{"line":140,"column":37},"end":{"line":140,"column":70}},"53":{"start":{"line":141,"column":4},"end":{"line":141,"column":71}},"54":{"start":{"line":141,"column":31},"end":{"line":141,"column":70}},"55":{"start":{"line":142,"column":4},"end":{"line":142,"column":83}},"56":{"start":{"line":142,"column":43},"end":{"line":142,"column":82}},"57":{"start":{"line":143,"column":4},"end":{"line":143,"column":71}},"58":{"start":{"line":143,"column":45},"end":{"line":143,"column":70}},"59":{"start":{"line":144,"column":4},"end":{"line":144,"column":78}},"60":{"start":{"line":144,"column":45},"end":{"line":144,"column":77}},"61":{"start":{"line":146,"column":4},"end":{"line":146,"column":35}},"62":{"start":{"line":151,"column":19},"end":{"line":155,"column":1}},"63":{"start":{"line":152,"column":2},"end":{"line":154,"column":4}},"64":{"start":{"line":153,"column":4},"end":{"line":153,"column":37}},"65":{"start":{"line":158,"column":0},"end":{"line":173,"column":3}},"66":{"start":{"line":159,"column":2},"end":{"line":163,"column":5}},"67":{"start":{"line":166,"column":2},"end":{"line":172,"column":3}},"68":{"start":{"line":167,"column":4},"end":{"line":169,"column":7}},"69":{"start":{"line":168,"column":6},"end":{"line":168,"column":16}},"70":{"start":{"line":171,"column":4},"end":{"line":171,"column":14}},"71":{"start":{"line":176,"column":0},"end":{"line":190,"column":3}},"72":{"start":{"line":177,"column":2},"end":{"line":180,"column":5}},"73":{"start":{"line":183,"column":2},"end":{"line":189,"column":3}},"74":{"start":{"line":184,"column":4},"end":{"line":186,"column":7}},"75":{"start":{"line":185,"column":6},"end":{"line":185,"column":16}},"76":{"start":{"line":188,"column":4},"end":{"line":188,"column":14}},"77":{"start":{"line":192,"column":0},"end":{"line":196,"column":2}}},"fnMap":{"0":{"name":"(anonymous_0)","decl":{"start":{"line":6,"column":2},"end":{"line":6,"column":3}},"loc":{"start":{"line":6,"column":70},"end":{"line":15,"column":3}},"line":6},"1":{"name":"(anonymous_1)","decl":{"start":{"line":19,"column":26},"end":{"line":19,"column":27}},"loc":{"start":{"line":19,"column":35},"end":{"line":22,"column":1}},"line":19},"2":{"name":"(anonymous_2)","decl":{"start":{"line":24,"column":32},"end":{"line":24,"column":33}},"loc":{"start":{"line":24,"column":41},"end":{"line":30,"column":1}},"line":24},"3":{"name":"(anonymous_3)","decl":{"start":{"line":32,"column":32},"end":{"line":32,"column":33}},"loc":{"start":{"line":32,"column":41},"end":{"line":36,"column":1}},"line":32},"4":{"name":"(anonymous_4)","decl":{"start":{"line":33,"column":47},"end":{"line":33,"column":48}},"loc":{"start":{"line":33,"column":53},"end":{"line":33,"column":63}},"line":33},"5":{"name":"(anonymous_5)","decl":{"start":{"line":38,"column":23},"end":{"line":38,"column":24}},"loc":{"start":{"line":39,"column":2},"end":{"line":39,"column":75}},"line":39},"6":{"name":"(anonymous_6)","decl":{"start":{"line":41,"column":30},"end":{"line":41,"column":31}},"loc":{"start":{"line":42,"column":2},"end":{"line":42,"column":84}},"line":42},"7":{"name":"(anonymous_7)","decl":{"start":{"line":45,"column":21},"end":{"line":45,"column":22}},"loc":{"start":{"line":45,"column":40},"end":{"line":76,"column":1}},"line":45},"8":{"name":"(anonymous_8)","decl":{"start":{"line":79,"column":22},"end":{"line":79,"column":23}},"loc":{"start":{"line":79,"column":41},"end":{"line":126,"column":1}},"line":79},"9":{"name":"(anonymous_9)","decl":{"start":{"line":129,"column":27},"end":{"line":129,"column":28}},"loc":{"start":{"line":129,"column":53},"end":{"line":148,"column":1}},"line":129},"10":{"name":"(anonymous_10)","decl":{"start":{"line":151,"column":19},"end":{"line":151,"column":20}},"loc":{"start":{"line":151,"column":27},"end":{"line":155,"column":1}},"line":151},"11":{"name":"(anonymous_11)","decl":{"start":{"line":152,"column":9},"end":{"line":152,"column":10}},"loc":{"start":{"line":152,"column":30},"end":{"line":154,"column":3}},"line":152},"12":{"name":"(anonymous_12)","decl":{"start":{"line":158,"column":33},"end":{"line":158,"column":34}},"loc":{"start":{"line":158,"column":51},"end":{"line":173,"column":1}},"line":158},"13":{"name":"(anonymous_13)","decl":{"start":{"line":167,"column":24},"end":{"line":167,"column":25}},"loc":{"start":{"line":167,"column":30},"end":{"line":169,"column":5}},"line":167},"14":{"name":"(anonymous_14)","decl":{"start":{"line":176,"column":32},"end":{"line":176,"column":33}},"loc":{"start":{"line":176,"column":41},"end":{"line":190,"column":1}},"line":176},"15":{"name":"(anonymous_15)","decl":{"start":{"line":184,"column":24},"end":{"line":184,"column":25}},"loc":{"start":{"line":184,"column":30},"end":{"line":186,"column":5}},"line":184}},"branchMap":{"0":{"loc":{"start":{"line":6,"column":35},"end":{"line":6,"column":46}},"type":"default-arg","locations":[{"start":{"line":6,"column":42},"end":{"line":6,"column":46}}],"line":6},"1":{"loc":{"start":{"line":6,"column":48},"end":{"line":6,"column":68}},"type":"default-arg","locations":[{"start":{"line":6,"column":64},"end":{"line":6,"column":68}}],"line":6},"2":{"loc":{"start":{"line":11,"column":18},"end":{"line":11,"column":68}},"type":"cond-expr","locations":[{"start":{"line":11,"column":52},"end":{"line":11,"column":58}},{"start":{"line":11,"column":61},"end":{"line":11,"column":68}}],"line":11},"3":{"loc":{"start":{"line":27,"column":16},"end":{"line":27,"column":44}},"type":"cond-expr","locations":[{"start":{"line":27,"column":24},"end":{"line":27,"column":32}},{"start":{"line":27,"column":35},"end":{"line":27,"column":44}}],"line":27},"4":{"loc":{"start":{"line":57,"column":17},"end":{"line":57,"column":62}},"type":"binary-expr","locations":[{"start":{"line":57,"column":17},"end":{"line":57,"column":27}},{"start":{"line":57,"column":31},"end":{"line":57,"column":54}},{"start":{"line":57,"column":58},"end":{"line":57,"column":62}}],"line":57},"5":{"loc":{"start":{"line":61,"column":2},"end":{"line":63,"column":3}},"type":"if","locations":[{"start":{"line":61,"column":2},"end":{"line":63,"column":3}},{"start":{},"end":{}}],"line":61},"6":{"loc":{"start":{"line":62,"column":58},"end":{"line":62,"column":91}},"type":"binary-expr","locations":[{"start":{"line":62,"column":58},"end":{"line":62,"column":76}},{"start":{"line":62,"column":80},"end":{"line":62,"column":91}}],"line":62},"7":{"loc":{"start":{"line":91,"column":17},"end":{"line":91,"column":62}},"type":"binary-expr","locations":[{"start":{"line":91,"column":17},"end":{"line":91,"column":27}},{"start":{"line":91,"column":31},"end":{"line":91,"column":54}},{"start":{"line":91,"column":58},"end":{"line":91,"column":62}}],"line":91},"8":{"loc":{"start":{"line":94,"column":2},"end":{"line":108,"column":3}},"type":"if","locations":[{"start":{"line":94,"column":2},"end":{"line":108,"column":3}},{"start":{},"end":{}}],"line":94},"9":{"loc":{"start":{"line":97,"column":4},"end":{"line":99,"column":5}},"type":"if","locations":[{"start":{"line":97,"column":4},"end":{"line":99,"column":5}},{"start":{},"end":{}}],"line":97},"10":{"loc":{"start":{"line":98,"column":50},"end":{"line":98,"column":83}},"type":"binary-expr","locations":[{"start":{"line":98,"column":50},"end":{"line":98,"column":68}},{"start":{"line":98,"column":72},"end":{"line":98,"column":83}}],"line":98},"11":{"loc":{"start":{"line":130,"column":19},"end":{"line":130,"column":40}},"type":"binary-expr","locations":[{"start":{"line":130,"column":19},"end":{"line":130,"column":33}},{"start":{"line":130,"column":37},"end":{"line":130,"column":40}}],"line":130},"12":{"loc":{"start":{"line":131,"column":15},"end":{"line":131,"column":36}},"type":"binary-expr","locations":[{"start":{"line":131,"column":15},"end":{"line":131,"column":25}},{"start":{"line":131,"column":29},"end":{"line":131,"column":36}}],"line":131},"13":{"loc":{"start":{"line":133,"column":2},"end":{"line":147,"column":3}},"type":"if","locations":[{"start":{"line":133,"column":2},"end":{"line":147,"column":3}},{"start":{"line":135,"column":9},"end":{"line":147,"column":3}}],"line":133},"14":{"loc":{"start":{"line":140,"column":4},"end":{"line":140,"column":71}},"type":"if","locations":[{"start":{"line":140,"column":4},"end":{"line":140,"column":71}},{"start":{},"end":{}}],"line":140},"15":{"loc":{"start":{"line":141,"column":4},"end":{"line":141,"column":71}},"type":"if","locations":[{"start":{"line":141,"column":4},"end":{"line":141,"column":71}},{"start":{},"end":{}}],"line":141},"16":{"loc":{"start":{"line":142,"column":4},"end":{"line":142,"column":83}},"type":"if","locations":[{"start":{"line":142,"column":4},"end":{"line":142,"column":83}},{"start":{},"end":{}}],"line":142},"17":{"loc":{"start":{"line":143,"column":4},"end":{"line":143,"column":71}},"type":"if","locations":[{"start":{"line":143,"column":4},"end":{"line":143,"column":71}},{"start":{},"end":{}}],"line":143},"18":{"loc":{"start":{"line":144,"column":4},"end":{"line":144,"column":78}},"type":"if","locations":[{"start":{"line":144,"column":4},"end":{"line":144,"column":78}},{"start":{},"end":{}}],"line":144},"19":{"loc":{"start":{"line":166,"column":2},"end":{"line":172,"column":3}},"type":"if","locations":[{"start":{"line":166,"column":2},"end":{"line":172,"column":3}},{"start":{"line":170,"column":9},"end":{"line":172,"column":3}}],"line":166},"20":{"loc":{"start":{"line":183,"column":2},"end":{"line":189,"column":3}},"type":"if","locations":[{"start":{"line":183,"column":2},"end":{"line":189,"column":3}},{"start":{"line":187,"column":9},"end":{"line":189,"column":3}}],"line":183}},"s":{"0":16,"1":16,"2":7,"3":7,"4":7,"5":7,"6":7,"7":7,"8":7,"9":16,"10":0,"11":0,"12":16,"13":0,"14":0,"15":0,"16":0,"17":16,"18":1,"19":2,"20":1,"21":1,"22":16,"23":1,"24":16,"25":1,"26":16,"27":1,"28":1,"29":1,"30":1,"31":1,"32":1,"33":16,"34":7,"35":7,"36":7,"37":4,"38":4,"39":4,"40":4,"41":3,"42":3,"43":3,"44":16,"45":8,"46":8,"47":8,"48":1,"49":7,"50":7,"51":7,"52":0,"53":7,"54":0,"55":7,"56":1,"57":7,"58":1,"59":7,"60":1,"61":7,"62":16,"63":2,"64":2,"65":16,"66":0,"67":0,"68":0,"69":0,"70":0,"71":16,"72":0,"73":0,"74":0,"75":0,"76":0,"77":16},"f":{"0":7,"1":0,"2":0,"3":1,"4":2,"5":1,"6":1,"7":1,"8":7,"9":8,"10":2,"11":2,"12":0,"13":0,"14":0,"15":0},"b":{"0":[0],"1":[7],"2":[6,1],"3":[0,0],"4":[1,1,1],"5":[1,0],"6":[1,0],"7":[7,7,7],"8":[4,3],"9":[4,0],"10":[4,0],"11":[8,5],"12":[8,5],"13":[1,7],"14":[0,7],"15":[0,7],"16":[1,6],"17":[1,6],"18":[1,6],"19":[0,0],"20":[0,0]},"_coverageSchema":"1a1c01bbd47fc00a2c39e90264f33305004495a9","hash":"56668be806a6e6bbcf6d82f9bef8fb655bd4910f"}
,"/Users/oliver/Projects/boutique/middleware/security.js": {"path":"/Users/oliver/Projects/boutique/middleware/security.js","statementMap":{"0":{"start":{"line":1,"column":15},"end":{"line":1,"column":32}},"1":{"start":{"line":2,"column":22},"end":{"line":2,"column":55}},"2":{"start":{"line":3,"column":18},"end":{"line":3,"column":47}},"3":{"start":{"line":4,"column":17},"end":{"line":4,"column":45}},"4":{"start":{"line":5,"column":35},"end":{"line":5,"column":63}},"5":{"start":{"line":6,"column":19},"end":{"line":6,"column":45}},"6":{"start":{"line":9,"column":23},"end":{"line":51,"column":1}},"7":{"start":{"line":11,"column":2},"end":{"line":13,"column":3}},"8":{"start":{"line":12,"column":4},"end":{"line":12,"column":18}},"9":{"start":{"line":16,"column":2},"end":{"line":18,"column":3}},"10":{"start":{"line":17,"column":4},"end":{"line":17,"column":18}},"11":{"start":{"line":21,"column":2},"end":{"line":23,"column":3}},"12":{"start":{"line":22,"column":4},"end":{"line":22,"column":18}},"13":{"start":{"line":25,"column":16},"end":{"line":25,"column":61}},"14":{"start":{"line":26,"column":23},"end":{"line":26,"column":45}},"15":{"start":{"line":29,"column":2},"end":{"line":32,"column":3}},"16":{"start":{"line":30,"column":4},"end":{"line":30,"column":71}},"17":{"start":{"line":31,"column":4},"end":{"line":31,"column":18}},"18":{"start":{"line":34,"column":2},"end":{"line":48,"column":3}},"19":{"start":{"line":35,"column":4},"end":{"line":40,"column":7}},"20":{"start":{"line":41,"column":4},"end":{"line":47,"column":7}},"21":{"start":{"line":50,"column":2},"end":{"line":50,"column":9}},"22":{"start":{"line":54,"column":26},"end":{"line":59,"column":1}},"23":{"start":{"line":55,"column":2},"end":{"line":57,"column":3}},"24":{"start":{"line":56,"column":4},"end":{"line":56,"column":67}},"25":{"start":{"line":58,"column":2},"end":{"line":58,"column":9}},"26":{"start":{"line":62,"column":19},"end":{"line":90,"column":1}},"27":{"start":{"line":63,"column":17},"end":{"line":63,"column":41}},"28":{"start":{"line":65,"column":2},"end":{"line":73,"column":3}},"29":{"start":{"line":66,"column":4},"end":{"line":72,"column":7}},"30":{"start":{"line":76,"column":23},"end":{"line":76,"column":67}},"31":{"start":{"line":78,"column":2},"end":{"line":86,"column":3}},"32":{"start":{"line":79,"column":4},"end":{"line":85,"column":7}},"33":{"start":{"line":88,"column":2},"end":{"line":88,"column":24}},"34":{"start":{"line":89,"column":2},"end":{"line":89,"column":9}},"35":{"start":{"line":93,"column":24},"end":{"line":107,"column":1}},"36":{"start":{"line":94,"column":2},"end":{"line":106,"column":5}},"37":{"start":{"line":111,"column":19},"end":{"line":146,"column":1}},"38":{"start":{"line":149,"column":21},"end":{"line":155,"column":2}},"39":{"start":{"line":152,"column":17},"end":{"line":152,"column":20}},"40":{"start":{"line":158,"column":22},"end":{"line":165,"column":1}},"41":{"start":{"line":162,"column":6},"end":{"line":162,"column":91}},"42":{"start":{"line":168,"column":24},"end":{"line":205,"column":1}},"43":{"start":{"line":208,"column":31},"end":{"line":227,"column":1}},"44":{"start":{"line":209,"column":17},"end":{"line":209,"column":38}},"45":{"start":{"line":211,"column":2},"end":{"line":224,"column":3}},"46":{"start":{"line":212,"column":4},"end":{"line":223,"column":7}},"47":{"start":{"line":217,"column":46},"end":{"line":221,"column":9}},"48":{"start":{"line":226,"column":2},"end":{"line":226,"column":9}},"49":{"start":{"line":230,"column":24},"end":{"line":242,"column":1}},"50":{"start":{"line":232,"column":2},"end":{"line":232,"column":53}},"51":{"start":{"line":233,"column":2},"end":{"line":233,"column":43}},"52":{"start":{"line":234,"column":2},"end":{"line":234,"column":53}},"53":{"start":{"line":235,"column":2},"end":{"line":235,"column":70}},"54":{"start":{"line":236,"column":2},"end":{"line":236,"column":82}},"55":{"start":{"line":239,"column":2},"end":{"line":239,"column":35}},"56":{"start":{"line":241,"column":2},"end":{"line":241,"column":9}},"57":{"start":{"line":244,"column":0},"end":{"line":254,"column":2}}},"fnMap":{"0":{"name":"(anonymous_0)","decl":{"start":{"line":9,"column":23},"end":{"line":9,"column":24}},"loc":{"start":{"line":9,"column":43},"end":{"line":51,"column":1}},"line":9},"1":{"name":"(anonymous_1)","decl":{"start":{"line":54,"column":26},"end":{"line":54,"column":27}},"loc":{"start":{"line":54,"column":46},"end":{"line":59,"column":1}},"line":54},"2":{"name":"(anonymous_2)","decl":{"start":{"line":62,"column":19},"end":{"line":62,"column":20}},"loc":{"start":{"line":62,"column":39},"end":{"line":90,"column":1}},"line":62},"3":{"name":"(anonymous_3)","decl":{"start":{"line":93,"column":24},"end":{"line":93,"column":25}},"loc":{"start":{"line":93,"column":52},"end":{"line":107,"column":1}},"line":93},"4":{"name":"(anonymous_4)","decl":{"start":{"line":152,"column":11},"end":{"line":152,"column":12}},"loc":{"start":{"line":152,"column":17},"end":{"line":152,"column":20}},"line":152},"5":{"name":"(anonymous_5)","decl":{"start":{"line":161,"column":16},"end":{"line":161,"column":17}},"loc":{"start":{"line":161,"column":34},"end":{"line":163,"column":5}},"line":161},"6":{"name":"(anonymous_6)","decl":{"start":{"line":208,"column":31},"end":{"line":208,"column":32}},"loc":{"start":{"line":208,"column":51},"end":{"line":227,"column":1}},"line":208},"7":{"name":"(anonymous_7)","decl":{"start":{"line":217,"column":36},"end":{"line":217,"column":37}},"loc":{"start":{"line":217,"column":46},"end":{"line":221,"column":9}},"line":217},"8":{"name":"(anonymous_8)","decl":{"start":{"line":230,"column":24},"end":{"line":230,"column":25}},"loc":{"start":{"line":230,"column":44},"end":{"line":242,"column":1}},"line":230}},"branchMap":{"0":{"loc":{"start":{"line":11,"column":2},"end":{"line":13,"column":3}},"type":"if","locations":[{"start":{"line":11,"column":2},"end":{"line":13,"column":3}},{"start":{},"end":{}}],"line":11},"1":{"loc":{"start":{"line":16,"column":2},"end":{"line":18,"column":3}},"type":"if","locations":[{"start":{"line":16,"column":2},"end":{"line":18,"column":3}},{"start":{},"end":{}}],"line":16},"2":{"loc":{"start":{"line":21,"column":2},"end":{"line":23,"column":3}},"type":"if","locations":[{"start":{"line":21,"column":2},"end":{"line":23,"column":3}},{"start":{},"end":{}}],"line":21},"3":{"loc":{"start":{"line":21,"column":6},"end":{"line":21,"column":67}},"type":"binary-expr","locations":[{"start":{"line":21,"column":6},"end":{"line":21,"column":35}},{"start":{"line":21,"column":39},"end":{"line":21,"column":67}}],"line":21},"4":{"loc":{"start":{"line":25,"column":16},"end":{"line":25,"column":61}},"type":"binary-expr","locations":[{"start":{"line":25,"column":16},"end":{"line":25,"column":43}},{"start":{"line":25,"column":47},"end":{"line":25,"column":61}}],"line":25},"5":{"loc":{"start":{"line":29,"column":2},"end":{"line":32,"column":3}},"type":"if","locations":[{"start":{"line":29,"column":2},"end":{"line":32,"column":3}},{"start":{},"end":{}}],"line":29},"6":{"loc":{"start":{"line":34,"column":2},"end":{"line":48,"column":3}},"type":"if","locations":[{"start":{"line":34,"column":2},"end":{"line":48,"column":3}},{"start":{},"end":{}}],"line":34},"7":{"loc":{"start":{"line":34,"column":6},"end":{"line":34,"column":55}},"type":"binary-expr","locations":[{"start":{"line":34,"column":6},"end":{"line":34,"column":12}},{"start":{"line":34,"column":16},"end":{"line":34,"column":29}},{"start":{"line":34,"column":33},"end":{"line":34,"column":55}}],"line":34},"8":{"loc":{"start":{"line":36,"column":16},"end":{"line":36,"column":36}},"type":"cond-expr","locations":[{"start":{"line":36,"column":24},"end":{"line":36,"column":29}},{"start":{"line":36,"column":32},"end":{"line":36,"column":36}}],"line":36},"9":{"loc":{"start":{"line":37,"column":15},"end":{"line":37,"column":42}},"type":"cond-expr","locations":[{"start":{"line":37,"column":30},"end":{"line":37,"column":35}},{"start":{"line":37,"column":38},"end":{"line":37,"column":42}}],"line":37},"10":{"loc":{"start":{"line":55,"column":2},"end":{"line":57,"column":3}},"type":"if","locations":[{"start":{"line":55,"column":2},"end":{"line":57,"column":3}},{"start":{},"end":{}}],"line":55},"11":{"loc":{"start":{"line":65,"column":2},"end":{"line":73,"column":3}},"type":"if","locations":[{"start":{"line":65,"column":2},"end":{"line":73,"column":3}},{"start":{},"end":{}}],"line":65},"12":{"loc":{"start":{"line":76,"column":23},"end":{"line":76,"column":67}},"type":"binary-expr","locations":[{"start":{"line":76,"column":23},"end":{"line":76,"column":61}},{"start":{"line":76,"column":65},"end":{"line":76,"column":67}}],"line":76},"13":{"loc":{"start":{"line":78,"column":2},"end":{"line":86,"column":3}},"type":"if","locations":[{"start":{"line":78,"column":2},"end":{"line":86,"column":3}},{"start":{},"end":{}}],"line":78},"14":{"loc":{"start":{"line":211,"column":2},"end":{"line":224,"column":3}},"type":"if","locations":[{"start":{"line":211,"column":2},"end":{"line":224,"column":3}},{"start":{},"end":{}}],"line":211}},"s":{"0":15,"1":15,"2":15,"3":15,"4":15,"5":15,"6":15,"7":3,"8":1,"9":2,"10":0,"11":2,"12":0,"13":2,"14":2,"15":2,"16":0,"17":0,"18":2,"19":1,"20":1,"21":1,"22":15,"23":164,"24":163,"25":164,"26":15,"27":14,"28":14,"29":1,"30":13,"31":13,"32":1,"33":12,"34":12,"35":15,"36":75,"37":15,"38":15,"39":3,"40":15,"41":2,"42":15,"43":15,"44":30,"45":30,"46":1,"47":2,"48":29,"49":15,"50":164,"51":164,"52":164,"53":164,"54":164,"55":164,"56":164,"57":15},"f":{"0":3,"1":164,"2":14,"3":75,"4":3,"5":2,"6":30,"7":2,"8":164},"b":{"0":[1,2],"1":[0,2],"2":[0,2],"3":[2,2],"4":[2,1],"5":[0,2],"6":[1,1],"7":[2,1,1],"8":[0,1],"9":[1,0],"10":[163,1],"11":[1,13],"12":[13,0],"13":[1,12],"14":[1,29]},"_coverageSchema":"1a1c01bbd47fc00a2c39e90264f33305004495a9","hash":"bcc4501642499d28bae133cc0f39f3b304b6610b"}
,"/Users/oliver/Projects/boutique/middleware/sessionCSRF.js": {"path":"/Users/oliver/Projects/boutique/middleware/sessionCSRF.js","statementMap":{"0":{"start":{"line":1,"column":15},"end":{"line":1,"column":32}},"1":{"start":{"line":2,"column":19},"end":{"line":2,"column":45}},"2":{"start":{"line":5,"column":26},"end":{"line":10,"column":1}},"3":{"start":{"line":6,"column":2},"end":{"line":8,"column":3}},"4":{"start":{"line":7,"column":4},"end":{"line":7,"column":67}},"5":{"start":{"line":9,"column":2},"end":{"line":9,"column":9}},"6":{"start":{"line":13,"column":26},"end":{"line":47,"column":1}},"7":{"start":{"line":15,"column":2},"end":{"line":17,"column":3}},"8":{"start":{"line":16,"column":4},"end":{"line":16,"column":18}},"9":{"start":{"line":19,"column":16},"end":{"line":19,"column":61}},"10":{"start":{"line":29,"column":2},"end":{"line":44,"column":3}},"11":{"start":{"line":30,"column":4},"end":{"line":36,"column":7}},"12":{"start":{"line":37,"column":4},"end":{"line":43,"column":7}},"13":{"start":{"line":46,"column":2},"end":{"line":46,"column":9}},"14":{"start":{"line":50,"column":28},"end":{"line":67,"column":2}},"15":{"start":{"line":50,"column":43},"end":{"line":67,"column":1}},"16":{"start":{"line":70,"column":28},"end":{"line":84,"column":1}},"17":{"start":{"line":71,"column":2},"end":{"line":73,"column":3}},"18":{"start":{"line":72,"column":4},"end":{"line":72,"column":65}},"19":{"start":{"line":76,"column":2},"end":{"line":81,"column":3}},"20":{"start":{"line":77,"column":4},"end":{"line":80,"column":6}},"21":{"start":{"line":83,"column":2},"end":{"line":83,"column":9}},"22":{"start":{"line":87,"column":28},"end":{"line":94,"column":1}},"23":{"start":{"line":88,"column":2},"end":{"line":92,"column":3}},"24":{"start":{"line":90,"column":4},"end":{"line":90,"column":31}},"25":{"start":{"line":93,"column":2},"end":{"line":93,"column":9}},"26":{"start":{"line":96,"column":0},"end":{"line":102,"column":2}}},"fnMap":{"0":{"name":"(anonymous_0)","decl":{"start":{"line":5,"column":26},"end":{"line":5,"column":27}},"loc":{"start":{"line":5,"column":46},"end":{"line":10,"column":1}},"line":5},"1":{"name":"(anonymous_1)","decl":{"start":{"line":13,"column":26},"end":{"line":13,"column":27}},"loc":{"start":{"line":13,"column":46},"end":{"line":47,"column":1}},"line":13},"2":{"name":"(anonymous_2)","decl":{"start":{"line":50,"column":28},"end":{"line":50,"column":29}},"loc":{"start":{"line":50,"column":43},"end":{"line":67,"column":1}},"line":50},"3":{"name":"(anonymous_3)","decl":{"start":{"line":70,"column":28},"end":{"line":70,"column":29}},"loc":{"start":{"line":70,"column":48},"end":{"line":84,"column":1}},"line":70},"4":{"name":"(anonymous_4)","decl":{"start":{"line":87,"column":28},"end":{"line":87,"column":29}},"loc":{"start":{"line":87,"column":48},"end":{"line":94,"column":1}},"line":87}},"branchMap":{"0":{"loc":{"start":{"line":6,"column":2},"end":{"line":8,"column":3}},"type":"if","locations":[{"start":{"line":6,"column":2},"end":{"line":8,"column":3}},{"start":{},"end":{}}],"line":6},"1":{"loc":{"start":{"line":15,"column":2},"end":{"line":17,"column":3}},"type":"if","locations":[{"start":{"line":15,"column":2},"end":{"line":17,"column":3}},{"start":{},"end":{}}],"line":15},"2":{"loc":{"start":{"line":15,"column":6},"end":{"line":15,"column":56}},"type":"binary-expr","locations":[{"start":{"line":15,"column":6},"end":{"line":15,"column":26}},{"start":{"line":15,"column":30},"end":{"line":15,"column":56}}],"line":15},"3":{"loc":{"start":{"line":19,"column":16},"end":{"line":19,"column":61}},"type":"binary-expr","locations":[{"start":{"line":19,"column":16},"end":{"line":19,"column":43}},{"start":{"line":19,"column":47},"end":{"line":19,"column":61}}],"line":19},"4":{"loc":{"start":{"line":29,"column":2},"end":{"line":44,"column":3}},"type":"if","locations":[{"start":{"line":29,"column":2},"end":{"line":44,"column":3}},{"start":{},"end":{}}],"line":29},"5":{"loc":{"start":{"line":29,"column":6},"end":{"line":29,"column":47}},"type":"binary-expr","locations":[{"start":{"line":29,"column":6},"end":{"line":29,"column":12}},{"start":{"line":29,"column":16},"end":{"line":29,"column":47}}],"line":29},"6":{"loc":{"start":{"line":31,"column":16},"end":{"line":31,"column":36}},"type":"cond-expr","locations":[{"start":{"line":31,"column":24},"end":{"line":31,"column":29}},{"start":{"line":31,"column":32},"end":{"line":31,"column":36}}],"line":31},"7":{"loc":{"start":{"line":32,"column":15},"end":{"line":32,"column":51}},"type":"cond-expr","locations":[{"start":{"line":32,"column":39},"end":{"line":32,"column":44}},{"start":{"line":32,"column":47},"end":{"line":32,"column":51}}],"line":32},"8":{"loc":{"start":{"line":51,"column":10},"end":{"line":51,"column":71}},"type":"binary-expr","locations":[{"start":{"line":51,"column":10},"end":{"line":51,"column":36}},{"start":{"line":51,"column":40},"end":{"line":51,"column":71}}],"line":51},"9":{"loc":{"start":{"line":62,"column":14},"end":{"line":62,"column":70}},"type":"cond-expr","locations":[{"start":{"line":62,"column":54},"end":{"line":62,"column":62}},{"start":{"line":62,"column":65},"end":{"line":62,"column":70}}],"line":62},"10":{"loc":{"start":{"line":71,"column":2},"end":{"line":73,"column":3}},"type":"if","locations":[{"start":{"line":71,"column":2},"end":{"line":73,"column":3}},{"start":{},"end":{}}],"line":71},"11":{"loc":{"start":{"line":71,"column":6},"end":{"line":71,"column":39}},"type":"binary-expr","locations":[{"start":{"line":71,"column":6},"end":{"line":71,"column":26}},{"start":{"line":71,"column":30},"end":{"line":71,"column":39}}],"line":71},"12":{"loc":{"start":{"line":76,"column":2},"end":{"line":81,"column":3}},"type":"if","locations":[{"start":{"line":76,"column":2},"end":{"line":81,"column":3}},{"start":{},"end":{}}],"line":76},"13":{"loc":{"start":{"line":88,"column":2},"end":{"line":92,"column":3}},"type":"if","locations":[{"start":{"line":88,"column":2},"end":{"line":92,"column":3}},{"start":{},"end":{}}],"line":88},"14":{"loc":{"start":{"line":88,"column":6},"end":{"line":88,"column":37}},"type":"binary-expr","locations":[{"start":{"line":88,"column":6},"end":{"line":88,"column":14}},{"start":{"line":88,"column":18},"end":{"line":88,"column":37}}],"line":88}},"s":{"0":17,"1":17,"2":17,"3":99,"4":36,"5":99,"6":17,"7":55,"8":0,"9":55,"10":55,"11":39,"12":36,"13":16,"14":17,"15":4,"16":17,"17":0,"18":0,"19":0,"20":0,"21":0,"22":17,"23":0,"24":0,"25":0,"26":17},"f":{"0":99,"1":55,"2":4,"3":0,"4":0},"b":{"0":[36,63],"1":[0,55],"2":[55,55],"3":[55,39],"4":[39,16],"5":[55,16],"6":[0,39],"7":[0,36],"8":[4,0],"9":[1,3],"10":[0,0],"11":[0,0],"12":[0,0],"13":[0,0],"14":[0,0]},"_coverageSchema":"1a1c01bbd47fc00a2c39e90264f33305004495a9","hash":"c8c815c4469348fe1fc84d6b4022ae07ebb6b80a"}
,"/Users/oliver/Projects/boutique/middleware/uploadSecurity.js": {"path":"/Users/oliver/Projects/boutique/middleware/uploadSecurity.js","statementMap":{"0":{"start":{"line":1,"column":13},"end":{"line":1,"column":28}},"1":{"start":{"line":2,"column":11},"end":{"line":2,"column":24}},"2":{"start":{"line":3,"column":15},"end":{"line":3,"column":32}},"3":{"start":{"line":6,"column":27},"end":{"line":17,"column":1}},"4":{"start":{"line":20,"column":29},"end":{"line":24,"column":1}},"5":{"start":{"line":27,"column":30},"end":{"line":47,"column":1}},"6":{"start":{"line":28,"column":25},"end":{"line":28,"column":49}},"7":{"start":{"line":29,"column":23},"end":{"line":29,"column":53}},"8":{"start":{"line":32,"column":2},"end":{"line":34,"column":3}},"9":{"start":{"line":33,"column":4},"end":{"line":33,"column":16}},"10":{"start":{"line":37,"column":2},"end":{"line":39,"column":3}},"11":{"start":{"line":38,"column":4},"end":{"line":38,"column":16}},"12":{"start":{"line":42,"column":2},"end":{"line":44,"column":3}},"13":{"start":{"line":42,"column":35},"end":{"line":42,"column":58}},"14":{"start":{"line":43,"column":4},"end":{"line":43,"column":16}},"15":{"start":{"line":46,"column":2},"end":{"line":46,"column":15}},"16":{"start":{"line":50,"column":32},"end":{"line":92,"column":1}},"17":{"start":{"line":51,"column":23},"end":{"line":66,"column":3}},"18":{"start":{"line":68,"column":2},"end":{"line":75,"column":3}},"19":{"start":{"line":70,"column":4},"end":{"line":70,"column":87}},"20":{"start":{"line":70,"column":74},"end":{"line":70,"column":86}},"21":{"start":{"line":71,"column":4},"end":{"line":71,"column":86}},"22":{"start":{"line":71,"column":73},"end":{"line":71,"column":85}},"23":{"start":{"line":72,"column":4},"end":{"line":72,"column":86}},"24":{"start":{"line":72,"column":73},"end":{"line":72,"column":85}},"25":{"start":{"line":73,"column":4},"end":{"line":73,"column":87}},"26":{"start":{"line":73,"column":74},"end":{"line":73,"column":86}},"27":{"start":{"line":74,"column":4},"end":{"line":74,"column":17}},"28":{"start":{"line":77,"column":2},"end":{"line":89,"column":3}},"29":{"start":{"line":79,"column":17},"end":{"line":79,"column":74}},"30":{"start":{"line":82,"column":4},"end":{"line":86,"column":5}},"31":{"start":{"line":84,"column":26},"end":{"line":84,"column":73}},"32":{"start":{"line":85,"column":6},"end":{"line":85,"column":61}},"33":{"start":{"line":85,"column":41},"end":{"line":85,"column":59}},"34":{"start":{"line":88,"column":4},"end":{"line":88,"column":17}},"35":{"start":{"line":91,"column":2},"end":{"line":91,"column":15}},"36":{"start":{"line":95,"column":31},"end":{"line":103,"column":1}},"37":{"start":{"line":96,"column":14},"end":{"line":96,"column":58}},"38":{"start":{"line":97,"column":20},"end":{"line":97,"column":30}},"39":{"start":{"line":98,"column":22},"end":{"line":98,"column":59}},"40":{"start":{"line":101,"column":19},"end":{"line":101,"column":60}},"41":{"start":{"line":102,"column":2},"end":{"line":102,"column":29}},"42":{"start":{"line":106,"column":28},"end":{"line":208,"column":1}},"43":{"start":{"line":107,"column":17},"end":{"line":107,"column":45}},"44":{"start":{"line":109,"column":2},"end":{"line":111,"column":3}},"45":{"start":{"line":110,"column":4},"end":{"line":110,"column":68}},"46":{"start":{"line":113,"column":2},"end":{"line":207,"column":4}},"47":{"start":{"line":115,"column":6},"end":{"line":150,"column":7}},"48":{"start":{"line":117,"column":8},"end":{"line":119,"column":9}},"49":{"start":{"line":118,"column":10},"end":{"line":118,"column":85}},"50":{"start":{"line":122,"column":20},"end":{"line":122,"column":65}},"51":{"start":{"line":123,"column":8},"end":{"line":125,"column":9}},"52":{"start":{"line":124,"column":10},"end":{"line":124,"column":99}},"53":{"start":{"line":128,"column":8},"end":{"line":130,"column":9}},"54":{"start":{"line":129,"column":10},"end":{"line":129,"column":77}},"55":{"start":{"line":133,"column":8},"end":{"line":135,"column":9}},"56":{"start":{"line":134,"column":10},"end":{"line":134,"column":93}},"57":{"start":{"line":138,"column":8},"end":{"line":140,"column":9}},"58":{"start":{"line":139,"column":10},"end":{"line":139,"column":52}},"59":{"start":{"line":143,"column":8},"end":{"line":145,"column":9}},"60":{"start":{"line":144,"column":10},"end":{"line":144,"column":72}},"61":{"start":{"line":147,"column":8},"end":{"line":147,"column":23}},"62":{"start":{"line":149,"column":8},"end":{"line":149,"column":18}},"63":{"start":{"line":162,"column":6},"end":{"line":195,"column":7}},"64":{"start":{"line":164,"column":8},"end":{"line":166,"column":9}},"65":{"start":{"line":165,"column":10},"end":{"line":165,"column":53}},"66":{"start":{"line":169,"column":23},"end":{"line":169,"column":40}},"67":{"start":{"line":170,"column":19},"end":{"line":170,"column":45}},"68":{"start":{"line":171,"column":8},"end":{"line":171,"column":43}},"69":{"start":{"line":172,"column":8},"end":{"line":172,"column":25}},"70":{"start":{"line":175,"column":8},"end":{"line":179,"column":9}},"71":{"start":{"line":177,"column":10},"end":{"line":177,"column":34}},"72":{"start":{"line":178,"column":10},"end":{"line":178,"column":71}},"73":{"start":{"line":182,"column":22},"end":{"line":182,"column":43}},"74":{"start":{"line":183,"column":8},"end":{"line":186,"column":9}},"75":{"start":{"line":184,"column":10},"end":{"line":184,"column":34}},"76":{"start":{"line":185,"column":10},"end":{"line":185,"column":53}},"77":{"start":{"line":188,"column":8},"end":{"line":188,"column":20}},"78":{"start":{"line":191,"column":8},"end":{"line":193,"column":9}},"79":{"start":{"line":192,"column":10},"end":{"line":192,"column":34}},"80":{"start":{"line":194,"column":8},"end":{"line":194,"column":20}},"81":{"start":{"line":200,"column":6},"end":{"line":205,"column":7}},"82":{"start":{"line":201,"column":31},"end":{"line":201,"column":82}},"83":{"start":{"line":202,"column":8},"end":{"line":202,"column":33}},"84":{"start":{"line":204,"column":8},"end":{"line":204,"column":18}},"85":{"start":{"line":211,"column":25},"end":{"line":224,"column":1}},"86":{"start":{"line":212,"column":2},"end":{"line":212,"column":25}},"87":{"start":{"line":212,"column":16},"end":{"line":212,"column":23}},"88":{"start":{"line":214,"column":20},"end":{"line":214,"column":58}},"89":{"start":{"line":215,"column":2},"end":{"line":223,"column":5}},"90":{"start":{"line":216,"column":4},"end":{"line":222,"column":5}},"91":{"start":{"line":217,"column":6},"end":{"line":221,"column":7}},"92":{"start":{"line":218,"column":8},"end":{"line":218,"column":33}},"93":{"start":{"line":220,"column":8},"end":{"line":220,"column":74}},"94":{"start":{"line":227,"column":0},"end":{"line":233,"column":2}}},"fnMap":{"0":{"name":"(anonymous_0)","decl":{"start":{"line":27,"column":30},"end":{"line":27,"column":31}},"loc":{"start":{"line":27,"column":44},"end":{"line":47,"column":1}},"line":27},"1":{"name":"(anonymous_1)","decl":{"start":{"line":42,"column":24},"end":{"line":42,"column":25}},"loc":{"start":{"line":42,"column":35},"end":{"line":42,"column":58}},"line":42},"2":{"name":"(anonymous_2)","decl":{"start":{"line":50,"column":32},"end":{"line":50,"column":33}},"loc":{"start":{"line":50,"column":54},"end":{"line":92,"column":1}},"line":50},"3":{"name":"(anonymous_3)","decl":{"start":{"line":85,"column":30},"end":{"line":85,"column":31}},"loc":{"start":{"line":85,"column":41},"end":{"line":85,"column":59}},"line":85},"4":{"name":"(anonymous_4)","decl":{"start":{"line":95,"column":31},"end":{"line":95,"column":32}},"loc":{"start":{"line":95,"column":63},"end":{"line":103,"column":1}},"line":95},"5":{"name":"(anonymous_5)","decl":{"start":{"line":106,"column":28},"end":{"line":106,"column":29}},"loc":{"start":{"line":106,"column":42},"end":{"line":208,"column":1}},"line":106},"6":{"name":"(anonymous_6)","decl":{"start":{"line":114,"column":16},"end":{"line":114,"column":17}},"loc":{"start":{"line":114,"column":35},"end":{"line":151,"column":5}},"line":114},"7":{"name":"(anonymous_7)","decl":{"start":{"line":161,"column":26},"end":{"line":161,"column":27}},"loc":{"start":{"line":161,"column":60},"end":{"line":196,"column":5}},"line":161},"8":{"name":"(anonymous_8)","decl":{"start":{"line":199,"column":22},"end":{"line":199,"column":23}},"loc":{"start":{"line":199,"column":41},"end":{"line":206,"column":5}},"line":199},"9":{"name":"(anonymous_9)","decl":{"start":{"line":211,"column":25},"end":{"line":211,"column":26}},"loc":{"start":{"line":211,"column":36},"end":{"line":224,"column":1}},"line":211},"10":{"name":"(anonymous_10)","decl":{"start":{"line":215,"column":20},"end":{"line":215,"column":21}},"loc":{"start":{"line":215,"column":28},"end":{"line":223,"column":3}},"line":215}},"branchMap":{"0":{"loc":{"start":{"line":32,"column":2},"end":{"line":34,"column":3}},"type":"if","locations":[{"start":{"line":32,"column":2},"end":{"line":34,"column":3}},{"start":{},"end":{}}],"line":32},"1":{"loc":{"start":{"line":32,"column":6},"end":{"line":32,"column":84}},"type":"binary-expr","locations":[{"start":{"line":32,"column":6},"end":{"line":32,"column":29}},{"start":{"line":32,"column":33},"end":{"line":32,"column":56}},{"start":{"line":32,"column":60},"end":{"line":32,"column":84}}],"line":32},"2":{"loc":{"start":{"line":37,"column":2},"end":{"line":39,"column":3}},"type":"if","locations":[{"start":{"line":37,"column":2},"end":{"line":39,"column":3}},{"start":{},"end":{}}],"line":37},"3":{"loc":{"start":{"line":42,"column":2},"end":{"line":44,"column":3}},"type":"if","locations":[{"start":{"line":42,"column":2},"end":{"line":44,"column":3}},{"start":{},"end":{}}],"line":42},"4":{"loc":{"start":{"line":68,"column":2},"end":{"line":75,"column":3}},"type":"if","locations":[{"start":{"line":68,"column":2},"end":{"line":75,"column":3}},{"start":{},"end":{}}],"line":68},"5":{"loc":{"start":{"line":70,"column":4},"end":{"line":70,"column":87}},"type":"if","locations":[{"start":{"line":70,"column":4},"end":{"line":70,"column":87}},{"start":{},"end":{}}],"line":70},"6":{"loc":{"start":{"line":71,"column":4},"end":{"line":71,"column":86}},"type":"if","locations":[{"start":{"line":71,"column":4},"end":{"line":71,"column":86}},{"start":{},"end":{}}],"line":71},"7":{"loc":{"start":{"line":72,"column":4},"end":{"line":72,"column":86}},"type":"if","locations":[{"start":{"line":72,"column":4},"end":{"line":72,"column":86}},{"start":{},"end":{}}],"line":72},"8":{"loc":{"start":{"line":73,"column":4},"end":{"line":73,"column":87}},"type":"if","locations":[{"start":{"line":73,"column":4},"end":{"line":73,"column":87}},{"start":{},"end":{}}],"line":73},"9":{"loc":{"start":{"line":77,"column":2},"end":{"line":89,"column":3}},"type":"if","locations":[{"start":{"line":77,"column":2},"end":{"line":89,"column":3}},{"start":{},"end":{}}],"line":77},"10":{"loc":{"start":{"line":82,"column":4},"end":{"line":86,"column":5}},"type":"if","locations":[{"start":{"line":82,"column":4},"end":{"line":86,"column":5}},{"start":{},"end":{}}],"line":82},"11":{"loc":{"start":{"line":82,"column":8},"end":{"line":82,"column":71}},"type":"binary-expr","locations":[{"start":{"line":82,"column":8},"end":{"line":82,"column":26}},{"start":{"line":82,"column":30},"end":{"line":82,"column":49}},{"start":{"line":82,"column":53},"end":{"line":82,"column":71}}],"line":82},"12":{"loc":{"start":{"line":109,"column":2},"end":{"line":111,"column":3}},"type":"if","locations":[{"start":{"line":109,"column":2},"end":{"line":111,"column":3}},{"start":{},"end":{}}],"line":109},"13":{"loc":{"start":{"line":117,"column":8},"end":{"line":119,"column":9}},"type":"if","locations":[{"start":{"line":117,"column":8},"end":{"line":119,"column":9}},{"start":{},"end":{}}],"line":117},"14":{"loc":{"start":{"line":123,"column":8},"end":{"line":125,"column":9}},"type":"if","locations":[{"start":{"line":123,"column":8},"end":{"line":125,"column":9}},{"start":{},"end":{}}],"line":123},"15":{"loc":{"start":{"line":128,"column":8},"end":{"line":130,"column":9}},"type":"if","locations":[{"start":{"line":128,"column":8},"end":{"line":130,"column":9}},{"start":{},"end":{}}],"line":128},"16":{"loc":{"start":{"line":133,"column":8},"end":{"line":135,"column":9}},"type":"if","locations":[{"start":{"line":133,"column":8},"end":{"line":135,"column":9}},{"start":{},"end":{}}],"line":133},"17":{"loc":{"start":{"line":138,"column":8},"end":{"line":140,"column":9}},"type":"if","locations":[{"start":{"line":138,"column":8},"end":{"line":140,"column":9}},{"start":{},"end":{}}],"line":138},"18":{"loc":{"start":{"line":143,"column":8},"end":{"line":145,"column":9}},"type":"if","locations":[{"start":{"line":143,"column":8},"end":{"line":145,"column":9}},{"start":{},"end":{}}],"line":143},"19":{"loc":{"start":{"line":155,"column":13},"end":{"line":155,"column":42}},"type":"cond-expr","locations":[{"start":{"line":155,"column":36},"end":{"line":155,"column":38}},{"start":{"line":155,"column":41},"end":{"line":155,"column":42}}],"line":155},"20":{"loc":{"start":{"line":164,"column":8},"end":{"line":166,"column":9}},"type":"if","locations":[{"start":{"line":164,"column":8},"end":{"line":166,"column":9}},{"start":{},"end":{}}],"line":164},"21":{"loc":{"start":{"line":175,"column":8},"end":{"line":179,"column":9}},"type":"if","locations":[{"start":{"line":175,"column":8},"end":{"line":179,"column":9}},{"start":{},"end":{}}],"line":175},"22":{"loc":{"start":{"line":183,"column":8},"end":{"line":186,"column":9}},"type":"if","locations":[{"start":{"line":183,"column":8},"end":{"line":186,"column":9}},{"start":{},"end":{}}],"line":183},"23":{"loc":{"start":{"line":191,"column":8},"end":{"line":193,"column":9}},"type":"if","locations":[{"start":{"line":191,"column":8},"end":{"line":193,"column":9}},{"start":{},"end":{}}],"line":191},"24":{"loc":{"start":{"line":212,"column":2},"end":{"line":212,"column":25}},"type":"if","locations":[{"start":{"line":212,"column":2},"end":{"line":212,"column":25}},{"start":{},"end":{}}],"line":212},"25":{"loc":{"start":{"line":214,"column":20},"end":{"line":214,"column":58}},"type":"cond-expr","locations":[{"start":{"line":214,"column":43},"end":{"line":214,"column":48}},{"start":{"line":214,"column":51},"end":{"line":214,"column":58}}],"line":214},"26":{"loc":{"start":{"line":216,"column":4},"end":{"line":222,"column":5}},"type":"if","locations":[{"start":{"line":216,"column":4},"end":{"line":222,"column":5}},{"start":{},"end":{}}],"line":216},"27":{"loc":{"start":{"line":216,"column":8},"end":{"line":216,"column":45}},"type":"binary-expr","locations":[{"start":{"line":216,"column":8},"end":{"line":216,"column":17}},{"start":{"line":216,"column":21},"end":{"line":216,"column":45}}],"line":216}},"s":{"0":13,"1":13,"2":13,"3":13,"4":13,"5":13,"6":13,"7":13,"8":13,"9":0,"10":13,"11":0,"12":13,"13":13,"14":0,"15":13,"16":13,"17":8,"18":8,"19":6,"20":0,"21":6,"22":0,"23":6,"24":0,"25":6,"26":0,"27":6,"28":2,"29":2,"30":2,"31":2,"32":2,"33":2,"34":0,"35":0,"36":13,"37":0,"38":0,"39":0,"40":0,"41":0,"42":13,"43":26,"44":26,"45":0,"46":26,"47":13,"48":13,"49":0,"50":13,"51":13,"52":1,"53":12,"54":0,"55":12,"56":0,"57":12,"58":0,"59":12,"60":0,"61":12,"62":0,"63":8,"64":8,"65":0,"66":8,"67":8,"68":8,"69":8,"70":8,"71":6,"72":6,"73":2,"74":2,"75":0,"76":0,"77":2,"78":6,"79":0,"80":6,"81":0,"82":0,"83":0,"84":0,"85":13,"86":6,"87":0,"88":6,"89":6,"90":7,"91":1,"92":1,"93":0,"94":13},"f":{"0":13,"1":13,"2":8,"3":2,"4":0,"5":26,"6":13,"7":8,"8":0,"9":6,"10":7},"b":{"0":[0,13],"1":[13,13,13],"2":[0,13],"3":[0,13],"4":[6,2],"5":[0,6],"6":[0,6],"7":[0,6],"8":[0,6],"9":[2,0],"10":[2,0],"11":[2,0,0],"12":[0,26],"13":[0,13],"14":[1,12],"15":[0,12],"16":[0,12],"17":[0,12],"18":[0,12],"19":[13,13],"20":[0,8],"21":[6,2],"22":[0,2],"23":[0,6],"24":[0,6],"25":[6,0],"26":[1,6],"27":[7,7]},"_coverageSchema":"1a1c01bbd47fc00a2c39e90264f33305004495a9","hash":"19011a0cf0410df9df0439e029ea75232543a438"}
,"/Users/oliver/Projects/boutique/models/Cart.js": {"path":"/Users/oliver/Projects/boutique/models/Cart.js","statementMap":{"0":{"start":{"line":1,"column":17},"end":{"line":1,"column":36}},"1":{"start":{"line":3,"column":19},"end":{"line":39,"column":2}},"2":{"start":{"line":42,"column":0},"end":{"line":42,"column":53}},"3":{"start":{"line":43,"column":0},"end":{"line":43,"column":35}},"4":{"start":{"line":44,"column":0},"end":{"line":44,"column":35}},"5":{"start":{"line":47,"column":0},"end":{"line":54,"column":2}},"6":{"start":{"line":48,"column":19},"end":{"line":48,"column":94}},"7":{"start":{"line":48,"column":54},"end":{"line":48,"column":90}},"8":{"start":{"line":49,"column":2},"end":{"line":53,"column":4}},"9":{"start":{"line":50,"column":50},"end":{"line":50,"column":71}},"10":{"start":{"line":57,"column":0},"end":{"line":82,"column":2}},"11":{"start":{"line":58,"column":28},"end":{"line":60,"column":3}},"12":{"start":{"line":59,"column":4},"end":{"line":59,"column":52}},"13":{"start":{"line":62,"column":2},"end":{"line":74,"column":3}},"14":{"start":{"line":64,"column":4},"end":{"line":64,"column":55}},"15":{"start":{"line":65,"column":4},"end":{"line":65,"column":55}},"16":{"start":{"line":68,"column":4},"end":{"line":73,"column":7}},"17":{"start":{"line":76,"column":2},"end":{"line":76,"column":30}},"18":{"start":{"line":78,"column":14},"end":{"line":78,"column":24}},"19":{"start":{"line":79,"column":2},"end":{"line":81,"column":3}},"20":{"start":{"line":80,"column":4},"end":{"line":80,"column":72}},"21":{"start":{"line":85,"column":0},"end":{"line":101,"column":2}},"22":{"start":{"line":86,"column":20},"end":{"line":88,"column":3}},"23":{"start":{"line":87,"column":4},"end":{"line":87,"column":52}},"24":{"start":{"line":90,"column":2},"end":{"line":99,"column":3}},"25":{"start":{"line":91,"column":4},"end":{"line":96,"column":5}},"26":{"start":{"line":92,"column":6},"end":{"line":92,"column":38}},"27":{"start":{"line":94,"column":6},"end":{"line":94,"column":48}},"28":{"start":{"line":95,"column":6},"end":{"line":95,"column":49}},"29":{"start":{"line":97,"column":4},"end":{"line":97,"column":32}},"30":{"start":{"line":98,"column":4},"end":{"line":98,"column":16}},"31":{"start":{"line":100,"column":2},"end":{"line":100,"column":15}},"32":{"start":{"line":104,"column":0},"end":{"line":115,"column":2}},"33":{"start":{"line":105,"column":20},"end":{"line":107,"column":3}},"34":{"start":{"line":106,"column":4},"end":{"line":106,"column":52}},"35":{"start":{"line":109,"column":2},"end":{"line":113,"column":3}},"36":{"start":{"line":110,"column":4},"end":{"line":110,"column":36}},"37":{"start":{"line":111,"column":4},"end":{"line":111,"column":32}},"38":{"start":{"line":112,"column":4},"end":{"line":112,"column":16}},"39":{"start":{"line":114,"column":2},"end":{"line":114,"column":15}},"40":{"start":{"line":118,"column":0},"end":{"line":121,"column":2}},"41":{"start":{"line":119,"column":2},"end":{"line":119,"column":18}},"42":{"start":{"line":120,"column":2},"end":{"line":120,"column":30}},"43":{"start":{"line":123,"column":0},"end":{"line":123,"column":52}}},"fnMap":{"0":{"name":"(anonymous_0)","decl":{"start":{"line":47,"column":37},"end":{"line":47,"column":38}},"loc":{"start":{"line":47,"column":49},"end":{"line":54,"column":1}},"line":47},"1":{"name":"(anonymous_1)","decl":{"start":{"line":48,"column":37},"end":{"line":48,"column":38}},"loc":{"start":{"line":48,"column":54},"end":{"line":48,"column":90}},"line":48},"2":{"name":"(anonymous_2)","decl":{"start":{"line":50,"column":33},"end":{"line":50,"column":34}},"loc":{"start":{"line":50,"column":50},"end":{"line":50,"column":71}},"line":50},"3":{"name":"(anonymous_3)","decl":{"start":{"line":57,"column":29},"end":{"line":57,"column":30}},"loc":{"start":{"line":57,"column":67},"end":{"line":82,"column":1}},"line":57},"4":{"name":"(anonymous_4)","decl":{"start":{"line":58,"column":49},"end":{"line":58,"column":50}},"loc":{"start":{"line":59,"column":4},"end":{"line":59,"column":52}},"line":59},"5":{"name":"(anonymous_5)","decl":{"start":{"line":85,"column":32},"end":{"line":85,"column":33}},"loc":{"start":{"line":85,"column":63},"end":{"line":101,"column":1}},"line":85},"6":{"name":"(anonymous_6)","decl":{"start":{"line":86,"column":41},"end":{"line":86,"column":42}},"loc":{"start":{"line":87,"column":4},"end":{"line":87,"column":52}},"line":87},"7":{"name":"(anonymous_7)","decl":{"start":{"line":104,"column":32},"end":{"line":104,"column":33}},"loc":{"start":{"line":104,"column":53},"end":{"line":115,"column":1}},"line":104},"8":{"name":"(anonymous_8)","decl":{"start":{"line":105,"column":41},"end":{"line":105,"column":42}},"loc":{"start":{"line":106,"column":4},"end":{"line":106,"column":52}},"line":106},"9":{"name":"(anonymous_9)","decl":{"start":{"line":118,"column":31},"end":{"line":118,"column":32}},"loc":{"start":{"line":118,"column":43},"end":{"line":121,"column":1}},"line":118}},"branchMap":{"0":{"loc":{"start":{"line":62,"column":2},"end":{"line":74,"column":3}},"type":"if","locations":[{"start":{"line":62,"column":2},"end":{"line":74,"column":3}},{"start":{"line":66,"column":9},"end":{"line":74,"column":3}}],"line":62},"1":{"loc":{"start":{"line":79,"column":2},"end":{"line":81,"column":3}},"type":"if","locations":[{"start":{"line":79,"column":2},"end":{"line":81,"column":3}},{"start":{},"end":{}}],"line":79},"2":{"loc":{"start":{"line":79,"column":6},"end":{"line":79,"column":45}},"type":"binary-expr","locations":[{"start":{"line":79,"column":6},"end":{"line":79,"column":21}},{"start":{"line":79,"column":25},"end":{"line":79,"column":45}}],"line":79},"3":{"loc":{"start":{"line":90,"column":2},"end":{"line":99,"column":3}},"type":"if","locations":[{"start":{"line":90,"column":2},"end":{"line":99,"column":3}},{"start":{},"end":{}}],"line":90},"4":{"loc":{"start":{"line":91,"column":4},"end":{"line":96,"column":5}},"type":"if","locations":[{"start":{"line":91,"column":4},"end":{"line":96,"column":5}},{"start":{"line":93,"column":11},"end":{"line":96,"column":5}}],"line":91},"5":{"loc":{"start":{"line":109,"column":2},"end":{"line":113,"column":3}},"type":"if","locations":[{"start":{"line":109,"column":2},"end":{"line":113,"column":3}},{"start":{},"end":{}}],"line":109}},"s":{"0":15,"1":15,"2":15,"3":15,"4":15,"5":15,"6":0,"7":0,"8":0,"9":0,"10":15,"11":0,"12":0,"13":0,"14":0,"15":0,"16":0,"17":0,"18":0,"19":0,"20":0,"21":15,"22":0,"23":0,"24":0,"25":0,"26":0,"27":0,"28":0,"29":0,"30":0,"31":0,"32":15,"33":0,"34":0,"35":0,"36":0,"37":0,"38":0,"39":0,"40":15,"41":0,"42":0,"43":15},"f":{"0":0,"1":0,"2":0,"3":0,"4":0,"5":0,"6":0,"7":0,"8":0,"9":0},"b":{"0":[0,0],"1":[0,0],"2":[0,0],"3":[0,0],"4":[0,0],"5":[0,0]},"_coverageSchema":"1a1c01bbd47fc00a2c39e90264f33305004495a9","hash":"98a
[...]
,"/Users/oliver/Projects/boutique/utils/logger.js": {"path":"/Users/oliver/Projects/boutique/utils/logger.js","statementMap":{"0":{"start":{"line":1,"column":16},"end":{"line":1,"column":34}},"1":{"start":{"line":2,"column":14},"end":{"line":2,"column":29}},"2":{"start":{"line":5,"column":15},"end":{"line":11,"column":1}},"3":{"start":{"line":14,"column":15},"end":{"line":20,"column":1}},"4":{"start":{"line":23,"column":0},"end":{"line":23,"column":26}},"5":{"start":{"line":26,"column":15},"end":{"line":32,"column":1}},"6":{"start":{"line":30,"column":14},"end":{"line":30,"column":64}},"7":{"start":{"line":35,"column":19},"end":{"line":60,"column":1}},"8":{"start":{"line":63,"column":15},"end":{"line":68,"column":2}},"9":{"start":{"line":71,"column":22},"end":{"line":89,"column":2}},"10":{"start":{"line":91,"column":25},"end":{"line":109,"column":2}},"11":{"start":{"line":111,"column":23},"end":{"line":129,"column":2}},"12":{"start":{"line":131,"column":0},"end":{"line":136,"column":2}}},"fnMap":{"0":{"name":"(anonymous_0)","decl":{"start":{"line":30,"column":4},"end":{"line":30,"column":5}},"loc":{"start":{"line":30,"column":14},"end":{"line":30,"column":64}},"line":30}},"branchMap":{"0":{"loc":{"start":{"line":64,"column":9},"end":{"line":64,"column":40}},"type":"binary-expr","locations":[{"start":{"line":64,"column":9},"end":{"line":64,"column":30}},{"start":{"line":64,"column":34},"end":{"line":64,"column":40}}],"line":64},"1":{"loc":{"start":{"line":72,"column":9},"end":{"line":72,"column":40}},"type":"binary-expr","locations":[{"start":{"line":72,"column":9},"end":{"line":72,"column":30}},{"start":{"line":72,"column":34},"end":{"line":72,"column":40}}],"line":72},"2":{"loc":{"start":{"line":92,"column":9},"end":{"line":92,"column":40}},"type":"binary-expr","locations":[{"start":{"line":92,"column":9},"end":{"line":92,"column":30}},{"start":{"line":92,"column":34},"end":{"line":92,"column":40}}],"line":92},"3":{"loc":{"start":{"line":112,"column":9},"end":{"line":112,"column":40}},"type":"binary-expr","locations":[{"start":{"line":112,"column":9},"end":{"line":112,"column":30}},{"start":{"line":112,"column":34},"end":{"line":112,"column":40}}],"line":112}},"s":{"0":0,"1":0,"2":0,"3":0,"4":0,"5":0,"6":0,"7":0,"8":0,"9":0,"10":0,"11":0,"12":0},"f":{"0":0},"b":{"0":[0,0],"1":[0,0],"2":[0,0],"3":[0,0]}}
,"/Users/oliver/Projects/boutique/utils/secureLogging.js": {"path":"/Users/oliver/Projects/boutique/utils/secureLogging.js","statementMap":{"0":{"start":{"line":16,"column":2},"end":{"line":18,"column":3}},"1":{"start":{"line":17,"column":4},"end":{"line":17,"column":34}},"2":{"start":{"line":21,"column":2},"end":{"line":28,"column":3}},"3":{"start":{"line":22,"column":18},"end":{"line":22,"column":38}},"4":{"start":{"line":23,"column":4},"end":{"line":27,"column":5}},"5":{"start":{"line":24,"column":21},"end":{"line":24,"column":29}},"6":{"start":{"line":25,"column":21},"end":{"line":25,"column":54}},"7":{"start":{"line":26,"column":6},"end":{"line":26,"column":39}},"8":{"start":{"line":31,"column":2},"end":{"line":33,"column":3}},"9":{"start":{"line":32,"column":4},"end":{"line":32,"column":17}},"10":{"start":{"line":35,"column":16},"end":{"line":35,"column":37}},"11":{"start":{"line":36,"column":14},"end":{"line":36,"column":33}},"12":{"start":{"line":37,"column":2},"end":{"line":37,"column":29}},"13":{"start":{"line":49,"column":2},"end":{"line":51,"column":3}},"14":{"start":{"line":50,"column":4},"end":{"line":50,"column":11}},"15":{"start":{"line":54,"column":25},"end":{"line":54,"column":32}},"16":{"start":{"line":57,"column":2},"end":{"line":60,"column":3}},"17":{"start":{"line":58,"column":28},"end":{"line":58,"column":60}},"18":{"start":{"line":59,"column":4},"end":{"line":59,"column":84}},"19":{"start":{"line":62,"column":2},"end":{"line":62,"column":32}},"20":{"start":{"line":72,"column":2},"end":{"line":74,"column":3}},"21":{"start":{"line":73,"column":4},"end":{"line":73,"column":11}},"22":{"start":{"line":77,"column":19},"end":{"line":77,"column":43}},"23":{"start":{"line":78,"column":27},"end":{"line":78,"column":63}},"24":{"start":{"line":79,"column":2},"end":{"line":79,"column":32}},"25":{"start":{"line":90,"column":2},"end":{"line":92,"column":3}},"26":{"start":{"line":91,"column":4},"end":{"line":91,"column":11}},"27":{"start":{"line":94,"column":19},"end":{"line":94,"column":43}},"28":{"start":{"line":95,"column":2},"end":{"line":95,"column":70}},"29":{"start":{"line":104,"column":2},"end":{"line":104,"column":83}},"30":{"start":{"line":107,"column":0},"end":{"line":113,"column":2}}},"fnMap":{"0":{"name":"maskSessionId","decl":{"start":{"line":15,"column":9},"end":{"line":15,"column":22}},"loc":{"start":{"line":15,"column":34},"end":{"line":38,"column":1}},"line":15},"1":{"name":"secureLog","decl":{"start":{"line":47,"column":9},"end":{"line":47,"column":18}},"loc":{"start":{"line":47,"column":42},"end":{"line":63,"column":1}},"line":47},"2":{"name":"secureSessionLog","decl":{"start":{"line":71,"column":9},"end":{"line":71,"column":25}},"loc":{"start":{"line":71,"column":46},"end":{"line":80,"column":1}},"line":71},"3":{"name":"secureOperationLog","decl":{"start":{"line":89,"column":9},"end":{"line":89,"column":27}},"loc":{"start":{"line":89,"column":57},"end":{"line":96,"column":1}},"line":89},"4":{"name":"isDevelopmentLogging","decl":{"start":{"line":103,"column":9},"end":{"line":103,"column":29}},"loc":{"start":{"line":103,"column":32},"end":{"line":105,"column":1}},"line":103}},"branchMap":{"0":{"loc":{"start":{"line":16,"column":2},"end":{"line":18,"column":3}},"type":"if","locations":[{"start":{"line":16,"column":2},"end":{"line":18,"column":3}},{"start":{},"end":{}}],"line":16},"1":{"loc":{"start":{"line":16,"column":6},"end":{"line":16,"column":49}},"type":"binary-expr","locations":[{"start":{"line":16,"column":6},"end":{"line":16,"column":16}},{"start":{"line":16,"column":20},"end":{"line":16,"column":49}}],"line":16},"2":{"loc":{"start":{"line":21,"column":2},"end":{"line":28,"column":3}},"type":"if","locations":[{"start":{"line":21,"column":2},"end":{"line":28,"column":3}},{"start":{},"end":{}}],"line":21},"3":{"loc":{"start":{"line":23,"column":4},"end":{"line":27,"column":5}},"type":"if","locations":[{"start":{"line":23,"column":4},"end":{"line":27,"column":5}},{"start":{},"end":{}}],"line":23},"4":{"loc":{"start":{"line":31,"column":2},"end":{"line":33,"column":3}},"type":"if","locations":[{"start":{"line":31,"column":2},"end":{"line":33,"column":3}},{"start":{},"end":{}}],"line":31},"5":{"loc":{"start":{"line":47,"column":28},"end":{"line":47,"column":40}},"type":"default-arg","locations":[{"start":{"line":47,"column":38},"end":{"line":47,"column":40}}],"line":47},"6":{"loc":{"start":{"line":49,"column":2},"end":{"line":51,"column":3}},"type":"if","locations":[{"start":{"line":49,"column":2},"end":{"line":51,"column":3}},{"start":{},"end":{}}],"line":49},"7":{"loc":{"start":{"line":57,"column":2},"end":{"line":60,"column":3}},"type":"if","locations":[{"start":{"line":57,"column":2},"end":{"line":60,"column":3}},{"start":{},"end":{}}],"line":57},"8":{"loc":{"start":{"line":72,"column":2},"end":{"line":74,"column":3}},"type":"if","locations":[{"start":{"line":72,"column":2},"end":{"line":74,"column":3}},{"start":{},"end":{}}],"line":72},"9":{"loc":{"start":{"line":90,"column":2},"end":{"line":92,"column":3}},"type":"if","locations":[{"start":{"line":90,"column":2},"end":{"line":92,"column":3}},{"start":{},"end":{}}],"line":90},"10":{"loc":{"start":{"line":104,"column":9},"end":{"line":104,"column":82}},"type":"binary-expr","locations":[{"start":{"line":104,"column":9},"end":{"line":104,"column":47}},{"start":{"line":104,"column":51},"end":{"line":104,"column":82}}],"line":104}},"s":{"0":23,"1":0,"2":23,"3":23,"4":23,"5":23,"6":23,"7":23,"8":0,"9":0,"10":0,"11":0,"12":0,"13":1,"14":1,"15":0,"16":0,"17":0,"18":0,"19":0,"20":20,"21":0,"22":20,"23":20,"24":20,"25":3,"26":1,"27":2,"28":2,"29":0,"30":19},"f":{"0":23,"1":1,"2":20,"3":3,"4":0},"b":{"0":[0,23],"1":[23,23],"2":[23,0],"3":[23,0],"4":[0,0],"5":[0],"6":[1,0],"7":[0,0],"8":[0,20],"9":[1,2],"10":[0,0]},"_coverageSchema":"1a1c01bbd47fc00a2c39e90264f33305004495a9","hash":"aa44e92851c9a4c5eae7004b00280e67040b01df"}
,"/Users/oliver/Projects/boutique/utils/wholesalerNotificationService.js": {"path":"/Users/oliver/Projects/boutique/utils/wholesalerNotificationService.js","statementMap":{"0":{"start":{"line":1,"column":14},"end":{"line":1,"column":40}},"1":{"start":{"line":2,"column":17},"end":{"line":2,"column":45}},"2":{"start":{"line":3,"column":39},"end":{"line":3,"column":64}},"3":{"start":{"line":6,"column":36},"end":{"line":133,"column":1}},"4":{"start":{"line":7,"column":2},"end":{"line":132,"column":3}},"5":{"start":{"line":8,"column":4},"end":{"line":8,"column":77}},"6":{"start":{"line":11,"column":27},"end":{"line":17,"column":32}},"7":{"start":{"line":19,"column":4},"end":{"line":22,"column":5}},"8":{"start":{"line":20,"column":6},"end":{"line":20,"column":73}},"9":{"start":{"line":21,"column":6},"end":{"line":21,"column":45}},"10":{"start":{"line":24,"column":4},"end":{"line":24,"column":82}},"11":{"start":{"line":26,"column":23},"end":{"line":26,"column":24}},"12":{"start":{"line":27,"column":21},"end":{"line":27,"column":22}},"13":{"start":{"line":28,"column":20},"end":{"line":28,"column":22}},"14":{"start":{"line":30,"column":4},"end":{"line":114,"column":5}},"15":{"start":{"line":31,"column":6},"end":{"line":113,"column":7}},"16":{"start":{"line":33,"column":33},"end":{"line":33,"column":35}},"17":{"start":{"line":35,"column":8},"end":{"line":53,"column":9}},"18":{"start":{"line":36,"column":10},"end":{"line":52,"column":11}},"19":{"start":{"line":37,"column":26},"end":{"line":37,"column":47}},"20":{"start":{"line":38,"column":12},"end":{"line":43,"column":13}},"21":{"start":{"line":39,"column":14},"end":{"line":42,"column":16}},"22":{"start":{"line":46,"column":40},"end":{"line":49,"column":13}},"23":{"start":{"line":51,"column":12},"end":{"line":51,"column":68}},"24":{"start":{"line":56,"column":8},"end":{"line":102,"column":9}},"25":{"start":{"line":57,"column":28},"end":{"line":63,"column":11}},"26":{"start":{"line":65,"column":10},"end":{"line":65,"column":102}},"27":{"start":{"line":67,"column":30},"end":{"line":67,"column":90}},"28":{"start":{"line":69,"column":10},"end":{"line":101,"column":11}},"29":{"start":{"line":71,"column":32},"end":{"line":71,"column":42}},"30":{"start":{"line":73,"column":12},"end":{"line":78,"column":13}},"31":{"start":{"line":73,"column":25},"end":{"line":73,"column":26}},"32":{"start":{"line":74,"column":14},"end":{"line":77,"column":15}},"33":{"start":{"line":75,"column":16},"end":{"line":75,"column":58}},"34":{"start":{"line":76,"column":16},"end":{"line":76,"column":67}},"35":{"start":{"line":80,"column":12},"end":{"line":80,"column":31}},"36":{"start":{"line":82,"column":12},"end":{"line":82,"column":101}},"37":{"start":{"line":83,"column":12},"end":{"line":83,"column":27}},"38":{"start":{"line":85,"column":12},"end":{"line":90,"column":15}},"39":{"start":{"line":92,"column":12},"end":{"line":92,"column":120}},"40":{"start":{"line":93,"column":12},"end":{"line":93,"column":25}},"41":{"start":{"line":95,"column":12},"end":{"line":100,"column":15}},"42":{"start":{"line":105,"column":8},"end":{"line":105,"column":90}},"43":{"start":{"line":106,"column":8},"end":{"line":106,"column":21}},"44":{"start":{"line":108,"column":8},"end":{"line":112,"column":11}},"45":{"start":{"line":116,"column":4},"end":{"line":116,"column":101}},"46":{"start":{"line":118,"column":4},"end":{"line":124,"column":6}},"47":{"start":{"line":127,"column":4},"end":{"line":127,"column":74}},"48":{"start":{"line":128,"column":4},"end":{"line":131,"column":6}},"49":{"start":{"line":136,"column":34},"end":{"line":235,"column":1}},"50":{"start":{"line":137,"column":2},"end":{"line":234,"column":3}},"51":{"start":{"line":138,"column":18},"end":{"line":138,"column":73}},"52":{"start":{"line":140,"column":4},"end":{"line":142,"column":5}},"53":{"start":{"line":141,"column":6},"end":{"line":141,"column":58}},"54":{"start":{"line":145,"column":4},"end":{"line":150,"column":5}},"55":{"start":{"line":146,"column":6},"end":{"line":149,"column":8}},"56":{"start":{"line":153,"column":20},"end":{"line":153,"column":22}},"57":{"start":{"line":154,"column":29},"end":{"line":154,"column":31}},"58":{"start":{"line":157,"column":4},"end":{"line":174,"column":5}},"59":{"start":{"line":158,"column":6},"end":{"line":173,"column":7}},"60":{"start":{"line":159,"column":22},"end":{"line":159,"column":43}},"61":{"start":{"line":160,"column":8},"end":{"line":165,"column":9}},"62":{"start":{"line":161,"column":10},"end":{"line":164,"column":12}},"63":{"start":{"line":167,"column":36},"end":{"line":170,"column":9}},"64":{"start":{"line":172,"column":8},"end":{"line":172,"column":64}},"65":{"start":{"line":176,"column":4},"end":{"line":182,"column":5}},"66":{"start":{"line":177,"column":6},"end":{"line":181,"column":8}},"67":{"start":{"line":185,"column":4},"end":{"line":219,"column":5}},"68":{"start":{"line":186,"column":24},"end":{"line":192,"column":7}},"69":{"start":{"line":194,"column":26},"end":{"line":194,"column":86}},"70":{"start":{"line":196,"column":6},"end":{"line":218,"column":7}},"71":{"start":{"line":198,"column":28},"end":{"line":198,"column":38}},"72":{"start":{"line":200,"column":8},"end":{"line":205,"column":9}},"73":{"start":{"line":200,"column":21},"end":{"line":200,"column":22}},"74":{"start":{"line":201,"column":10},"end":{"line":204,"column":11}},"75":{"start":{"line":202,"column":12},"end":{"line":202,"column":54}},"76":{"start":{"line":203,"column":12},"end":{"line":203,"column":63}},"77":{"start":{"line":207,"column":8},"end":{"line":211,"column":11}},"78":{"start":{"line":213,"column":8},"end":{"line":217,"column":11}},"79":{"start":{"line":221,"column":4},"end":{"line":221,"column":23}},"80":{"start":{"line":223,"column":4},"end":{"line":227,"column":6}},"81":{"start":{"line":230,"column":4},"end":{"line":233,"column":6}},"82":{"start":{"line":237,"column":0},"end":{"line":240,"column":2}}},"fnMap":{"0":{"name":"(anonymous_0)","decl":{"start":{"line":6,"column":36},"end":{"line":6,"column":37}},"loc":{"start":{"line":6,"column":48},"end":{"line":133,"column":1}},"line":6},"1":{"name":"(anonymous_1)","decl":{"start":{"line":136,"column":34},"end":{"line":136,"column":35}},"loc":{"start":{"line":136,"column":53},"end":{"line":235,"column":1}},"line":136}},"branchMap":{"0":{"loc":{"start":{"line":19,"column":4},"end":{"line":22,"column":5}},"type":"if","locations":[{"start":{"line":19,"column":4},"end":{"line":22,"column":5}},{"start":{},"end":{}}],"line":19},"1":{"loc":{"start":{"line":36,"column":10},"end":{"line":52,"column":11}},"type":"if","locations":[{"start":{"line":36,"column":10},"end":{"line":52,"column":11}},{"start":{},"end":{}}],"line":36},"2":{"loc":{"start":{"line":36,"column":14},"end":{"line":36,"column":64}},"type":"binary-expr","locations":[{"start":{"line":36,"column":14},"end":{"line":36,"column":39}},{"start":{"line":36,"column":43},"end":{"line":36,"column":64}}],"line":36},"3":{"loc":{"start":{"line":38,"column":12},"end":{"line":43,"column":13}},"type":"if","locations":[{"start":{"line":38,"column":12},"end":{"line":43,"column":13}},{"start":{},"end":{}}],"line":38},"4":{"loc":{"start":{"line":48,"column":27},"end":{"line":48,"column":79}},"type":"cond-expr","locations":[{"start":{"line":48,"column":42},"end":{"line":48,"column":59}},{"start":{"line":48,"column":62},"end":{"line":48,"column":79}}],"line":48},"5":{"loc":{"start":{"line":69,"column":10},"end":{"line":101,"column":11}},"type":"if","locations":[{"start":{"line":69,"column":10},"end":{"line":101,"column":11}},{"start":{"line":91,"column":17},"end":{"line":101,"column":11}}],"line":69},"6":{"loc":{"start":{"line":74,"column":14},"end":{"line":77,"column":15}},"type":"if","locations":[{"start":{"line":74,"column":14},"end":{"line":77,"column":15}},{"start":{},"end":{}}],"line":74},"7":{"loc":{"start":{"line":74,"column":18},"end":{"line":74,"column":108}},"type":"binary-expr","locations":[{"start":{"line":74,"column":18},"end":{"line":74,"column":69}},{"start":{"line":74,"column":73},"end":{"line":74,"column":108}}],"line":74},"8":{"loc":{"start":{"line":140,"column":4},"end":{"line":142,"column":5}},"type":"if","locations":[{"start":{"line":140,"column":4},"end":{"line":142,"column":5}},{"start":{},"end":{}}],"line":140},"9":{"loc":{"start":{"line":145,"column":4},"end":{"line":150,"column":5}},"type":"if","locations":[{"start":{"line":145,"column":4},"end":{"line":150,"column":5}},{"start":{},"end":{}}],"line":145},"10":{"loc":{"start":{"line":145,"column":8},"end":{"line":145,"column":72}},"type":"binary-expr","locations":[{"start":{"line":145,"column":8},"end":{"line":145,"column":39}},{"start":{"line":145,"column":43},"end":{"line":145,"column":72}}],"line":145},"11":{"loc":{"start":{"line":158,"column":6},"end":{"line":173,"column":7}},"type":"if","locations":[{"start":{"line":158,"column":6},"end":{"line":173,"column":7}},{"start":{},"end":{}}],"line":158},"12":{"loc":{"start":{"line":158,"column":10},"end":{"line":158,"column":60}},"type":"binary-expr","locations":[{"start":{"line":158,"column":10},"end":{"line":158,"column":35}},{"start":{"line":158,"column":39},"end":{"line":158,"column":60}}],"line":158},"13":{"loc":{"start":{"line":160,"column":8},"end":{"line":165,"column":9}},"type":"if","locations":[{"start":{"line":160,"column":8},"end":{"line":165,"column":9}},{"start":{},"end":{}}],"line":160},"14":{"loc":{"start":{"line":169,"column":23},"end":{"line":169,"column":75}},"type":"cond-expr","locations":[{"start":{"line":169,"column":38},"end":{"line":169,"column":55}},{"start":{"line":169,"column":58},"end":{"line":169,"column":75}}],"line":169},"15":{"loc":{"start":{"line":176,"column":4},"end":{"line":182,"column":5}},"type":"if","locations":[{"start":{"line":176,"column":4},"end":{"line":182,"column":5}},{"start":{},"end":{}}],"line":176},"16":{"loc":{"start":{"line":196,"column":6},"end":{"line":218,"column":7}},"type":"if","locations":[{"start":{"line":196,"column":6},"end":{"line":218,"column":7}},{"start":{"line":212,"column":13},"end":{"line":218,"column":7}}],"line":196},"17":{"loc":{"start":{"line":201,"column":10},"end":{"line":204,"column":11}},"type":"if","locations":[{"start":{"line":201,"column":10},"end":{"line":204,"column":11}},{"start":{},"end":{}}],"line":201},"18":{"loc":{"start":{"line":201,"column":14},"end":{"line":201,"column":104}},"type":"binary-expr","locations":[{"start":{"line":201,"column":14},"end":{"line":201,"column":65}},{"start":{"line":201,"column":69},"end":{"line":201,"column":104}}],"line":201}},"s":{"0":0,"1":0,"2":0,"3":0,"4":0,"5":0,"6":0,"7":0,"8":0,"9":0,"10":0,"11":0,"12":0,"13":0,"14":0,"15":0,"16":0,"17":0,"18":0,"19":0,"20":0,"21":0,"22":0,"23":0,"24":0,"25":0,"26":0,"27":0,"28":0,"29":0,"30":0,"31":0,"32":0,"33":0,"34":0,"35":0,"36":0,"37":0,"38":0,"39":0,"40":0,"41":0,"42":0,"43":0,"44":0,"45":0,"46":0,"47":0,"48":0,"49":0,"50":0,"51":0,"52":0,"53":0,"54":0,"55":0,"56":0,"57":0,"58":0,"59":0,"60":0,"61":0,"62":0,"63":0,"64":0,"65":0,"66":0,"67":0,"68":0,"69":0,"70":0,"71":0,"72":0,"73":0,"74":0,"75":0,"76":0,"77":0,"78":0,"79":0,"80":0,"81":0,"82":0},"f":{"0":0,"1":0},"b":{"0":[0,0],"1":[0,0],"2":[0,0],"3":[0,0],"4":[0,0],"5":[0,0],"6":[0,0],"7":[0,0],"8":[0,0],"9":[0,0],"10":[0,0],"11":[0,0],"12":[0,0],"13":[0,0],"14":[0,0],"15":[0,0],"16":[0,0],"17":[0,0],"18":[0,0]}}
}
