{"/Users/oliver/Projects/boutique/server.js": {"path":"/Users/oliver/Projects/boutique/server.js","statementMap":{"0":{"start":{"line":1,"column":16},"end":{"line":1,"column":34}},"1":{"start":{"line":2,"column":17},"end":{"line":2,"column":36}},"2":{"start":{"line":3,"column":13},"end":{"line":3,"column":28}},"3":{"start":{"line":4,"column":15},"end":{"line":4,"column":32}},"4":{"start":{"line":5,"column":18},"end":{"line":5,"column":47}},"5":{"start":{"line":6,"column":16},"end":{"line":6,"column":42}},"6":{"start":{"line":7,"column":19},"end":{"line":7,"column":43}},"7":{"start":{"line":8,"column":13},"end":{"line":8,"column":28}},"8":{"start":{"line":9,"column":0},"end":{"line":9,"column":27}},"9":{"start":{"line":12,"column":19},"end":{"line":12,"column":44}},"10":{"start":{"line":13,"column":31},"end":{"line":13,"column":67}},"11":{"start":{"line":21,"column":4},"end":{"line":21,"column":36}},"12":{"start":{"line":23,"column":12},"end":{"line":23,"column":21}},"13":{"start":{"line":26,"column":0},"end":{"line":26,"column":18}},"14":{"start":{"line":27,"column":0},"end":{"line":27,"column":25}},"15":{"start":{"line":28,"column":0},"end":{"line":31,"column":4}},"16":{"start":{"line":34,"column":0},"end":{"line":34,"column":23}},"17":{"start":{"line":37,"column":0},"end":{"line":37,"column":28}},"18":{"start":{"line":40,"column":0},"end":{"line":40,"column":22}},"19":{"start":{"line":43,"column":0},"end":{"line":56,"column":4}},"20":{"start":{"line":59,"column":0},"end":{"line":59,"column":27}},"21":{"start":{"line":62,"column":0},"end":{"line":62,"column":41}},"22":{"start":{"line":63,"column":0},"end":{"line":63,"column":48}},"23":{"start":{"line":66,"column":0},"end":{"line":66,"column":47}},"24":{"start":{"line":67,"column":0},"end":{"line":67,"column":34}},"25":{"start":{"line":70,"column":0},"end":{"line":78,"column":3}},"26":{"start":{"line":74,"column":2},"end":{"line":74,"column":38}},"27":{"start":{"line":76,"column":2},"end":{"line":76,"column":60}},"28":{"start":{"line":77,"column":2},"end":{"line":77,"column":63}},"29":{"start":{"line":81,"column":0},"end":{"line":83,"column":3}},"30":{"start":{"line":82,"column":2},"end":{"line":82,"column":59}},"31":{"start":{"line":85,"column":0},"end":{"line":87,"column":3}},"32":{"start":{"line":86,"column":2},"end":{"line":86,"column":39}},"33":{"start":{"line":90,"column":0},"end":{"line":90,"column":64}},"34":{"start":{"line":91,"column":0},"end":{"line":91,"column":55}},"35":{"start":{"line":92,"column":0},"end":{"line":92,"column":63}},"36":{"start":{"line":93,"column":0},"end":{"line":93,"column":67}},"37":{"start":{"line":94,"column":0},"end":{"line":94,"column":91}},"38":{"start":{"line":95,"column":0},"end":{"line":95,"column":61}},"39":{"start":{"line":96,"column":0},"end":{"line":96,"column":85}},"40":{"start":{"line":97,"column":0},"end":{"line":97,"column":83}},"41":{"start":{"line":98,"column":0},"end":{"line":98,"column":59}},"42":{"start":{"line":101,"column":0},"end":{"line":103,"column":3}},"43":{"start":{"line":102,"column":2},"end":{"line":102,"column":66}},"44":{"start":{"line":106,"column":0},"end":{"line":111,"column":3}},"45":{"start":{"line":107,"column":2},"end":{"line":110,"column":5}},"46":{"start":{"line":114,"column":0},"end":{"line":128,"column":3}},"47":{"start":{"line":115,"column":2},"end":{"line":127,"column":5}},"48":{"start":{"line":131,"column":0},"end":{"line":131,"column":28}},"49":{"start":{"line":134,"column":0},"end":{"line":138,"column":1}},"50":{"start":{"line":135,"column":2},"end":{"line":137,"column":5}},"51":{"start":{"line":136,"column":4},"end":{"line":136,"column":62}},"52":{"start":{"line":140,"column":13},"end":{"line":140,"column":37}},"53":{"start":{"line":141,"column":0},"end":{"line":143,"column":3}},"54":{"start":{"line":142,"column":2},"end":{"line":142,"column":48}}},"fnMap":{"0":{"name":"(anonymous_0)","decl":{"start":{"line":73,"column":8},"end":{"line":73,"column":9}},"loc":{"start":{"line":73,"column":14},"end":{"line":75,"column":1}},"line":73},"1":{"name":"(anonymous_1)","decl":{"start":{"line":75,"column":9},"end":{"line":75,"column":10}},"loc":{"start":{"line":75,"column":20},"end":{"line":78,"column":1}},"line":75},"2":{"name":"(anonymous_2)","decl":{"start":{"line":81,"column":32},"end":{"line":81,"column":33}},"loc":{"start":{"line":81,"column":43},"end":{"line":83,"column":1}},"line":81},"3":{"name":"(anonymous_3)","decl":{"start":{"line":85,"column":39},"end":{"line":85,"column":40}},"loc":{"start":{"line":85,"column":45},"end":{"line":87,"column":1}},"line":85},"4":{"name":"(anonymous_4)","decl":{"start":{"line":101,"column":19},"end":{"line":101,"column":20}},"loc":{"start":{"line":101,"column":33},"end":{"line":103,"column":1}},"line":101},"5":{"name":"(anonymous_5)","decl":{"start":{"line":106,"column":27},"end":{"line":106,"column":28}},"loc":{"start":{"line":106,"column":41},"end":{"line":111,"column":1}},"line":106},"6":{"name":"(anonymous_6)","decl":{"start":{"line":114,"column":13},"end":{"line":114,"column":14}},"loc":{"start":{"line":114,"column":27},"end":{"line":128,"column":1}},"line":114},"7":{"name":"(anonymous_7)","decl":{"start":{"line":135,"column":15},"end":{"line":135,"column":16}},"loc":{"start":{"line":135,"column":29},"end":{"line":137,"column":3}},"line":135},"8":{"name":"(anonymous_8)","decl":{"start":{"line":141,"column":17},"end":{"line":141,"column":18}},"loc":{"start":{"line":141,"column":23},"end":{"line":143,"column":1}},"line":141}},"branchMap":{"0":{"loc":{"start":{"line":29,"column":10},"end":{"line":29,"column":153}},"type":"binary-expr","locations":[{"start":{"line":29,"column":10},"end":{"line":29,"column":49}},{"start":{"line":29,"column":53},"end":{"line":29,"column":153}}],"line":29},"1":{"loc":{"start":{"line":44,"column":10},"end":{"line":44,"column":71}},"type":"binary-expr","locations":[{"start":{"line":44,"column":10},"end":{"line":44,"column":36}},{"start":{"line":44,"column":40},"end":{"line":44,"column":71}}],"line":44},"2":{"loc":{"start":{"line":48,"column":14},"end":{"line":48,"column":83}},"type":"binary-expr","locations":[{"start":{"line":48,"column":14},"end":{"line":48,"column":37}},{"start":{"line":48,"column":41},"end":{"line":48,"column":83}}],"line":48},"3":{"loc":{"start":{"line":70,"column":17},"end":{"line":70,"column":86}},"type":"binary-expr","locations":[{"start":{"line":70,"column":17},"end":{"line":70,"column":40}},{"start":{"line":70,"column":44},"end":{"line":70,"column":86}}],"line":70},"4":{"loc":{"start":{"line":126,"column":14},"end":{"line":126,"column":65}},"type":"binary-expr","locations":[{"start":{"line":126,"column":14},"end":{"line":126,"column":38}},{"start":{"line":126,"column":42},"end":{"line":126,"column":65}}],"line":126},"5":{"loc":{"start":{"line":134,"column":0},"end":{"line":138,"column":1}},"type":"if","locations":[{"start":{"line":134,"column":0},"end":{"line":138,"column":1}},{"start":{},"end":{}}],"line":134},"6":{"loc":{"start":{"line":140,"column":13},"end":{"line":140,"column":37}},"type":"binary-expr","locations":[{"start":{"line":140,"column":13},"end":{"line":140,"column":29}},{"start":{"line":140,"column":33},"end":{"line":140,"column":37}}],"line":140}},"s":{"0":2,"1":2,"2":2,"3":2,"4":2,"5":2,"6":2,"7":2,"8":2,"9":2,"10":2,"11":2,"12":2,"13":2,"14":2,"15":2,"16":2,"17":2,"18":2,"19":2,"20":2,"21":2,"22":2,"23":2,"24":2,"25":2,"26":0,"27":2,"28":2,"29":2,"30":2,"31":2,"32":2,"33":2,"34":2,"35":2,"36":2,"37":2,"38":2,"39":2,"40":2,"41":2,"42":2,"43":0,"44":2,"45":0,"46":2,"47":0,"48":2,"49":2,"50":0,"51":0,"52":2,"53":2,"54":0},"f":{"0":0,"1":2,"2":2,"3":2,"4":0,"5":0,"6":0,"7":0,"8":0},"b":{"0":[2,0],"1":[2,0],"2":[2,0],"3":[2,0],"4":[0,0],"5":[0,2],"6":[2,0]},"_coverageSchema":"1a1c01bbd47fc00a2c39e90264f33305004495a9","hash":"db5ca0eadbd0855cd7f4627cefd3f3b50f68c907"}
,"/Users/oliver/Projects/boutique/middleware/auth.js": {"path":"/Users/oliver/Projects/boutique/middleware/auth.js","statementMap":{"0":{"start":{"line":1,"column":12},"end":{"line":1,"column":35}},"1":{"start":{"line":2,"column":13},"end":{"line":2,"column":38}},"2":{"start":{"line":5,"column":26},"end":{"line":29,"column":1}},"3":{"start":{"line":6,"column":2},"end":{"line":28,"column":3}},"4":{"start":{"line":7,"column":23},"end":{"line":7,"column":51}},"5":{"start":{"line":8,"column":18},"end":{"line":8,"column":56}},"6":{"start":{"line":10,"column":4},"end":{"line":13,"column":5}},"7":{"start":{"line":11,"column":6},"end":{"line":11,"column":22}},"8":{"start":{"line":12,"column":6},"end":{"line":12,"column":20}},"9":{"start":{"line":15,"column":20},"end":{"line":15,"column":61}},"10":{"start":{"line":16,"column":17},"end":{"line":16,"column":72}},"11":{"start":{"line":18,"column":4},"end":{"line":21,"column":5}},"12":{"start":{"line":19,"column":6},"end":{"line":19,"column":22}},"13":{"start":{"line":20,"column":6},"end":{"line":20,"column":20}},"14":{"start":{"line":23,"column":4},"end":{"line":23,"column":20}},"15":{"start":{"line":24,"column":4},"end":{"line":24,"column":11}},"16":{"start":{"line":26,"column":4},"end":{"line":26,"column":20}},"17":{"start":{"line":27,"column":4},"end":{"line":27,"column":11}},"18":{"start":{"line":32,"column":20},"end":{"line":92,"column":1}},"19":{"start":{"line":33,"column":2},"end":{"line":91,"column":3}},"20":{"start":{"line":34,"column":23},"end":{"line":34,"column":51}},"21":{"start":{"line":35,"column":18},"end":{"line":35,"column":56}},"22":{"start":{"line":37,"column":4},"end":{"line":45,"column":5}},"23":{"start":{"line":38,"column":6},"end":{"line":44,"column":9}},"24":{"start":{"line":47,"column":20},"end":{"line":47,"column":61}},"25":{"start":{"line":48,"column":17},"end":{"line":48,"column":72}},"26":{"start":{"line":50,"column":4},"end":{"line":58,"column":5}},"27":{"start":{"line":51,"column":6},"end":{"line":57,"column":9}},"28":{"start":{"line":60,"column":4},"end":{"line":60,"column":20}},"29":{"start":{"line":61,"column":4},"end":{"line":61,"column":11}},"30":{"start":{"line":63,"column":4},"end":{"line":71,"column":5}},"31":{"start":{"line":64,"column":6},"end":{"line":70,"column":9}},"32":{"start":{"line":73,"column":4},"end":{"line":81,"column":5}},"33":{"start":{"line":74,"column":6},"end":{"line":80,"column":9}},"34":{"start":{"line":83,"column":4},"end":{"line":83,"column":50}},"35":{"start":{"line":84,"column":4},"end":{"line":90,"column":7}},"36":{"start":{"line":95,"column":21},"end":{"line":166,"column":1}},"37":{"start":{"line":96,"column":2},"end":{"line":165,"column":3}},"38":{"start":{"line":97,"column":23},"end":{"line":97,"column":51}},"39":{"start":{"line":98,"column":18},"end":{"line":98,"column":56}},"40":{"start":{"line":100,"column":4},"end":{"line":108,"column":5}},"41":{"start":{"line":101,"column":6},"end":{"line":107,"column":9}},"42":{"start":{"line":110,"column":20},"end":{"line":110,"column":61}},"43":{"start":{"line":111,"column":17},"end":{"line":111,"column":72}},"44":{"start":{"line":113,"column":4},"end":{"line":121,"column":5}},"45":{"start":{"line":114,"column":6},"end":{"line":120,"column":9}},"46":{"start":{"line":124,"column":4},"end":{"line":132,"column":5}},"47":{"start":{"line":125,"column":6},"end":{"line":131,"column":9}},"48":{"start":{"line":134,"column":4},"end":{"line":134,"column":20}},"49":{"start":{"line":135,"column":4},"end":{"line":135,"column":11}},"50":{"start":{"line":137,"column":4},"end":{"line":145,"column":5}},"51":{"start":{"line":138,"column":6},"end":{"line":144,"column":9}},"52":{"start":{"line":147,"column":4},"end":{"line":155,"column":5}},"53":{"start":{"line":148,"column":6},"end":{"line":154,"column":9}},"54":{"start":{"line":157,"column":4},"end":{"line":157,"column":46}},"55":{"start":{"line":158,"column":4},"end":{"line":164,"column":7}},"56":{"start":{"line":168,"column":0},"end":{"line":172,"column":2}}},"fnMap":{"0":{"name":"(anonymous_0)","decl":{"start":{"line":5,"column":26},"end":{"line":5,"column":27}},"loc":{"start":{"line":5,"column":52},"end":{"line":29,"column":1}},"line":5},"1":{"name":"(anonymous_1)","decl":{"start":{"line":32,"column":20},"end":{"line":32,"column":21}},"loc":{"start":{"line":32,"column":46},"end":{"line":92,"column":1}},"line":32},"2":{"name":"(anonymous_2)","decl":{"start":{"line":95,"column":21},"end":{"line":95,"column":22}},"loc":{"start":{"line":95,"column":47},"end":{"line":166,"column":1}},"line":95}},"branchMap":{"0":{"loc":{"start":{"line":8,"column":18},"end":{"line":8,"column":56}},"type":"binary-expr","locations":[{"start":{"line":8,"column":18},"end":{"line":8,"column":28}},{"start":{"line":8,"column":32},"end":{"line":8,"column":56}}],"line":8},"1":{"loc":{"start":{"line":10,"column":4},"end":{"line":13,"column":5}},"type":"if","locations":[{"start":{"line":10,"column":4},"end":{"line":13,"column":5}},{"start":{},"end":{}}],"line":10},"2":{"loc":{"start":{"line":18,"column":4},"end":{"line":21,"column":5}},"type":"if","locations":[{"start":{"line":18,"column":4},"end":{"line":21,"column":5}},{"start":{},"end":{}}],"line":18},"3":{"loc":{"start":{"line":18,"column":8},"end":{"line":18,"column":31}},"type":"binary-expr","locations":[{"start":{"line":18,"column":8},"end":{"line":18,"column":13}},{"start":{"line":18,"column":17},"end":{"line":18,"column":31}}],"line":18},"4":{"loc":{"start":{"line":35,"column":18},"end":{"line":35,"column":56}},"type":"binary-expr","locations":[{"start":{"line":35,"column":18},"end":{"line":35,"column":28}},{"start":{"line":35,"column":32},"end":{"line":35,"column":56}}],"line":35},"5":{"loc":{"start":{"line":37,"column":4},"end":{"line":45,"column":5}},"type":"if","locations":[{"start":{"line":37,"column":4},"end":{"line":45,"column":5}},{"start":{},"end":{}}],"line":37},"6":{"loc":{"start":{"line":50,"column":4},"end":{"line":58,"column":5}},"type":"if","locations":[{"start":{"line":50,"column":4},"end":{"line":58,"column":5}},{"start":{},"end":{}}],"line":50},"7":{"loc":{"start":{"line":50,"column":8},"end":{"line":50,"column":31}},"type":"binary-expr","locations":[{"start":{"line":50,"column":8},"end":{"line":50,"column":13}},{"start":{"line":50,"column":17},"end":{"line":50,"column":31}}],"line":50},"8":{"loc":{"start":{"line":63,"column":4},"end":{"line":71,"column":5}},"type":"if","locations":[{"start":{"line":63,"column":4},"end":{"line":71,"column":5}},{"start":{},"end":{}}],"line":63},"9":{"loc":{"start":{"line":73,"column":4},"end":{"line":81,"column":5}},"type":"if","locations":[{"start":{"line":73,"column":4},"end":{"line":81,"column":5}},{"start":{},"end":{}}],"line":73},"10":{"loc":{"start":{"line":98,"column":18},"end":{"line":98,"column":56}},"type":"binary-expr","locations":[{"start":{"line":98,"column":18},"end":{"line":98,"column":28}},{"start":{"line":98,"column":32},"end":{"line":98,"column":56}}],"line":98},"11":{"loc":{"start":{"line":100,"column":4},"end":{"line":108,"column":5}},"type":"if","locations":[{"start":{"line":100,"column":4},"end":{"line":108,"column":5}},{"start":{},"end":{}}],"line":100},"12":{"loc":{"start":{"line":113,"column":4},"end":{"line":121,"column":5}},"type":"if","locations":[{"start":{"line":113,"column":4},"end":{"line":121,"column":5}},{"start":{},"end":{}}],"line":113},"13":{"loc":{"start":{"line":113,"column":8},"end":{"line":113,"column":31}},"type":"binary-expr","locations":[{"start":{"line":113,"column":8},"end":{"line":113,"column":13}},{"start":{"line":113,"column":17},"end":{"line":113,"column":31}}],"line":113},"14":{"loc":{"start":{"line":124,"column":4},"end":{"line":132,"column":5}},"type":"if","locations":[{"start":{"line":124,"column":4},"end":{"line":132,"column":5}},{"start":{},"end":{}}],"line":124},"15":{"loc":{"start":{"line":137,"column":4},"end":{"line":145,"column":5}},"type":"if","locations":[{"start":{"line":137,"column":4},"end":{"line":145,"column":5}},{"start":{},"end":{}}],"line":137},"16":{"loc":{"start":{"line":147,"column":4},"end":{"line":155,"column":5}},"type":"if","locations":[{"start":{"line":147,"column":4},"end":{"line":155,"column":5}},{"start":{},"end":{}}],"line":147}},"s":{"0":34,"1":34,"2":15,"3":40,"4":40,"5":40,"6":40,"7":4,"8":4,"9":36,"10":36,"11":36,"12":10,"13":10,"14":26,"15":26,"16":0,"17":0,"18":15,"19":56,"20":56,"21":56,"22":56,"23":13,"24":43,"25":38,"26":38,"27":0,"28":38,"29":38,"30":5,"31":5,"32":0,"33":0,"34":0,"35":0,"36":15,"37":10,"38":10,"39":10,"40":10,"41":2,"42":8,"43":8,"44":8,"45":0,"46":8,"47":3,"48":5,"49":5,"50":0,"51":0,"52":0,"53":0,"54":0,"55":0,"56":15},"f":{"0":40,"1":56,"2":10},"b":{"0":[40,36],"1":[4,36],"2":[10,26],"3":[36,26],"4":[56,43],"5":[13,43],"6":[0,38],"7":[38,38],"8":[5,0],"9":[0,0],"10":[10,8],"11":[2,8],"12":[0,8],"13":[8,8],"14":[3,5],"15":[0,0],"16":[0,0]},"_coverageSchema":"1a1c01bbd47fc00a2c39e90264f33305004495a9","hash":"0c5b3b8ae9d8ed24b864dd075433e60cb2e10b79"}
,"/Users/oliver/Projects/boutique/middleware/errorHandler.js": {"path":"/Users/oliver/Projects/boutique/middleware/errorHandler.js","statementMap":{"0":{"start":{"line":1,"column":19},"end":{"line":1,"column":45}},"1":{"start":{"line":6,"column":4},"end":{"line":6,"column":19}},"2":{"start":{"line":7,"column":4},"end":{"line":7,"column":33}},"3":{"start":{"line":8,"column":4},"end":{"line":8,"column":21}},"4":{"start":{"line":9,"column":4},"end":{"line":9,"column":39}},"5":{"start":{"line":10,"column":4},"end":{"line":10,"column":69}},"6":{"start":{"line":12,"column":4},"end":{"line":12,"column":52}},"7":{"start":{"line":17,"column":26},"end":{"line":20,"column":1}},"8":{"start":{"line":18,"column":18},"end":{"line":18,"column":53}},"9":{"start":{"line":19,"column":2},"end":{"line":19,"column":50}},"10":{"start":{"line":22,"column":32},"end":{"line":26,"column":1}},"11":{"start":{"line":23,"column":16},"end":{"line":23,"column":55}},"12":{"start":{"line":24,"column":18},"end":{"line":24,"column":78}},"13":{"start":{"line":25,"column":2},"end":{"line":25,"column":55}},"14":{"start":{"line":28,"column":32},"end":{"line":32,"column":1}},"15":{"start":{"line":29,"column":17},"end":{"line":29,"column":64}},"16":{"start":{"line":29,"column":53},"end":{"line":29,"column":63}},"17":{"start":{"line":30,"column":18},"end":{"line":30,"column":60}},"18":{"start":{"line":31,"column":2},"end":{"line":31,"column":56}},"19":{"start":{"line":34,"column":23},"end":{"line":35,"column":75}},"20":{"start":{"line":35,"column":2},"end":{"line":35,"column":75}},"21":{"start":{"line":37,"column":30},"end":{"line":38,"column":84}},"22":{"start":{"line":38,"column":2},"end":{"line":38,"column":84}},"23":{"start":{"line":41,"column":21},"end":{"line":61,"column":1}},"24":{"start":{"line":43,"column":2},"end":{"line":50,"column":5}},"25":{"start":{"line":52,"column":2},"end":{"line":60,"column":5}},"26":{"start":{"line":64,"column":22},"end":{"line":99,"column":1}},"27":{"start":{"line":66,"column":2},"end":{"line":73,"column":5}},"28":{"start":{"line":76,"column":2},"end":{"line":84,"column":3}},"29":{"start":{"line":77,"column":4},"end":{"line":83,"column":7}},"30":{"start":{"line":87,"column":2},"end":{"line":90,"column":5}},"31":{"start":{"line":92,"column":2},"end":{"line":98,"column":5}},"32":{"start":{"line":102,"column":27},"end":{"line":121,"column":1}},"33":{"start":{"line":103,"column":2},"end":{"line":103,"column":41}},"34":{"start":{"line":104,"column":2},"end":{"line":104,"column":37}},"35":{"start":{"line":106,"column":2},"end":{"line":120,"column":3}},"36":{"start":{"line":107,"column":4},"end":{"line":107,"column":32}},"37":{"start":{"line":109,"column":16},"end":{"line":109,"column":26}},"38":{"start":{"line":110,"column":4},"end":{"line":110,"column":32}},"39":{"start":{"line":113,"column":4},"end":{"line":113,"column":69}},"40":{"start":{"line":113,"column":36},"end":{"line":113,"column":69}},"41":{"start":{"line":114,"column":4},"end":{"line":114,"column":69}},"42":{"start":{"line":114,"column":30},"end":{"line":114,"column":69}},"43":{"start":{"line":115,"column":4},"end":{"line":115,"column":81}},"44":{"start":{"line":115,"column":42},"end":{"line":115,"column":81}},"45":{"start":{"line":116,"column":4},"end":{"line":116,"column":69}},"46":{"start":{"line":116,"column":44},"end":{"line":116,"column":69}},"47":{"start":{"line":117,"column":4},"end":{"line":117,"column":76}},"48":{"start":{"line":117,"column":44},"end":{"line":117,"column":76}},"49":{"start":{"line":119,"column":4},"end":{"line":119,"column":35}},"50":{"start":{"line":124,"column":19},"end":{"line":128,"column":1}},"51":{"start":{"line":125,"column":2},"end":{"line":127,"column":4}},"52":{"start":{"line":126,"column":4},"end":{"line":126,"column":35}},"53":{"start":{"line":131,"column":0},"end":{"line":140,"column":3}},"54":{"start":{"line":132,"column":2},"end":{"line":136,"column":5}},"55":{"start":{"line":139,"column":2},"end":{"line":139,"column":18}},"56":{"start":{"line":143,"column":0},"end":{"line":151,"column":3}},"57":{"start":{"line":144,"column":2},"end":{"line":147,"column":5}},"58":{"start":{"line":150,"column":2},"end":{"line":150,"column":18}},"59":{"start":{"line":153,"column":0},"end":{"line":157,"column":2}}},"fnMap":{"0":{"name":"(anonymous_0)","decl":{"start":{"line":5,"column":2},"end":{"line":5,"column":3}},"loc":{"start":{"line":5,"column":70},"end":{"line":13,"column":3}},"line":5},"1":{"name":"(anonymous_1)","decl":{"start":{"line":17,"column":26},"end":{"line":17,"column":27}},"loc":{"start":{"line":17,"column":35},"end":{"line":20,"column":1}},"line":17},"2":{"name":"(anonymous_2)","decl":{"start":{"line":22,"column":32},"end":{"line":22,"column":33}},"loc":{"start":{"line":22,"column":41},"end":{"line":26,"column":1}},"line":22},"3":{"name":"(anonymous_3)","decl":{"start":{"line":28,"column":32},"end":{"line":28,"column":33}},"loc":{"start":{"line":28,"column":41},"end":{"line":32,"column":1}},"line":28},"4":{"name":"(anonymous_4)","decl":{"start":{"line":29,"column":47},"end":{"line":29,"column":48}},"loc":{"start":{"line":29,"column":53},"end":{"line":29,"column":63}},"line":29},"5":{"name":"(anonymous_5)","decl":{"start":{"line":34,"column":23},"end":{"line":34,"column":24}},"loc":{"start":{"line":35,"column":2},"end":{"line":35,"column":75}},"line":35},"6":{"name":"(anonymous_6)","decl":{"start":{"line":37,"column":30},"end":{"line":37,"column":31}},"loc":{"start":{"line":38,"column":2},"end":{"line":38,"column":84}},"line":38},"7":{"name":"(anonymous_7)","decl":{"start":{"line":41,"column":21},"end":{"line":41,"column":22}},"loc":{"start":{"line":41,"column":40},"end":{"line":61,"column":1}},"line":41},"8":{"name":"(anonymous_8)","decl":{"start":{"line":64,"column":22},"end":{"line":64,"column":23}},"loc":{"start":{"line":64,"column":41},"end":{"line":99,"column":1}},"line":64},"9":{"name":"(anonymous_9)","decl":{"start":{"line":102,"column":27},"end":{"line":102,"column":28}},"loc":{"start":{"line":102,"column":52},"end":{"line":121,"column":1}},"line":102},"10":{"name":"(anonymous_10)","decl":{"start":{"line":124,"column":19},"end":{"line":124,"column":20}},"loc":{"start":{"line":124,"column":27},"end":{"line":128,"column":1}},"line":124},"11":{"name":"(anonymous_11)","decl":{"start":{"line":125,"column":9},"end":{"line":125,"column":10}},"loc":{"start":{"line":125,"column":29},"end":{"line":127,"column":3}},"line":125},"12":{"name":"(anonymous_12)","decl":{"start":{"line":131,"column":33},"end":{"line":131,"column":34}},"loc":{"start":{"line":131,"column":51},"end":{"line":140,"column":1}},"line":131},"13":{"name":"(anonymous_13)","decl":{"start":{"line":143,"column":32},"end":{"line":143,"column":33}},"loc":{"start":{"line":143,"column":41},"end":{"line":151,"column":1}},"line":143}},"branchMap":{"0":{"loc":{"start":{"line":5,"column":35},"end":{"line":5,"column":46}},"type":"default-arg","locations":[{"start":{"line":5,"column":42},"end":{"line":5,"column":46}}],"line":5},"1":{"loc":{"start":{"line":5,"column":48},"end":{"line":5,"column":68}},"type":"default-arg","locations":[{"start":{"line":5,"column":64},"end":{"line":5,"column":68}}],"line":5},"2":{"loc":{"start":{"line":10,"column":18},"end":{"line":10,"column":68}},"type":"cond-expr","locations":[{"start":{"line":10,"column":52},"end":{"line":10,"column":58}},{"start":{"line":10,"column":61},"end":{"line":10,"column":68}}],"line":10},"3":{"loc":{"start":{"line":76,"column":2},"end":{"line":84,"column":3}},"type":"if","locations":[{"start":{"line":76,"column":2},"end":{"line":84,"column":3}},{"start":{},"end":{}}],"line":76},"4":{"loc":{"start":{"line":103,"column":19},"end":{"line":103,"column":40}},"type":"binary-expr","locations":[{"start":{"line":103,"column":19},"end":{"line":103,"column":33}},{"start":{"line":103,"column":37},"end":{"line":103,"column":40}}],"line":103},"5":{"loc":{"start":{"line":104,"column":15},"end":{"line":104,"column":36}},"type":"binary-expr","locations":[{"start":{"line":104,"column":15},"end":{"line":104,"column":25}},{"start":{"line":104,"column":29},"end":{"line":104,"column":36}}],"line":104},"6":{"loc":{"start":{"line":106,"column":2},"end":{"line":120,"column":3}},"type":"if","locations":[{"start":{"line":106,"column":2},"end":{"line":120,"column":3}},{"start":{"line":108,"column":9},"end":{"line":120,"column":3}}],"line":106},"7":{"loc":{"start":{"line":113,"column":4},"end":{"line":113,"column":69}},"type":"if","locations":[{"start":{"line":113,"column":4},"end":{"line":113,"column":69}},{"start":{},"end":{}}],"line":113},"8":{"loc":{"start":{"line":114,"column":4},"end":{"line":114,"column":69}},"type":"if","locations":[{"start":{"line":114,"column":4},"end":{"line":114,"column":69}},{"start":{},"end":{}}],"line":114},"9":{"loc":{"start":{"line":115,"column":4},"end":{"line":115,"column":81}},"type":"if","locations":[{"start":{"line":115,"column":4},"end":{"line":115,"column":81}},{"start":{},"end":{}}],"line":115},"10":{"loc":{"start":{"line":116,"column":4},"end":{"line":116,"column":69}},"type":"if","locations":[{"start":{"line":116,"column":4},"end":{"line":116,"column":69}},{"start":{},"end":{}}],"line":116},"11":{"loc":{"start":{"line":117,"column":4},"end":{"line":117,"column":76}},"type":"if","locations":[{"start":{"line":117,"column":4},"end":{"line":117,"column":76}},{"start":{},"end":{}}],"line":117}},"s":{"0":8,"1":7,"2":7,"3":7,"4":7,"5":7,"6":7,"7":8,"8":0,"9":0,"10":8,"11":0,"12":0,"13":0,"14":8,"15":1,"16":2,"17":1,"18":1,"19":8,"20":1,"21":8,"22":1,"23":8,"24":1,"25":1,"26":8,"27":7,"28":7,"29":4,"30":3,"31":3,"32":8,"33":8,"34":8,"35":8,"36":1,"37":7,"38":7,"39":7,"40":0,"41":7,"42":0,"43":7,"44":1,"45":7,"46":1,"47":7,"48":1,"49":7,"50":8,"51":2,"52":2,"53":8,"54":0,"55":0,"56":8,"57":0,"58":0,"59":8},"f":{"0":7,"1":0,"2":0,"3":1,"4":2,"5":1,"6":1,"7":1,"8":7,"9":8,"10":2,"11":2,"12":0,"13":0},"b":{"0":[0],"1":[7],"2":[6,1],"3":[4,3],"4":[8,5],"5":[8,5],"6":[1,7],"7":[0,7],"8":[0,7],"9":[1,6],"10":[1,6],"11":[1,6]},"_coverageSchema":"1a1c01bbd47fc00a2c39e90264f33305004495a9","hash":"7b0c3537d3a99d2a425f96f42a5701eb3e66c883"}
,"/Users/oliver/Projects/boutique/middleware/security.js": {"path":"/Users/oliver/Projects/boutique/middleware/security.js","statementMap":{"0":{"start":{"line":1,"column":15},"end":{"line":1,"column":32}},"1":{"start":{"line":2,"column":22},"end":{"line":2,"column":55}},"2":{"start":{"line":3,"column":18},"end":{"line":3,"column":47}},"3":{"start":{"line":4,"column":17},"end":{"line":4,"column":45}},"4":{"start":{"line":5,"column":35},"end":{"line":5,"column":63}},"5":{"start":{"line":8,"column":23},"end":{"line":33,"column":1}},"6":{"start":{"line":10,"column":2},"end":{"line":12,"column":3}},"7":{"start":{"line":11,"column":4},"end":{"line":11,"column":18}},"8":{"start":{"line":15,"column":2},"end":{"line":17,"column":3}},"9":{"start":{"line":16,"column":4},"end":{"line":16,"column":18}},"10":{"start":{"line":19,"column":16},"end":{"line":19,"column":61}},"11":{"start":{"line":20,"column":23},"end":{"line":20,"column":44}},"12":{"start":{"line":22,"column":2},"end":{"line":30,"column":3}},"13":{"start":{"line":23,"column":4},"end":{"line":29,"column":7}},"14":{"start":{"line":32,"column":2},"end":{"line":32,"column":9}},"15":{"start":{"line":36,"column":26},"end":{"line":41,"column":1}},"16":{"start":{"line":37,"column":2},"end":{"line":39,"column":3}},"17":{"start":{"line":38,"column":4},"end":{"line":38,"column":67}},"18":{"start":{"line":40,"column":2},"end":{"line":40,"column":9}},"19":{"start":{"line":44,"column":19},"end":{"line":72,"column":1}},"20":{"start":{"line":45,"column":17},"end":{"line":45,"column":41}},"21":{"start":{"line":47,"column":2},"end":{"line":55,"column":3}},"22":{"start":{"line":48,"column":4},"end":{"line":54,"column":7}},"23":{"start":{"line":58,"column":23},"end":{"line":58,"column":67}},"24":{"start":{"line":60,"column":2},"end":{"line":68,"column":3}},"25":{"start":{"line":61,"column":4},"end":{"line":67,"column":7}},"26":{"start":{"line":70,"column":2},"end":{"line":70,"column":24}},"27":{"start":{"line":71,"column":2},"end":{"line":71,"column":9}},"28":{"start":{"line":75,"column":24},"end":{"line":89,"column":1}},"29":{"start":{"line":76,"column":2},"end":{"line":88,"column":5}},"30":{"start":{"line":93,"column":19},"end":{"line":128,"column":1}},"31":{"start":{"line":131,"column":21},"end":{"line":137,"column":2}},"32":{"start":{"line":134,"column":17},"end":{"line":134,"column":20}},"33":{"start":{"line":140,"column":22},"end":{"line":147,"column":1}},"34":{"start":{"line":144,"column":6},"end":{"line":144,"column":75}},"35":{"start":{"line":150,"column":24},"end":{"line":187,"column":1}},"36":{"start":{"line":190,"column":31},"end":{"line":209,"column":1}},"37":{"start":{"line":191,"column":17},"end":{"line":191,"column":38}},"38":{"start":{"line":193,"column":2},"end":{"line":206,"column":3}},"39":{"start":{"line":194,"column":4},"end":{"line":205,"column":7}},"40":{"start":{"line":199,"column":46},"end":{"line":203,"column":9}},"41":{"start":{"line":208,"column":2},"end":{"line":208,"column":9}},"42":{"start":{"line":212,"column":24},"end":{"line":224,"column":1}},"43":{"start":{"line":214,"column":2},"end":{"line":214,"column":53}},"44":{"start":{"line":215,"column":2},"end":{"line":215,"column":43}},"45":{"start":{"line":216,"column":2},"end":{"line":216,"column":53}},"46":{"start":{"line":217,"column":2},"end":{"line":217,"column":70}},"47":{"start":{"line":218,"column":2},"end":{"line":218,"column":82}},"48":{"start":{"line":221,"column":2},"end":{"line":221,"column":35}},"49":{"start":{"line":223,"column":2},"end":{"line":223,"column":9}},"50":{"start":{"line":226,"column":0},"end":{"line":236,"column":2}}},"fnMap":{"0":{"name":"(anonymous_0)","decl":{"start":{"line":8,"column":23},"end":{"line":8,"column":24}},"loc":{"start":{"line":8,"column":43},"end":{"line":33,"column":1}},"line":8},"1":{"name":"(anonymous_1)","decl":{"start":{"line":36,"column":26},"end":{"line":36,"column":27}},"loc":{"start":{"line":36,"column":46},"end":{"line":41,"column":1}},"line":36},"2":{"name":"(anonymous_2)","decl":{"start":{"line":44,"column":19},"end":{"line":44,"column":20}},"loc":{"start":{"line":44,"column":39},"end":{"line":72,"column":1}},"line":44},"3":{"name":"(anonymous_3)","decl":{"start":{"line":75,"column":24},"end":{"line":75,"column":25}},"loc":{"start":{"line":75,"column":52},"end":{"line":89,"column":1}},"line":75},"4":{"name":"(anonymous_4)","decl":{"start":{"line":134,"column":11},"end":{"line":134,"column":12}},"loc":{"start":{"line":134,"column":17},"end":{"line":134,"column":20}},"line":134},"5":{"name":"(anonymous_5)","decl":{"start":{"line":143,"column":16},"end":{"line":143,"column":17}},"loc":{"start":{"line":143,"column":34},"end":{"line":145,"column":5}},"line":143},"6":{"name":"(anonymous_6)","decl":{"start":{"line":190,"column":31},"end":{"line":190,"column":32}},"loc":{"start":{"line":190,"column":51},"end":{"line":209,"column":1}},"line":190},"7":{"name":"(anonymous_7)","decl":{"start":{"line":199,"column":36},"end":{"line":199,"column":37}},"loc":{"start":{"line":199,"column":46},"end":{"line":203,"column":9}},"line":199},"8":{"name":"(anonymous_8)","decl":{"start":{"line":212,"column":24},"end":{"line":212,"column":25}},"loc":{"start":{"line":212,"column":44},"end":{"line":224,"column":1}},"line":212}},"branchMap":{"0":{"loc":{"start":{"line":10,"column":2},"end":{"line":12,"column":3}},"type":"if","locations":[{"start":{"line":10,"column":2},"end":{"line":12,"column":3}},{"start":{},"end":{}}],"line":10},"1":{"loc":{"start":{"line":15,"column":2},"end":{"line":17,"column":3}},"type":"if","locations":[{"start":{"line":15,"column":2},"end":{"line":17,"column":3}},{"start":{},"end":{}}],"line":15},"2":{"loc":{"start":{"line":19,"column":16},"end":{"line":19,"column":61}},"type":"binary-expr","locations":[{"start":{"line":19,"column":16},"end":{"line":19,"column":43}},{"start":{"line":19,"column":47},"end":{"line":19,"column":61}}],"line":19},"3":{"loc":{"start":{"line":22,"column":2},"end":{"line":30,"column":3}},"type":"if","locations":[{"start":{"line":22,"column":2},"end":{"line":30,"column":3}},{"start":{},"end":{}}],"line":22},"4":{"loc":{"start":{"line":22,"column":6},"end":{"line":22,"column":55}},"type":"binary-expr","locations":[{"start":{"line":22,"column":6},"end":{"line":22,"column":12}},{"start":{"line":22,"column":16},"end":{"line":22,"column":29}},{"start":{"line":22,"column":33},"end":{"line":22,"column":55}}],"line":22},"5":{"loc":{"start":{"line":37,"column":2},"end":{"line":39,"column":3}},"type":"if","locations":[{"start":{"line":37,"column":2},"end":{"line":39,"column":3}},{"start":{},"end":{}}],"line":37},"6":{"loc":{"start":{"line":47,"column":2},"end":{"line":55,"column":3}},"type":"if","locations":[{"start":{"line":47,"column":2},"end":{"line":55,"column":3}},{"start":{},"end":{}}],"line":47},"7":{"loc":{"start":{"line":58,"column":23},"end":{"line":58,"column":67}},"type":"binary-expr","locations":[{"start":{"line":58,"column":23},"end":{"line":58,"column":61}},{"start":{"line":58,"column":65},"end":{"line":58,"column":67}}],"line":58},"8":{"loc":{"start":{"line":60,"column":2},"end":{"line":68,"column":3}},"type":"if","locations":[{"start":{"line":60,"column":2},"end":{"line":68,"column":3}},{"start":{},"end":{}}],"line":60},"9":{"loc":{"start":{"line":193,"column":2},"end":{"line":206,"column":3}},"type":"if","locations":[{"start":{"line":193,"column":2},"end":{"line":206,"column":3}},{"start":{},"end":{}}],"line":193}},"s":{"0":9,"1":9,"2":9,"3":9,"4":9,"5":9,"6":3,"7":1,"8":2,"9":0,"10":2,"11":2,"12":2,"13":1,"14":1,"15":9,"16":164,"17":163,"18":164,"19":9,"20":14,"21":14,"22":1,"23":13,"24":13,"25":1,"26":12,"27":12,"28":9,"29":45,"30":9,"31":9,"32":3,"33":9,"34":2,"35":9,"36":9,"37":29,"38":29,"39":1,"40":2,"41":28,"42":9,"43":164,"44":164,"45":164,"46":164,"47":164,"48":164,"49":164,"50":9},"f":{"0":3,"1":164,"2":14,"3":45,"4":3,"5":2,"6":29,"7":2,"8":164},"b":{"0":[1,2],"1":[0,2],"2":[2,1],"3":[1,1],"4":[2,1,1],"5":[163,1],"6":[1,13],"7":[13,0],"8":[1,12],"9":[1,28]},"_coverageSchema":"1a1c01bbd47fc00a2c39e90264f33305004495a9","hash":"61ab54132fdb3b8e9c6fe91d741c28b9e6311018"}
,"/Users/oliver/Projects/boutique/models/Order.js": {"path":"/Users/oliver/Projects/boutique/models/Order.js","statementMap":{"0":{"start":{"line":1,"column":17},"end":{"line":1,"column":36}},"1":{"start":{"line":3,"column":20},"end":{"line":120,"column":2}},"2":{"start":{"line":16,"column":29},"end":{"line":16,"column":51}},"3":{"start":{"line":22,"column":29},"end":{"line":22,"column":51}},"4":{"start":{"line":27,"column":29},"end":{"line":27,"column":51}},"5":{"start":{"line":123,"column":0},"end":{"line":123,"column":38}},"6":{"start":{"line":124,"column":0},"end":{"line":124,"column":50}},"7":{"start":{"line":125,"column":0},"end":{"line":125,"column":44}},"8":{"start":{"line":126,"column":0},"end":{"line":126,"column":33}},"9":{"start":{"line":127,"column":0},"end":{"line":127,"column":43}},"10":{"start":{"line":128,"column":0},"end":{"line":128,"column":41}},"11":{"start":{"line":129,"column":0},"end":{"line":129,"column":37}},"12":{"start":{"line":130,"column":0},"end":{"line":130,"column":54}},"13":{"start":{"line":133,"column":0},"end":{"line":138,"column":3}},"14":{"start":{"line":134,"column":2},"end":{"line":136,"column":3}},"15":{"start":{"line":135,"column":4},"end":{"line":135,"column":105}},"16":{"start":{"line":137,"column":2},"end":{"line":137,"column":9}},"17":{"start":{"line":141,"column":0},"end":{"line":146,"column":2}},"18":{"start":{"line":142,"column":2},"end":{"line":144,"column":3}},"19":{"start":{"line":143,"column":4},"end":{"line":143,"column":31}},"20":{"start":{"line":145,"column":2},"end":{"line":145,"column":30}},"21":{"start":{"line":149,"column":0},"end":{"line":154,"column":2}},"22":{"start":{"line":150,"column":2},"end":{"line":152,"column":3}},"23":{"start":{"line":151,"column":4},"end":{"line":151,"column":66}},"24":{"start":{"line":153,"column":2},"end":{"line":153,"column":66}},"25":{"start":{"line":157,"column":0},"end":{"line":159,"column":2}},"26":{"start":{"line":158,"column":2},"end":{"line":158,"column":60}},"27":{"start":{"line":158,"column":34},"end":{"line":158,"column":58}},"28":{"start":{"line":162,"column":0},"end":{"line":164,"column":2}},"29":{"start":{"line":163,"column":2},"end":{"line":163,"column":62}},"30":{"start":{"line":163,"column":35},"end":{"line":163,"column":60}},"31":{"start":{"line":167,"column":0},"end":{"line":180,"column":2}},"32":{"start":{"line":168,"column":15},"end":{"line":168,"column":36}},"33":{"start":{"line":169,"column":2},"end":{"line":178,"column":3}},"34":{"start":{"line":170,"column":4},"end":{"line":170,"column":46}},"35":{"start":{"line":171,"column":4},"end":{"line":177,"column":5}},"36":{"start":{"line":172,"column":6},"end":{"line":172,"column":38}},"37":{"start":{"line":173,"column":6},"end":{"line":173,"column":46}},"38":{"start":{"line":174,"column":6},"end":{"line":174,"column":51}},"39":{"start":{"line":176,"column":6},"end":{"line":176,"column":52}},"40":{"start":{"line":179,"column":2},"end":{"line":179,"column":21}},"41":{"start":{"line":183,"column":0},"end":{"line":188,"column":2}},"42":{"start":{"line":184,"column":2},"end":{"line":187,"column":5}},"43":{"start":{"line":191,"column":0},"end":{"line":210,"column":2}},"44":{"start":{"line":192,"column":16},"end":{"line":192,"column":31}},"45":{"start":{"line":195,"column":2},"end":{"line":207,"column":3}},"46":{"start":{"line":196,"column":4},"end":{"line":206,"column":7}},"47":{"start":{"line":197,"column":25},"end":{"line":197,"column":36}},"48":{"start":{"line":198,"column":6},"end":{"line":204,"column":7}},"49":{"start":{"line":200,"column":8},"end":{"line":203,"column":10}},"50":{"start":{"line":205,"column":6},"end":{"line":205,"column":24}},"51":{"start":{"line":209,"column":2},"end":{"line":209,"column":15}},"52":{"start":{"line":215,"column":0},"end":{"line":215,"column":54}}},"fnMap":{"0":{"name":"(anonymous_0)","decl":{"start":{"line":16,"column":16},"end":{"line":16,"column":17}},"loc":{"start":{"line":16,"column":27},"end":{"line":16,"column":53}},"line":16},"1":{"name":"(anonymous_1)","decl":{"start":{"line":22,"column":16},"end":{"line":22,"column":17}},"loc":{"start":{"line":22,"column":27},"end":{"line":22,"column":53}},"line":22},"2":{"name":"(anonymous_2)","decl":{"start":{"line":27,"column":16},"end":{"line":27,"column":17}},"loc":{"start":{"line":27,"column":27},"end":{"line":27,"column":53}},"line":27},"3":{"name":"(anonymous_3)","decl":{"start":{"line":133,"column":24},"end":{"line":133,"column":25}},"loc":{"start":{"line":133,"column":39},"end":{"line":138,"column":1}},"line":133},"4":{"name":"(anonymous_4)","decl":{"start":{"line":141,"column":39},"end":{"line":141,"column":40}},"loc":{"start":{"line":141,"column":50},"end":{"line":146,"column":1}},"line":141},"5":{"name":"(anonymous_5)","decl":{"start":{"line":149,"column":38},"end":{"line":149,"column":39}},"loc":{"start":{"line":149,"column":49},"end":{"line":154,"column":1}},"line":149},"6":{"name":"(anonymous_6)","decl":{"start":{"line":157,"column":45},"end":{"line":157,"column":46}},"loc":{"start":{"line":157,"column":56},"end":{"line":159,"column":1}},"line":157},"7":{"name":"(anonymous_7)","decl":{"start":{"line":158,"column":26},"end":{"line":158,"column":27}},"loc":{"start":{"line":158,"column":34},"end":{"line":158,"column":58}},"line":158},"8":{"name":"(anonymous_8)","decl":{"start":{"line":162,"column":46},"end":{"line":162,"column":47}},"loc":{"start":{"line":162,"column":57},"end":{"line":164,"column":1}},"line":162},"9":{"name":"(anonymous_9)","decl":{"start":{"line":163,"column":27},"end":{"line":163,"column":28}},"loc":{"start":{"line":163,"column":35},"end":{"line":163,"column":60}},"line":163},"10":{"name":"(anonymous_10)","decl":{"start":{"line":167,"column":51},"end":{"line":167,"column":52}},"loc":{"start":{"line":167,"column":91},"end":{"line":180,"column":1}},"line":167},"11":{"name":"(anonymous_11)","decl":{"start":{"line":183,"column":47},"end":{"line":183,"column":48}},"loc":{"start":{"line":183,"column":58},"end":{"line":188,"column":1}},"line":183},"12":{"name":"(anonymous_12)","decl":{"start":{"line":191,"column":35},"end":{"line":191,"column":36}},"loc":{"start":{"line":191,"column":46},"end":{"line":210,"column":1}},"line":191},"13":{"name":"(anonymous_13)","decl":{"start":{"line":196,"column":34},"end":{"line":196,"column":35}},"loc":{"start":{"line":196,"column":42},"end":{"line":206,"column":5}},"line":196}},"branchMap":{"0":{"loc":{"start":{"line":134,"column":2},"end":{"line":136,"column":3}},"type":"if","locations":[{"start":{"line":134,"column":2},"end":{"line":136,"column":3}},{"start":{},"end":{}}],"line":134},"1":{"loc":{"start":{"line":142,"column":2},"end":{"line":144,"column":3}},"type":"if","locations":[{"start":{"line":142,"column":2},"end":{"line":144,"column":3}},{"start":{},"end":{}}],"line":142},"2":{"loc":{"start":{"line":142,"column":6},"end":{"line":142,"column":49}},"type":"binary-expr","locations":[{"start":{"line":142,"column":6},"end":{"line":142,"column":19}},{"start":{"line":142,"column":23},"end":{"line":142,"column":49}}],"line":142},"3":{"loc":{"start":{"line":150,"column":2},"end":{"line":152,"column":3}},"type":"if","locations":[{"start":{"line":150,"column":2},"end":{"line":152,"column":3}},{"start":{},"end":{}}],"line":150},"4":{"loc":{"start":{"line":150,"column":6},"end":{"line":150,"column":49}},"type":"binary-expr","locations":[{"start":{"line":150,"column":6},"end":{"line":150,"column":19}},{"start":{"line":150,"column":23},"end":{"line":150,"column":49}}],"line":150},"5":{"loc":{"start":{"line":167,"column":77},"end":{"line":167,"column":89}},"type":"default-arg","locations":[{"start":{"line":167,"column":85},"end":{"line":167,"column":89}}],"line":167},"6":{"loc":{"start":{"line":169,"column":2},"end":{"line":178,"column":3}},"type":"if","locations":[{"start":{"line":169,"column":2},"end":{"line":178,"column":3}},{"start":{},"end":{}}],"line":169},"7":{"loc":{"start":{"line":171,"column":4},"end":{"line":177,"column":5}},"type":"if","locations":[{"start":{"line":171,"column":4},"end":{"line":177,"column":5}},{"start":{"line":175,"column":11},"end":{"line":177,"column":5}}],"line":171},"8":{"loc":{"start":{"line":195,"column":2},"end":{"line":207,"column":3}},"type":"if","locations":[{"start":{"line":195,"column":2},"end":{"line":207,"column":3}},{"start":{},"end":{}}],"line":195},"9":{"loc":{"start":{"line":198,"column":6},"end":{"line":204,"column":7}},"type":"if","locations":[{"start":{"line":198,"column":6},"end":{"line":204,"column":7}},{"start":{},"end":{}}],"line":198}},"s":{"0":14,"1":14,"2":203,"3":203,"4":203,"5":14,"6":14,"7":14,"8":14,"9":14,"10":14,"11":14,"12":14,"13":14,"14":151,"15":117,"16":151,"17":14,"18":2,"19":1,"20":1,"21":14,"22":0,"23":0,"24":0,"25":14,"26":1,"27":1,"28":14,"29":1,"30":1,"31":14,"32":4,"33":4,"34":4,"35":4,"36":3,"37":3,"38":3,"39":1,"40":4,"41":14,"42":1,"43":14,"44":4,"45":4,"46":4,"47":4,"48":4,"49":4,"50":4,"51":4,"52":14},"f":{"0":203,"1":203,"2":203,"3":151,"4":2,"5":0,"6":1,"7":1,"8":1,"9":1,"10":4,"11":1,"12":4,"13":4},"b":{"0":[117,34],"1":[1,1],"2":[2,1],"3":[0,0],"4":[0,0],"5":[3],"6":[4,0],"7":[3,1],"8":[4,0],"9":[4,0]},"_coverageSchema":"1a1c01bbd47fc00a2c39e90264f33305004495a9","hash":"525e64cad808c4e93a149b9be59e36d7d97614c5"}
,"/Users/oliver/Projects/boutique/models/Product.js": {"path":"/Users/oliver/Projects/boutique/models/Product.js","statementMap":{"0":{"start":{"line":1,"column":17},"end":{"line":1,"column":36}},"1":{"start":{"line":3,"column":22},"end":{"line":81,"column":2}},"2":{"start":{"line":84,"column":0},"end":{"line":84,"column":73}},"3":{"start":{"line":85,"column":0},"end":{"line":85,"column":50}},"4":{"start":{"line":86,"column":0},"end":{"line":86,"column":33}},"5":{"start":{"line":87,"column":0},"end":{"line":87,"column":64}},"6":{"start":{"line":88,"column":0},"end":{"line":88,"column":33}},"7":{"start":{"line":89,"column":0},"end":{"line":89,"column":52}},"8":{"start":{"line":92,"column":0},"end":{"line":96,"column":2}},"9":{"start":{"line":93,"column":18},"end":{"line":93,"column":33}},"10":{"start":{"line":94,"column":2},"end":{"line":94,"column":28}},"11":{"start":{"line":95,"column":2},"end":{"line":95,"column":17}},"12":{"start":{"line":99,"column":0},"end":{"line":101,"column":2}},"13":{"start":{"line":100,"column":2},"end":{"line":100,"column":71}},"14":{"start":{"line":104,"column":0},"end":{"line":118,"column":2}},"15":{"start":{"line":105,"column":2},"end":{"line":117,"column":4}},"16":{"start":{"line":121,"column":0},"end":{"line":126,"column":3}},"17":{"start":{"line":122,"column":2},"end":{"line":124,"column":3}},"18":{"start":{"line":123,"column":4},"end":{"line":123,"column":55}},"19":{"start":{"line":125,"column":2},"end":{"line":125,"column":9}},"20":{"start":{"line":128,"column":0},"end":{"line":128,"column":58}}},"fnMap":{"0":{"name":"(anonymous_0)","decl":{"start":{"line":92,"column":37},"end":{"line":92,"column":38}},"loc":{"start":{"line":92,"column":48},"end":{"line":96,"column":1}},"line":92},"1":{"name":"(anonymous_1)","decl":{"start":{"line":99,"column":35},"end":{"line":99,"column":36}},"loc":{"start":{"line":99,"column":56},"end":{"line":101,"column":1}},"line":99},"2":{"name":"(anonymous_2)","decl":{"start":{"line":104,"column":41},"end":{"line":104,"column":42}},"loc":{"start":{"line":104,"column":52},"end":{"line":118,"column":1}},"line":104},"3":{"name":"(anonymous_3)","decl":{"start":{"line":121,"column":26},"end":{"line":121,"column":27}},"loc":{"start":{"line":121,"column":41},"end":{"line":126,"column":1}},"line":121}},"branchMap":{"0":{"loc":{"start":{"line":99,"column":44},"end":{"line":99,"column":54}},"type":"default-arg","locations":[{"start":{"line":99,"column":52},"end":{"line":99,"column":54}}],"line":99},"1":{"loc":{"start":{"line":122,"column":2},"end":{"line":124,"column":3}},"type":"if","locations":[{"start":{"line":122,"column":2},"end":{"line":124,"column":3}},{"start":{},"end":{}}],"line":122},"2":{"loc":{"start":{"line":122,"column":6},"end":{"line":122,"column":82}},"type":"binary-expr","locations":[{"start":{"line":122,"column":6},"end":{"line":122,"column":39}},{"start":{"line":122,"column":43},"end":{"line":122,"column":82}}],"line":122}},"s":{"0":17,"1":17,"2":17,"3":17,"4":17,"5":17,"6":17,"7":17,"8":17,"9":273,"10":273,"11":273,"12":17,"13":1,"14":17,"15":15,"16":17,"17":158,"18":113,"19":158,"20":17},"f":{"0":273,"1":1,"2":15,"3":158},"b":{"0":[1],"1":[113,45],"2":[158,156]},"_coverageSchema":"1a1c01bbd47fc00a2c39e90264f33305004495a9","hash":"115e95ec8ed894ea9e5b500e6c058fc9585e00b2"}
,"/Users/oliver/Projects/boutique/models/User.js": {"path":"/Users/oliver/Projects/boutique/models/User.js","statementMap":{"0":{"start":{"line":1,"column":17},"end":{"line":1,"column":36}},"1":{"start":{"line":2,"column":15},"end":{"line":2,"column":34}},"2":{"start":{"line":4,"column":19},"end":{"line":71,"column":2}},"3":{"start":{"line":74,"column":0},"end":{"line":74,"column":31}},"4":{"start":{"line":75,"column":0},"end":{"line":75,"column":34}},"5":{"start":{"line":76,"column":0},"end":{"line":76,"column":36}},"6":{"start":{"line":79,"column":0},"end":{"line":83,"column":3}},"7":{"start":{"line":80,"column":2},"end":{"line":80,"column":50}},"8":{"start":{"line":80,"column":36},"end":{"line":80,"column":50}},"9":{"start":{"line":81,"column":2},"end":{"line":81,"column":55}},"10":{"start":{"line":82,"column":2},"end":{"line":82,"column":9}},"11":{"start":{"line":86,"column":0},"end":{"line":88,"column":2}},"12":{"start":{"line":87,"column":2},"end":{"line":87,"column":58}},"13":{"start":{"line":91,"column":0},"end":{"line":94,"column":2}},"14":{"start":{"line":92,"column":2},"end":{"line":93,"column":63}},"15":{"start":{"line":92,"column":37},"end":{"line":92,"column":79}},"16":{"start":{"line":93,"column":37},"end":{"line":93,"column":61}},"17":{"start":{"line":97,"column":0},"end":{"line":101,"column":2}},"18":{"start":{"line":98,"column":2},"end":{"line":100,"column":42}},"19":{"start":{"line":98,"column":37},"end":{"line":98,"column":78}},"20":{"start":{"line":99,"column":37},"end":{"line":99,"column":60}},"21":{"start":{"line":104,"column":0},"end":{"line":116,"column":2}},"22":{"start":{"line":106,"column":2},"end":{"line":112,"column":3}},"23":{"start":{"line":107,"column":4},"end":{"line":111,"column":7}},"24":{"start":{"line":108,"column":6},"end":{"line":110,"column":7}},"25":{"start":{"line":109,"column":8},"end":{"line":109,"column":31}},"26":{"start":{"line":114,"column":2},"end":{"line":114,"column":35}},"27":{"start":{"line":115,"column":2},"end":{"line":115,"column":21}},"28":{"start":{"line":119,"column":0},"end":{"line":134,"column":2}},"29":{"start":{"line":120,"column":18},"end":{"line":120,"column":46}},"30":{"start":{"line":121,"column":2},"end":{"line":121,"column":28}},"31":{"start":{"line":121,"column":16},"end":{"line":121,"column":28}},"32":{"start":{"line":124,"column":2},"end":{"line":130,"column":3}},"33":{"start":{"line":125,"column":4},"end":{"line":129,"column":7}},"34":{"start":{"line":126,"column":6},"end":{"line":128,"column":7}},"35":{"start":{"line":127,"column":8},"end":{"line":127,"column":31}},"36":{"start":{"line":132,"column":2},"end":{"line":132,"column":37}},"37":{"start":{"line":133,"column":2},"end":{"line":133,"column":21}},"38":{"start":{"line":137,"column":0},"end":{"line":140,"column":2}},"39":{"start":{"line":138,"column":2},"end":{"line":138,"column":33}},"40":{"start":{"line":139,"column":2},"end":{"line":139,"column":21}},"41":{"start":{"line":143,"column":0},"end":{"line":146,"column":2}},"42":{"start":{"line":144,"column":2},"end":{"line":144,"column":64}},"43":{"start":{"line":145,"column":2},"end":{"line":145,"column":21}},"44":{"start":{"line":149,"column":0},"end":{"line":152,"column":2}},"45":{"start":{"line":150,"column":2},"end":{"line":150,"column":52}},"46":{"start":{"line":150,"column":39},"end":{"line":150,"column":52}},"47":{"start":{"line":151,"column":2},"end":{"line":151,"column":64}},"48":{"start":{"line":155,"column":0},"end":{"line":167,"column":2}},"49":{"start":{"line":156,"column":2},"end":{"line":166,"column":4}},"50":{"start":{"line":169,"column":0},"end":{"line":169,"column":52}}},"fnMap":{"0":{"name":"(anonymous_0)","decl":{"start":{"line":79,"column":23},"end":{"line":79,"column":24}},"loc":{"start":{"line":79,"column":44},"end":{"line":83,"column":1}},"line":79},"1":{"name":"(anonymous_1)","decl":{"start":{"line":86,"column":37},"end":{"line":86,"column":38}},"loc":{"start":{"line":86,"column":71},"end":{"line":88,"column":1}},"line":86},"2":{"name":"(anonymous_2)","decl":{"start":{"line":91,"column":47},"end":{"line":91,"column":48}},"loc":{"start":{"line":91,"column":58},"end":{"line":94,"column":1}},"line":91},"3":{"name":"(anonymous_3)","decl":{"start":{"line":92,"column":29},"end":{"line":92,"column":30}},"loc":{"start":{"line":92,"column":37},"end":{"line":92,"column":79}},"line":92},"4":{"name":"(anonymous_4)","decl":{"start":{"line":93,"column":29},"end":{"line":93,"column":30}},"loc":{"start":{"line":93,"column":37},"end":{"line":93,"column":61}},"line":93},"5":{"name":"(anonymous_5)","decl":{"start":{"line":97,"column":46},"end":{"line":97,"column":47}},"loc":{"start":{"line":97,"column":57},"end":{"line":101,"column":1}},"line":97},"6":{"name":"(anonymous_6)","decl":{"start":{"line":98,"column":29},"end":{"line":98,"column":30}},"loc":{"start":{"line":98,"column":37},"end":{"line":98,"column":78}},"line":98},"7":{"name":"(anonymous_7)","decl":{"start":{"line":99,"column":29},"end":{"line":99,"column":30}},"loc":{"start":{"line":99,"column":37},"end":{"line":99,"column":60}},"line":99},"8":{"name":"(anonymous_8)","decl":{"start":{"line":104,"column":32},"end":{"line":104,"column":33}},"loc":{"start":{"line":104,"column":54},"end":{"line":116,"column":1}},"line":104},"9":{"name":"(anonymous_9)","decl":{"start":{"line":107,"column":27},"end":{"line":107,"column":28}},"loc":{"start":{"line":107,"column":35},"end":{"line":111,"column":5}},"line":107},"10":{"name":"(anonymous_10)","decl":{"start":{"line":119,"column":35},"end":{"line":119,"column":36}},"loc":{"start":{"line":119,"column":67},"end":{"line":134,"column":1}},"line":119},"11":{"name":"(anonymous_11)","decl":{"start":{"line":125,"column":27},"end":{"line":125,"column":28}},"loc":{"start":{"line":125,"column":35},"end":{"line":129,"column":5}},"line":125},"12":{"name":"(anonymous_12)","decl":{"start":{"line":137,"column":35},"end":{"line":137,"column":36}},"loc":{"start":{"line":137,"column":55},"end":{"line":140,"column":1}},"line":137},"13":{"name":"(anonymous_13)","decl":{"start":{"line":143,"column":44},"end":{"line":143,"column":45}},"loc":{"start":{"line":143,"column":66},"end":{"line":146,"column":1}},"line":143},"14":{"name":"(anonymous_14)","decl":{"start":{"line":149,"column":32},"end":{"line":149,"column":33}},"loc":{"start":{"line":149,"column":52},"end":{"line":152,"column":1}},"line":149},"15":{"name":"(anonymous_15)","decl":{"start":{"line":155,"column":34},"end":{"line":155,"column":35}},"loc":{"start":{"line":155,"column":45},"end":{"line":167,"column":1}},"line":155}},"branchMap":{"0":{"loc":{"start":{"line":80,"column":2},"end":{"line":80,"column":50}},"type":"if","locations":[{"start":{"line":80,"column":2},"end":{"line":80,"column":50}},{"start":{},"end":{}}],"line":80},"1":{"loc":{"start":{"line":92,"column":9},"end":{"line":93,"column":62}},"type":"binary-expr","locations":[{"start":{"line":92,"column":9},"end":{"line":92,"column":80}},{"start":{"line":93,"column":9},"end":{"line":93,"column":62}}],"line":92},"2":{"loc":{"start":{"line":92,"column":37},"end":{"line":92,"column":79}},"type":"binary-expr","locations":[{"start":{"line":92,"column":37},"end":{"line":92,"column":61}},{"start":{"line":92,"column":65},"end":{"line":92,"column":79}}],"line":92},"3":{"loc":{"start":{"line":98,"column":9},"end":{"line":100,"column":41}},"type":"binary-expr","locations":[{"start":{"line":98,"column":9},"end":{"line":98,"column":79}},{"start":{"line":99,"column":9},"end":{"line":99,"column":61}},{"start":{"line":100,"column":9},"end":{"line":100,"column":41}}],"line":98},"4":{"loc":{"start":{"line":98,"column":37},"end":{"line":98,"column":78}},"type":"binary-expr","locations":[{"start":{"line":98,"column":37},"end":{"line":98,"column":60}},{"start":{"line":98,"column":64},"end":{"line":98,"column":78}}],"line":98},"5":{"loc":{"start":{"line":106,"column":2},"end":{"line":112,"column":3}},"type":"if","locations":[{"start":{"line":106,"column":2},"end":{"line":112,"column":3}},{"start":{},"end":{}}],"line":106},"6":{"loc":{"start":{"line":108,"column":6},"end":{"line":110,"column":7}},"type":"if","locations":[{"start":{"line":108,"column":6},"end":{"line":110,"column":7}},{"start":{},"end":{}}],"line":108},"7":{"loc":{"start":{"line":121,"column":2},"end":{"line":121,"column":28}},"type":"if","locations":[{"start":{"line":121,"column":2},"end":{"line":121,"column":28}},{"start":{},"end":{}}],"line":121},"8":{"loc":{"start":{"line":124,"column":2},"end":{"line":130,"column":3}},"type":"if","locations":[{"start":{"line":124,"column":2},"end":{"line":130,"column":3}},{"start":{},"end":{}}],"line":124},"9":{"loc":{"start":{"line":126,"column":6},"end":{"line":128,"column":7}},"type":"if","locations":[{"start":{"line":126,"column":6},"end":{"line":128,"column":7}},{"start":{},"end":{}}],"line":126},"10":{"loc":{"start":{"line":126,"column":10},"end":{"line":126,"column":73}},"type":"binary-expr","locations":[{"start":{"line":126,"column":10},"end":{"line":126,"column":36}},{"start":{"line":126,"column":40},"end":{"line":126,"column":73}}],"line":126},"11":{"loc":{"start":{"line":150,"column":2},"end":{"line":150,"column":52}},"type":"if","locations":[{"start":{"line":150,"column":2},"end":{"line":150,"column":52}},{"start":{},"end":{}}],"line":150}},"s":{"0":36,"1":36,"2":36,"3":17,"4":17,"5":17,"6":17,"7":334,"8":58,"9":276,"10":276,"11":17,"12":9,"13":17,"14":8,"15":4,"16":0,"17":17,"18":6,"19":7,"20":1,"21":17,"22":15,"23":11,"24":3,"25":1,"26":15,"27":15,"28":17,"29":3,"30":3,"31":1,"32":2,"33":0,"34":0,"35":0,"36":2,"37":2,"38":17,"39":2,"40":2,"41":17,"42":3,"43":3,"44":17,"45":24,"46":0,"47":24,"48":17,"49":41,"50":17},"f":{"0":334,"1":9,"2":8,"3":4,"4":0,"5":6,"6":7,"7":1,"8":15,"9":3,"10":3,"11":0,"12":2,"13":3,"14":24,"15":41},"b":{"0":[58,276],"1":[8,4],"2":[4,4],"3":[6,3,3],"4":[7,3],"5":[11,4],"6":[1,2],"7":[1,2],"8":[0,2],"9":[0,0],"10":[0,0],"11":[0,24]},"_coverageSchema":"1a1c01bbd47fc00a2c39e90264f33305004495a9","hash":"30d208726d03e412aed8206be3e0fccf8101f6d8"}
,"/Users/oliver/Projects/boutique/routes/admin.js": {"path":"/Users/oliver/Projects/boutique/routes/admin.js","statementMap":{"0":{"start":{"line":1,"column":16},"end":{"line":1,"column":34}},"1":{"start":{"line":2,"column":15},"end":{"line":2,"column":31}},"2":{"start":{"line":3,"column":35},"end":{"line":3,"column":63}},"3":{"start":{"line":4,"column":15},"end":{"line":4,"column":32}},"4":{"start":{"line":5,"column":12},"end":{"line":5,"column":33}},"5":{"start":{"line":6,"column":11},"end":{"line":6,"column":24}},"6":{"start":{"line":7,"column":13},"end":{"line":7,"column":28}},"7":{"start":{"line":8,"column":16},"end":{"line":8,"column":44}},"8":{"start":{"line":9,"column":14},"end":{"line":9,"column":40}},"9":{"start":{"line":10,"column":13},"end":{"line":10,"column":38}},"10":{"start":{"line":11,"column":25},"end":{"line":11,"column":54}},"11":{"start":{"line":12,"column":38},"end":{"line":12,"column":87}},"12":{"start":{"line":15,"column":15},"end":{"line":27,"column":2}},"13":{"start":{"line":21,"column":4},"end":{"line":25,"column":5}},"14":{"start":{"line":22,"column":6},"end":{"line":22,"column":21}},"15":{"start":{"line":24,"column":6},"end":{"line":24,"column":57}},"16":{"start":{"line":30,"column":0},"end":{"line":30,"column":25}},"17":{"start":{"line":35,"column":0},"end":{"line":130,"column":3}},"18":{"start":{"line":36,"column":2},"end":{"line":129,"column":3}},"19":{"start":{"line":44,"column":8},"end":{"line":44,"column":17}},"20":{"start":{"line":46,"column":16},"end":{"line":46,"column":18}},"21":{"start":{"line":49,"column":4},"end":{"line":53,"column":5}},"22":{"start":{"line":50,"column":6},"end":{"line":50,"column":28}},"23":{"start":{"line":51,"column":11},"end":{"line":53,"column":5}},"24":{"start":{"line":52,"column":6},"end":{"line":52,"column":29}},"25":{"start":{"line":56,"column":4},"end":{"line":58,"column":5}},"26":{"start":{"line":57,"column":6},"end":{"line":57,"column":32}},"27":{"start":{"line":61,"column":4},"end":{"line":68,"column":5}},"28":{"start":{"line":62,"column":6},"end":{"line":67,"column":8}},"29":{"start":{"line":71,"column":22},"end":{"line":71,"column":24}},"30":{"start":{"line":72,"column":4},"end":{"line":89,"column":5}},"31":{"start":{"line":74,"column":8},"end":{"line":74,"column":34}},"32":{"start":{"line":75,"column":8},"end":{"line":75,"column":14}},"33":{"start":{"line":77,"column":8},"end":{"line":77,"column":35}},"34":{"start":{"line":78,"column":8},"end":{"line":78,"column":14}},"35":{"start":{"line":80,"column":8},"end":{"line":80,"column":36}},"36":{"start":{"line":81,"column":8},"end":{"line":81,"column":14}},"37":{"start":{"line":83,"column":8},"end":{"line":83,"column":39}},"38":{"start":{"line":84,"column":8},"end":{"line":84,"column":14}},"39":{"start":{"line":87,"column":8},"end":{"line":87,"column":40}},"40":{"start":{"line":88,"column":8},"end":{"line":88,"column":14}},"41":{"start":{"line":91,"column":20},"end":{"line":91,"column":34}},"42":{"start":{"line":92,"column":21},"end":{"line":92,"column":36}},"43":{"start":{"line":93,"column":17},"end":{"line":93,"column":41}},"44":{"start":{"line":96,"column":21},"end":{"line":99,"column":22}},"45":{"start":{"line":101,"column":26},"end":{"line":101,"column":61}},"46":{"start":{"line":102,"column":23},"end":{"line":102,"column":58}},"47":{"start":{"line":104,"column":4},"end":{"line":118,"column":7}},"48":{"start":{"line":121,"column":4},"end":{"line":121,"column":56}},"49":{"start":{"line":122,"column":4},"end":{"line":128,"column":7}},"50":{"start":{"line":133,"column":0},"end":{"line":283,"column":3}},"51":{"start":{"line":134,"column":2},"end":{"line":282,"column":3}},"52":{"start":{"line":135,"column":4},"end":{"line":143,"column":5}},"53":{"start":{"line":136,"column":6},"end":{"line":142,"column":9}},"54":{"start":{"line":145,"column":20},"end":{"line":145,"column":22}},"55":{"start":{"line":146,"column":19},"end":{"line":146,"column":21}},"56":{"start":{"line":147,"column":25},"end":{"line":147,"column":26}},"57":{"start":{"line":148,"column":23},"end":{"line":148,"column":24}},"58":{"start":{"line":151,"column":20},"end":{"line":151,"column":22}},"59":{"start":{"line":153,"column":4},"end":{"line":159,"column":7}},"60":{"start":{"line":154,"column":6},"end":{"line":158,"column":29}},"61":{"start":{"line":156,"column":30},"end":{"line":156,"column":48}},"62":{"start":{"line":162,"column":4},"end":{"line":251,"column":5}},"63":{"start":{"line":163,"column":6},"end":{"line":163,"column":23}},"64":{"start":{"line":165,"column":6},"end":{"line":250,"column":7}},"65":{"start":{"line":167,"column":8},"end":{"line":173,"column":9}},"66":{"start":{"line":168,"column":10},"end":{"line":171,"column":13}},"67":{"start":{"line":172,"column":10},"end":{"line":172,"column":19}},"68":{"start":{"line":176,"column":21},"end":{"line":179,"column":34}},"69":{"start":{"line":182,"column":24},"end":{"line":182,"column":28}},"70":{"start":{"line":183,"column":32},"end":{"line":183,"column":74}},"71":{"start":{"line":184,"column":8},"end":{"line":186,"column":9}},"72":{"start":{"line":185,"column":10},"end":{"line":185,"column":46}},"73":{"start":{"line":189,"column":27},"end":{"line":189,"column":96}},"74":{"start":{"line":189,"column":36},"end":{"line":189,"column":96}},"75":{"start":{"line":189,"column":66},"end":{"line":189,"column":74}},"76":{"start":{"line":192,"column":28},"end":{"line":224,"column":9}},"77":{"start":{"line":227,"column":8},"end":{"line":233,"column":9}},"78":{"start":{"line":228,"column":10},"end":{"line":232,"column":14}},"79":{"start":{"line":228,"column":73},"end":{"line":232,"column":11}},"80":{"start":{"line":235,"column":24},"end":{"line":235,"column":57}},"81":{"start":{"line":236,"column":8},"end":{"line":242,"column":11}},"82":{"start":{"line":243,"column":8},"end":{"line":243,"column":23}},"83":{"start":{"line":246,"column":8},"end":{"line":249,"column":11}},"84":{"start":{"line":254,"column":4},"end":{"line":254,"column":33}},"85":{"start":{"line":256,"column":4},"end":{"line":266,"column":7}},"86":{"start":{"line":270,"column":4},"end":{"line":272,"column":5}},"87":{"start":{"line":271,"column":6},"end":{"line":271,"column":35}},"88":{"start":{"line":274,"column":4},"end":{"line":274,"column":47}},"89":{"start":{"line":275,"column":4},"end":{"line":281,"column":7}},"90":{"start":{"line":286,"column":0},"end":{"line":361,"column":3}},"91":{"start":{"line":287,"column":2},"end":{"line":360,"column":3}},"92":{"start":{"line":288,"column":41},"end":{"line":288,"column":50}},"93":{"start":{"line":290,"column":16},"end":{"line":290,"column":18}},"94":{"start":{"line":291,"column":4},"end":{"line":293,"column":5}},"95":{"start":{"line":292,"column":6},"end":{"line":292,"column":32}},"96":{"start":{"line":294,"column":4},"end":{"line":298,"column":5}},"97":{"start":{"line":295,"column":6},"end":{"line":295,"column":28}},"98":{"start":{"line":296,"column":11},"end":{"line":298,"column":5}},"99":{"start":{"line":297,"column":6},"end":{"line":297,"column":29}},"100":{"start":{"line":300,"column":21},"end":{"line":300,"column":70}},"101":{"start":{"line":303,"column":23},"end":{"line":309,"column":5}},"102":{"start":{"line":311,"column":20},"end":{"line":340,"column":6}},"103":{"start":{"line":311,"column":44},"end":{"line":340,"column":5}},"104":{"start":{"line":335,"column":32},"end":{"line":335,"column":39}},"105":{"start":{"line":343,"column":23},"end":{"line":345,"column":17}},"106":{"start":{"line":344,"column":18},"end":{"line":344,"column":86}},"107":{"start":{"line":344,"column":35},"end":{"line":344,"column":75}},"108":{"start":{"line":347,"column":4},"end":{"line":347,"column":46}},"109":{"start":{"line":348,"column":4},"end":{"line":348,"column":101}},"110":{"start":{"line":349,"column":4},"end":{"line":349,"column":25}},"111":{"start":{"line":352,"column":4},"end":{"line":352,"column":50}},"112":{"start":{"line":353,"column":4},"end":{"line":359,"column":7}},"113":{"start":{"line":366,"column":0},"end":{"line":469,"column":3}},"114":{"start":{"line":367,"column":2},"end":{"line":468,"column":3}},"115":{"start":{"line":377,"column":8},"end":{"line":377,"column":17}},"116":{"start":{"line":379,"column":16},"end":{"line":379,"column":18}},"117":{"start":{"line":382,"column":4},"end":{"line":384,"column":5}},"118":{"start":{"line":383,"column":6},"end":{"line":383,"column":28}},"119":{"start":{"line":385,"column":4},"end":{"line":387,"column":5}},"120":{"start":{"line":386,"column":6},"end":{"line":386,"column":46}},"121":{"start":{"line":390,"column":4},"end":{"line":394,"column":5}},"122":{"start":{"line":391,"column":6},"end":{"line":391,"column":27}},"123":{"start":{"line":392,"column":6},"end":{"line":392,"column":62}},"124":{"start":{"line":392,"column":20},"end":{"line":392,"column":62}},"125":{"start":{"line":393,"column":6},"end":{"line":393,"column":58}},"126":{"start":{"line":393,"column":18},"end":{"line":393,"column":58}},"127":{"start":{"line":397,"column":4},"end":{"line":406,"column":5}},"128":{"start":{"line":398,"column":6},"end":{"line":405,"column":8}},"129":{"start":{"line":409,"column":22},"end":{"line":409,"column":24}},"130":{"start":{"line":410,"column":4},"end":{"line":427,"column":5}},"131":{"start":{"line":412,"column":8},"end":{"line":412,"column":41}},"132":{"start":{"line":413,"column":8},"end":{"line":413,"column":14}},"133":{"start":{"line":415,"column":8},"end":{"line":415,"column":36}},"134":{"start":{"line":416,"column":8},"end":{"line":416,"column":14}},"135":{"start":{"line":418,"column":8},"end":{"line":418,"column":35}},"136":{"start":{"line":419,"column":8},"end":{"line":419,"column":14}},"137":{"start":{"line":421,"column":8},"end":{"line":421,"column":39}},"138":{"start":{"line":422,"column":8},"end":{"line":422,"column":14}},"139":{"start":{"line":425,"column":8},"end":{"line":425,"column":40}},"140":{"start":{"line":426,"column":8},"end":{"line":426,"column":14}},"141":{"start":{"line":429,"column":20},"end":{"line":429,"column":34}},"142":{"start":{"line":430,"column":21},"end":{"line":430,"column":36}},"143":{"start":{"line":431,"column":17},"end":{"line":431,"column":41}},"144":{"start":{"line":433,"column":19},"end":{"line":438,"column":22}},"145":{"start":{"line":440,"column":24},"end":{"line":440,"column":57}},"146":{"start":{"line":441,"column":23},"end":{"line":441,"column":56}},"147":{"start":{"line":443,"column":4},"end":{"line":457,"column":7}},"148":{"start":{"line":460,"column":4},"end":{"line":460,"column":54}},"149":{"start":{"line":461,"column":4},"end":{"line":467,"column":7}},"150":{"start":{"line":472,"column":0},"end":{"line":503,"column":3}},"151":{"start":{"line":473,"column":2},"end":{"line":502,"column":3}},"152":{"start":{"line":474,"column":18},"end":{"line":476,"column":67}},"153":{"start":{"line":478,"column":4},"end":{"line":486,"column":5}},"154":{"start":{"line":479,"column":6},"end":{"line":485,"column":9}},"155":{"start":{"line":488,"column":4},"end":{"line":491,"column":7}},"156":{"start":{"line":494,"column":4},"end":{"line":494,"column":53}},"157":{"start":{"line":495,"column":4},"end":{"line":501,"column":7}},"158":{"start":{"line":506,"column":0},"end":{"line":570,"column":3}},"159":{"start":{"line":512,"column":2},"end":{"line":569,"column":3}},"160":{"start":{"line":513,"column":19},"end":{"line":513,"column":40}},"161":{"start":{"line":514,"column":4},"end":{"line":523,"column":5}},"162":{"start":{"line":515,"column":6},"end":{"line":522,"column":9}},"163":{"start":{"line":525,"column":30},"end":{"line":525,"column":38}},"164":{"start":{"line":526,"column":23},"end":{"line":526,"column":33}},"165":{"start":{"line":528,"column":4},"end":{"line":530,"column":5}},"166":{"start":{"line":529,"column":6},"end":{"line":529,"column":31}},"167":{"start":{"line":532,"column":18},"end":{"line":536,"column":54}},"168":{"start":{"line":538,"column":4},"end":{"line":546,"column":5}},"169":{"start":{"line":539,"column":6},"end":{"line":545,"column":9}},"170":{"start":{"line":548,"column":4},"end":{"line":558,"column":7}},"171":{"start":{"line":561,"column":4},"end":{"line":561,"column":55}},"172":{"start":{"line":562,"column":4},"end":{"line":568,"column":7}},"173":{"start":{"line":575,"column":0},"end":{"line":691,"column":3}},"174":{"start":{"line":576,"column":2},"end":{"line":690,"column":3}},"175":{"start":{"line":577,"column":31},"end":{"line":577,"column":40}},"176":{"start":{"line":580,"column":19},"end":{"line":580,"column":29}},"177":{"start":{"line":581,"column":4},"end":{"line":596,"column":5}},"178":{"start":{"line":583,"column":8},"end":{"line":583,"column":49}},"179":{"start":{"line":584,"column":8},"end":{"line":584,"column":14}},"180":{"start":{"line":586,"column":8},"end":{"line":586,"column":50}},"181":{"start":{"line":587,"column":8},"end":{"line":587,"column":14}},"182":{"start":{"line":589,"column":8},"end":{"line":589,"column":50}},"183":{"start":{"line":590,"column":8},"end":{"line":590,"column":14}},"184":{"start":{"line":592,"column":8},"end":{"line":592,"column":57}},"185":{"start":{"line":593,"column":8},"end":{"line":593,"column":14}},"186":{"start":{"line":595,"column":8},"end":{"line":595,"column":50}},"187":{"start":{"line":598,"column":22},"end":{"line":598,"column":55}},"188":{"start":{"line":601,"column":25},"end":{"line":612,"column":6}},"189":{"start":{"line":614,"column":18},"end":{"line":619,"column":5}},"190":{"start":{"line":622,"column":27},"end":{"line":631,"column":6}},"191":{"start":{"line":633,"column":21},"end":{"line":637,"column":5}},"192":{"start":{"line":640,"column":24},"end":{"line":652,"column":6}},"193":{"start":{"line":654,"column":18},"end":{"line":659,"column":5}},"194":{"start":{"line":661,"column":4},"end":{"line":679,"column":7}},"195":{"start":{"line":682,"column":4},"end":{"line":682,"column":55}},"196":{"start":{"line":683,"column":4},"end":{"line":689,"column":7}},"197":{"start":{"line":696,"column":0},"end":{"line":790,"column":3}},"198":{"start":{"line":697,"column":2},"end":{"line":789,"column":3}},"199":{"start":{"line":705,"column":8},"end":{"line":705,"column":17}},"200":{"start":{"line":707,"column":16},"end":{"line":707,"column":18}},"201":{"start":{"line":710,"column":4},"end":{"line":714,"column":5}},"202":{"start":{"line":711,"column":6},"end":{"line":711,"column":28}},"203":{"start":{"line":712,"column":11},"end":{"line":714,"column":5}},"204":{"start":{"line":713,"column":6},"end":{"line":713,"column":29}},"205":{"start":{"line":717,"column":4},"end":{"line":721,"column":5}},"206":{"start":{"line":718,"column":6},"end":{"line":718,"column":27}},"207":{"start":{"line":719,"column":11},"end":{"line":721,"column":5}},"208":{"start":{"line":720,"column":6},"end":{"line":720,"column":28}},"209":{"start":{"line":724,"column":4},"end":{"line":730,"column":5}},"210":{"start":{"line":725,"column":6},"end":{"line":729,"column":8}},"211":{"start":{"line":733,"column":22},"end":{"line":733,"column":24}},"212":{"start":{"line":734,"column":4},"end":{"line":751,"column":5}},"213":{"start":{"line":736,"column":8},"end":{"line":736,"column":52}},"214":{"start":{"line":737,"column":8},"end":{"line":737,"column":14}},"215":{"start":{"line":739,"column":8},"end":{"line":739,"column":35}},"216":{"start":{"line":740,"column":8},"end":{"line":740,"column":14}},"217":{"start":{"line":742,"column":8},"end":{"line":742,"column":40}},"218":{"start":{"line":743,"column":8},"end":{"line":743,"column":14}},"219":{"start":{"line":745,"column":8},"end":{"line":745,"column":39}},"220":{"start":{"line":746,"column":8},"end":{"line":746,"column":14}},"221":{"start":{"line":749,"column":8},"end":{"line":749,"column":40}},"222":{"start":{"line":750,"column":8},"end":{"line":750,"column":14}},"223":{"start":{"line":753,"column":20},"end":{"line":753,"column":34}},"224":{"start":{"line":754,"column":21},"end":{"line":754,"column":36}},"225":{"start":{"line":755,"column":17},"end":{"line":755,"column":41}},"226":{"start":{"line":757,"column":18},"end":{"line":761,"column":22}},"227":{"start":{"line":763,"column":23},"end":{"line":763,"column":55}},"228":{"start":{"line":764,"column":23},"end":{"line":764,"column":55}},"229":{"start":{"line":766,"column":4},"end":{"line":778,"column":7}},"230":{"start":{"line":781,"column":4},"end":{"line":781,"column":53}},"231":{"start":{"line":782,"column":4},"end":{"line":788,"column":7}},"232":{"start":{"line":793,"column":0},"end":{"line":857,"column":3}},"233":{"start":{"line":797,"column":2},"end":{"line":856,"column":3}},"234":{"start":{"line":798,"column":19},"end":{"line":798,"column":40}},"235":{"start":{"line":799,"column":4},"end":{"line":808,"column":5}},"236":{"start":{"line":800,"column":6},"end":{"line":807,"column":9}},"237":{"start":{"line":810,"column":34},"end":{"line":810,"column":42}},"238":{"start":{"line":811,"column":23},"end":{"line":811,"column":35}},"239":{"start":{"line":813,"column":4},"end":{"line":815,"column":5}},"240":{"start":{"line":814,"column":6},"end":{"line":814,"column":35}},"241":{"start":{"line":817,"column":17},"end":{"line":821,"column":25}},"242":{"start":{"line":823,"column":4},"end":{"line":831,"column":5}},"243":{"start":{"line":824,"column":6},"end":{"line":830,"column":9}},"244":{"start":{"line":833,"column":4},"end":{"line":845,"column":7}},"245":{"start":{"line":848,"column":4},"end":{"line":848,"column":54}},"246":{"start":{"line":849,"column":4},"end":{"line":855,"column":7}},"247":{"start":{"line":859,"column":0},"end":{"line":859,"column":24}}},"fnMap":{"0":{"name":"(anonymous_0)","decl":{"start":{"line":20,"column":14},"end":{"line":20,"column":15}},"loc":{"start":{"line":20,"column":33},"end":{"line":26,"column":3}},"line":20},"1":{"name":"(anonymous_1)","decl":{"start":{"line":35,"column":24},"end":{"line":35,"column":25}},"loc":{"start":{"line":35,"column":44},"end":{"line":130,"column":1}},"line":35},"2":{"name":"(anonymous_2)","decl":{"start":{"line":133,"column":63},"end":{"line":133,"column":64}},"loc":{"start":{"line":133,"column":83},"end":{"line":283,"column":1}},"line":133},"3":{"name":"(anonymous_3)","decl":{"start":{"line":153,"column":22},"end":{"line":153,"column":23}},"loc":{"start":{"line":153,"column":43},"end":{"line":159,"column":5}},"line":153},"4":{"name":"(anonymous_4)","decl":{"start":{"line":156,"column":20},"end":{"line":156,"column":21}},"loc":{"start":{"line":156,"column":30},"end":{"line":156,"column":48}},"line":156},"5":{"name":"(anonymous_5)","decl":{"start":{"line":189,"column":27},"end":{"line":189,"column":28}},"loc":{"start":{"line":189,"column":36},"end":{"line":189,"column":96}},"line":189},"6":{"name":"(anonymous_6)","decl":{"start":{"line":189,"column":61},"end":{"line":189,"column":62}},"loc":{"start":{"line":189,"column":66},"end":{"line":189,"column":74}},"line":189},"7":{"name":"(anonymous_7)","decl":{"start":{"line":228,"column":58},"end":{"line":228,"column":59}},"loc":{"start":{"line":228,"column":73},"end":{"line":232,"column":11}},"line":228},"8":{"name":"(anonymous_8)","decl":{"start":{"line":286,"column":31},"end":{"line":286,"column":32}},"loc":{"start":{"line":286,"column":51},"end":{"line":361,"column":1}},"line":286},"9":{"name":"(anonymous_9)","decl":{"start":{"line":311,"column":33},"end":{"line":311,"column":34}},"loc":{"start":{"line":311,"column":44},"end":{"line":340,"column":5}},"line":311},"10":{"name":"(anonymous_10)","decl":{"start":{"line":335,"column":25},"end":{"line":335,"column":26}},"loc":{"start":{"line":335,"column":32},"end":{"line":335,"column":39}},"line":335},"11":{"name":"(anonymous_11)","decl":{"start":{"line":344,"column":11},"end":{"line":344,"column":12}},"loc":{"start":{"line":344,"column":18},"end":{"line":344,"column":86}},"line":344},"12":{"name":"(anonymous_12)","decl":{"start":{"line":344,"column":26},"end":{"line":344,"column":27}},"loc":{"start":{"line":344,"column":35},"end":{"line":344,"column":75}},"line":344},"13":{"name":"(anonymous_13)","decl":{"start":{"line":366,"column":22},"end":{"line":366,"column":23}},"loc":{"start":{"line":366,"column":42},"end":{"line":469,"column":1}},"line":366},"14":{"name":"(anonymous_14)","decl":{"start":{"line":472,"column":26},"end":{"line":472,"column":27}},"loc":{"start":{"line":472,"column":46},"end":{"line":503,"column":1}},"line":472},"15":{"name":"(anonymous_15)","decl":{"start":{"line":511,"column":3},"end":{"line":511,"column":4}},"loc":{"start":{"line":511,"column":23},"end":{"line":570,"column":1}},"line":511},"16":{"name":"(anonymous_16)","decl":{"start":{"line":575,"column":35},"end":{"line":575,"column":36}},"loc":{"start":{"line":575,"column":55},"end":{"line":691,"column":1}},"line":575},"17":{"name":"(anonymous_17)","decl":{"start":{"line":696,"column":21},"end":{"line":696,"column":22}},"loc":{"start":{"line":696,"column":41},"end":{"line":790,"column":1}},"line":696},"18":{"name":"(anonymous_18)","decl":{"start":{"line":796,"column":3},"end":{"line":796,"column":4}},"loc":{"start":{"line":796,"column":23},"end":{"line":857,"column":1}},"line":796}},"branchMap":{"0":{"loc":{"start":{"line":21,"column":4},"end":{"line":25,"column":5}},"type":"if","locations":[{"start":{"line":21,"column":4},"end":{"line":25,"column":5}},{"start":{"line":23,"column":11},"end":{"line":25,"column":5}}],"line":21},"1":{"loc":{"start":{"line":21,"column":8},"end":{"line":21,"column":84}},"type":"binary-expr","locations":[{"start":{"line":21,"column":8},"end":{"line":21,"column":36}},{"start":{"line":21,"column":40},"end":{"line":21,"column":84}}],"line":21},"2":{"loc":{"start":{"line":38,"column":6},"end":{"line":38,"column":14}},"type":"default-arg","locations":[{"start":{"line":38,"column":13},"end":{"line":38,"column":14}}],"line":38},"3":{"loc":{"start":{"line":39,"column":6},"end":{"line":39,"column":16}},"type":"default-arg","locations":[{"start":{"line":39,"column":14},"end":{"line":39,"column":16}}],"line":39},"4":{"loc":{"start":{"line":42,"column":6},"end":{"line":42,"column":20}},"type":"default-arg","locations":[{"start":{"line":42,"column":15},"end":{"line":42,"column":20}}],"line":42},"5":{"loc":{"start":{"line":43,"column":6},"end":{"line":43,"column":21}},"type":"default-arg","locations":[{"start":{"line":43,"column":13},"end":{"line":43,"column":21}}],"line":43},"6":{"loc":{"start":{"line":49,"column":4},"end":
[...]
:{"name":"(anonymous_17)","decl":{"start":{"line":214,"column":39},"end":{"line":214,"column":40}},"loc":{"start":{"line":214,"column":51},"end":{"line":220,"column":5}},"line":214},"18":{"name":"(anonymous_18)","decl":{"start":{"line":216,"column":8},"end":{"line":216,"column":9}},"loc":{"start":{"line":216,"column":14},"end":{"line":216,"column":53}},"line":216},"19":{"name":"(anonymous_19)","decl":{"start":{"line":223,"column":2},"end":{"line":223,"column":3}},"loc":{"start":{"line":223,"column":59},"end":{"line":244,"column":3}},"line":223},"20":{"name":"(anonymous_20)","decl":{"start":{"line":246,"column":2},"end":{"line":246,"column":3}},"loc":{"start":{"line":246,"column":52},"end":{"line":257,"column":3}},"line":246},"21":{"name":"(anonymous_21)","decl":{"start":{"line":259,"column":2},"end":{"line":259,"column":3}},"loc":{"start":{"line":259,"column":54},"end":{"line":270,"column":3}},"line":259},"22":{"name":"(anonymous_22)","decl":{"start":{"line":272,"column":2},"end":{"line":272,"column":3}},"loc":{"start":{"line":272,"column":59},"end":{"line":284,"column":3}},"line":272},"23":{"name":"getCircuitBreakerStatus","decl":{"start":{"line":292,"column":9},"end":{"line":292,"column":32}},"loc":{"start":{"line":292,"column":35},"end":{"line":297,"column":1}},"line":292}},"branchMap":{"0":{"loc":{"start":{"line":20,"column":20},"end":{"line":20,"column":32}},"type":"default-arg","locations":[{"start":{"line":20,"column":30},"end":{"line":20,"column":32}}],"line":20},"1":{"loc":{"start":{"line":22,"column":28},"end":{"line":22,"column":57}},"type":"binary-expr","locations":[{"start":{"line":22,"column":28},"end":{"line":22,"column":52}},{"start":{"line":22,"column":56},"end":{"line":22,"column":57}}],"line":22},"2":{"loc":{"start":{"line":23,"column":24},"end":{"line":23,"column":53}},"type":"binary-expr","locations":[{"start":{"line":23,"column":24},"end":{"line":23,"column":44}},{"start":{"line":23,"column":48},"end":{"line":23,"column":53}}],"line":23},"3":{"loc":{"start":{"line":24,"column":28},"end":{"line":24,"column":61}},"type":"binary-expr","locations":[{"start":{"line":24,"column":28},"end":{"line":24,"column":52}},{"start":{"line":24,"column":56},"end":{"line":24,"column":61}}],"line":24},"4":{"loc":{"start":{"line":33,"column":4},"end":{"line":39,"column":5}},"type":"if","locations":[{"start":{"line":33,"column":4},"end":{"line":39,"column":5}},{"start":{},"end":{}}],"line":33},"5":{"loc":{"start":{"line":34,"column":6},"end":{"line":36,"column":7}},"type":"if","locations":[{"start":{"line":34,"column":6},"end":{"line":36,"column":7}},{"start":{},"end":{}}],"line":34},"6":{"loc":{"start":{"line":53,"column":4},"end":{"line":56,"column":5}},"type":"if","locations":[{"start":{"line":53,"column":4},"end":{"line":56,"column":5}},{"start":{},"end":{}}],"line":53},"7":{"loc":{"start":{"line":63,"column":4},"end":{"line":67,"column":5}},"type":"if","locations":[{"start":{"line":63,"column":4},"end":{"line":67,"column":5}},{"start":{},"end":{}}],"line":63},"8":{"loc":{"start":{"line":82,"column":43},"end":{"line":82,"column":55}},"type":"default-arg","locations":[{"start":{"line":82,"column":53},"end":{"line":82,"column":55}}],"line":82},"9":{"loc":{"start":{"line":82,"column":57},"end":{"line":82,"column":69}},"type":"default-arg","locations":[{"start":{"line":82,"column":67},"end":{"line":82,"column":69}}],"line":82},"10":{"loc":{"start":{"line":89,"column":6},"end":{"line":91,"column":7}},"type":"if","locations":[{"start":{"line":89,"column":6},"end":{"line":91,"column":7}},{"start":{},"end":{}}],"line":89},"11":{"loc":{"start":{"line":96,"column":6},"end":{"line":102,"column":7}},"type":"if","locations":[{"start":{"line":96,"column":6},"end":{"line":102,"column":7}},{"start":{},"end":{}}],"line":96},"12":{"loc":{"start":{"line":151,"column":4},"end":{"line":154,"column":5}},"type":"if","locations":[{"start":{"line":151,"column":4},"end":{"line":154,"column":5}},{"start":{},"end":{}}],"line":151},"13":{"loc":{"start":{"line":151,"column":8},"end":{"line":151,"column":78}},"type":"binary-expr","locations":[{"start":{"line":151,"column":8},"end":{"line":151,"column":41}},{"start":{"line":151,"column":45},"end":{"line":151,"column":78}}],"line":151},"14":{"loc":{"start":{"line":156,"column":4},"end":{"line":159,"column":5}},"type":"if","locations":[{"start":{"line":156,"column":4},"end":{"line":159,"column":5}},{"start":{},"end":{}}],"line":156},"15":{"loc":{"start":{"line":232,"column":4},"end":{"line":235,"column":5}},"type":"if","locations":[{"start":{"line":232,"column":4},"end":{"line":235,"column":5}},{"start":{},"end":{}}],"line":232},"16":{"loc":{"start":{"line":232,"column":8},"end":{"line":232,"column":78}},"type":"binary-expr","locations":[{"start":{"line":232,"column":8},"end":{"line":232,"column":41}},{"start":{"line":232,"column":45},"end":{"line":232,"column":78}}],"line":232},"17":{"loc":{"start":{"line":237,"column":4},"end":{"line":240,"column":5}},"type":"if","locations":[{"start":{"line":237,"column":4},"end":{"line":240,"column":5}},{"start":{},"end":{}}],"line":237},"18":{"loc":{"start":{"line":237,"column":8},"end":{"line":237,"column":84}},"type":"binary-expr","locations":[{"start":{"line":237,"column":8},"end":{"line":237,"column":47}},{"start":{"line":237,"column":51},"end":{"line":237,"column":84}}],"line":237}},"s":{"0":0,"1":0,"2":0,"3":0,"4":0,"5":0,"6":0,"7":0,"8":0,"9":0,"10":0,"11":0,"12":0,"13":0,"14":0,"15":0,"16":0,"17":0,"18":0,"19":0,"20":0,"21":0,"22":0,"23":0,"24":0,"25":0,"26":0,"27":0,"28":0,"29":0,"30":0,"31":0,"32":0,"33":0,"34":0,"35":0,"36":0,"37":0,"38":0,"39":0,"40":0,"41":0,"42":0,"43":0,"44":0,"45":0,"46":0,"47":0,"48":0,"49":0,"50":0,"51":0,"52":0,"53":0,"54":0,"55":0,"56":0,"57":0,"58":0,"59":0,"60":0,"61":0,"62":0,"63":0,"64":0,"65":0,"66":0,"67":0,"68":0,"69":0,"70":0,"71":0,"72":0,"73":0,"74":0,"75":0,"76":0,"77":0,"78":0,"79":0,"80":0,"81":0,"82":0,"83":0,"84":0,"85":0},"f":{"0":0,"1":0,"2":0,"3":0,"4":0,"5":0,"6":0,"7":0,"8":0,"9":0,"10":0,"11":0,"12":0,"13":0,"14":0,"15":0,"16":0,"17":0,"18":0,"19":0,"20":0,"21":0,"22":0,"23":0},"b":{"0":[0],"1":[0,0],"2":[0,0],"3":[0,0],"4":[0,0],"5":[0,0],"6":[0,0],"7":[0,0],"8":[0],"9":[0],"10":[0,0],"11":[0,0],"12":[0,0],"13":[0,0],"14":[0,0],"15":[0,0],"16":[0,0],"17":[0,0],"18":[0,0]}}
,"/Users/oliver/Projects/boutique/utils/logger.js": {"path":"/Users/oliver/Projects/boutique/utils/logger.js","statementMap":{"0":{"start":{"line":1,"column":16},"end":{"line":1,"column":34}},"1":{"start":{"line":2,"column":13},"end":{"line":2,"column":28}},"2":{"start":{"line":5,"column":15},"end":{"line":11,"column":1}},"3":{"start":{"line":14,"column":15},"end":{"line":20,"column":1}},"4":{"start":{"line":23,"column":0},"end":{"line":23,"column":26}},"5":{"start":{"line":26,"column":15},"end":{"line":32,"column":1}},"6":{"start":{"line":30,"column":14},"end":{"line":30,"column":64}},"7":{"start":{"line":35,"column":19},"end":{"line":60,"column":1}},"8":{"start":{"line":63,"column":15},"end":{"line":68,"column":2}},"9":{"start":{"line":71,"column":22},"end":{"line":89,"column":2}},"10":{"start":{"line":91,"column":25},"end":{"line":109,"column":2}},"11":{"start":{"line":111,"column":23},"end":{"line":129,"column":2}},"12":{"start":{"line":131,"column":0},"end":{"line":136,"column":2}}},"fnMap":{"0":{"name":"(anonymous_0)","decl":{"start":{"line":30,"column":4},"end":{"line":30,"column":5}},"loc":{"start":{"line":30,"column":14},"end":{"line":30,"column":64}},"line":30}},"branchMap":{"0":{"loc":{"start":{"line":64,"column":9},"end":{"line":64,"column":40}},"type":"binary-expr","locations":[{"start":{"line":64,"column":9},"end":{"line":64,"column":30}},{"start":{"line":64,"column":34},"end":{"line":64,"column":40}}],"line":64},"1":{"loc":{"start":{"line":72,"column":9},"end":{"line":72,"column":40}},"type":"binary-expr","locations":[{"start":{"line":72,"column":9},"end":{"line":72,"column":30}},{"start":{"line":72,"column":34},"end":{"line":72,"column":40}}],"line":72},"2":{"loc":{"start":{"line":92,"column":9},"end":{"line":92,"column":40}},"type":"binary-expr","locations":[{"start":{"line":92,"column":9},"end":{"line":92,"column":30}},{"start":{"line":92,"column":34},"end":{"line":92,"column":40}}],"line":92},"3":{"loc":{"start":{"line":112,"column":9},"end":{"line":112,"column":40}},"type":"binary-expr","locations":[{"start":{"line":112,"column":9},"end":{"line":112,"column":30}},{"start":{"line":112,"column":34},"end":{"line":112,"column":40}}],"line":112}},"s":{"0":0,"1":0,"2":0,"3":0,"4":0,"5":0,"6":0,"7":0,"8":0,"9":0,"10":0,"11":0,"12":0},"f":{"0":0},"b":{"0":[0,0],"1":[0,0],"2":[0,0],"3":[0,0]}}
,"/Users/oliver/Projects/boutique/utils/wholesalerNotificationService.js": {"path":"/Users/oliver/Projects/boutique/utils/wholesalerNotificationService.js","statementMap":{"0":{"start":{"line":1,"column":14},"end":{"line":1,"column":40}},"1":{"start":{"line":2,"column":16},"end":{"line":2,"column":44}},"2":{"start":{"line":3,"column":39},"end":{"line":3,"column":64}},"3":{"start":{"line":6,"column":36},"end":{"line":133,"column":1}},"4":{"start":{"line":7,"column":2},"end":{"line":132,"column":3}},"5":{"start":{"line":8,"column":4},"end":{"line":8,"column":77}},"6":{"start":{"line":11,"column":27},"end":{"line":17,"column":32}},"7":{"start":{"line":19,"column":4},"end":{"line":22,"column":5}},"8":{"start":{"line":20,"column":6},"end":{"line":20,"column":73}},"9":{"start":{"line":21,"column":6},"end":{"line":21,"column":45}},"10":{"start":{"line":24,"column":4},"end":{"line":24,"column":82}},"11":{"start":{"line":26,"column":23},"end":{"line":26,"column":24}},"12":{"start":{"line":27,"column":21},"end":{"line":27,"column":22}},"13":{"start":{"line":28,"column":20},"end":{"line":28,"column":22}},"14":{"start":{"line":30,"column":4},"end":{"line":114,"column":5}},"15":{"start":{"line":31,"column":6},"end":{"line":113,"column":7}},"16":{"start":{"line":33,"column":33},"end":{"line":33,"column":35}},"17":{"start":{"line":35,"column":8},"end":{"line":53,"column":9}},"18":{"start":{"line":36,"column":10},"end":{"line":52,"column":11}},"19":{"start":{"line":37,"column":26},"end":{"line":37,"column":47}},"20":{"start":{"line":38,"column":12},"end":{"line":43,"column":13}},"21":{"start":{"line":39,"column":14},"end":{"line":42,"column":16}},"22":{"start":{"line":46,"column":40},"end":{"line":49,"column":13}},"23":{"start":{"line":51,"column":12},"end":{"line":51,"column":68}},"24":{"start":{"line":56,"column":8},"end":{"line":102,"column":9}},"25":{"start":{"line":57,"column":28},"end":{"line":63,"column":11}},"26":{"start":{"line":65,"column":10},"end":{"line":65,"column":102}},"27":{"start":{"line":67,"column":30},"end":{"line":67,"column":90}},"28":{"start":{"line":69,"column":10},"end":{"line":101,"column":11}},"29":{"start":{"line":71,"column":32},"end":{"line":71,"column":42}},"30":{"start":{"line":73,"column":12},"end":{"line":78,"column":13}},"31":{"start":{"line":73,"column":25},"end":{"line":73,"column":26}},"32":{"start":{"line":74,"column":14},"end":{"line":77,"column":15}},"33":{"start":{"line":75,"column":16},"end":{"line":75,"column":58}},"34":{"start":{"line":76,"column":16},"end":{"line":76,"column":67}},"35":{"start":{"line":80,"column":12},"end":{"line":80,"column":31}},"36":{"start":{"line":82,"column":12},"end":{"line":82,"column":101}},"37":{"start":{"line":83,"column":12},"end":{"line":83,"column":27}},"38":{"start":{"line":85,"column":12},"end":{"line":90,"column":15}},"39":{"start":{"line":92,"column":12},"end":{"line":92,"column":120}},"40":{"start":{"line":93,"column":12},"end":{"line":93,"column":25}},"41":{"start":{"line":95,"column":12},"end":{"line":100,"column":15}},"42":{"start":{"line":105,"column":8},"end":{"line":105,"column":90}},"43":{"start":{"line":106,"column":8},"end":{"line":106,"column":21}},"44":{"start":{"line":108,"column":8},"end":{"line":112,"column":11}},"45":{"start":{"line":116,"column":4},"end":{"line":116,"column":101}},"46":{"start":{"line":118,"column":4},"end":{"line":124,"column":6}},"47":{"start":{"line":127,"column":4},"end":{"line":127,"column":74}},"48":{"start":{"line":128,"column":4},"end":{"line":131,"column":6}},"49":{"start":{"line":136,"column":34},"end":{"line":235,"column":1}},"50":{"start":{"line":137,"column":2},"end":{"line":234,"column":3}},"51":{"start":{"line":138,"column":18},"end":{"line":138,"column":73}},"52":{"start":{"line":140,"column":4},"end":{"line":142,"column":5}},"53":{"start":{"line":141,"column":6},"end":{"line":141,"column":58}},"54":{"start":{"line":145,"column":4},"end":{"line":150,"column":5}},"55":{"start":{"line":146,"column":6},"end":{"line":149,"column":8}},"56":{"start":{"line":153,"column":20},"end":{"line":153,"column":22}},"57":{"start":{"line":154,"column":29},"end":{"line":154,"column":31}},"58":{"start":{"line":157,"column":4},"end":{"line":174,"column":5}},"59":{"start":{"line":158,"column":6},"end":{"line":173,"column":7}},"60":{"start":{"line":159,"column":22},"end":{"line":159,"column":43}},"61":{"start":{"line":160,"column":8},"end":{"line":165,"column":9}},"62":{"start":{"line":161,"column":10},"end":{"line":164,"column":12}},"63":{"start":{"line":167,"column":36},"end":{"line":170,"column":9}},"64":{"start":{"line":172,"column":8},"end":{"line":172,"column":64}},"65":{"start":{"line":176,"column":4},"end":{"line":182,"column":5}},"66":{"start":{"line":177,"column":6},"end":{"line":181,"column":8}},"67":{"start":{"line":185,"column":4},"end":{"line":219,"column":5}},"68":{"start":{"line":186,"column":24},"end":{"line":192,"column":7}},"69":{"start":{"line":194,"column":26},"end":{"line":194,"column":86}},"70":{"start":{"line":196,"column":6},"end":{"line":218,"column":7}},"71":{"start":{"line":198,"column":28},"end":{"line":198,"column":38}},"72":{"start":{"line":200,"column":8},"end":{"line":205,"column":9}},"73":{"start":{"line":200,"column":21},"end":{"line":200,"column":22}},"74":{"start":{"line":201,"column":10},"end":{"line":204,"column":11}},"75":{"start":{"line":202,"column":12},"end":{"line":202,"column":54}},"76":{"start":{"line":203,"column":12},"end":{"line":203,"column":63}},"77":{"start":{"line":207,"column":8},"end":{"line":211,"column":11}},"78":{"start":{"line":213,"column":8},"end":{"line":217,"column":11}},"79":{"start":{"line":221,"column":4},"end":{"line":221,"column":23}},"80":{"start":{"line":223,"column":4},"end":{"line":227,"column":6}},"81":{"start":{"line":230,"column":4},"end":{"line":233,"column":6}},"82":{"start":{"line":237,"column":0},"end":{"line":240,"column":2}}},"fnMap":{"0":{"name":"(anonymous_0)","decl":{"start":{"line":6,"column":36},"end":{"line":6,"column":37}},"loc":{"start":{"line":6,"column":48},"end":{"line":133,"column":1}},"line":6},"1":{"name":"(anonymous_1)","decl":{"start":{"line":136,"column":34},"end":{"line":136,"column":35}},"loc":{"start":{"line":136,"column":53},"end":{"line":235,"column":1}},"line":136}},"branchMap":{"0":{"loc":{"start":{"line":19,"column":4},"end":{"line":22,"column":5}},"type":"if","locations":[{"start":{"line":19,"column":4},"end":{"line":22,"column":5}},{"start":{},"end":{}}],"line":19},"1":{"loc":{"start":{"line":36,"column":10},"end":{"line":52,"column":11}},"type":"if","locations":[{"start":{"line":36,"column":10},"end":{"line":52,"column":11}},{"start":{},"end":{}}],"line":36},"2":{"loc":{"start":{"line":36,"column":14},"end":{"line":36,"column":64}},"type":"binary-expr","locations":[{"start":{"line":36,"column":14},"end":{"line":36,"column":39}},{"start":{"line":36,"column":43},"end":{"line":36,"column":64}}],"line":36},"3":{"loc":{"start":{"line":38,"column":12},"end":{"line":43,"column":13}},"type":"if","locations":[{"start":{"line":38,"column":12},"end":{"line":43,"column":13}},{"start":{},"end":{}}],"line":38},"4":{"loc":{"start":{"line":48,"column":27},"end":{"line":48,"column":79}},"type":"cond-expr","locations":[{"start":{"line":48,"column":42},"end":{"line":48,"column":59}},{"start":{"line":48,"column":62},"end":{"line":48,"column":79}}],"line":48},"5":{"loc":{"start":{"line":69,"column":10},"end":{"line":101,"column":11}},"type":"if","locations":[{"start":{"line":69,"column":10},"end":{"line":101,"column":11}},{"start":{"line":91,"column":17},"end":{"line":101,"column":11}}],"line":69},"6":{"loc":{"start":{"line":74,"column":14},"end":{"line":77,"column":15}},"type":"if","locations":[{"start":{"line":74,"column":14},"end":{"line":77,"column":15}},{"start":{},"end":{}}],"line":74},"7":{"loc":{"start":{"line":74,"column":18},"end":{"line":74,"column":108}},"type":"binary-expr","locations":[{"start":{"line":74,"column":18},"end":{"line":74,"column":69}},{"start":{"line":74,"column":73},"end":{"line":74,"column":108}}],"line":74},"8":{"loc":{"start":{"line":140,"column":4},"end":{"line":142,"column":5}},"type":"if","locations":[{"start":{"line":140,"column":4},"end":{"line":142,"column":5}},{"start":{},"end":{}}],"line":140},"9":{"loc":{"start":{"line":145,"column":4},"end":{"line":150,"column":5}},"type":"if","locations":[{"start":{"line":145,"column":4},"end":{"line":150,"column":5}},{"start":{},"end":{}}],"line":145},"10":{"loc":{"start":{"line":145,"column":8},"end":{"line":145,"column":72}},"type":"binary-expr","locations":[{"start":{"line":145,"column":8},"end":{"line":145,"column":39}},{"start":{"line":145,"column":43},"end":{"line":145,"column":72}}],"line":145},"11":{"loc":{"start":{"line":158,"column":6},"end":{"line":173,"column":7}},"type":"if","locations":[{"start":{"line":158,"column":6},"end":{"line":173,"column":7}},{"start":{},"end":{}}],"line":158},"12":{"loc":{"start":{"line":158,"column":10},"end":{"line":158,"column":60}},"type":"binary-expr","locations":[{"start":{"line":158,"column":10},"end":{"line":158,"column":35}},{"start":{"line":158,"column":39},"end":{"line":158,"column":60}}],"line":158},"13":{"loc":{"start":{"line":160,"column":8},"end":{"line":165,"column":9}},"type":"if","locations":[{"start":{"line":160,"column":8},"end":{"line":165,"column":9}},{"start":{},"end":{}}],"line":160},"14":{"loc":{"start":{"line":169,"column":23},"end":{"line":169,"column":75}},"type":"cond-expr","locations":[{"start":{"line":169,"column":38},"end":{"line":169,"column":55}},{"start":{"line":169,"column":58},"end":{"line":169,"column":75}}],"line":169},"15":{"loc":{"start":{"line":176,"column":4},"end":{"line":182,"column":5}},"type":"if","locations":[{"start":{"line":176,"column":4},"end":{"line":182,"column":5}},{"start":{},"end":{}}],"line":176},"16":{"loc":{"start":{"line":196,"column":6},"end":{"line":218,"column":7}},"type":"if","locations":[{"start":{"line":196,"column":6},"end":{"line":218,"column":7}},{"start":{"line":212,"column":13},"end":{"line":218,"column":7}}],"line":196},"17":{"loc":{"start":{"line":201,"column":10},"end":{"line":204,"column":11}},"type":"if","locations":[{"start":{"line":201,"column":10},"end":{"line":204,"column":11}},{"start":{},"end":{}}],"line":201},"18":{"loc":{"start":{"line":201,"column":14},"end":{"line":201,"column":104}},"type":"binary-expr","locations":[{"start":{"line":201,"column":14},"end":{"line":201,"column":65}},{"start":{"line":201,"column":69},"end":{"line":201,"column":104}}],"line":201}},"s":{"0":0,"1":0,"2":0,"3":0,"4":0,"5":0,"6":0,"7":0,"8":0,"9":0,"10":0,"11":0,"12":0,"13":0,"14":0,"15":0,"16":0,"17":0,"18":0,"19":0,"20":0,"21":0,"22":0,"23":0,"24":0,"25":0,"26":0,"27":0,"28":0,"29":0,"30":0,"31":0,"32":0,"33":0,"34":0,"35":0,"36":0,"37":0,"38":0,"39":0,"40":0,"41":0,"42":0,"43":0,"44":0,"45":0,"46":0,"47":0,"48":0,"49":0,"50":0,"51":0,"52":0,"53":0,"54":0,"55":0,"56":0,"57":0,"58":0,"59":0,"60":0,"61":0,"62":0,"63":0,"64":0,"65":0,"66":0,"67":0,"68":0,"69":0,"70":0,"71":0,"72":0,"73":0,"74":0,"75":0,"76":0,"77":0,"78":0,"79":0,"80":0,"81":0,"82":0},"f":{"0":0,"1":0},"b":{"0":[0,0],"1":[0,0],"2":[0,0],"3":[0,0],"4":[0,0],"5":[0,0],"6":[0,0],"7":[0,0],"8":[0,0],"9":[0,0],"10":[0,0],"11":[0,0],"12":[0,0],"13":[0,0],"14":[0,0],"15":[0,0],"16":[0,0],"17":[0,0],"18":[0,0]}}
}
