TN:
SF:server.js
FN:56,(anonymous_0)
FN:131,(anonymous_1)
FN:133,(anonymous_2)
FN:139,(anonymous_3)
FN:143,(anonymous_4)
FN:161,(anonymous_5)
FN:166,(anonymous_6)
FN:178,(anonymous_7)
FN:199,(anonymous_8)
FN:208,(anonymous_9)
FNF:10
FNH:2
FNDA:0,(anonymous_0)
FNDA:4,(anonymous_1)
FNDA:0,(anonymous_2)
FNDA:0,(anonymous_3)
FNDA:4,(anonymous_4)
FNDA:0,(anonymous_5)
FNDA:0,(anonymous_6)
FNDA:0,(anonymous_7)
FNDA:0,(anonymous_8)
FNDA:0,(anonymous_9)
DA:1,4
DA:2,4
DA:3,4
DA:4,4
DA:6,4
DA:8,4
DA:9,4
DA:10,4
DA:13,4
DA:16,4
DA:17,4
DA:25,4
DA:26,0
DA:27,0
DA:30,4
DA:31,0
DA:32,0
DA:34,0
DA:39,4
DA:40,4
DA:41,4
DA:47,4
DA:49,4
DA:52,4
DA:53,4
DA:55,4
DA:57,0
DA:65,0
DA:68,0
DA:69,0
DA:72,0
DA:73,0
DA:82,4
DA:85,4
DA:88,4
DA:91,4
DA:99,4
DA:102,4
DA:103,4
DA:106,4
DA:107,4
DA:108,4
DA:111,4
DA:112,4
DA:115,4
DA:118,4
DA:121,4
DA:124,4
DA:125,4
DA:128,4
DA:132,4
DA:134,0
DA:135,0
DA:139,4
DA:140,0
DA:143,4
DA:144,4
DA:148,4
DA:149,4
DA:150,4
DA:151,4
DA:152,4
DA:153,4
DA:154,4
DA:155,4
DA:156,4
DA:157,4
DA:158,4
DA:161,4
DA:162,0
DA:166,4
DA:167,0
DA:178,4
DA:179,0
DA:195,4
DA:198,4
DA:199,0
DA:200,0
DA:204,4
DA:207,4
DA:208,4
DA:209,0
DA:214,4
LF:83
LH:63
BRDA:16,0,0,4
BRDA:16,0,1,0
BRDA:25,1,0,0
BRDA:25,1,1,4
BRDA:25,2,0,4
BRDA:25,2,1,0
BRDA:30,3,0,0
BRDA:30,3,1,4
BRDA:30,4,0,4
BRDA:30,4,1,4
BRDA:31,5,0,0
BRDA:31,5,1,0
BRDA:57,6,0,0
BRDA:57,6,1,0
BRDA:65,7,0,0
BRDA:65,7,1,0
BRDA:68,8,0,0
BRDA:68,8,1,0
BRDA:102,9,0,4
BRDA:102,9,1,0
BRDA:128,10,0,4
BRDA:128,10,1,0
BRDA:171,11,0,0
BRDA:171,11,1,0
BRDA:172,12,0,0
BRDA:172,12,1,0
BRDA:172,12,2,0
BRDA:190,13,0,0
BRDA:190,13,1,0
BRDA:198,14,0,0
BRDA:198,14,1,4
BRDA:204,15,0,4
BRDA:204,15,1,0
BRDA:207,16,0,4
BRDA:207,16,1,0
BRF:35
BRH:11
end_of_record
TN:
SF:middleware/auth.js
FN:7,(anonymous_0)
FN:41,(anonymous_1)
FN:113,(anonymous_2)
FNF:3
FNH:0
FNDA:0,(anonymous_0)
FNDA:0,(anonymous_1)
FNDA:0,(anonymous_2)
DA:1,19
DA:2,19
DA:3,19
DA:4,19
DA:7,19
DA:8,0
DA:10,0
DA:11,0
DA:12,0
DA:15,0
DA:17,0
DA:18,0
DA:19,0
DA:22,0
DA:23,0
DA:25,0
DA:26,0
DA:27,0
DA:30,0
DA:31,0
DA:34,0
DA:35,0
DA:36,0
DA:41,19
DA:42,0
DA:44,0
DA:45,0
DA:46,0
DA:49,0
DA:51,0
DA:52,0
DA:61,0
DA:62,0
DA:64,0
DA:65,0
DA:74,0
DA:75,0
DA:77,0
DA:78,0
DA:87,0
DA:88,0
DA:97,0
DA:98,0
DA:99,0
DA:101,0
DA:113,19
DA:114,0
DA:116,0
DA:117,0
DA:118,0
DA:121,0
DA:123,0
DA:124,0
DA:133,0
DA:134,0
DA:136,0
DA:137,0
DA:147,0
DA:148,0
DA:157,0
DA:158,0
DA:160,0
DA:161,0
DA:170,0
DA:171,0
DA:180,0
DA:181,0
DA:182,0
DA:184,0
DA:195,19
LF:70
LH:8
BRDA:12,0,0,0
BRDA:12,0,1,0
BRDA:15,1,0,0
BRDA:15,1,1,0
BRDA:17,2,0,0
BRDA:17,2,1,0
BRDA:25,3,0,0
BRDA:25,3,1,0
BRDA:25,4,0,0
BRDA:25,4,1,0
BRDA:46,5,0,0
BRDA:46,5,1,0
BRDA:49,6,0,0
BRDA:49,6,1,0
BRDA:51,7,0,0
BRDA:51,7,1,0
BRDA:52,8,0,0
BRDA:52,8,1,0
BRDA:64,9,0,0
BRDA:64,9,1,0
BRDA:64,10,0,0
BRDA:64,10,1,0
BRDA:65,11,0,0
BRDA:65,11,1,0
BRDA:77,12,0,0
BRDA:77,12,1,0
BRDA:78,13,0,0
BRDA:78,13,1,0
BRDA:87,14,0,0
BRDA:87,14,1,0
BRDA:88,15,0,0
BRDA:88,15,1,0
BRDA:98,16,0,0
BRDA:98,16,1,0
BRDA:118,17,0,0
BRDA:118,17,1,0
BRDA:121,18,0,0
BRDA:121,18,1,0
BRDA:123,19,0,0
BRDA:123,19,1,0
BRDA:124,20,0,0
BRDA:124,20,1,0
BRDA:136,21,0,0
BRDA:136,21,1,0
BRDA:136,22,0,0
BRDA:136,22,1,0
BRDA:137,23,0,0
BRDA:137,23,1,0
BRDA:147,24,0,0
BRDA:147,24,1,0
BRDA:148,25,0,0
BRDA:148,25,1,0
BRDA:160,26,0,0
BRDA:160,26,1,0
BRDA:161,27,0,0
BRDA:161,27,1,0
BRDA:170,28,0,0
BRDA:170,28,1,0
BRDA:171,29,0,0
BRDA:171,29,1,0
BRDA:181,30,0,0
BRDA:181,30,1,0
BRF:62
BRH:0
end_of_record
TN:
SF:middleware/errorHandler.js
FN:6,(anonymous_0)
FN:19,(anonymous_1)
FN:24,(anonymous_2)
FN:32,(anonymous_3)
FN:33,(anonymous_4)
FN:38,(anonymous_5)
FN:41,(anonymous_6)
FN:45,(anonymous_7)
FN:79,(anonymous_8)
FN:129,(anonymous_9)
FN:151,(anonymous_10)
FN:152,(anonymous_11)
FN:158,(anonymous_12)
FN:167,(anonymous_13)
FN:176,(anonymous_14)
FN:184,(anonymous_15)
FNF:16
FNH:0
FNDA:0,(anonymous_0)
FNDA:0,(anonymous_1)
FNDA:0,(anonymous_2)
FNDA:0,(anonymous_3)
FNDA:0,(anonymous_4)
FNDA:0,(anonymous_5)
FNDA:0,(anonymous_6)
FNDA:0,(anonymous_7)
FNDA:0,(anonymous_8)
FNDA:0,(anonymous_9)
FNDA:0,(anonymous_10)
FNDA:0,(anonymous_11)
FNDA:0,(anonymous_12)
FNDA:0,(anonymous_13)
FNDA:0,(anonymous_14)
FNDA:0,(anonymous_15)
DA:1,16
DA:2,16
DA:7,0
DA:8,0
DA:9,0
DA:10,0
DA:11,0
DA:12,0
DA:14,0
DA:19,16
DA:20,0
DA:21,0
DA:24,16
DA:26,0
DA:27,0
DA:28,0
DA:29,0
DA:32,16
DA:33,0
DA:34,0
DA:35,0
DA:38,16
DA:39,0
DA:41,16
DA:42,0
DA:45,16
DA:47,0
DA:57,0
DA:60,0
DA:61,0
DA:62,0
DA:65,0
DA:79,16
DA:81,0
DA:91,0
DA:94,0
DA:96,0
DA:97,0
DA:98,0
DA:101,0
DA:111,0
DA:117,0
DA:119,0
DA:129,16
DA:130,0
DA:131,0
DA:133,0
DA:134,0
DA:136,0
DA:137,0
DA:140,0
DA:141,0
DA:142,0
DA:143,0
DA:144,0
DA:146,0
DA:151,16
DA:152,0
DA:153,0
DA:158,16
DA:159,0
DA:166,0
DA:167,0
DA:168,0
DA:171,0
DA:176,16
DA:177,0
DA:183,0
DA:184,0
DA:185,0
DA:188,0
DA:192,16
LF:72
LH:14
BRDA:6,0,0,0
BRDA:6,1,0,0
BRDA:11,2,0,0
BRDA:11,2,1,0
BRDA:27,3,0,0
BRDA:27,3,1,0
BRDA:57,4,0,0
BRDA:57,4,1,0
BRDA:57,4,2,0
BRDA:61,5,0,0
BRDA:61,5,1,0
BRDA:62,6,0,0
BRDA:62,6,1,0
BRDA:91,7,0,0
BRDA:91,7,1,0
BRDA:91,7,2,0
BRDA:94,8,0,0
BRDA:94,8,1,0
BRDA:97,9,0,0
BRDA:97,9,1,0
BRDA:98,10,0,0
BRDA:98,10,1,0
BRDA:130,11,0,0
BRDA:130,11,1,0
BRDA:131,12,0,0
BRDA:131,12,1,0
BRDA:133,13,0,0
BRDA:133,13,1,0
BRDA:140,14,0,0
BRDA:140,14,1,0
BRDA:141,15,0,0
BRDA:141,15,1,0
BRDA:142,16,0,0
BRDA:142,16,1,0
BRDA:143,17,0,0
BRDA:143,17,1,0
BRDA:144,18,0,0
BRDA:144,18,1,0
BRDA:166,19,0,0
BRDA:166,19,1,0
BRDA:183,20,0,0
BRDA:183,20,1,0
BRF:42
BRH:0
end_of_record
TN:
SF:middleware/security.js
FN:9,(anonymous_0)
FN:54,(anonymous_1)
FN:62,(anonymous_2)
FN:93,(anonymous_3)
FN:152,(anonymous_4)
FN:161,(anonymous_5)
FN:208,(anonymous_6)
FN:217,(anonymous_7)
FN:230,(anonymous_8)
FNF:9
FNH:1
FNDA:0,(anonymous_0)
FNDA:0,(anonymous_1)
FNDA:0,(anonymous_2)
FNDA:75,(anonymous_3)
FNDA:0,(anonymous_4)
FNDA:0,(anonymous_5)
FNDA:0,(anonymous_6)
FNDA:0,(anonymous_7)
FNDA:0,(anonymous_8)
DA:1,15
DA:2,15
DA:3,15
DA:4,15
DA:5,15
DA:6,15
DA:9,15
DA:11,0
DA:12,0
DA:16,0
DA:17,0
DA:21,0
DA:22,0
DA:25,0
DA:26,0
DA:29,0
DA:30,0
DA:31,0
DA:34,0
DA:35,0
DA:41,0
DA:50,0
DA:54,15
DA:55,0
DA:56,0
DA:58,0
DA:62,15
DA:63,0
DA:65,0
DA:66,0
DA:76,0
DA:78,0
DA:79,0
DA:88,0
DA:89,0
DA:93,15
DA:94,75
DA:111,15
DA:149,15
DA:152,0
DA:158,15
DA:162,0
DA:168,15
DA:208,15
DA:209,0
DA:211,0
DA:212,0
DA:217,0
DA:226,0
DA:230,15
DA:232,0
DA:233,0
DA:234,0
DA:235,0
DA:236,0
DA:239,0
DA:241,0
DA:244,15
LF:58
LH:18
BRDA:11,0,0,0
BRDA:11,0,1,0
BRDA:16,1,0,0
BRDA:16,1,1,0
BRDA:21,2,0,0
BRDA:21,2,1,0
BRDA:21,3,0,0
BRDA:21,3,1,0
BRDA:25,4,0,0
BRDA:25,4,1,0
BRDA:29,5,0,0
BRDA:29,5,1,0
BRDA:34,6,0,0
BRDA:34,6,1,0
BRDA:34,7,0,0
BRDA:34,7,1,0
BRDA:34,7,2,0
BRDA:36,8,0,0
BRDA:36,8,1,0
BRDA:37,9,0,0
BRDA:37,9,1,0
BRDA:55,10,0,0
BRDA:55,10,1,0
BRDA:65,11,0,0
BRDA:65,11,1,0
BRDA:76,12,0,0
BRDA:76,12,1,0
BRDA:78,13,0,0
BRDA:78,13,1,0
BRDA:211,14,0,0
BRDA:211,14,1,0
BRF:31
BRH:0
end_of_record
TN:
SF:middleware/sessionCSRF.js
FN:5,(anonymous_0)
FN:13,(anonymous_1)
FN:50,(anonymous_2)
FN:70,(anonymous_3)
FN:87,(anonymous_4)
FNF:5
FNH:1
FNDA:0,(anonymous_0)
FNDA:0,(anonymous_1)
FNDA:4,(anonymous_2)
FNDA:0,(anonymous_3)
FNDA:0,(anonymous_4)
DA:1,17
DA:2,17
DA:5,17
DA:6,0
DA:7,0
DA:9,0
DA:13,17
DA:15,0
DA:16,0
DA:19,0
DA:29,0
DA:30,0
DA:37,0
DA:46,0
DA:50,17
DA:70,17
DA:71,0
DA:72,0
DA:76,0
DA:77,0
DA:83,0
DA:87,17
DA:88,0
DA:90,0
DA:93,0
DA:96,17
LF:26
LH:8
BRDA:6,0,0,0
BRDA:6,0,1,0
BRDA:15,1,0,0
BRDA:15,1,1,0
BRDA:15,2,0,0
BRDA:15,2,1,0
BRDA:19,3,0,0
BRDA:19,3,1,0
BRDA:29,4,0,0
BRDA:29,4,1,0
BRDA:29,5,0,0
BRDA:29,5,1,0
BRDA:31,6,0,0
BRDA:31,6,1,0
BRDA:32,7,0,0
BRDA:32,7,1,0
BRDA:51,8,0,4
BRDA:51,8,1,0
BRDA:62,9,0,0
BRDA:62,9,1,4
BRDA:71,10,0,0
BRDA:71,10,1,0
BRDA:71,11,0,0
BRDA:71,11,1,0
BRDA:76,12,0,0
BRDA:76,12,1,0
BRDA:88,13,0,0
BRDA:88,13,1,0
BRDA:88,14,0,0
BRDA:88,14,1,0
BRF:30
BRH:2
end_of_record
TN:
SF:middleware/uploadSecurity.js
FN:27,(anonymous_0)
FN:42,(anonymous_1)
FN:50,(anonymous_2)
FN:85,(anonymous_3)
FN:95,(anonymous_4)
FN:106,(anonymous_5)
FN:114,(anonymous_6)
FN:161,(anonymous_7)
FN:199,(anonymous_8)
FN:211,(anonymous_9)
FN:215,(anonymous_10)
FNF:11
FNH:1
FNDA:0,(anonymous_0)
FNDA:0,(anonymous_1)
FNDA:0,(anonymous_2)
FNDA:0,(anonymous_3)
FNDA:0,(anonymous_4)
FNDA:26,(anonymous_5)
FNDA:0,(anonymous_6)
FNDA:0,(anonymous_7)
FNDA:0,(anonymous_8)
FNDA:0,(anonymous_9)
FNDA:0,(anonymous_10)
DA:1,13
DA:2,13
DA:3,13
DA:6,13
DA:20,13
DA:27,13
DA:28,0
DA:29,0
DA:32,0
DA:33,0
DA:37,0
DA:38,0
DA:42,0
DA:43,0
DA:46,0
DA:50,13
DA:51,0
DA:68,0
DA:70,0
DA:71,0
DA:72,0
DA:73,0
DA:74,0
DA:77,0
DA:79,0
DA:82,0
DA:84,0
DA:85,0
DA:88,0
DA:91,0
DA:95,13
DA:96,0
DA:97,0
DA:98,0
DA:101,0
DA:102,0
DA:106,13
DA:107,26
DA:109,26
DA:110,0
DA:113,26
DA:115,0
DA:117,0
DA:118,0
DA:122,0
DA:123,0
DA:124,0
DA:128,0
DA:129,0
DA:133,0
DA:134,0
DA:138,0
DA:139,0
DA:143,0
DA:144,0
DA:147,0
DA:149,0
DA:162,0
DA:164,0
DA:165,0
DA:169,0
DA:170,0
DA:171,0
DA:172,0
DA:175,0
DA:177,0
DA:178,0
DA:182,0
DA:183,0
DA:184,0
DA:185,0
DA:188,0
DA:191,0
DA:192,0
DA:194,0
DA:200,0
DA:201,0
DA:202,0
DA:204,0
DA:211,13
DA:212,0
DA:214,0
DA:215,0
DA:216,0
DA:217,0
DA:218,0
DA:220,0
DA:227,13
LF:88
LH:14
BRDA:32,0,0,0
BRDA:32,0,1,0
BRDA:32,1,0,0
BRDA:32,1,1,0
BRDA:32,1,2,0
BRDA:37,2,0,0
BRDA:37,2,1,0
BRDA:42,3,0,0
BRDA:42,3,1,0
BRDA:68,4,0,0
BRDA:68,4,1,0
BRDA:70,5,0,0
BRDA:70,5,1,0
BRDA:71,6,0,0
BRDA:71,6,1,0
BRDA:72,7,0,0
BRDA:72,7,1,0
BRDA:73,8,0,0
BRDA:73,8,1,0
BRDA:77,9,0,0
BRDA:77,9,1,0
BRDA:82,10,0,0
BRDA:82,10,1,0
BRDA:82,11,0,0
BRDA:82,11,1,0
BRDA:82,11,2,0
BRDA:109,12,0,0
BRDA:109,12,1,26
BRDA:117,13,0,0
BRDA:117,13,1,0
BRDA:123,14,0,0
BRDA:123,14,1,0
BRDA:128,15,0,0
BRDA:128,15,1,0
BRDA:133,16,0,0
BRDA:133,16,1,0
BRDA:138,17,0,0
BRDA:138,17,1,0
BRDA:143,18,0,0
BRDA:143,18,1,0
BRDA:155,19,0,13
BRDA:155,19,1,13
BRDA:164,20,0,0
BRDA:164,20,1,0
BRDA:175,21,0,0
BRDA:175,21,1,0
BRDA:183,22,0,0
BRDA:183,22,1,0
BRDA:191,23,0,0
BRDA:191,23,1,0
BRDA:212,24,0,0
BRDA:212,24,1,0
BRDA:214,25,0,0
BRDA:214,25,1,0
BRDA:216,26,0,0
BRDA:216,26,1,0
BRDA:216,27,0,0
BRDA:216,27,1,0
BRF:58
BRH:3
end_of_record
TN:
SF:models/Cart.js
FN:47,(anonymous_0)
FN:48,(anonymous_1)
FN:50,(anonymous_2)
FN:57,(anonymous_3)
FN:58,(anonymous_4)
FN:85,(anonymous_5)
FN:86,(anonymous_6)
FN:104,(anonymous_7)
FN:105,(anonymous_8)
FN:118,(anonymous_9)
FNF:10
FNH:0
FNDA:0,(anonymous_0)
FNDA:0,(anonymous_1)
FNDA:0,(anonymous_2)
FNDA:0,(anonymous_3)
FNDA:0,(anonymous_4)
FNDA:0,(anonymous_5)
FNDA:0,(anonymous_6)
FNDA:0,(anonymous_7)
FNDA:0,(anonymous_8)
FNDA:0,(anonymous_9)
DA:1,15
DA:3,15
DA:42,15
DA:43,15
DA:44,15
DA:47,15
DA:48,0
DA:49,0
DA:50,0
DA:57,15
DA:58,0
DA:59,0
DA:62,0
DA:64,0
DA:65,0
DA:68,0
DA:76,0
DA:78,0
DA:79,0
DA:80,0
DA:85,15
DA:86,0
DA:87,0
DA:90,0
DA:91,0
DA:92,0
DA:94,0
DA:95,0
DA:97,0
DA:98,0
DA:100,0
DA:104,15
DA:105,0
DA:106,0
DA:109,0
DA:110,0
DA:111,0
DA:112,0
DA:114,0
DA:118,15
DA:119,0
DA:120,0
DA:123,15
LF:43
LH:11
BRDA:62,0,0,0
BRDA:62,0,1,0
BRDA:79,1,0,0
BRDA:79,1,1,0
BRDA:79,2,0,0
BRDA:79,2,1,0
BRDA:90,3,0,0
BRDA:90,3,1,0
BRDA:91,4,0,0
BRDA:91,4,1,0
BRDA:109,5,0,0
BRDA:109,5,1,0
BRF:12
BRH:0
end_of_record
TN:
SF:models/Category.js
FN:60,(anonymous_0)
FNF:1
FNH:0
FNDA:0,(anonymous_0)
DA:1,0
DA:3,0
DA:47,0
DA:48,0
DA:49,0
DA:52,0
DA:60,0
DA:61,0
DA:62,0
DA:63,0
DA:66,0
DA:68,0
LF:12
LH:0
BRF:0
BRH:0
end_of_record
TN:
SF:models/GDPRConsent.js
FN:71,(anonymous_0)
FN:75,(anonymous_1)
FN:85,(anonymous_2)
FN:90,(anonymous_3)
FN:97,(anonymous_4)
FN:99,(anonymous_5)
FN:109,(anonymous_6)
FN:117,(anonymous_7)
FN:125,(anonymous_8)
FN:144,(anonymous_9)
FN:149,(anonymous_10)
FNF:11
FNH:0
FNDA:0,(anonymous_0)
FNDA:0,(anonymous_1)
FNDA:0,(anonymous_2)
FNDA:0,(anonymous_3)
FNDA:0,(anonymous_4)
FNDA:0,(anonymous_5)
FNDA:0,(anonymous_6)
FNDA:0,(anonymous_7)
FNDA:0,(anonymous_8)
FNDA:0,(anonymous_9)
FNDA:0,(anonymous_10)
DA:1,17
DA:3,17
DA:66,17
DA:67,17
DA:68,17
DA:71,17
DA:72,0
DA:75,0
DA:76,0
DA:77,0
DA:81,0
DA:85,17
DA:86,0
DA:90,17
DA:91,0
DA:92,0
DA:93,0
DA:97,17
DA:98,0
DA:99,0
DA:100,0
DA:101,0
DA:102,0
DA:105,0
DA:109,17
DA:110,0
DA:117,17
DA:118,0
DA:125,17
DA:127,0
DA:128,0
DA:132,0
DA:133,0
DA:140,0
DA:144,17
DA:145,0
DA:149,17
DA:150,0
DA:151,0
DA:152,0
DA:153,0
DA:154,0
DA:157,17
DA:159,17
LF:44
LH:16
BRDA:76,0,0,0
BRDA:76,0,1,0
BRDA:77,1,0,0
BRDA:77,1,1,0
BRDA:86,2,0,0
BRDA:86,2,1,0
BRDA:91,3,0,0
BRDA:91,3,1,0
BRDA:92,4,0,0
BRDA:92,4,1,0
BRDA:100,5,0,0
BRDA:100,5,1,0
BRDA:127,6,0,0
BRDA:127,6,1,0
BRDA:132,7,0,0
BRDA:132,7,1,0
BRF:16
BRH:0
end_of_record
TN:
SF:models/Order.js
FN:16,(anonymous_0)
FN:22,(anonymous_1)
FN:27,(anonymous_2)
FN:186,(anonymous_3)
FN:204,(anonymous_4)
FN:212,(anonymous_5)
FN:220,(anonymous_6)
FN:221,(anonymous_7)
FN:225,(anonymous_8)
FN:226,(anonymous_9)
FN:230,(anonymous_10)
FN:246,(anonymous_11)
FN:254,(anonymous_12)
FN:267,(anonymous_13)
FN:299,(anonymous_14)
FN:304,(anonymous_15)
FNF:16
FNH:0
FNDA:0,(anonymous_0)
FNDA:0,(anonymous_1)
FNDA:0,(anonymous_2)
FNDA:0,(anonymous_3)
FNDA:0,(anonymous_4)
FNDA:0,(anonymous_5)
FNDA:0,(anonymous_6)
FNDA:0,(anonymous_7)
FNDA:0,(anonymous_8)
FNDA:0,(anonymous_9)
FNDA:0,(anonymous_10)
FNDA:0,(anonymous_11)
FNDA:0,(anonymous_12)
FNDA:0,(anonymous_13)
FNDA:0,(anonymous_14)
FNDA:0,(anonymous_15)
DA:1,21
DA:3,21
DA:16,0
DA:22,0
DA:27,0
DA:176,21
DA:177,21
DA:178,21
DA:179,21
DA:180,21
DA:181,21
DA:182,21
DA:183,21
DA:186,21
DA:187,0
DA:188,0
DA:192,0
DA:193,0
DA:200,0
DA:204,21
DA:205,0
DA:206,0
DA:208,0
DA:212,21
DA:213,0
DA:214,0
DA:216,0
DA:220,21
DA:221,0
DA:225,21
DA:226,0
DA:230,21
DA:231,0
DA:232,0
DA:233,0
DA:234,0
DA:235,0
DA:236,0
DA:237,0
DA:239,0
DA:242,0
DA:246,21
DA:247,0
DA:254,21
DA:255,0
DA:263,0
DA:267,21
DA:268,0
DA:271,0
DA:272,0
DA:276,0
DA:286,0
DA:289,0
DA:290,0
DA:293,0
DA:294,0
DA:299,21
DA:300,0
DA:303,0
DA:304,0
DA:305,0
DA:306,0
DA:308,0
DA:313,0
DA:317,0
DA:323,21
LF:66
LH:21
BRDA:187,0,0,0
BRDA:187,0,1,0
BRDA:192,1,0,0
BRDA:192,1,1,0
BRDA:192,2,0,0
BRDA:192,2,1,0
BRDA:192,2,2,0
BRDA:194,3,0,0
BRDA:194,3,1,0
BRDA:205,4,0,0
BRDA:205,4,1,0
BRDA:205,5,0,0
BRDA:205,5,1,0
BRDA:213,6,0,0
BRDA:213,6,1,0
BRDA:213,7,0,0
BRDA:213,7,1,0
BRDA:230,8,0,0
BRDA:232,9,0,0
BRDA:232,9,1,0
BRDA:234,10,0,0
BRDA:234,10,1,0
BRDA:263,11,0,0
BRDA:263,11,1,0
BRDA:267,12,0,0
BRDA:271,13,0,0
BRDA:271,13,1,0
BRDA:289,14,0,0
BRDA:289,14,1,0
BRDA:290,15,0,0
BRDA:290,15,1,0
BRDA:293,16,0,0
BRDA:293,16,1,0
BRDA:293,17,0,0
BRDA:293,17,1,0
BRDA:303,18,0,0
BRDA:303,18,1,0
BRDA:306,19,0,0
BRDA:306,19,1,0
BRF:39
BRH:0
end_of_record
TN:
SF:models/Product.js
FN:142,(anonymous_0)
FN:149,(anonymous_1)
FN:167,(anonymous_2)
FN:175,(anonymous_3)
FN:183,(anonymous_4)
FN:188,(anonymous_5)
FN:193,(anonymous_6)
FN:210,(anonymous_7)
FNF:8
FNH:0
FNDA:0,(anonymous_0)
FNDA:0,(anonymous_1)
FNDA:0,(anonymous_2)
FNDA:0,(anonymous_3)
FNDA:0,(anonymous_4)
FNDA:0,(anonymous_5)
FNDA:0,(anonymous_6)
FNDA:0,(anonymous_7)
DA:1,24
DA:3,24
DA:131,24
DA:132,24
DA:133,24
DA:134,24
DA:135,24
DA:136,24
DA:137,24
DA:138,24
DA:139,24
DA:142,24
DA:143,0
DA:144,0
DA:145,0
DA:149,24
DA:150,0
DA:151,0
DA:158,0
DA:159,0
DA:167,24
DA:168,0
DA:169,0
DA:170,0
DA:171,0
DA:175,24
DA:176,0
DA:177,0
DA:178,0
DA:179,0
DA:183,24
DA:184,0
DA:188,24
DA:189,0
DA:193,24
DA:194,0
DA:210,24
DA:211,0
DA:212,0
DA:216,0
DA:217,0
DA:219,0
DA:221,0
DA:224,24
LF:44
LH:20
BRDA:149,0,0,0
BRDA:150,1,0,0
BRDA:150,1,1,0
BRDA:150,2,0,0
BRDA:150,2,1,0
BRDA:150,2,2,0
BRDA:160,3,0,0
BRDA:160,3,1,0
BRDA:161,4,0,0
BRDA:161,4,1,0
BRDA:162,5,0,0
BRDA:162,5,1,0
BRDA:183,6,0,0
BRDA:188,7,0,0
BRDA:211,8,0,0
BRDA:211,8,1,0
BRDA:211,9,0,0
BRDA:211,9,1,0
BRDA:216,10,0,0
BRDA:216,10,1,0
BRF:20
BRH:0
end_of_record
TN:
SF:models/Review.js
FN:72,(anonymous_0)
FN:83,(anonymous_1)
FN:94,(anonymous_2)
FN:101,(anonymous_3)
FN:118,(anonymous_4)
FN:149,(anonymous_5)
FN:156,(anonymous_6)
FN:180,(anonymous_7)
FN:192,(anonymous_8)
FN:202,(anonymous_9)
FNF:10
FNH:0
FNDA:0,(anonymous_0)
FNDA:0,(anonymous_1)
FNDA:0,(anonymous_2)
FNDA:0,(anonymous_3)
FNDA:0,(anonymous_4)
FNDA:0,(anonymous_5)
FNDA:0,(anonymous_6)
FNDA:0,(anonymous_7)
FNDA:0,(anonymous_8)
FNDA:0,(anonymous_9)
DA:1,14
DA:3,14
DA:66,14
DA:67,14
DA:68,14
DA:69,14
DA:72,14
DA:73,0
DA:74,0
DA:75,0
DA:76,0
DA:77,0
DA:79,0
DA:83,14
DA:84,0
DA:85,0
DA:86,0
DA:87,0
DA:88,0
DA:90,0
DA:94,14
DA:95,0
DA:101,14
DA:102,0
DA:107,0
DA:108,0
DA:111,0
DA:118,14
DA:119,0
DA:122,0
DA:131,0
DA:132,0
DA:136,0
DA:141,0
DA:142,0
DA:145,0
DA:149,14
DA:150,0
DA:151,0
DA:152,0
DA:156,14
DA:157,0
DA:171,0
DA:172,0
DA:179,0
DA:180,0
DA:181,0
DA:184,0
DA:192,14
DA:193,0
DA:194,0
DA:195,0
DA:196,0
DA:198,0
DA:202,14
DA:203,0
DA:204,0
DA:205,0
DA:206,0
DA:207,0
DA:209,0
DA:212,14
LF:62
LH:16
BRDA:72,0,0,0
BRDA:76,1,0,0
BRDA:76,1,1,0
BRDA:83,2,0,0
BRDA:87,3,0,0
BRDA:87,3,1,0
BRDA:94,4,0,0
BRDA:107,5,0,0
BRDA:107,5,1,0
BRDA:131,6,0,0
BRDA:131,6,1,0
BRDA:141,7,0,0
BRDA:141,7,1,0
BRDA:152,8,0,0
BRDA:152,8,1,0
BRDA:171,9,0,0
BRDA:171,9,1,0
BRDA:193,10,0,0
BRDA:193,10,1,0
BRDA:204,11,0,0
BRDA:204,11,1,0
BRF:21
BRH:0
end_of_record
TN:
SF:models/Settings.js
FN:146,(anonymous_0)
FN:167,(anonymous_1)
FN:172,(anonymous_2)
FN:194,(anonymous_3)
FN:259,(anonymous_4)
FN:276,(anonymous_5)
FN:282,(anonymous_6)
FN:306,(anonymous_7)
FN:316,(anonymous_8)
FN:320,(anonymous_9)
FN:328,(anonymous_10)
FN:346,(anonymous_11)
FNF:12
FNH:0
FNDA:0,(anonymous_0)
FNDA:0,(anonymous_1)
FNDA:0,(anonymous_2)
FNDA:0,(anonymous_3)
FNDA:0,(anonymous_4)
FNDA:0,(anonymous_5)
FNDA:0,(anonymous_6)
FNDA:0,(anonymous_7)
FNDA:0,(anonymous_8)
FNDA:0,(anonymous_9)
FNDA:0,(anonymous_10)
FNDA:0,(anonymous_11)
DA:1,4
DA:3,4
DA:140,4
DA:141,4
DA:142,4
DA:143,4
DA:146,4
DA:148,0
DA:149,0
DA:157,0
DA:158,0
DA:159,0
DA:163,0
DA:167,4
DA:168,0
DA:172,4
DA:173,0
DA:174,0
DA:177,0
DA:179,0
DA:181,0
DA:183,0
DA:186,0
DA:189,0
DA:194,4
DA:195,0
DA:196,0
DA:199,0
DA:200,0
DA:201,0
DA:205,0
DA:206,0
DA:210,0
DA:212,0
DA:213,0
DA:215,0
DA:216,0
DA:218,0
DA:219,0
DA:220,0
DA:221,0
DA:224,0
DA:227,0
DA:228,0
DA:229,0
DA:231,0
DA:232,0
DA:234,0
DA:235,0
DA:238,0
DA:242,0
DA:243,0
DA:245,0
DA:246,0
DA:248,0
DA:249,0
DA:252,0
DA:255,0
DA:259,4
DA:260,0
DA:261,0
DA:264,0
DA:272,0
DA:276,4
DA:277,0
DA:278,0
DA:282,4
DA:283,0
DA:284,0
DA:285,0
DA:289,0
DA:290,0
DA:291,0
DA:294,0
DA:295,0
DA:298,0
DA:299,0
DA:302,0
DA:306,4
DA:307,0
DA:308,0
DA:309,0
DA:312,0
DA:316,4
DA:317,0
DA:318,0
DA:320,0
DA:321,0
DA:324,0
DA:328,4
DA:329,0
DA:346,4
DA:347,0
DA:358,4
LF:94
LH:18
BRDA:148,0,0,0
BRDA:148,0,1,0
BRDA:148,1,0,0
BRDA:148,1,1,0
BRDA:158,2,0,0
BRDA:158,2,1,0
BRDA:173,3,0,0
BRDA:173,3,1,0
BRDA:173,4,0,0
BRDA:173,4,1,0
BRDA:177,5,0,0
BRDA:177,5,1,0
BRDA:177,5,2,0
BRDA:177,5,3,0
BRDA:177,5,4,0
BRDA:177,5,5,0
BRDA:177,5,6,0
BRDA:183,6,0,0
BRDA:183,6,1,0
BRDA:186,7,0,0
BRDA:186,7,1,0
BRDA:199,8,0,0
BRDA:199,8,1,0
BRDA:199,9,0,0
BRDA:199,9,1,0
BRDA:199,9,2,0
BRDA:199,9,3,0
BRDA:205,10,0,0
BRDA:205,10,1,0
BRDA:205,11,0,0
BRDA:205,11,1,0
BRDA:205,11,2,0
BRDA:205,11,3,0
BRDA:210,12,0,0
BRDA:210,12,1,0
BRDA:210,12,2,0
BRDA:212,13,0,0
BRDA:212,13,1,0
BRDA:212,14,0,0
BRDA:212,14,1,0
BRDA:215,15,0,0
BRDA:215,15,1,0
BRDA:215,16,0,0
BRDA:215,16,1,0
BRDA:218,17,0,0
BRDA:218,17,1,0
BRDA:220,18,0,0
BRDA:220,18,1,0
BRDA:228,19,0,0
BRDA:228,19,1,0
BRDA:231,20,0,0
BRDA:231,20,1,0
BRDA:231,21,0,0
BRDA:231,21,1,0
BRDA:234,22,0,0
BRDA:234,22,1,0
BRDA:234,23,0,0
BRDA:234,23,1,0
BRDA:242,24,0,0
BRDA:242,24,1,0
BRDA:245,25,0,0
BRDA:245,25,1,0
BRDA:245,26,0,0
BRDA:245,26,1,0
BRDA:248,27,0,0
BRDA:248,27,1,0
BRDA:248,28,0,0
BRDA:248,28,1,0
BRDA:259,29,0,0
BRDA:276,30,0,0
BRDA:278,31,0,0
BRDA:278,31,1,0
BRDA:284,32,0,0
BRDA:284,32,1,0
BRDA:290,33,0,0
BRDA:290,33,1,0
BRDA:298,34,0,0
BRDA:298,34,1,0
BRDA:298,35,0,0
BRDA:298,35,1,0
BRDA:306,36,0,0
BRDA:308,37,0,0
BRDA:308,37,1,0
BRF:83
BRH:0
end_of_record
TN:
SF:models/User.js
FN:148,(anonymous_0)
FN:155,(anonymous_1)
FN:160,(anonymous_2)
FN:161,(anonymous_3)
FN:162,(anonymous_4)
FN:166,(anonymous_5)
FN:167,(anonymous_6)
FN:168,(anonymous_7)
FN:173,(anonymous_8)
FN:176,(anonymous_9)
FN:188,(anonymous_10)
FN:194,(anonymous_11)
FN:206,(anonymous_12)
FN:212,(anonymous_13)
FN:217,(anonymous_14)
FN:229,(anonymous_15)
FN:235,(anonymous_16)
FN:241,(anonymous_17)
FNF:18
FNH:1
FNDA:3,(anonymous_0)
FNDA:0,(anonymous_1)
FNDA:0,(anonymous_2)
FNDA:0,(anonymous_3)
FNDA:0,(anonymous_4)
FNDA:0,(anonymous_5)
FNDA:0,(anonymous_6)
FNDA:0,(anonymous_7)
FNDA:0,(anonymous_8)
FNDA:0,(anonymous_9)
FNDA:0,(anonymous_10)
FNDA:0,(anonymous_11)
FNDA:0,(anonymous_12)
FNDA:0,(anonymous_13)
FNDA:0,(anonymous_14)
FNDA:0,(anonymous_15)
FNDA:0,(anonymous_16)
FNDA:0,(anonymous_17)
DA:1,24
DA:2,24
DA:4,24
DA:143,24
DA:144,24
DA:145,24
DA:148,24
DA:149,3
DA:150,3
DA:151,3
DA:155,24
DA:156,0
DA:160,24
DA:161,0
DA:162,0
DA:166,24
DA:167,0
DA:168,0
DA:173,24
DA:175,0
DA:176,0
DA:177,0
DA:178,0
DA:183,0
DA:184,0
DA:188,24
DA:189,0
DA:190,0
DA:193,0
DA:194,0
DA:195,0
DA:196,0
DA:201,0
DA:202,0
DA:206,24
DA:207,0
DA:208,0
DA:212,24
DA:213,0
DA:214,0
DA:217,0
DA:218,0
DA:219,0
DA:224,0
DA:225,0
DA:229,24
DA:230,0
DA:231,0
DA:235,24
DA:236,0
DA:237,0
DA:241,24
DA:242,0
DA:257,24
LF:54
LH:21
BRDA:149,0,0,0
BRDA:149,0,1,3
BRDA:161,1,0,0
BRDA:161,1,1,0
BRDA:161,2,0,0
BRDA:161,2,1,0
BRDA:167,3,0,0
BRDA:167,3,1,0
BRDA:167,3,2,0
BRDA:167,4,0,0
BRDA:167,4,1,0
BRDA:175,5,0,0
BRDA:175,5,1,0
BRDA:177,6,0,0
BRDA:177,6,1,0
BRDA:190,7,0,0
BRDA:190,7,1,0
BRDA:193,8,0,0
BRDA:193,8,1,0
BRDA:195,9,0,0
BRDA:195,9,1,0
BRDA:195,10,0,0
BRDA:195,10,1,0
BRDA:214,11,0,0
BRDA:214,11,1,0
BRDA:218,12,0,0
BRDA:218,12,1,0
BRDA:218,13,0,0
BRDA:218,13,1,0
BRDA:236,14,0,0
BRDA:236,14,1,0
BRF:31
BRH:1
end_of_record
TN:
SF:models/Wholesaler.js
FN:87,(anonymous_0)
FNF:1
FNH:0
FNDA:0,(anonymous_0)
DA:1,0
DA:3,0
DA:83,0
DA:84,0
DA:87,0
DA:88,0
DA:89,0
DA:90,0
DA:93,0
DA:95,0
LF:10
LH:0
BRF:0
BRH:0
end_of_record
TN:
SF:routes/admin.js
FN:34,(anonymous_0)
FN:43,(anonymous_1)
FN:60,(anonymous_2)
FN:64,(anonymous_3)
FN:83,(anonymous_4)
FN:134,(anonymous_5)
FN:207,(anonymous_6)
FN:240,(anonymous_7)
FN:257,(anonymous_8)
FN:287,(anonymous_9)
FN:308,(anonymous_10)
FN:311,(anonymous_11)
FN:344,(anonymous_12)
FN:344,(anonymous_13)
FN:383,(anonymous_14)
FN:435,(anonymous_15)
FN:460,(anonymous_16)
FN:484,(anonymous_17)
FN:493,(anonymous_18)
FN:493,(anonymous_19)
FN:507,(anonymous_20)
FN:529,(anonymous_21)
FN:564,(anonymous_22)
FN:592,(anonymous_23)
FN:632,(anonymous_24)
FN:634,(anonymous_25)
FN:678,(anonymous_26)
FN:700,(anonymous_27)
FN:701,(anonymous_28)
FN:735,(anonymous_29)
FN:749,(anonymous_30)
FN:773,(anonymous_31)
FN:783,(anonymous_32)
FN:804,(anonymous_33)
FN:814,(anonymous_34)
FN:840,(anonymous_35)
FN:885,(anonymous_36)
FN:906,(anonymous_37)
FN:931,(anonymous_38)
FN:1037,(anonymous_39)
FN:1082,(anonymous_40)
FN:1168,(anonymous_41)
FN:1185,(anonymous_42)
FN:1242,(anonymous_43)
FN:1292,(anonymous_44)
FN:1407,(anonymous_45)
FN:1425,(anonymous_46)
FN:1456,(anonymous_47)
FN:1502,(anonymous_48)
FN:1548,(anonymous_49)
FN:1605,(anonymous_50)
FN:1670,(anonymous_51)
FN:1704,(anonymous_52)
FN:1721,(anonymous_53)
FN:1854,(anonymous_54)
FN:1862,(anonymous_55)
FN:1880,(anonymous_56)
FN:1964,(anonymous_57)
FN:1973,(anonymous_58)
FN:1993,(anonymous_59)
FN:2039,(anonymous_60)
FN:2051,(anonymous_61)
FN:2087,(anonymous_62)
FN:2136,(anonymous_63)
FN:2177,(anonymous_64)
FN:2197,(anonymous_65)
FN:2198,(anonymous_66)
FN:2234,(anonymous_67)
FN:2328,(anonymous_68)
FN:2375,(anonymous_69)
FN:2414,(anonymous_70)
FN:2475,(anonymous_71)
FN:2562,(anonymous_72)
FN:2643,(anonymous_73)
FN:2677,(anonymous_74)
FNF:75
FNH:0
FNDA:0,(anonymous_0)
FNDA:0,(anonymous_1)
FNDA:0,(anonymous_2)
FNDA:0,(anonymous_3)
FNDA:0,(anonymous_4)
FNDA:0,(anonymous_5)
FNDA:0,(anonymous_6)
FNDA:0,(anonymous_7)
FNDA:0,(anonymous_8)
FNDA:0,(anonymous_9)
FNDA:0,(anonymous_10)
FNDA:0,(anonymous_11)
FNDA:0,(anonymous_12)
FNDA:0,(anonymous_13)
FNDA:0,(anonymous_14)
FNDA:0,(anonymous_15)
FNDA:0,(anonymous_16)
FNDA:0,(anonymous_17)
FNDA:0,(anonymous_18)
FNDA:0,(anonymous_19)
FNDA:0,(anonymous_20)
FNDA:0,(anonymous_21)
FNDA:0,(anonymous_22)
FNDA:0,(anonymous_23)
FNDA:0,(anonymous_24)
FNDA:0,(anonymous_25)
FNDA:0,(anonymous_26)
FNDA:0,(anonymous_27)
FNDA:0,(anonymous_28)
FNDA:0,(anonymous_29)
FNDA:0,(anonymous_30)
FNDA:0,(anonymous_31)
FNDA:0,(anonymous_32)
FNDA:0,(anonymous_33)
FNDA:0,(anonymous_34)
FNDA:0,(anonymous_35)
FNDA:0,(anonymous_36)
FNDA:0,(anonymous_37)
FNDA:0,(anonymous_38)
FNDA:0,(anonymous_39)
FNDA:0,(anonymous_40)
FNDA:0,(anonymous_41)
FNDA:0,(anonymous_42)
FNDA:0,(anonymous_43)
FNDA:0,(anonymous_44)
FNDA:0,(anonymous_45)
FNDA:0,(anonymous_46)
FNDA:0,(anonymous_47)
FNDA:0,(anonymous_48)
FNDA:0,(anonymous_49)
FNDA:0,(anonymous_50)
FNDA:0,(anonymous_51)
FNDA:0,(anonymous_52)
FNDA:0,(anonymous_53)
FNDA:0,(anonymous_54)
FNDA:0,(anonymous_55)
FNDA:0,(anonymous_56)
FNDA:0,(anonymous_57)
FNDA:0,(anonymous_58)
FNDA:0,(anonymous_59)
FNDA:0,(anonymous_60)
FNDA:0,(anonymous_61)
FNDA:0,(anonymous_62)
FNDA:0,(anonymous_63)
FNDA:0,(anonymous_64)
FNDA:0,(anonymous_65)
FNDA:0,(anonymous_66)
FNDA:0,(anonymous_67)
FNDA:0,(anonymous_68)
FNDA:0,(anonymous_69)
FNDA:0,(anonymous_70)
FNDA:0,(anonymous_71)
FNDA:0,(anonymous_72)
FNDA:0,(anonymous_73)
FNDA:0,(anonymous_74)
DA:1,13
DA:2,13
DA:3,13
DA:4,13
DA:5,13
DA:6,13
DA:7,13
DA:8,13
DA:9,13
DA:10,13
DA:11,13
DA:12,13
DA:13,13
DA:15,13
DA:16,13
DA:17,13
DA:20,13
DA:28,13
DA:29,13
DA:34,13
DA:35,0
DA:37,0
DA:41,0
DA:43,0
DA:44,0
DA:45,0
DA:46,0
DA:47,0
DA:53,0
DA:54,0
DA:59,0
DA:60,0
DA:64,0
DA:66,0
DA:71,0
DA:72,0
DA:80,13
DA:84,0
DA:85,0
DA:86,0
DA:92,0
DA:93,0
DA:96,0
DA:100,0
DA:101,0
DA:109,0
DA:118,0
DA:123,0
DA:124,0
DA:134,13
DA:135,0
DA:144,0
DA:146,0
DA:149,0
DA:150,0
DA:151,0
DA:152,0
DA:156,0
DA:157,0
DA:161,0
DA:162,0
DA:171,0
DA:172,0
DA:174,0
DA:175,0
DA:177,0
DA:178,0
DA:180,0
DA:181,0
DA:183,0
DA:184,0
DA:187,0
DA:188,0
DA:191,0
DA:192,0
DA:193,0
DA:196,0
DA:201,0
DA:202,0
DA:205,0
DA:206,0
DA:207,0
DA:208,0
DA:209,0
DA:210,0
DA:217,0
DA:234,0
DA:235,0
DA:240,13
DA:241,0
DA:242,0
DA:246,0
DA:247,0
DA:255,0
DA:257,0
DA:258,0
DA:260,0
DA:262,0
DA:265,0
DA:267,0
DA:276,0
DA:278,0
DA:279,0
DA:282,0
DA:287,13
DA:288,0
DA:289,0
DA:290,0
DA:294,0
DA:295,0
DA:297,0
DA:300,0
DA:301,0
DA:302,0
DA:303,0
DA:306,0
DA:308,0
DA:309,0
DA:311,0
DA:317,0
DA:318,0
DA:320,0
DA:322,0
DA:323,0
DA:327,0
DA:331,0
DA:337,0
DA:338,0
DA:339,0
DA:340,0
DA:344,0
DA:347,0
DA:382,0
DA:383,0
DA:390,0
DA:391,0
DA:398,0
DA:401,0
DA:409,0
DA:411,0
DA:425,0
DA:426,0
DA:429,0
DA:430,0
DA:435,13
DA:436,0
DA:437,0
DA:439,0
DA:440,0
DA:441,0
DA:443,0
DA:444,0
DA:445,0
DA:446,0
DA:449,0
DA:452,0
DA:460,0
DA:484,0
DA:492,0
DA:493,0
DA:496,0
DA:497,0
DA:498,0
DA:501,0
DA:502,0
DA:507,13
DA:508,0
DA:509,0
DA:511,0
DA:513,0
DA:514,0
DA:517,0
DA:523,0
DA:524,0
DA:529,13
DA:530,0
DA:531,0
DA:532,0
DA:534,0
DA:540,0
DA:541,0
DA:544,0
DA:553,0
DA:555,0
DA:556,0
DA:559,0
DA:564,13
DA:565,0
DA:566,0
DA:568,0
DA:570,0
DA:571,0
DA:575,0
DA:577,0
DA:586,0
DA:587,0
DA:592,13
DA:593,0
DA:594,0
DA:596,0
DA:598,0
DA:599,0
DA:602,0
DA:603,0
DA:607,0
DA:609,0
DA:618,0
DA:619,0
DA:624,13
DA:632,13
DA:634,0
DA:635,0
DA:636,0
DA:639,0
DA:640,0
DA:643,0
DA:644,0
DA:647,0
DA:648,0
DA:651,0
DA:652,0
DA:656,0
DA:660,0
DA:661,0
DA:662,0
DA:666,0
DA:667,0
DA:668,0
DA:669,0
DA:670,0
DA:673,0
DA:674,0
DA:678,0
DA:686,0
DA:693,0
DA:694,0
DA:700,13
DA:701,0
DA:702,0
DA:703,0
DA:706,0
DA:707,0
DA:710,0
DA:711,0
DA:714,0
DA:715,0
DA:718,0
DA:721,0
DA:722,0
DA:725,0
DA:726,0
DA:727,0
DA:730,0
DA:731,0
DA:735,0
DA:746,0
DA:747,0
DA:749,0
DA:759,0
DA:766,0
DA:767,0
DA:773,13
DA:774,0
DA:775,0
DA:777,0
DA:778,0
DA:779,0
DA:783,0
DA:784,0
DA:785,0
DA:789,0
DA:790,0
DA:792,0
DA:798,0
DA:799,0
DA:804,13
DA:805,0
DA:807,0
DA:814,0
DA:821,0
DA:827,0
DA:828,0
DA:833,13
DA:841,0
DA:842,0
DA:843,0
DA:844,0
DA:847,0
DA:850,0
DA:851,0
DA:859,0
DA:866,0
DA:873,0
DA:874,0
DA:879,13
DA:886,0
DA:887,0
DA:888,0
DA:889,0
DA:892,0
DA:893,0
DA:895,0
DA:896,0
DA:897,0
DA:901,0
DA:902,0
DA:906,0
DA:907,0
DA:910,0
DA:912,0
DA:923,0
DA:924,0
DA:931,13
DA:932,0
DA:943,0
DA:945,0
DA:948,0
DA:949,0
DA:951,0
DA:952,0
DA:956,0
DA:957,0
DA:961,0
DA:962,0
DA:963,0
DA:964,0
DA:968,0
DA:969,0
DA:980,0
DA:981,0
DA:983,0
DA:984,0
DA:986,0
DA:987,0
DA:989,0
DA:990,0
DA:992,0
DA:993,0
DA:996,0
DA:997,0
DA:1000,0
DA:1001,0
DA:1002,0
DA:1004,0
DA:1011,0
DA:1012,0
DA:1014,0
DA:1031,0
DA:1032,0
DA:1037,13
DA:1038,0
DA:1039,0
DA:1043,0
DA:1044,0
DA:1048,0
DA:1051,0
DA:1058,0
DA:1059,0
DA:1061,0
DA:1062,0
DA:1065,0
DA:1071,0
DA:1072,0
DA:1077,13
DA:1083,0
DA:1084,0
DA:1085,0
DA:1086,0
DA:1089,0
DA:1090,0
DA:1092,0
DA:1093,0
DA:1096,0
DA:1102,0
DA:1103,0
DA:1107,0
DA:1108,0
DA:1109,0
DA:1111,0
DA:1113,0
DA:1115,0
DA:1116,0
DA:1117,0
DA:1118,0
DA:1121,0
DA:1122,0
DA:1123,0
DA:1126,0
DA:1127,0
DA:1134,0
DA:1135,0
DA:1136,0
DA:1140,0
DA:1144,0
DA:1157,0
DA:1158,0
DA:1163,13
DA:1169,0
DA:1170,0
DA:1171,0
DA:1172,0
DA:1175,0
DA:1176,0
DA:1178,0
DA:1179,0
DA:1180,0
DA:1184,0
DA:1185,0
DA:1186,0
DA:1188,0
DA:1189,0
DA:1194,0
DA:1196,0
DA:1210,0
DA:1211,0
DA:1213,0
DA:1216,0
DA:1217,0
DA:1220,0
DA:1222,0
DA:1236,0
DA:1237,0
DA:1242,13
DA:1243,0
DA:1244,0
DA:1246,0
DA:1247,0
DA:1248,0
DA:1252,0
DA:1253,0
DA:1254,0
DA:1257,0
DA:1258,0
DA:1260,0
DA:1261,0
DA:1262,0
DA:1263,0
DA:1266,0
DA:1267,0
DA:1270,0
DA:1272,0
DA:1284,0
DA:1285,0
DA:1292,13
DA:1293,0
DA:1294,0
DA:1297,0
DA:1298,0
DA:1300,0
DA:1301,0
DA:1303,0
DA:1304,0
DA:1306,0
DA:1307,0
DA:1309,0
DA:1310,0
DA:1312,0
DA:1315,0
DA:1318,0
DA:1331,0
DA:1339,0
DA:1350,0
DA:1357,0
DA:1371,0
DA:1378,0
DA:1399,0
DA:1400,0
DA:1407,13
DA:1408,0
DA:1409,0
DA:1411,0
DA:1412,0
DA:1413,0
DA:1417,0
DA:1423,0
DA:1424,0
DA:1425,0
DA:1426,0
DA:1428,0
DA:1429,0
DA:1438,0
DA:1444,0
DA:1445,0
DA:1450,13
DA:1457,0
DA:1458,0
DA:1459,0
DA:1460,0
DA:1463,0
DA:1464,0
DA:1467,0
DA:1468,0
DA:1469,0
DA:1471,0
DA:1477,0
DA:1478,0
DA:1481,0
DA:1488,0
DA:1490,0
DA:1491,0
DA:1494,0
DA:1499,13
DA:1503,0
DA:1504,0
DA:1505,0
DA:1506,0
DA:1509,0
DA:1510,0
DA:1512,0
DA:1517,0
DA:1523,0
DA:1524,0
DA:1527,0
DA:1542,0
DA:1543,0
DA:1548,13
DA:1549,0
DA:1550,0
DA:1552,0
DA:1553,0
DA:1554,0
DA:1558,0
DA:1580,0
DA:1588,0
DA:1597,0
DA:1598,0
DA:1605,13
DA:1606,0
DA:1612,0
DA:1615,0
DA:1616,0
DA:1618,0
DA:1619,0
DA:1621,0
DA:1622,0
DA:1624,0
DA:1625,0
DA:1627,0
DA:1628,0
DA:1630,0
DA:1633,0
DA:1639,0
DA:1640,0
DA:1644,0
DA:1666,0
DA:1667,0
DA:1668,0
DA:1670,0
DA:1671,0
DA:1672,0
DA:1673,0
DA:1679,0
DA:1680,0
DA:1681,0
DA:1688,0
DA:1689,0
DA:1692,0
DA:1704,0
DA:1715,0
DA:1716,0
DA:1721,13
DA:1722,0
DA:1727,0
DA:1730,0
DA:1731,0
DA:1733,0
DA:1734,0
DA:1736,0
DA:1737,0
DA:1739,0
DA:1740,0
DA:1742,0
DA:1746,0
DA:1778,0
DA:1815,0
DA:1837,0
DA:1844,0
DA:1849,0
DA:1854,0
DA:1862,0
DA:1874,0
DA:1875,0
DA:1880,13
DA:1881,0
DA:1885,0
DA:1888,0
DA:1889,0
DA:1891,0
DA:1892,0
DA:1894,0
DA:1895,0
DA:1897,0
DA:1898,0
DA:1900,0
DA:1904,0
DA:1906,0
DA:1907,0
DA:1909,0
DA:1910,0
DA:1912,0
DA:1916,0
DA:1939,0
DA:1940,0
DA:1943,0
DA:1949,0
DA:1951,0
DA:1963,0
DA:1964,0
DA:1971,0
DA:1972,0
DA:1973,0
DA:1981,0
DA:1987,0
DA:1988,0
DA:1993,13
DA:1994,0
DA:1998,0
DA:2001,0
DA:2002,0
DA:2004,0
DA:2005,0
DA:2007,0
DA:2008,0
DA:2010,0
DA:2011,0
DA:2013,0
DA:2014,0
DA:2016,0
DA:2020,0
DA:2039,0
DA:2042,0
DA:2043,0
DA:2046,0
DA:2047,0
DA:2048,0
DA:2050,0
DA:2051,0
DA:2052,0
DA:2053,0
DA:2061,0
DA:2081,0
DA:2082,0
DA:2087,13
DA:2088,0
DA:2093,0
DA:2096,0
DA:2097,0
DA:2099,0
DA:2100,0
DA:2102,0
DA:2103,0
DA:2105,0
DA:2106,0
DA:2108,0
DA:2111,0
DA:2112,0
DA:2114,0
DA:2116,0
DA:2136,0
DA:2143,0
DA:2145,0
DA:2147,0
DA:2177,0
DA:2185,0
DA:2188,0
DA:2190,0
DA:2191,0
DA:2194,0
DA:2195,0
DA:2198,0
DA:2202,0
DA:2204,0
DA:2205,0
DA:2206,0
DA:2208,0
DA:2210,0
DA:2218,0
DA:2219,0
DA:2220,0
DA:2222,0
DA:2226,0
DA:2227,0
DA:2234,13
DA:2235,0
DA:2243,0
DA:2245,0
DA:2248,0
DA:2249,0
DA:2250,0
DA:2251,0
DA:2255,0
DA:2256,0
DA:2257,0
DA:2258,0
DA:2262,0
DA:2263,0
DA:2271,0
DA:2272,0
DA:2274,0
DA:2275,0
DA:2277,0
DA:2278,0
DA:2280,0
DA:2281,0
DA:2283,0
DA:2284,0
DA:2287,0
DA:2288,0
DA:2291,0
DA:2292,0
DA:2293,0
DA:2295,0
DA:2301,0
DA:2302,0
DA:2304,0
DA:2319,0
DA:2320,0
DA:2325,13
DA:2329,0
DA:2330,0
DA:2331,0
DA:2332,0
DA:2335,0
DA:2336,0
DA:2338,0
DA:2339,0
DA:2342,0
DA:2348,0
DA:2349,0
DA:2352,0
DA:2367,0
DA:2368,0
DA:2375,13
DA:2376,0
DA:2385,0
DA:2388,0
DA:2389,0
DA:2390,0
DA:2391,0
DA:2392,0
DA:2395,0
DA:2396,0
DA:2397,0
DA:2400,0
DA:2410,0
DA:2412,0
DA:2414,0
DA:2458,0
DA:2459,0
DA:2470,13
DA:2476,0
DA:2478,0
DA:2479,0
DA:2480,0
DA:2490,0
DA:2491,0
DA:2492,0
DA:2495,0
DA:2496,0
DA:2497,0
DA:2507,0
DA:2508,0
DA:2518,0
DA:2521,0
DA:2522,0
DA:2523,0
DA:2525,0
DA:2544,0
DA:2545,0
DA:2556,13
DA:2563,0
DA:2565,0
DA:2566,0
DA:2567,0
DA:2577,0
DA:2578,0
DA:2579,0
DA:2582,0
DA:2583,0
DA:2584,0
DA:2594,0
DA:2595,0
DA:2605,0
DA:2608,0
DA:2609,0
DA:2610,0
DA:2612,0
DA:2631,0
DA:2632,0
DA:2643,13
DA:2644,0
DA:2645,0
DA:2648,0
DA:2649,0
DA:2650,0
DA:2659,0
DA:2665,0
DA:2666,0
DA:2677,13
DA:2678,0
DA:2679,0
DA:2682,0
DA:2683,0
DA:2684,0
DA:2685,0
DA:2686,0
DA:2690,0
DA:2698,0
DA:2703,0
DA:2706,0
DA:2718,0
DA:2719,0
DA:2729,13
LF:813
LH:59
BRDA:44,0,0,0
BRDA:44,0,1,0
BRDA:44,1,0,0
BRDA:44,1,1,0
BRDA:45,2,0,0
BRDA:45,2,1,0
BRDA:46,3,0,0
BRDA:46,3,1,0
BRDA:49,4,0,0
BRDA:49,4,1,0
BRDA:53,5,0,0
BRDA:53,5,1,0
BRDA:85,6,0,0
BRDA:85,6,1,0
BRDA:100,7,0,0
BRDA:100,7,1,0
BRDA:112,8,0,0
BRDA:112,8,1,0
BRDA:113,9,0,0
BRDA:113,9,1,0
BRDA:114,10,0,0
BRDA:114,10,1,0
BRDA:137,11,0,0
BRDA:138,12,0,0
BRDA:141,13,0,0
BRDA:142,14,0,0
BRDA:149,15,0,0
BRDA:149,15,1,0
BRDA:151,16,0,0
BRDA:151,16,1,0
BRDA:156,17,0,0
BRDA:156,17,1,0
BRDA:156,18,0,0
BRDA:156,18,1,0
BRDA:161,19,0,0
BRDA:161,19,1,0
BRDA:172,20,0,0
BRDA:172,20,1,0
BRDA:172,20,2,0
BRDA:172,20,3,0
BRDA:172,20,4,0
BRDA:172,20,5,0
BRDA:206,21,0,0
BRDA:206,21,1,0
BRDA:206,22,0,0
BRDA:206,22,1,0
BRDA:246,23,0,0
BRDA:246,23,1,0
BRDA:246,24,0,0
BRDA:246,24,1,0
BRDA:255,25,0,0
BRDA:255,25,1,0
BRDA:258,26,0,0
BRDA:258,26,1,0
BRDA:258,26,2,0
BRDA:258,26,3,0
BRDA:260,27,0,0
BRDA:260,27,1,0
BRDA:278,28,0,0
BRDA:278,28,1,0
BRDA:289,29,0,0
BRDA:289,29,1,0
BRDA:322,30,0,0
BRDA:322,30,1,0
BRDA:322,31,0,0
BRDA:322,31,1,0
BRDA:322,31,2,0
BRDA:322,31,3,0
BRDA:322,31,4,0
BRDA:331,32,0,0
BRDA:331,32,1,0
BRDA:339,33,0,0
BRDA:339,33,1,0
BRDA:344,34,0,0
BRDA:344,34,1,0
BRDA:350,35,0,0
BRDA:350,35,1,0
BRDA:351,36,0,0
BRDA:351,36,1,0
BRDA:351,36,2,0
BRDA:353,37,0,0
BRDA:353,37,1,0
BRDA:368,38,0,0
BRDA:368,38,1,0
BRDA:369,39,0,0
BRDA:369,39,1,0
BRDA:370,40,0,0
BRDA:370,40,1,0
BRDA:377,41,0,0
BRDA:377,41,1,0
BRDA:378,42,0,0
BRDA:378,42,1,0
BRDA:382,43,0,0
BRDA:382,43,1,0
BRDA:425,44,0,0
BRDA:425,44,1,0
BRDA:425,45,0,0
BRDA:425,45,1,0
BRDA:437,46,0,0
BRDA:440,47,0,0
BRDA:440,47,1,0
BRDA:440,48,0,0
BRDA:440,48,1,0
BRDA:443,49,0,0
BRDA:443,49,1,0
BRDA:445,50,0,0
BRDA:445,50,1,0
BRDA:466,51,0,0
BRDA:466,51,1,0
BRDA:473,52,0,0
BRDA:473,52,1,0
BRDA:474,53,0,0
BRDA:474,53,1,0
BRDA:475,54,0,0
BRDA:475,54,1,0
BRDA:481,55,0,0
BRDA:481,55,1,0
BRDA:482,56,0,0
BRDA:482,56,1,0
BRDA:513,57,0,0
BRDA:513,57,1,0
BRDA:540,58,0,0
BRDA:540,58,1,0
BRDA:555,59,0,0
BRDA:555,59,1,0
BRDA:570,60,0,0
BRDA:570,60,1,0
BRDA:598,61,0,0
BRDA:598,61,1,0
BRDA:602,62,0,0
BRDA:602,62,1,0
BRDA:635,63,0,0
BRDA:635,63,1,0
BRDA:639,64,0,0
BRDA:639,64,1,0
BRDA:643,65,0,0
BRDA:643,65,1,0
BRDA:647,66,0,0
BRDA:647,66,1,0
BRDA:651,67,0,0
BRDA:651,67,1,0
BRDA:656,68,0,0
BRDA:656,68,1,0
BRDA:661,69,0,0
BRDA:661,69,1,0
BRDA:661,70,0,0
BRDA:661,70,1,0
BRDA:702,71,0,0
BRDA:702,71,1,0
BRDA:706,72,0,0
BRDA:706,72,1,0
BRDA:710,73,0,0
BRDA:710,73,1,0
BRDA:714,74,0,0
BRDA:714,74,1,0
BRDA:718,75,0,0
BRDA:718,75,1,0
BRDA:726,76,0,0
BRDA:726,76,1,0
BRDA:730,77,0,0
BRDA:730,77,1,0
BRDA:730,78,0,0
BRDA:730,78,1,0
BRDA:738,79,0,0
BRDA:738,79,1,0
BRDA:778,80,0,0
BRDA:778,80,1,0
BRDA:784,81,0,0
BRDA:784,81,1,0
BRDA:843,82,0,0
BRDA:843,82,1,0
BRDA:850,83,0,0
BRDA:850,83,1,0
BRDA:888,84,0,0
BRDA:888,84,1,0
BRDA:896,85,0,0
BRDA:896,85,1,0
BRDA:901,86,0,0
BRDA:901,86,1,0
BRDA:934,87,0,0
BRDA:935,88,0,0
BRDA:936,89,0,0
BRDA:937,90,0,0
BRDA:941,91,0,0
BRDA:948,92,0,0
BRDA:948,92,1,0
BRDA:951,93,0,0
BRDA:951,93,1,0
BRDA:956,94,0,0
BRDA:956,94,1,0
BRDA:961,95,0,0
BRDA:961,95,1,0
BRDA:961,96,0,0
BRDA:961,96,1,0
BRDA:963,97,0,0
BRDA:963,97,1,0
BRDA:964,98,0,0
BRDA:964,98,1,0
BRDA:968,99,0,0
BRDA:968,99,1,0
BRDA:981,100,0,0
BRDA:981,100,1,0
BRDA:981,100,2,0
BRDA:981,100,3,0
BRDA:981,100,4,0
BRDA:981,100,5,0
BRDA:1043,101,0,0
BRDA:1043,101,1,0
BRDA:1053,102,0,0
BRDA:1053,102,1,0
BRDA:1054,103,0,0
BRDA:1054,103,1,0
BRDA:1054,104,0,0
BRDA:1054,104,1,0
BRDA:1058,105,0,0
BRDA:1058,105,1,0
BRDA:1061,106,0,0
BRDA:1061,106,1,0
BRDA:1085,107,0,0
BRDA:1085,107,1,0
BRDA:1092,108,0,0
BRDA:1092,108,1,0
BRDA:1102,109,0,0
BRDA:1102,109,1,0
BRDA:1107,110,0,0
BRDA:1107,110,1,0
BRDA:1113,111,0,0
BRDA:1113,111,1,0
BRDA:1118,112,0,0
BRDA:1118,112,1,0
BRDA:1126,113,0,0
BRDA:1126,113,1,0
BRDA:1126,114,0,0
BRDA:1126,114,1,0
BRDA:1135,115,0,0
BRDA:1135,115,1,0
BRDA:1171,116,0,0
BRDA:1171,116,1,0
BRDA:1176,117,0,0
BRDA:1179,118,0,0
BRDA:1179,118,1,0
BRDA:1184,119,0,0
BRDA:1184,119,1,0
BRDA:1188,120,0,0
BRDA:1188,120,1,0
BRDA:1204,121,0,0
BRDA:1204,121,1,0
BRDA:1205,122,0,0
BRDA:1205,122,1,0
BRDA:1210,123,0,0
BRDA:1210,123,1,0
BRDA:1216,124,0,0
BRDA:1216,124,1,0
BRDA:1247,125,0,0
BRDA:1247,125,1,0
BRDA:1257,126,0,0
BRDA:1257,126,1,0
BRDA:1266,127,0,0
BRDA:1266,127,1,0
BRDA:1294,128,0,0
BRDA:1298,129,0,0
BRDA:1298,129,1,0
BRDA:1298,129,2,0
BRDA:1298,129,3,0
BRDA:1298,129,4,0
BRDA:1331,130,0,0
BRDA:1331,130,1,0
BRDA:1350,131,0,0
BRDA:1350,131,1,0
BRDA:1371,132,0,0
BRDA:1371,132,1,0
BRDA:1412,133,0,0
BRDA:1412,133,1,0
BRDA:1426,134,0,0
BRDA:1426,134,1,0
BRDA:1434,135,0,0
BRDA:1434,135,1,0
BRDA:1435,136,0,0
BRDA:1435,136,1,0
BRDA:1459,137,0,0
BRDA:1459,137,1,0
BRDA:1477,138,0,0
BRDA:1477,138,1,0
BRDA:1490,139,0,0
BRDA:1490,139,1,0
BRDA:1490,140,0,0
BRDA:1490,140,1,0
BRDA:1505,141,0,0
BRDA:1505,141,1,0
BRDA:1510,142,0,0
BRDA:1523,143,0,0
BRDA:1523,143,1,0
BRDA:1553,144,0,0
BRDA:1553,144,1,0
BRDA:1581,145,0,0
BRDA:1581,145,1,0
BRDA:1608,146,0,0
BRDA:1609,147,0,0
BRDA:1610,148,0,0
BRDA:1616,149,0,0
BRDA:1616,149,1,0
BRDA:1616,149,2,0
BRDA:1616,149,3,0
BRDA:1616,149,4,0
BRDA:1639,150,0,0
BRDA:1639,150,1,0
BRDA:1651,151,0,0
BRDA:1651,151,1,0
BRDA:1671,152,0,0
BRDA:1671,152,1,0
BRDA:1672,153,0,0
BRDA:1672,153,1,0
BRDA:1701,154,0,0
BRDA:1701,154,1,0
BRDA:1706,155,0,0
BRDA:1706,155,1,0
BRDA:1724,156,0,0
BRDA:1725,157,0,0
BRDA:1726,158,0,0
BRDA:1731,159,0,0
BRDA:1731,159,1,0
BRDA:1731,159,2,0
BRDA:1731,159,3,0
BRDA:1773,160,0,0
BRDA:1773,160,1,0
BRDA:1837,161,0,0
BRDA:1837,161,1,0
BRDA:1883,162,0,0
BRDA:1884,163,0,0
BRDA:1889,164,0,0
BRDA:1889,164,1,0
BRDA:1889,164,2,0
BRDA:1889,164,3,0
BRDA:1904,165,0,0
BRDA:1904,165,1,0
BRDA:1904,165,2,0
BRDA:1949,166,0,0
BRDA:1949,166,1,0
BRDA:1958,167,0,0
BRDA:1958,167,1,0
BRDA:1963,168,0,0
BRDA:1963,168,1,0
BRDA:1965,169,0,0
BRDA:1965,169,1,0
BRDA:1972,170,0,0
BRDA:1972,170,1,0
BRDA:1974,171,0,0
BRDA:1974,171,1,0
BRDA:1996,172,0,0
BRDA:1997,173,0,0
BRDA:2002,174,0,0
BRDA:2002,174,1,0
BRDA:2002,174,2,0
BRDA:2002,174,3,0
BRDA:2002,174,4,0
BRDA:2052,175,0,0
BRDA:2052,175,1,0
BRDA:2074,176,0,0
BRDA:2074,176,1,0
BRDA:2090,177,0,0
BRDA:2091,178,0,0
BRDA:2092,179,0,0
BRDA:2097,180,0,0
BRDA:2097,180,1,0
BRDA:2097,180,2,0
BRDA:2097,180,3,0
BRDA:2114,181,0,0
BRDA:2114,181,1,0
BRDA:2145,182,0,0
BRDA:2145,182,1,0
BRDA:2188,183,0,0
BRDA:2188,183,1,0
BRDA:2190,184,0,0
BRDA:2190,184,1,0
BRDA:2208,185,0,0
BRDA:2208,185,1,0
BRDA:2237,186,0,0
BRDA:2238,187,0,0
BRDA:2240,188,0,0
BRDA:2241,189,0,0
BRDA:2242,190,0,0
BRDA:2248,191,0,0
BRDA:2248,191,1,0
BRDA:2250,192,0,0
BRDA:2250,192,1,0
BRDA:2255,193,0,0
BRDA:2255,193,1,0
BRDA:2257,194,0,0
BRDA:2257,194,1,0
BRDA:2262,195,0,0
BRDA:2262,195,1,0
BRDA:2272,196,0,0
BRDA:2272,196,1,0
BRDA:2272,196,2,0
BRDA:2272,196,3,0
BRDA:2272,196,4,0
BRDA:2272,196,5,0
BRDA:2331,197,0,0
BRDA:2331,197,1,0
BRDA:2338,198,0,0
BRDA:2338,198,1,0
BRDA:2348,199,0,0
BRDA:2348,199,1,0
BRDA:2382,200,0,0
BRDA:2383,201,0,0
BRDA:2384,202,0,0
BRDA:2389,203,0,0
BRDA:2389,203,1,0
BRDA:2390,204,0,0
BRDA:2390,204,1,0
BRDA:2391,205,0,0
BRDA:2391,205,1,0
BRDA:2392,206,0,0
BRDA:2392,206,1,0
BRDA:2436,207,0,0
BRDA:2436,207,1,0
BRDA:2442,208,0,0
BRDA:2442,208,1,0
BRDA:2479,209,0,0
BRDA:2479,209,1,0
BRDA:2496,210,0,0
BRDA:2496,210,1,0
BRDA:2507,211,0,0
BRDA:2507,211,1,0
BRDA:2566,212,0,0
BRDA:2566,212,1,0
BRDA:2583,213,0,0
BRDA:2583,213,1,0
BRDA:2594,214,0,0
BRDA:2594,214,1,0
BRDA:2649,215,0,0
BRDA:2649,215,1,0
BRDA:2683,216,0,0
BRDA:2683,216,1,0
BRDA:2683,217,0,0
BRDA:2683,217,1,0
BRDA:2685,218,0,0
BRDA:2685,218,1,0
BRDA:2686,219,0,0
BRDA:2686,219,1,0
BRDA:2703,220,0,0
BRDA:2703,220,1,0
BRF:442
BRH:0
end_of_record
TN:
SF:routes/auth.js
FN:15,(anonymous_0)
FN:73,(anonymous_1)
FN:152,(anonymous_2)
FN:216,(anonymous_3)
FN:276,(anonymous_4)
FN:292,(anonymous_5)
FN:340,(anonymous_6)
FN:367,(anonymous_7)
FN:394,(anonymous_8)
FN:398,(anonymous_9)
FN:402,(anonymous_10)
FN:405,(anonymous_11)
FN:408,(anonymous_12)
FN:411,(anonymous_13)
FN:417,(anonymous_14)
FN:562,(anonymous_15)
FN:595,(anonymous_16)
FN:612,(anonymous_17)
FN:658,(anonymous_18)
FN:686,(anonymous_19)
FN:724,(anonymous_20)
FN:736,(anonymous_21)
FN:761,(anonymous_22)
FN:791,(anonymous_23)
FN:835,(anonymous_24)
FN:857,(anonymous_25)
FN:882,(anonymous_26)
FN:933,(anonymous_27)
FN:964,(anonymous_28)
FN:1017,(anonymous_29)
FN:1029,(anonymous_30)
FN:1033,(anonymous_31)
FN:1054,(anonymous_32)
FN:1082,(anonymous_33)
FN:1092,(anonymous_34)
FN:1126,processDataExport
FN:1148,(anonymous_36)
FN:1158,(anonymous_37)
FN:1164,(anonymous_38)
FN:1197,(anonymous_39)
FN:1240,(anonymous_40)
FN:1249,(anonymous_41)
FNF:42
FNH:0
FNDA:0,(anonymous_0)
FNDA:0,(anonymous_1)
FNDA:0,(anonymous_2)
FNDA:0,(anonymous_3)
FNDA:0,(anonymous_4)
FNDA:0,(anonymous_5)
FNDA:0,(anonymous_6)
FNDA:0,(anonymous_7)
FNDA:0,(anonymous_8)
FNDA:0,(anonymous_9)
FNDA:0,(anonymous_10)
FNDA:0,(anonymous_11)
FNDA:0,(anonymous_12)
FNDA:0,(anonymous_13)
FNDA:0,(anonymous_14)
FNDA:0,(anonymous_15)
FNDA:0,(anonymous_16)
FNDA:0,(anonymous_17)
FNDA:0,(anonymous_18)
FNDA:0,(anonymous_19)
FNDA:0,(anonymous_20)
FNDA:0,(anonymous_21)
FNDA:0,(anonymous_22)
FNDA:0,(anonymous_23)
FNDA:0,(anonymous_24)
FNDA:0,(anonymous_25)
FNDA:0,(anonymous_26)
FNDA:0,(anonymous_27)
FNDA:0,(anonymous_28)
FNDA:0,(anonymous_29)
FNDA:0,(anonymous_30)
FNDA:0,(anonymous_31)
FNDA:0,(anonymous_32)
FNDA:0,(anonymous_33)
FNDA:0,(anonymous_34)
FNDA:0,processDataExport
FNDA:0,(anonymous_36)
FNDA:0,(anonymous_37)
FNDA:0,(anonymous_38)
FNDA:0,(anonymous_39)
FNDA:0,(anonymous_40)
FNDA:0,(anonymous_41)
DA:1,17
DA:2,17
DA:3,17
DA:4,17
DA:5,17
DA:6,17
DA:7,17
DA:8,17
DA:10,17
DA:11,17
DA:12,17
DA:15,17
DA:16,0
DA:20,17
DA:44,17
DA:55,17
DA:63,17
DA:73,17
DA:74,0
DA:75,0
DA:76,0
DA:77,0
DA:80,0
DA:83,0
DA:84,0
DA:85,0
DA:89,0
DA:98,0
DA:99,0
DA:102,0
DA:103,0
DA:106,0
DA:107,0
DA:108,0
DA:111,0
DA:113,0
DA:118,0
DA:119,0
DA:120,0
DA:124,0
DA:128,0
DA:136,0
DA:146,0
DA:147,0
DA:152,17
DA:153,0
DA:154,0
DA:155,0
DA:156,0
DA:159,0
DA:162,0
DA:163,0
DA:164,0
DA:168,0
DA:169,0
DA:170,0
DA:174,0
DA:175,0
DA:179,0
DA:182,0
DA:183,0
DA:186,0
DA:191,0
DA:199,0
DA:210,0
DA:211,0
DA:216,17
DA:217,0
DA:218,0
DA:219,0
DA:220,0
DA:223,0
DA:228,0
DA:231,0
DA:232,0
DA:238,0
DA:240,0
DA:241,0
DA:242,0
DA:245,0
DA:246,0
DA:247,0
DA:250,0
DA:252,0
DA:258,0
DA:259,0
DA:263,0
DA:264,0
DA:271,0
DA:276,0
DA:280,0
DA:286,0
DA:287,0
DA:292,17
DA:293,0
DA:294,0
DA:295,0
DA:296,0
DA:299,0
DA:302,0
DA:308,0
DA:313,0
DA:314,0
DA:318,0
DA:319,0
DA:320,0
DA:321,0
DA:324,0
DA:326,0
DA:334,0
DA:335,0
DA:340,17
DA:341,0
DA:343,0
DA:344,0
DA:348,0
DA:349,0
DA:350,0
DA:353,0
DA:361,0
DA:362,0
DA:367,17
DA:368,0
DA:370,0
DA:372,0
DA:373,0
DA:376,0
DA:383,0
DA:384,0
DA:389,17
DA:396,0
DA:400,0
DA:403,0
DA:406,0
DA:409,0
DA:412,0
DA:418,0
DA:420,0
DA:421,0
DA:422,0
DA:423,0
DA:426,0
DA:429,0
DA:430,0
DA:431,0
DA:432,0
DA:433,0
DA:436,0
DA:437,0
DA:439,0
DA:441,0
DA:443,0
DA:445,0
DA:448,0
DA:449,0
DA:452,0
DA:454,0
DA:466,0
DA:471,0
DA:472,0
DA:478,0
DA:480,0
DA:481,0
DA:482,0
DA:487,0
DA:493,0
DA:494,0
DA:502,0
DA:504,0
DA:505,0
DA:506,0
DA:507,0
DA:512,0
DA:518,0
DA:519,0
DA:522,0
DA:525,0
DA:538,0
DA:539,0
DA:543,0
DA:550,0
DA:551,0
DA:554,0
DA:559,17
DA:563,0
DA:564,0
DA:565,0
DA:566,0
DA:569,0
DA:572,0
DA:575,0
DA:576,0
DA:577,0
DA:581,0
DA:582,0
DA:584,0
DA:589,0
DA:590,0
DA:595,17
DA:596,0
DA:597,0
DA:600,0
DA:606,0
DA:608,0
DA:609,0
DA:612,0
DA:613,0
DA:614,0
DA:620,0
DA:627,0
DA:633,0
DA:634,0
DA:647,17
DA:659,0
DA:660,0
DA:661,0
DA:662,0
DA:665,0
DA:679,0
DA:680,0
DA:681,0
DA:685,0
DA:686,0
DA:687,0
DA:691,0
DA:692,0
DA:694,0
DA:701,0
DA:702,0
DA:713,17
DA:725,0
DA:726,0
DA:727,0
DA:728,0
DA:731,0
DA:732,0
DA:735,0
DA:737,0
DA:738,0
DA:743,0
DA:744,0
DA:745,0
DA:748,0
DA:749,0
DA:750,0
DA:760,0
DA:761,0
DA:762,0
DA:763,0
DA:769,0
DA:770,0
DA:772,0
DA:779,0
DA:780,0
DA:791,17
DA:792,0
DA:793,0
DA:796,0
DA:797,0
DA:798,0
DA:801,0
DA:802,0
DA:803,0
DA:813,0
DA:814,0
DA:816,0
DA:823,0
DA:824,0
DA:835,17
DA:836,0
DA:837,0
DA:840,0
DA:841,0
DA:842,0
DA:845,0
DA:846,0
DA:847,0
DA:857,0
DA:858,0
DA:861,0
DA:863,0
DA:870,0
DA:871,0
DA:882,17
DA:883,0
DA:884,0
DA:886,0
DA:887,0
DA:896,0
DA:897,0
DA:899,0
DA:900,0
DA:909,0
DA:911,0
DA:917,0
DA:918,0
DA:930,17
DA:933,17
DA:934,0
DA:935,0
DA:938,0
DA:939,0
DA:940,0
DA:942,0
DA:945,0
DA:946,0
DA:953,0
DA:958,0
DA:959,0
DA:964,17
DA:965,0
DA:966,0
DA:968,0
DA:969,0
DA:972,0
DA:995,0
DA:998,0
DA:999,0
DA:1005,0
DA:1011,0
DA:1012,0
DA:1017,17
DA:1018,0
DA:1019,0
DA:1021,0
DA:1022,0
DA:1025,0
DA:1027,0
DA:1029,0
DA:1033,0
DA:1034,0
DA:1035,0
DA:1036,0
DA:1040,0
DA:1042,0
DA:1048,0
DA:1049,0
DA:1054,17
DA:1055,0
DA:1056,0
DA:1058,0
DA:1059,0
DA:1062,0
DA:1065,0
DA:1069,0
DA:1074,0
DA:1075,0
DA:1082,17
DA:1083,0
DA:1084,0
DA:1087,0
DA:1088,0
DA:1092,0
DA:1093,0
DA:1094,0
DA:1097,0
DA:1098,0
DA:1102,0
DA:1109,0
DA:1112,0
DA:1114,0
DA:1120,0
DA:1121,0
DA:1127,0
DA:1128,0
DA:1129,0
DA:1132,0
DA:1133,0
DA:1134,0
DA:1135,0
DA:1137,0
DA:1148,0
DA:1158,0
DA:1164,0
DA:1179,0
DA:1182,0
DA:1183,0
DA:1184,0
DA:1185,0
DA:1187,0
DA:1189,0
DA:1190,0
DA:1197,17
DA:1198,0
DA:1199,0
DA:1202,0
DA:1203,0
DA:1204,0
DA:1207,0
DA:1208,0
DA:1209,0
DA:1213,0
DA:1215,0
DA:1222,0
DA:1223,0
DA:1226,0
DA:1228,0
DA:1234,0
DA:1235,0
DA:1240,17
DA:1241,0
DA:1242,0
DA:1243,0
DA:1244,0
DA:1248,0
DA:1249,0
DA:1252,0
DA:1253,0
DA:1256,0
DA:1257,0
DA:1258,0
DA:1259,0
DA:1261,0
DA:1266,0
DA:1267,0
DA:1271,17
LF:416
LH:39
BRDA:76,0,0,0
BRDA:76,0,1,0
BRDA:84,1,0,0
BRDA:84,1,1,0
BRDA:95,2,0,0
BRDA:95,2,1,0
BRDA:107,3,0,0
BRDA:107,3,1,0
BRDA:111,4,0,0
BRDA:111,4,1,0
BRDA:111,4,2,0
BRDA:119,5,0,0
BRDA:119,5,1,0
BRDA:155,6,0,0
BRDA:155,6,1,0
BRDA:163,7,0,0
BRDA:163,7,1,0
BRDA:169,8,0,0
BRDA:169,8,1,0
BRDA:174,9,0,0
BRDA:174,9,1,0
BRDA:219,10,0,0
BRDA:219,10,1,0
BRDA:238,11,0,0
BRDA:238,11,1,0
BRDA:247,12,0,0
BRDA:247,12,1,0
BRDA:250,13,0,0
BRDA:250,13,1,0
BRDA:250,13,2,0
BRDA:258,14,0,0
BRDA:258,14,1,0
BRDA:263,15,0,0
BRDA:263,15,1,0
BRDA:295,16,0,0
BRDA:295,16,1,0
BRDA:313,17,0,0
BRDA:313,17,1,0
BRDA:343,18,0,0
BRDA:343,18,1,0
BRDA:349,19,0,0
BRDA:349,19,1,0
BRDA:349,20,0,0
BRDA:349,20,1,0
BRDA:372,21,0,0
BRDA:372,21,1,0
BRDA:396,22,0,0
BRDA:396,22,1,0
BRDA:400,23,0,0
BRDA:400,23,1,0
BRDA:400,23,2,0
BRDA:403,24,0,0
BRDA:403,24,1,0
BRDA:403,24,2,0
BRDA:406,25,0,0
BRDA:406,25,1,0
BRDA:406,25,2,0
BRDA:409,26,0,0
BRDA:409,26,1,0
BRDA:409,26,2,0
BRDA:412,27,0,0
BRDA:412,27,1,0
BRDA:422,28,0,0
BRDA:422,28,1,0
BRDA:430,29,0,0
BRDA:430,29,1,0
BRDA:431,30,0,0
BRDA:431,30,1,0
BRDA:432,31,0,0
BRDA:432,31,1,0
BRDA:433,32,0,0
BRDA:433,32,1,0
BRDA:436,33,0,0
BRDA:436,33,1,0
BRDA:437,34,0,0
BRDA:437,34,1,0
BRDA:439,35,0,0
BRDA:439,35,1,0
BRDA:445,36,0,0
BRDA:445,36,1,0
BRDA:448,37,0,0
BRDA:448,37,1,0
BRDA:448,37,2,0
BRDA:448,37,3,0
BRDA:449,38,0,0
BRDA:449,38,1,0
BRDA:452,39,0,0
BRDA:452,39,1,0
BRDA:452,40,0,0
BRDA:452,40,1,0
BRDA:452,40,2,0
BRDA:452,40,3,0
BRDA:455,41,0,0
BRDA:455,41,1,0
BRDA:456,42,0,0
BRDA:456,42,1,0
BRDA:456,42,2,0
BRDA:457,43,0,0
BRDA:457,43,1,0
BRDA:457,43,2,0
BRDA:462,44,0,0
BRDA:462,44,1,0
BRDA:464,45,0,0
BRDA:464,45,1,0
BRDA:471,46,0,0
BRDA:471,46,1,0
BRDA:478,47,0,0
BRDA:478,47,1,0
BRDA:481,48,0,0
BRDA:481,48,1,0
BRDA:482,49,0,0
BRDA:482,49,1,0
BRDA:493,50,0,0
BRDA:493,50,1,0
BRDA:495,51,0,0
BRDA:495,51,1,0
BRDA:504,52,0,0
BRDA:504,52,1,0
BRDA:504,53,0,0
BRDA:504,53,1,0
BRDA:506,54,0,0
BRDA:506,54,1,0
BRDA:518,55,0,0
BRDA:518,55,1,0
BRDA:534,56,0,0
BRDA:534,56,1,0
BRDA:539,57,0,0
BRDA:539,57,1,0
BRDA:550,58,0,0
BRDA:550,58,1,0
BRDA:565,59,0,0
BRDA:565,59,1,0
BRDA:576,60,0,0
BRDA:576,60,1,0
BRDA:606,61,0,0
BRDA:606,61,1,0
BRDA:613,62,0,0
BRDA:613,62,1,0
BRDA:661,63,0,0
BRDA:661,63,1,0
BRDA:673,64,0,0
BRDA:673,64,1,0
BRDA:675,65,0,0
BRDA:675,65,1,0
BRDA:680,66,0,0
BRDA:680,66,1,0
BRDA:685,67,0,0
BRDA:685,67,1,0
BRDA:727,68,0,0
BRDA:727,68,1,0
BRDA:737,69,0,0
BRDA:737,69,1,0
BRDA:744,70,0,0
BRDA:744,70,1,0
BRDA:749,71,0,0
BRDA:749,71,1,0
BRDA:760,72,0,0
BRDA:760,72,1,0
BRDA:762,73,0,0
BRDA:762,73,1,0
BRDA:797,74,0,0
BRDA:797,74,1,0
BRDA:802,75,0,0
BRDA:802,75,1,0
BRDA:841,76,0,0
BRDA:841,76,1,0
BRDA:846,77,0,0
BRDA:846,77,1,0
BRDA:886,78,0,0
BRDA:886,78,1,0
BRDA:899,79,0,0
BRDA:899,79,1,0
BRDA:899,80,0,0
BRDA:899,80,1,0
BRDA:938,81,0,0
BRDA:938,81,1,0
BRDA:940,82,0,0
BRDA:940,82,1,0
BRDA:945,83,0,0
BRDA:945,83,1,0
BRDA:968,84,0,0
BRDA:968,84,1,0
BRDA:973,85,0,0
BRDA:973,85,1,0
BRDA:974,86,0,0
BRDA:974,86,1,0
BRDA:974,86,2,0
BRDA:975,87,0,0
BRDA:975,87,1,0
BRDA:979,88,0,0
BRDA:979,88,1,0
BRDA:980,89,0,0
BRDA:980,89,1,0
BRDA:983,90,0,0
BRDA:983,90,1,0
BRDA:984,91,0,0
BRDA:984,91,1,0
BRDA:987,92,0,0
BRDA:987,92,1,0
BRDA:988,93,0,0
BRDA:988,93,1,0
BRDA:991,94,0,0
BRDA:991,94,1,0
BRDA:992,95,0,0
BRDA:992,95,1,0
BRDA:998,96,0,0
BRDA:998,96,1,0
BRDA:1021,97,0,0
BRDA:1021,97,1,0
BRDA:1027,98,0,0
BRDA:1027,98,1,0
BRDA:1034,99,0,0
BRDA:1034,99,1,0
BRDA:1036,100,0,0
BRDA:1036,100,1,0
BRDA:1058,101,0,0
BRDA:1058,101,1,0
BRDA:1087,102,0,0
BRDA:1087,102,1,0
BRDA:1094,103,0,0
BRDA:1094,103,1,0
BRDA:1097,104,0,0
BRDA:1097,104,1,0
BRDA:1203,105,0,0
BRDA:1203,105,1,0
BRDA:1208,106,0,0
BRDA:1208,106,1,0
BRDA:1218,107,0,0
BRDA:1218,107,1,0
BRDA:1243,108,0,0
BRDA:1243,108,1,0
BRDA:1252,109,0,0
BRDA:1252,109,1,0
BRF:233
BRH:0
end_of_record
TN:
SF:routes/cart.js
FN:14,getUserCurrency
FN:25,enhanceProductWithCurrency
FN:42,(anonymous_2)
FN:69,(anonymous_3)
FN:121,(anonymous_4)
FN:134,(anonymous_5)
FN:143,(anonymous_6)
FN:168,(anonymous_7)
FN:171,(anonymous_8)
FN:172,(anonymous_9)
FN:194,(anonymous_10)
FN:244,(anonymous_11)
FN:258,(anonymous_12)
FN:278,(anonymous_13)
FN:298,(anonymous_14)
FN:337,(anonymous_15)
FN:353,(anonymous_16)
FN:353,(anonymous_17)
FN:355,(anonymous_18)
FN:356,(anonymous_19)
FN:382,(anonymous_20)
FN:399,(anonymous_21)
FN:417,(anonymous_22)
FN:453,(anonymous_23)
FN:467,(anonymous_24)
FN:468,(anonymous_25)
FN:469,(anonymous_26)
FN:495,(anonymous_27)
FN:507,(anonymous_28)
FN:520,(anonymous_29)
FN:547,(anonymous_30)
FN:561,(anonymous_31)
FN:562,(anonymous_32)
FN:563,(anonymous_33)
FN:586,(anonymous_34)
FN:635,(anonymous_35)
FN:669,(anonymous_36)
FN:705,(anonymous_37)
FN:746,(anonymous_38)
FN:771,(anonymous_39)
FN:772,(anonymous_40)
FN:773,(anonymous_41)
FN:803,(anonymous_42)
FN:849,(anonymous_43)
FN:858,(anonymous_44)
FN:865,(anonymous_45)
FNF:46
FNH:0
FNDA:0,getUserCurrency
FNDA:0,enhanceProductWithCurrency
FNDA:0,(anonymous_2)
FNDA:0,(anonymous_3)
FNDA:0,(anonymous_4)
FNDA:0,(anonymous_5)
FNDA:0,(anonymous_6)
FNDA:0,(anonymous_7)
FNDA:0,(anonymous_8)
FNDA:0,(anonymous_9)
FNDA:0,(anonymous_10)
FNDA:0,(anonymous_11)
FNDA:0,(anonymous_12)
FNDA:0,(anonymous_13)
FNDA:0,(anonymous_14)
FNDA:0,(anonymous_15)
FNDA:0,(anonymous_16)
FNDA:0,(anonymous_17)
FNDA:0,(anonymous_18)
FNDA:0,(anonymous_19)
FNDA:0,(anonymous_20)
FNDA:0,(anonymous_21)
FNDA:0,(anonymous_22)
FNDA:0,(anonymous_23)
FNDA:0,(anonymous_24)
FNDA:0,(anonymous_25)
FNDA:0,(anonymous_26)
FNDA:0,(anonymous_27)
FNDA:0,(anonymous_28)
FNDA:0,(anonymous_29)
FNDA:0,(anonymous_30)
FNDA:0,(anonymous_31)
FNDA:0,(anonymous_32)
FNDA:0,(anonymous_33)
FNDA:0,(anonymous_34)
FNDA:0,(anonymous_35)
FNDA:0,(anonymous_36)
FNDA:0,(anonymous_37)
FNDA:0,(anonymous_38)
FNDA:0,(anonymous_39)
FNDA:0,(anonymous_40)
FNDA:0,(anonymous_41)
FNDA:0,(anonymous_42)
FNDA:0,(anonymous_43)
FNDA:0,(anonymous_44)
FNDA:0,(anonymous_45)
DA:1,15
DA:2,15
DA:3,15
DA:4,15
DA:5,15
DA:6,15
DA:7,15
DA:8,15
DA:9,15
DA:10,15
DA:11,15
DA:16,0
DA:17,0
DA:20,0
DA:21,0
DA:26,0
DA:29,0
DA:33,0
DA:42,15
DA:43,0
DA:45,0
DA:46,0
DA:47,0
DA:48,0
DA:50,0
DA:54,0
DA:57,0
DA:58,0
DA:59,0
DA:63,0
DA:64,0
DA:65,0
DA:66,0
DA:69,0
DA:70,0
DA:71,0
DA:72,0
DA:78,0
DA:80,0
DA:81,0
DA:83,0
DA:96,0
DA:97,0
DA:101,0
DA:103,0
DA:104,0
DA:106,0
DA:110,0
DA:114,0
DA:115,0
DA:116,0
DA:117,0
DA:121,0
DA:125,0
DA:126,0
DA:129,0
DA:134,15
DA:135,0
DA:137,0
DA:139,0
DA:142,0
DA:144,0
DA:145,0
DA:146,0
DA:147,0
DA:150,0
DA:151,0
DA:153,0
DA:161,0
DA:162,0
DA:168,0
DA:171,0
DA:172,0
DA:174,0
DA:188,0
DA:189,0
DA:194,15
DA:195,0
DA:196,0
DA:199,0
DA:200,0
DA:211,0
DA:212,0
DA:216,0
DA:217,0
DA:221,0
DA:222,0
DA:226,0
DA:227,0
DA:231,0
DA:232,0
DA:233,0
DA:236,0
DA:237,0
DA:241,0
DA:243,0
DA:244,0
DA:245,0
DA:248,0
DA:249,0
DA:250,0
DA:253,0
DA:254,0
DA:258,0
DA:259,0
DA:262,0
DA:263,0
DA:264,0
DA:267,0
DA:268,0
DA:274,0
DA:276,0
DA:278,0
DA:279,0
DA:282,0
DA:283,0
DA:284,0
DA:286,0
DA:294,0
DA:295,0
DA:298,0
DA:299,0
DA:303,0
DA:305,0
DA:317,0
DA:334,0
DA:336,0
DA:338,0
DA:339,0
DA:340,0
DA:342,0
DA:343,0
DA:345,0
DA:353,0
DA:355,0
DA:356,0
DA:358,0
DA:372,0
DA:373,0
DA:374,0
DA:382,15
DA:383,0
DA:384,0
DA:387,0
DA:388,0
DA:391,0
DA:392,0
DA:395,0
DA:397,0
DA:399,0
DA:400,0
DA:403,0
DA:404,0
DA:405,0
DA:407,0
DA:408,0
DA:410,0
DA:411,0
DA:413,0
DA:417,0
DA:418,0
DA:421,0
DA:423,0
DA:425,0
DA:426,0
DA:428,0
DA:436,0
DA:444,0
DA:446,0
DA:451,0
DA:452,0
DA:454,0
DA:455,0
DA:457,0
DA:467,0
DA:468,0
DA:469,0
DA:472,0
DA:474,0
DA:489,0
DA:490,0
DA:495,15
DA:496,0
DA:497,0
DA:499,0
DA:500,0
DA:503,0
DA:505,0
DA:507,0
DA:508,0
DA:511,0
DA:512,0
DA:513,0
DA:514,0
DA:516,0
DA:520,0
DA:521,0
DA:524,0
DA:526,0
DA:527,0
DA:530,0
DA:538,0
DA:540,0
DA:545,0
DA:546,0
DA:548,0
DA:549,0
DA:551,0
DA:561,0
DA:562,0
DA:563,0
DA:565,0
DA:580,0
DA:581,0
DA:586,15
DA:587,0
DA:588,0
DA:590,0
DA:592,0
DA:593,0
DA:594,0
DA:595,0
DA:596,0
DA:600,0
DA:603,0
DA:604,0
DA:607,0
DA:608,0
DA:610,0
DA:613,0
DA:629,0
DA:630,0
DA:635,15
DA:636,0
DA:637,0
DA:638,0
DA:641,0
DA:643,0
DA:650,0
DA:651,0
DA:652,0
DA:655,0
DA:658,0
DA:660,0
DA:661,0
DA:662,0
DA:663,0
DA:666,0
DA:667,0
DA:669,0
DA:670,0
DA:673,0
DA:675,0
DA:676,0
DA:678,0
DA:685,0
DA:689,0
DA:690,0
DA:691,0
DA:693,0
DA:695,0
DA:696,0
DA:697,0
DA:699,0
DA:700,0
DA:701,0
DA:702,0
DA:705,0
DA:706,0
DA:709,0
DA:711,0
DA:712,0
DA:714,0
DA:721,0
DA:725,0
DA:726,0
DA:728,0
DA:732,0
DA:733,0
DA:735,0
DA:742,0
DA:745,0
DA:747,0
DA:748,0
DA:749,0
DA:750,0
DA:753,0
DA:754,0
DA:756,0
DA:764,0
DA:765,0
DA:771,0
DA:772,0
DA:773,0
DA:775,0
DA:795,0
DA:796,0
DA:803,15
DA:804,0
DA:806,0
DA:807,0
DA:811,0
DA:814,0
DA:815,0
DA:816,0
DA:820,0
DA:823,0
DA:824,0
DA:826,0
DA:842,0
DA:843,0
DA:848,15
DA:849,15
DA:850,0
DA:851,0
DA:852,0
DA:855,0
DA:858,0
DA:865,0
DA:878,0
DA:883,15
LF:321
LH:22
BRDA:16,0,0,0
BRDA:16,0,1,0
BRDA:17,1,0,0
BRDA:17,1,1,0
BRDA:20,2,0,0
BRDA:20,2,1,0
BRDA:25,3,0,0
BRDA:29,4,0,0
BRDA:29,4,1,0
BRDA:29,5,0,0
BRDA:29,5,1,0
BRDA:43,6,0,0
BRDA:43,6,1,0
BRDA:46,7,0,0
BRDA:46,7,1,0
BRDA:57,8,0,0
BRDA:57,8,1,0
BRDA:57,9,0,0
BRDA:57,9,1,0
BRDA:64,10,0,0
BRDA:64,10,1,0
BRDA:65,11,0,0
BRDA:65,11,1,0
BRDA:96,12,0,0
BRDA:96,12,1,0
BRDA:101,13,0,0
BRDA:101,13,1,0
BRDA:104,14,0,0
BRDA:104,14,1,0
BRDA:115,15,0,0
BRDA:115,15,1,0
BRDA:125,16,0,0
BRDA:125,16,1,0
BRDA:146,17,0,0
BRDA:146,17,1,0
BRDA:146,18,0,0
BRDA:146,18,1,0
BRDA:151,19,0,0
BRDA:151,19,1,0
BRDA:196,20,0,0
BRDA:199,21,0,0
BRDA:199,21,1,0
BRDA:203,22,0,0
BRDA:203,22,1,0
BRDA:206,23,0,0
BRDA:206,23,1,0
BRDA:211,24,0,0
BRDA:211,24,1,0
BRDA:216,25,0,0
BRDA:216,25,1,0
BRDA:216,26,0,0
BRDA:216,26,1,0
BRDA:216,26,2,0
BRDA:221,27,0,0
BRDA:221,27,1,0
BRDA:226,28,0,0
BRDA:226,28,1,0
BRDA:232,29,0,0
BRDA:232,29,1,0
BRDA:236,30,0,0
BRDA:236,30,1,0
BRDA:243,31,0,0
BRDA:243,31,1,0
BRDA:248,32,0,0
BRDA:248,32,1,0
BRDA:253,33,0,0
BRDA:253,33,1,0
BRDA:253,34,0,0
BRDA:253,34,1,0
BRDA:262,35,0,0
BRDA:262,35,1,0
BRDA:267,36,0,0
BRDA:267,36,1,0
BRDA:267,37,0,0
BRDA:267,37,1,0
BRDA:276,38,0,0
BRDA:276,38,1,0
BRDA:282,39,0,0
BRDA:282,39,1,0
BRDA:303,40,0,0
BRDA:303,40,1,0
BRDA:339,41,0,0
BRDA:339,41,1,0
BRDA:343,42,0,0
BRDA:343,42,1,0
BRDA:375,43,0,0
BRDA:375,43,1,0
BRDA:376,44,0,0
BRDA:376,44,1,0
BRDA:387,45,0,0
BRDA:387,45,1,0
BRDA:391,46,0,0
BRDA:391,46,1,0
BRDA:391,47,0,0
BRDA:391,47,1,0
BRDA:391,47,2,0
BRDA:397,48,0,0
BRDA:397,48,1,0
BRDA:403,49,0,0
BRDA:403,49,1,0
BRDA:404,50,0,0
BRDA:404,50,1,0
BRDA:421,51,0,0
BRDA:421,51,1,0
BRDA:425,52,0,0
BRDA:425,52,1,0
BRDA:451,53,0,0
BRDA:451,53,1,0
BRDA:455,54,0,0
BRDA:455,54,1,0
BRDA:455,55,0,0
BRDA:455,55,1,0
BRDA:476,56,0,0
BRDA:476,56,1,0
BRDA:499,57,0,0
BRDA:499,57,1,0
BRDA:505,58,0,0
BRDA:505,58,1,0
BRDA:511,59,0,0
BRDA:511,59,1,0
BRDA:524,60,0,0
BRDA:524,60,1,0
BRDA:545,61,0,0
BRDA:545,61,1,0
BRDA:549,62,0,0
BRDA:549,62,1,0
BRDA:549,63,0,0
BRDA:549,63,1,0
BRDA:590,64,0,0
BRDA:590,64,1,0
BRDA:595,65,0,0
BRDA:595,65,1,0
BRDA:604,66,0,0
BRDA:604,66,1,0
BRDA:637,67,0,0
BRDA:637,67,1,0
BRDA:646,68,0,0
BRDA:646,68,1,0
BRDA:651,69,0,0
BRDA:651,69,1,0
BRDA:658,70,0,0
BRDA:658,70,1,0
BRDA:658,71,0,0
BRDA:658,71,1,0
BRDA:658,71,2,0
BRDA:661,72,0,0
BRDA:661,72,1,0
BRDA:662,73,0,0
BRDA:662,73,1,0
BRDA:662,74,0,0
BRDA:662,74,1,0
BRDA:666,75,0,0
BRDA:666,75,1,0
BRDA:667,76,0,0
BRDA:667,76,1,0
BRDA:673,77,0,0
BRDA:673,77,1,0
BRDA:689,78,0,0
BRDA:689,78,1,0
BRDA:693,79,0,0
BRDA:693,79,1,0
BRDA:696,80,0,0
BRDA:696,80,1,0
BRDA:696,81,0,0
BRDA:696,81,1,0
BRDA:701,82,0,0
BRDA:701,82,1,0
BRDA:701,83,0,0
BRDA:701,83,1,0
BRDA:709,84,0,0
BRDA:709,84,1,0
BRDA:749,85,0,0
BRDA:749,85,1,0
BRDA:749,86,0,0
BRDA:749,86,1,0
BRDA:754,87,0,0
BRDA:754,87,1,0
BRDA:797,88,0,0
BRDA:797,88,1,0
BRDA:806,89,0,0
BRDA:806,89,1,0
BRDA:814,90,0,0
BRDA:814,90,1,0
BRDA:814,91,0,0
BRDA:814,91,1,0
BRDA:816,92,0,0
BRDA:816,92,1,0
BRDA:848,93,0,15
BRDA:848,93,1,0
BRDA:867,94,0,0
BRDA:867,94,1,0
BRDA:868,95,0,0
BRDA:868,95,1,0
BRF:193
BRH:1
end_of_record
TN:
SF:routes/integration.js
FN:16,(anonymous_0)
FN:77,(anonymous_1)
FN:139,(anonymous_2)
FN:167,(anonymous_3)
FN:218,(anonymous_4)
FN:249,(anonymous_5)
FN:263,(anonymous_6)
FN:296,(anonymous_7)
FN:350,(anonymous_8)
FN:431,(anonymous_9)
FN:432,(anonymous_10)
FN:434,(anonymous_11)
FN:460,escapeHtml
FN:471,generateProductWidget
FNF:14
FNH:0
FNDA:0,(anonymous_0)
FNDA:0,(anonymous_1)
FNDA:0,(anonymous_2)
FNDA:0,(anonymous_3)
FNDA:0,(anonymous_4)
FNDA:0,(anonymous_5)
FNDA:0,(anonymous_6)
FNDA:0,(anonymous_7)
FNDA:0,(anonymous_8)
FNDA:0,(anonymous_9)
FNDA:0,(anonymous_10)
FNDA:0,(anonymous_11)
FNDA:0,escapeHtml
FNDA:0,generateProductWidget
DA:1,14
DA:2,14
DA:3,14
DA:4,14
DA:5,14
DA:6,14
DA:9,14
DA:12,14
DA:17,0
DA:18,0
DA:19,0
DA:21,0
DA:30,0
DA:31,0
DA:41,0
DA:43,0
DA:47,0
DA:49,0
DA:61,0
DA:62,0
DA:73,14
DA:78,0
DA:79,0
DA:80,0
DA:82,0
DA:87,0
DA:88,0
DA:98,0
DA:99,0
DA:102,0
DA:122,0
DA:123,0
DA:134,14
DA:140,0
DA:141,0
DA:142,0
DA:144,0
DA:150,0
DA:151,0
DA:160,0
DA:167,0
DA:182,0
DA:184,0
DA:185,0
DA:186,0
DA:189,0
DA:201,0
DA:202,0
DA:213,14
DA:219,0
DA:220,0
DA:221,0
DA:224,0
DA:230,0
DA:231,0
DA:232,0
DA:233,0
DA:234,0
DA:235,0
DA:236,0
DA:237,0
DA:238,0
DA:242,0
DA:243,0
DA:246,0
DA:247,0
DA:248,0
DA:249,0
DA:250,0
DA:251,0
DA:259,0
DA:263,0
DA:265,0
DA:277,0
DA:278,0
DA:289,14
DA:297,0
DA:298,0
DA:300,0
DA:301,0
DA:311,0
DA:321,0
DA:326,0
DA:332,0
DA:333,0
DA:344,14
DA:351,0
DA:352,0
DA:355,0
DA:356,0
DA:357,0
DA:358,0
DA:359,0
DA:363,0
DA:364,0
DA:365,0
DA:369,0
DA:391,0
DA:427,0
DA:431,0
DA:432,0
DA:434,0
DA:448,0
DA:449,0
DA:461,0
DA:462,0
DA:472,0
DA:476,0
DA:565,14
LF:109
LH:14
BRDA:30,0,0,0
BRDA:30,0,1,0
BRDA:41,1,0,0
BRDA:41,1,1,0
BRDA:87,2,0,0
BRDA:87,2,1,0
BRDA:98,3,0,0
BRDA:98,3,1,0
BRDA:142,4,0,0
BRDA:142,5,0,0
BRDA:150,6,0,0
BRDA:150,6,1,0
BRDA:167,7,0,0
BRDA:167,7,1,0
BRDA:182,8,0,0
BRDA:182,8,1,0
BRDA:221,9,0,0
BRDA:230,10,0,0
BRDA:230,10,1,0
BRDA:233,11,0,0
BRDA:233,11,1,0
BRDA:236,12,0,0
BRDA:236,12,1,0
BRDA:242,13,0,0
BRDA:242,13,1,0
BRDA:246,14,0,0
BRDA:246,14,1,0
BRDA:250,15,0,0
BRDA:250,15,1,0
BRDA:251,16,0,0
BRDA:251,16,1,0
BRDA:300,17,0,0
BRDA:300,17,1,0
BRDA:300,18,0,0
BRDA:300,18,1,0
BRDA:356,19,0,0
BRDA:356,19,1,0
BRDA:356,20,0,0
BRDA:356,20,1,0
BRDA:358,21,0,0
BRDA:358,21,1,0
BRDA:359,22,0,0
BRDA:359,22,1,0
BRDA:364,23,0,0
BRDA:364,23,1,0
BRDA:433,24,0,0
BRDA:433,24,1,0
BRDA:461,25,0,0
BRDA:461,25,1,0
BRDA:471,26,0,0
BRDA:472,27,0,0
BRDA:472,27,1,0
BRDA:543,28,0,0
BRDA:543,28,1,0
BRDA:543,29,0,0
BRDA:543,29,1,0
BRDA:545,30,0,0
BRDA:545,30,1,0
BRDA:548,31,0,0
BRDA:548,31,1,0
BRDA:550,32,0,0
BRDA:550,32,1,0
BRDA:550,33,0,0
BRDA:550,33,1,0
BRDA:552,34,0,0
BRDA:552,34,1,0
BRDA:553,35,0,0
BRDA:553,35,1,0
BRF:68
BRH:0
end_of_record
TN:
SF:routes/monitoring.js
FN:10,(anonymous_0)
FN:22,(anonymous_1)
FN:60,getDatabaseStatus
FN:93,getServicesStatus
FN:128,(anonymous_4)
FN:165,getCollectionStats
FN:190,getErrorMetrics
FN:204,(anonymous_7)
FNF:8
FNH:0
FNDA:0,(anonymous_0)
FNDA:0,(anonymous_1)
FNDA:0,getDatabaseStatus
FNDA:0,getServicesStatus
FNDA:0,(anonymous_4)
FNDA:0,getCollectionStats
FNDA:0,getErrorMetrics
FNDA:0,(anonymous_7)
DA:1,13
DA:2,13
DA:3,13
DA:4,13
DA:5,13
DA:7,13
DA:10,13
DA:11,0
DA:18,0
DA:22,13
DA:23,0
DA:24,0
DA:34,0
DA:39,0
DA:44,0
DA:49,0
DA:61,0
DA:62,0
DA:63,0
DA:70,0
DA:78,0
DA:79,0
DA:80,0
DA:83,0
DA:85,0
DA:94,0
DA:97,0
DA:99,0
DA:104,0
DA:111,0
DA:113,0
DA:118,0
DA:124,0
DA:128,13
DA:129,0
DA:130,0
DA:144,0
DA:149,0
DA:154,0
DA:166,0
DA:167,0
DA:168,0
DA:170,0
DA:171,0
DA:172,0
DA:173,0
DA:179,0
DA:183,0
DA:185,0
DA:193,0
DA:204,13
DA:205,0
DA:206,0
DA:209,0
DA:219,0
DA:224,0
DA:234,13
LF:57
LH:11
BRDA:15,0,0,0
BRDA:15,0,1,0
BRDA:26,1,0,0
BRDA:26,1,1,0
BRDA:78,2,0,0
BRDA:78,2,1,0
BRDA:206,3,0,0
BRDA:206,4,0,0
BRF:8
BRH:0
end_of_record
TN:
SF:routes/orders.js
FN:15,getUserCurrency
FN:117,(anonymous_1)
FN:146,(anonymous_2)
FN:148,(anonymous_3)
FN:246,(anonymous_4)
FN:294,(anonymous_5)
FN:323,(anonymous_6)
FN:325,(anonymous_7)
FN:433,(anonymous_8)
FN:503,(anonymous_9)
FN:514,(anonymous_10)
FN:516,(anonymous_11)
FN:601,(anonymous_12)
FN:657,(anonymous_13)
FN:685,(anonymous_14)
FN:713,(anonymous_15)
FN:765,(anonymous_16)
FN:795,(anonymous_17)
FN:824,(anonymous_18)
FN:873,(anonymous_19)
FN:1029,(anonymous_20)
FNF:21
FNH:0
FNDA:0,getUserCurrency
FNDA:0,(anonymous_1)
FNDA:0,(anonymous_2)
FNDA:0,(anonymous_3)
FNDA:0,(anonymous_4)
FNDA:0,(anonymous_5)
FNDA:0,(anonymous_6)
FNDA:0,(anonymous_7)
FNDA:0,(anonymous_8)
FNDA:0,(anonymous_9)
FNDA:0,(anonymous_10)
FNDA:0,(anonymous_11)
FNDA:0,(anonymous_12)
FNDA:0,(anonymous_13)
FNDA:0,(anonymous_14)
FNDA:0,(anonymous_15)
FNDA:0,(anonymous_16)
FNDA:0,(anonymous_17)
FNDA:0,(anonymous_18)
FNDA:0,(anonymous_19)
FNDA:0,(anonymous_20)
DA:1,15
DA:2,15
DA:3,15
DA:4,15
DA:5,15
DA:6,15
DA:7,15
DA:8,15
DA:9,15
DA:10,15
DA:11,15
DA:12,15
DA:17,0
DA:18,0
DA:21,0
DA:22,0
DA:26,15
DA:117,15
DA:118,0
DA:120,0
DA:121,0
DA:122,0
DA:139,0
DA:142,0
DA:143,0
DA:146,0
DA:147,0
DA:148,0
DA:150,0
DA:151,0
DA:153,0
DA:154,0
DA:164,0
DA:165,0
DA:169,0
DA:170,0
DA:172,0
DA:186,0
DA:187,0
DA:188,0
DA:191,0
DA:192,0
DA:193,0
DA:194,0
DA:197,0
DA:217,0
DA:218,0
DA:220,0
DA:228,0
DA:231,0
DA:234,0
DA:237,0
DA:238,0
DA:241,0
DA:243,0
DA:246,0
DA:256,0
DA:257,0
DA:258,0
DA:261,0
DA:267,0
DA:282,0
DA:283,0
DA:294,15
DA:295,0
DA:297,0
DA:298,0
DA:299,0
DA:316,0
DA:319,0
DA:320,0
DA:323,0
DA:324,0
DA:325,0
DA:327,0
DA:328,0
DA:330,0
DA:331,0
DA:341,0
DA:342,0
DA:346,0
DA:347,0
DA:349,0
DA:364,0
DA:365,0
DA:366,0
DA:369,0
DA:370,0
DA:371,0
DA:372,0
DA:375,0
DA:395,0
DA:397,0
DA:421,0
DA:422,0
DA:433,15
DA:434,0
DA:436,0
DA:437,0
DA:453,0
DA:456,0
DA:457,0
DA:459,0
DA:460,0
DA:461,0
DA:463,0
DA:464,0
DA:465,0
DA:466,0
DA:467,0
DA:470,0
DA:471,0
DA:472,0
DA:473,0
DA:474,0
DA:479,0
DA:480,0
DA:490,0
DA:491,0
DA:493,0
DA:494,0
DA:495,0
DA:503,0
DA:510,0
DA:511,0
DA:514,0
DA:515,0
DA:516,0
DA:518,0
DA:519,0
DA:521,0
DA:522,0
DA:532,0
DA:533,0
DA:537,0
DA:538,0
DA:540,0
DA:554,0
DA:555,0
DA:556,0
DA:559,0
DA:560,0
DA:561,0
DA:562,0
DA:565,0
DA:585,0
DA:588,0
DA:591,0
DA:592,0
DA:593,0
DA:596,0
DA:598,0
DA:601,0
DA:611,0
DA:612,0
DA:613,0
DA:617,0
DA:621,0
DA:622,0
DA:623,0
DA:626,0
DA:627,0
DA:630,0
DA:645,0
DA:646,0
DA:657,15
DA:658,0
DA:659,0
DA:660,0
DA:661,0
DA:662,0
DA:665,0
DA:666,0
DA:667,0
DA:671,0
DA:678,0
DA:679,0
DA:682,0
DA:686,0
DA:688,0
DA:701,0
DA:702,0
DA:713,15
DA:714,0
DA:715,0
DA:719,0
DA:720,0
DA:731,0
DA:732,0
DA:733,0
DA:745,0
DA:753,0
DA:754,0
DA:765,15
DA:766,0
DA:768,0
DA:769,0
DA:778,0
DA:779,0
DA:780,0
DA:783,0
DA:789,0
DA:790,0
DA:795,0
DA:797,0
DA:812,0
DA:813,0
DA:824,15
DA:825,0
DA:826,0
DA:829,0
DA:830,0
DA:831,0
DA:841,0
DA:842,0
DA:852,0
DA:853,0
DA:855,0
DA:861,0
DA:862,0
DA:873,15
DA:874,0
DA:875,0
DA:878,0
DA:879,0
DA:889,0
DA:890,0
DA:891,0
DA:901,0
DA:902,0
DA:903,0
DA:913,0
DA:914,0
DA:924,0
DA:925,0
DA:926,0
DA:936,0
DA:938,0
DA:946,0
DA:947,0
DA:949,0
DA:952,0
DA:953,0
DA:955,0
DA:957,0
DA:959,0
DA:960,0
DA:961,0
DA:962,0
DA:963,0
DA:966,0
DA:967,0
DA:968,0
DA:971,0
DA:972,0
DA:981,0
DA:982,0
DA:983,0
DA:987,0
DA:990,0
DA:1007,0
DA:1017,0
DA:1018,0
DA:1029,15
DA:1030,0
DA:1031,0
DA:1033,0
DA:1034,0
DA:1035,0
DA:1044,0
DA:1045,0
DA:1046,0
DA:1049,0
DA:1055,0
DA:1056,0
DA:1066,0
DA:1067,0
DA:1069,0
DA:1071,0
DA:1073,0
DA:1074,0
DA:1075,0
DA:1076,0
DA:1079,0
DA:1080,0
DA:1081,0
DA:1084,0
DA:1085,0
DA:1092,0
DA:1093,0
DA:1094,0
DA:1098,0
DA:1101,0
DA:1114,0
DA:1115,0
DA:1125,15
LF:296
LH:23
BRDA:17,0,0,0
BRDA:17,0,1,0
BRDA:18,1,0,0
BRDA:18,1,1,0
BRDA:21,2,0,0
BRDA:21,2,1,0
BRDA:121,3,0,0
BRDA:121,3,1,0
BRDA:153,4,0,0
BRDA:153,4,1,0
BRDA:153,5,0,0
BRDA:153,5,1,0
BRDA:165,6,0,0
BRDA:165,6,1,0
BRDA:165,7,0,0
BRDA:165,7,1,0
BRDA:188,8,0,0
BRDA:188,8,1,0
BRDA:193,9,0,0
BRDA:193,9,1,0
BRDA:217,10,0,0
BRDA:217,10,1,0
BRDA:224,11,0,0
BRDA:224,11,1,0
BRDA:241,12,0,0
BRDA:241,12,1,0
BRDA:257,13,0,0
BRDA:257,13,1,0
BRDA:298,14,0,0
BRDA:298,14,1,0
BRDA:330,15,0,0
BRDA:330,15,1,0
BRDA:330,16,0,0
BRDA:330,16,1,0
BRDA:342,17,0,0
BRDA:342,17,1,0
BRDA:342,18,0,0
BRDA:342,18,1,0
BRDA:366,19,0,0
BRDA:366,19,1,0
BRDA:371,20,0,0
BRDA:371,20,1,0
BRDA:379,21,0,0
BRDA:379,21,1,0
BRDA:436,22,0,0
BRDA:436,22,1,0
BRDA:452,23,0,0
BRDA:459,24,0,0
BRDA:459,24,1,0
BRDA:463,25,0,0
BRDA:463,25,1,0
BRDA:470,26,0,0
BRDA:470,26,1,0
BRDA:479,27,0,0
BRDA:479,27,1,0
BRDA:479,28,0,0
BRDA:479,28,1,0
BRDA:491,29,0,0
BRDA:491,29,1,0
BRDA:491,30,0,0
BRDA:491,30,1,0
BRDA:494,31,0,0
BRDA:494,31,1,0
BRDA:494,32,0,0
BRDA:494,32,1,0
BRDA:494,32,2,0
BRDA:521,33,0,0
BRDA:521,33,1,0
BRDA:521,34,0,0
BRDA:521,34,1,0
BRDA:533,35,0,0
BRDA:533,35,1,0
BRDA:533,36,0,0
BRDA:533,36,1,0
BRDA:556,37,0,0
BRDA:556,37,1,0
BRDA:561,38,0,0
BRDA:561,38,1,0
BRDA:592,39,0,0
BRDA:592,39,1,0
BRDA:596,40,0,0
BRDA:596,40,1,0
BRDA:596,40,2,0
BRDA:612,41,0,0
BRDA:612,41,1,0
BRDA:626,42,0,0
BRDA:626,42,1,0
BRDA:626,43,0,0
BRDA:626,43,1,0
BRDA:659,44,0,0
BRDA:659,44,1,0
BRDA:660,45,0,0
BRDA:660,45,1,0
BRDA:666,46,0,0
BRDA:666,46,1,0
BRDA:666,47,0,0
BRDA:666,47,1,0
BRDA:719,48,0,0
BRDA:719,48,1,0
BRDA:731,49,0,0
BRDA:731,49,1,0
BRDA:732,50,0,0
BRDA:732,50,1,0
BRDA:732,51,0,0
BRDA:732,51,1,0
BRDA:732,51,2,0
BRDA:768,52,0,0
BRDA:768,52,1,0
BRDA:778,53,0,0
BRDA:778,53,1,0
BRDA:779,54,0,0
BRDA:779,54,1,0
BRDA:830,55,0,0
BRDA:830,55,1,0
BRDA:841,56,0,0
BRDA:841,56,1,0
BRDA:878,57,0,0
BRDA:878,57,1,0
BRDA:890,58,0,0
BRDA:890,58,1,0
BRDA:902,59,0,0
BRDA:902,59,1,0
BRDA:913,60,0,0
BRDA:913,60,1,0
BRDA:924,61,0,0
BRDA:924,61,1,0
BRDA:925,62,0,0
BRDA:925,62,1,0
BRDA:946,63,0,0
BRDA:946,63,1,0
BRDA:947,64,0,0
BRDA:947,64,1,0
BRDA:957,65,0,0
BRDA:957,65,1,0
BRDA:963,66,0,0
BRDA:963,66,1,0
BRDA:963,66,2,0
BRDA:968,67,0,0
BRDA:968,67,1,0
BRDA:971,68,0,0
BRDA:971,68,1,0
BRDA:971,69,0,0
BRDA:971,69,1,0
BRDA:982,70,0,0
BRDA:982,70,1,0
BRDA:1034,71,0,0
BRDA:1034,71,1,0
BRDA:1045,72,0,0
BRDA:1045,72,1,0
BRDA:1055,73,0,0
BRDA:1055,73,1,0
BRDA:1071,74,0,0
BRDA:1071,74,1,0
BRDA:1076,75,0,0
BRDA:1076,75,1,0
BRDA:1076,75,2,0
BRDA:1081,76,0,0
BRDA:1081,76,1,0
BRDA:1084,77,0,0
BRDA:1084,77,1,0
BRDA:1084,78,0,0
BRDA:1084,78,1,0
BRDA:1093,79,0,0
BRDA:1093,79,1,0
BRF:164
BRH:0
end_of_record
TN:
SF:routes/payments.js
FN:30,(anonymous_0)
FN:31,(anonymous_1)
FN:33,(anonymous_2)
FN:37,(anonymous_3)
FN:47,(anonymous_4)
FN:53,(anonymous_5)
FN:59,(anonymous_6)
FN:148,(anonymous_7)
FN:221,(anonymous_8)
FN:329,(anonymous_9)
FN:412,(anonymous_10)
FN:453,(anonymous_11)
FN:467,(anonymous_12)
FN:488,(anonymous_13)
FN:558,(anonymous_14)
FNF:15
FNH:0
FNDA:0,(anonymous_0)
FNDA:0,(anonymous_1)
FNDA:0,(anonymous_2)
FNDA:0,(anonymous_3)
FNDA:0,(anonymous_4)
FNDA:0,(anonymous_5)
FNDA:0,(anonymous_6)
FNDA:0,(anonymous_7)
FNDA:0,(anonymous_8)
FNDA:0,(anonymous_9)
FNDA:0,(anonymous_10)
FNDA:0,(anonymous_11)
FNDA:0,(anonymous_12)
FNDA:0,(anonymous_13)
FNDA:0,(anonymous_14)
DA:1,17
DA:2,17
DA:3,17
DA:4,17
DA:5,17
DA:6,17
DA:7,17
DA:8,17
DA:9,17
DA:13,17
DA:14,17
DA:16,17
DA:17,0
DA:18,0
DA:21,17
DA:24,17
DA:26,0
DA:28,0
DA:30,0
DA:31,0
DA:33,0
DA:37,0
DA:44,17
DA:48,0
DA:49,0
DA:51,0
DA:54,0
DA:55,0
DA:57,0
DA:60,0
DA:62,0
DA:63,0
DA:64,0
DA:67,0
DA:70,0
DA:72,0
DA:73,0
DA:77,0
DA:78,0
DA:82,0
DA:97,0
DA:98,0
DA:102,0
DA:105,0
DA:106,0
DA:107,0
DA:108,0
DA:110,0
DA:128,0
DA:131,0
DA:132,0
DA:136,0
DA:137,0
DA:140,0
DA:146,17
DA:149,0
DA:150,0
DA:151,0
DA:152,0
DA:155,0
DA:157,0
DA:158,0
DA:159,0
DA:163,0
DA:164,0
DA:168,0
DA:169,0
DA:173,0
DA:174,0
DA:175,0
DA:176,0
DA:177,0
DA:180,0
DA:181,0
DA:184,0
DA:187,0
DA:188,0
DA:192,0
DA:193,0
DA:194,0
DA:196,0
DA:199,0
DA:215,0
DA:216,0
DA:221,17
DA:222,0
DA:223,0
DA:225,0
DA:226,0
DA:230,0
DA:233,0
DA:234,0
DA:235,0
DA:236,0
DA:240,0
DA:242,0
DA:244,0
DA:245,0
DA:246,0
DA:247,0
DA:248,0
DA:253,0
DA:254,0
DA:255,0
DA:259,0
DA:260,0
DA:263,0
DA:266,0
DA:269,0
DA:277,0
DA:279,0
DA:282,0
DA:284,0
DA:285,0
DA:287,0
DA:289,0
DA:290,0
DA:291,0
DA:292,0
DA:295,0
DA:296,0
DA:297,0
DA:300,0
DA:301,0
DA:312,0
DA:313,0
DA:314,0
DA:318,0
DA:322,0
DA:323,0
DA:325,0
DA:326,0
DA:329,0
DA:339,0
DA:345,0
DA:346,0
DA:350,0
DA:354,0
DA:355,0
DA:358,0
DA:359,0
DA:360,0
DA:372,0
DA:378,0
DA:384,0
DA:385,0
DA:390,0
DA:399,0
DA:403,0
DA:406,0
DA:407,0
DA:412,17
DA:413,0
DA:414,0
DA:417,0
DA:420,0
DA:422,0
DA:442,0
DA:444,0
DA:445,0
DA:448,0
DA:453,17
DA:454,0
DA:455,0
DA:457,0
DA:458,0
DA:459,0
DA:465,0
DA:467,0
DA:476,0
DA:482,0
DA:483,0
DA:488,17
DA:489,0
DA:490,0
DA:493,0
DA:494,0
DA:497,0
DA:498,0
DA:502,0
DA:503,0
DA:504,0
DA:508,0
DA:512,0
DA:513,0
DA:520,0
DA:523,0
DA:524,0
DA:525,0
DA:527,0
DA:529,0
DA:547,0
DA:549,0
DA:550,0
DA:553,0
DA:558,17
DA:559,0
DA:561,0
DA:563,0
DA:571,0
DA:572,0
DA:576,17
LF:202
LH:22
BRDA:14,0,0,17
BRDA:14,0,1,0
BRDA:16,1,0,0
BRDA:16,1,1,17
BRDA:48,2,0,0
BRDA:48,2,1,0
BRDA:48,3,0,0
BRDA:48,3,1,0
BRDA:54,4,0,0
BRDA:54,4,1,0
BRDA:54,5,0,0
BRDA:54,5,1,0
BRDA:63,6,0,0
BRDA:63,6,1,0
BRDA:67,7,0,0
BRDA:72,8,0,0
BRDA:72,8,1,0
BRDA:77,9,0,0
BRDA:77,9,1,0
BRDA:84,10,0,0
BRDA:84,10,1,0
BRDA:88,11,0,0
BRDA:88,11,1,0
BRDA:89,12,0,0
BRDA:89,12,1,0
BRDA:97,13,0,0
BRDA:97,13,1,0
BRDA:97,14,0,0
BRDA:97,14,1,0
BRDA:115,15,0,0
BRDA:115,15,1,0
BRDA:117,16,0,0
BRDA:117,16,1,0
BRDA:118,17,0,0
BRDA:118,17,1,0
BRDA:131,18,0,0
BRDA:131,18,1,0
BRDA:136,19,0,0
BRDA:136,19,1,0
BRDA:136,20,0,0
BRDA:136,20,1,0
BRDA:151,21,0,0
BRDA:151,21,1,0
BRDA:158,22,0,0
BRDA:158,22,1,0
BRDA:163,23,0,0
BRDA:163,23,1,0
BRDA:163,24,0,0
BRDA:163,24,1,0
BRDA:163,24,2,0
BRDA:163,24,3,0
BRDA:168,25,0,0
BRDA:168,25,1,0
BRDA:180,26,0,0
BRDA:180,26,1,0
BRDA:180,27,0,0
BRDA:180,27,1,0
BRDA:180,27,2,0
BRDA:187,28,0,0
BRDA:187,28,1,0
BRDA:187,29,0,0
BRDA:187,29,1,0
BRDA:225,30,0,0
BRDA:225,30,1,0
BRDA:234,31,0,0
BRDA:234,31,1,0
BRDA:242,32,0,0
BRDA:242,32,1,0
BRDA:242,32,2,0
BRDA:242,32,3,0
BRDA:242,32,4,0
BRDA:242,32,5,0
BRDA:242,32,6,0
BRDA:246,33,0,0
BRDA:246,33,1,0
BRDA:277,34,0,0
BRDA:277,34,1,0
BRDA:277,35,0,0
BRDA:277,35,1,0
BRDA:287,36,0,0
BRDA:287,36,1,0
BRDA:292,37,0,0
BRDA:292,37,1,0
BRDA:300,38,0,0
BRDA:300,38,1,0
BRDA:305,39,0,0
BRDA:305,39,1,0
BRDA:306,40,0,0
BRDA:306,40,1,0
BRDA:313,41,0,0
BRDA:313,41,1,0
BRDA:325,42,0,0
BRDA:325,42,1,0
BRDA:325,43,0,0
BRDA:325,43,1,0
BRDA:325,43,2,0
BRDA:325,43,3,0
BRDA:330,44,0,0
BRDA:330,44,1,0
BRDA:345,45,0,0
BRDA:345,45,1,0
BRDA:359,46,0,0
BRDA:359,46,1,0
BRDA:359,47,0,0
BRDA:359,47,1,0
BRDA:367,48,0,0
BRDA:367,48,1,0
BRDA:384,49,0,0
BRDA:384,49,1,0
BRDA:433,50,0,0
BRDA:433,50,1,0
BRDA:444,51,0,0
BRDA:444,51,1,0
BRDA:455,52,0,0
BRDA:458,53,0,0
BRDA:458,53,1,0
BRDA:493,54,0,0
BRDA:493,54,1,0
BRDA:497,55,0,0
BRDA:497,55,1,0
BRDA:503,56,0,0
BRDA:503,56,1,0
BRDA:509,57,0,0
BRDA:509,57,1,0
BRDA:512,58,0,0
BRDA:512,58,1,0
BRDA:523,59,0,0
BRDA:523,59,1,0
BRDA:549,60,0,0
BRDA:549,60,1,0
BRF:130
BRH:2
end_of_record
TN:
SF:routes/products.js
FN:11,getUserCurrency
FN:22,enhanceProductWithCurrency
FN:40,(anonymous_2)
FN:152,(anonymous_3)
FN:190,(anonymous_4)
FN:196,(anonymous_5)
FN:198,(anonymous_6)
FN:221,(anonymous_7)
FN:244,(anonymous_8)
FN:266,(anonymous_9)
FN:267,(anonymous_10)
FN:287,(anonymous_11)
FN:314,(anonymous_12)
FN:343,(anonymous_13)
FN:381,(anonymous_14)
FN:382,(anonymous_15)
FN:382,(anonymous_16)
FN:386,(anonymous_17)
FN:407,(anonymous_18)
FN:425,(anonymous_19)
FN:443,(anonymous_20)
FN:537,(anonymous_21)
FN:564,(anonymous_22)
FN:588,(anonymous_23)
FN:624,(anonymous_24)
FN:657,(anonymous_25)
FN:695,(anonymous_26)
FN:734,(anonymous_27)
FNF:28
FNH:0
FNDA:0,getUserCurrency
FNDA:0,enhanceProductWithCurrency
FNDA:0,(anonymous_2)
FNDA:0,(anonymous_3)
FNDA:0,(anonymous_4)
FNDA:0,(anonymous_5)
FNDA:0,(anonymous_6)
FNDA:0,(anonymous_7)
FNDA:0,(anonymous_8)
FNDA:0,(anonymous_9)
FNDA:0,(anonymous_10)
FNDA:0,(anonymous_11)
FNDA:0,(anonymous_12)
FNDA:0,(anonymous_13)
FNDA:0,(anonymous_14)
FNDA:0,(anonymous_15)
FNDA:0,(anonymous_16)
FNDA:0,(anonymous_17)
FNDA:0,(anonymous_18)
FNDA:0,(anonymous_19)
FNDA:0,(anonymous_20)
FNDA:0,(anonymous_21)
FNDA:0,(anonymous_22)
FNDA:0,(anonymous_23)
FNDA:0,(anonymous_24)
FNDA:0,(anonymous_25)
FNDA:0,(anonymous_26)
FNDA:0,(anonymous_27)
DA:1,14
DA:2,14
DA:3,14
DA:4,14
DA:5,14
DA:6,14
DA:7,14
DA:8,14
DA:13,0
DA:14,0
DA:17,0
DA:18,0
DA:23,0
DA:26,0
DA:27,0
DA:31,0
DA:40,14
DA:41,0
DA:55,0
DA:58,0
DA:61,0
DA:62,0
DA:66,0
DA:67,0
DA:71,0
DA:72,0
DA:73,0
DA:76,0
DA:77,0
DA:78,0
DA:81,0
DA:82,0
DA:83,0
DA:86,0
DA:87,0
DA:88,0
DA:92,0
DA:93,0
DA:94,0
DA:95,0
DA:99,0
DA:100,0
DA:104,0
DA:105,0
DA:107,0
DA:108,0
DA:110,0
DA:111,0
DA:113,0
DA:114,0
DA:116,0
DA:117,0
DA:119,0
DA:120,0
DA:123,0
DA:124,0
DA:128,0
DA:129,0
DA:132,0
DA:133,0
DA:134,0
DA:137,0
DA:144,0
DA:145,0
DA:148,0
DA:149,0
DA:152,0
DA:153,0
DA:154,0
DA:157,0
DA:184,0
DA:185,0
DA:190,14
DA:191,0
DA:193,0
DA:195,0
DA:196,0
DA:197,0
DA:198,0
DA:199,0
DA:204,0
DA:206,0
DA:211,0
DA:212,0
DA:221,14
DA:222,0
DA:223,0
DA:225,0
DA:226,0
DA:232,0
DA:233,0
DA:234,0
DA:237,0
DA:244,0
DA:245,0
DA:246,0
DA:247,0
DA:248,0
DA:258,0
DA:265,0
DA:266,0
DA:267,0
DA:268,0
DA:269,0
DA:270,0
DA:280,0
DA:287,0
DA:288,0
DA:289,0
DA:290,0
DA:292,0
DA:293,0
DA:303,0
DA:314,0
DA:315,0
DA:316,0
DA:317,0
DA:318,0
DA:328,0
DA:334,0
DA:335,0
DA:343,14
DA:344,0
DA:345,0
DA:347,0
DA:348,0
DA:352,0
DA:360,0
DA:363,0
DA:365,0
DA:373,0
DA:380,0
DA:381,0
DA:382,0
DA:386,0
DA:388,0
DA:401,0
DA:402,0
DA:407,14
DA:408,0
DA:409,0
DA:423,0
DA:425,0
DA:437,0
DA:438,0
DA:443,14
DA:444,0
DA:445,0
DA:447,0
DA:448,0
DA:449,0
DA:452,0
DA:507,0
DA:515,0
DA:531,0
DA:532,0
DA:537,14
DA:538,0
DA:539,0
DA:540,0
DA:542,0
DA:543,0
DA:544,0
DA:548,0
DA:559,0
DA:564,0
DA:566,0
DA:582,0
DA:583,0
DA:588,14
DA:589,0
DA:590,0
DA:592,0
DA:594,0
DA:595,0
DA:605,0
DA:617,0
DA:618,0
DA:620,0
DA:624,0
DA:634,0
DA:635,0
DA:640,14
DA:658,0
DA:659,0
DA:660,0
DA:661,0
DA:664,0
DA:667,0
DA:668,0
DA:675,0
DA:676,0
DA:677,0
DA:680,0
DA:682,0
DA:689,0
DA:690,0
DA:695,14
DA:696,0
DA:697,0
DA:698,0
DA:701,0
DA:702,0
DA:703,0
DA:705,0
DA:711,0
DA:712,0
DA:721,0
DA:728,0
DA:729,0
DA:734,14
DA:735,0
DA:736,0
DA:738,0
DA:744,0
DA:745,0
DA:754,0
DA:765,0
DA:766,0
DA:770,14
LF:220
LH:20
BRDA:13,0,0,0
BRDA:13,0,1,0
BRDA:14,1,0,0
BRDA:14,1,1,0
BRDA:17,2,0,0
BRDA:17,2,1,0
BRDA:22,3,0,0
BRDA:23,4,0,0
BRDA:23,4,1,0
BRDA:26,5,0,0
BRDA:26,5,1,0
BRDA:26,6,0,0
BRDA:26,6,1,0
BRDA:27,7,0,0
BRDA:27,7,1,0
BRDA:27,8,0,0
BRDA:27,8,1,0
BRDA:52,9,0,0
BRDA:53,10,0,0
BRDA:54,11,0,0
BRDA:61,12,0,0
BRDA:61,12,1,0
BRDA:66,13,0,0
BRDA:66,13,1,0
BRDA:71,14,0,0
BRDA:71,14,1,0
BRDA:72,15,0,0
BRDA:72,15,1,0
BRDA:76,16,0,0
BRDA:76,16,1,0
BRDA:77,17,0,0
BRDA:77,17,1,0
BRDA:81,18,0,0
BRDA:81,18,1,0
BRDA:82,19,0,0
BRDA:82,19,1,0
BRDA:86,20,0,0
BRDA:86,20,1,0
BRDA:87,21,0,0
BRDA:87,21,1,0
BRDA:92,22,0,0
BRDA:92,22,1,0
BRDA:92,23,0,0
BRDA:92,23,1,0
BRDA:94,24,0,0
BRDA:94,24,1,0
BRDA:95,25,0,0
BRDA:95,25,1,0
BRDA:99,26,0,0
BRDA:99,26,1,0
BRDA:105,27,0,0
BRDA:105,27,1,0
BRDA:105,27,2,0
BRDA:105,27,3,0
BRDA:105,27,4,0
BRDA:105,27,5,0
BRDA:105,27,6,0
BRDA:128,28,0,0
BRDA:128,28,1,0
BRDA:149,29,0,0
BRDA:149,29,1,0
BRDA:197,30,0,0
BRDA:197,30,1,0
BRDA:197,31,0,0
BRDA:197,31,1,0
BRDA:199,32,0,0
BRDA:199,32,1,0
BRDA:225,33,0,0
BRDA:225,33,1,0
BRDA:225,34,0,0
BRDA:225,34,1,0
BRDA:246,35,0,0
BRDA:246,35,1,0
BRDA:268,36,0,0
BRDA:268,36,1,0
BRDA:268,37,0,0
BRDA:268,37,1,0
BRDA:289,38,0,0
BRDA:289,38,1,0
BRDA:297,39,0,0
BRDA:297,39,1,0
BRDA:316,40,0,0
BRDA:316,40,1,0
BRDA:345,41,0,0
BRDA:347,42,0,0
BRDA:347,42,1,0
BRDA:363,43,0,0
BRDA:363,43,1,0
BRDA:448,44,0,0
BRDA:448,44,1,0
BRDA:507,45,0,0
BRDA:507,45,1,0
BRDA:523,46,0,0
BRDA:523,46,1,0
BRDA:524,47,0,0
BRDA:524,47,1,0
BRDA:527,48,0,0
BRDA:527,48,1,0
BRDA:540,49,0,0
BRDA:543,50,0,0
BRDA:543,50,1,0
BRDA:553,51,0,0
BRDA:553,51,1,0
BRDA:554,52,0,0
BRDA:554,52,1,0
BRDA:555,53,0,0
BRDA:555,53,1,0
BRDA:594,54,0,0
BRDA:594,54,1,0
BRDA:609,55,0,0
BRDA:609,55,1,0
BRDA:618,56,0,0
BRDA:618,56,1,0
BRDA:660,57,0,0
BRDA:660,57,1,0
BRDA:667,58,0,0
BRDA:667,58,1,0
BRDA:676,59,0,0
BRDA:676,59,1,0
BRDA:711,60,0,0
BRDA:711,60,1,0
BRDA:744,61,0,0
BRDA:744,61,1,0
BRF:123
BRH:0
end_of_record
TN:
SF:routes/reviews.js
FN:33,(anonymous_0)
FN:120,(anonymous_1)
FN:164,(anonymous_2)
FN:196,(anonymous_3)
FN:215,(anonymous_4)
FN:252,(anonymous_5)
FNF:6
FNH:0
FNDA:0,(anonymous_0)
FNDA:0,(anonymous_1)
FNDA:0,(anonymous_2)
FNDA:0,(anonymous_3)
FNDA:0,(anonymous_4)
FNDA:0,(anonymous_5)
DA:1,13
DA:2,13
DA:3,13
DA:4,13
DA:5,13
DA:6,13
DA:7,13
DA:8,13
DA:11,13
DA:26,13
DA:33,13
DA:34,0
DA:36,0
DA:37,0
DA:38,0
DA:45,0
DA:46,0
DA:47,0
DA:50,0
DA:51,0
DA:52,0
DA:59,0
DA:60,0
DA:61,0
DA:66,0
DA:73,0
DA:83,0
DA:85,0
DA:101,0
DA:104,0
DA:105,0
DA:111,0
DA:120,13
DA:121,0
DA:123,0
DA:124,0
DA:125,0
DA:132,0
DA:133,0
DA:134,0
DA:135,0
DA:138,0
DA:139,0
DA:140,0
DA:147,0
DA:154,0
DA:160,0
DA:162,0
DA:164,0
DA:186,0
DA:187,0
DA:196,13
DA:197,0
DA:198,0
DA:199,0
DA:200,0
DA:201,0
DA:204,0
DA:211,0
DA:213,0
DA:215,0
DA:240,0
DA:241,0
DA:250,13
DA:253,0
DA:255,0
DA:256,0
DA:257,0
DA:264,0
DA:265,0
DA:268,0
DA:269,0
DA:270,0
DA:277,0
DA:279,0
DA:281,0
DA:282,0
DA:292,0
DA:293,0
DA:304,0
DA:305,0
DA:313,13
LF:82
LH:15
BRDA:37,0,0,0
BRDA:37,0,1,0
BRDA:47,1,0,0
BRDA:47,1,1,0
BRDA:51,2,0,0
BRDA:51,2,1,0
BRDA:60,3,0,0
BRDA:60,3,1,0
BRDA:68,4,0,0
BRDA:68,4,1,0
BRDA:104,5,0,0
BRDA:104,5,1,0
BRDA:114,6,0,0
BRDA:114,6,1,0
BRDA:124,7,0,0
BRDA:124,7,1,0
BRDA:133,8,0,0
BRDA:133,8,1,0
BRDA:134,9,0,0
BRDA:134,9,1,0
BRDA:139,10,0,0
BRDA:139,10,1,0
BRDA:190,11,0,0
BRDA:190,11,1,0
BRDA:199,12,0,0
BRDA:199,12,1,0
BRDA:200,13,0,0
BRDA:200,13,1,0
BRDA:244,14,0,0
BRDA:244,14,1,0
BRDA:256,15,0,0
BRDA:256,15,1,0
BRDA:269,16,0,0
BRDA:269,16,1,0
BRDA:279,17,0,0
BRDA:279,17,1,0
BRDA:308,18,0,0
BRDA:308,18,1,0
BRF:38
BRH:0
end_of_record
TN:
SF:routes/settings.js
FN:9,(anonymous_0)
FN:29,(anonymous_1)
FN:48,(anonymous_2)
FN:74,(anonymous_3)
FN:80,(anonymous_4)
FN:94,(anonymous_5)
FN:104,(anonymous_6)
FN:131,(anonymous_7)
FN:196,(anonymous_8)
FN:250,(anonymous_9)
FN:283,(anonymous_10)
FN:309,(anonymous_11)
FN:343,(anonymous_12)
FN:431,(anonymous_13)
FN:447,(anonymous_14)
FNF:15
FNH:0
FNDA:0,(anonymous_0)
FNDA:0,(anonymous_1)
FNDA:0,(anonymous_2)
FNDA:0,(anonymous_3)
FNDA:0,(anonymous_4)
FNDA:0,(anonymous_5)
FNDA:0,(anonymous_6)
FNDA:0,(anonymous_7)
FNDA:0,(anonymous_8)
FNDA:0,(anonymous_9)
FNDA:0,(anonymous_10)
FNDA:0,(anonymous_11)
FNDA:0,(anonymous_12)
FNDA:0,(anonymous_13)
FNDA:0,(anonymous_14)
DA:1,4
DA:2,4
DA:3,4
DA:4,4
DA:5,4
DA:6,4
DA:9,4
DA:10,0
DA:11,0
DA:13,0
DA:23,0
DA:24,0
DA:29,4
DA:30,0
DA:31,0
DA:34,0
DA:35,0
DA:36,0
DA:38,0
DA:39,0
DA:42,0
DA:47,0
DA:48,0
DA:49,0
DA:50,0
DA:52,0
DA:55,0
DA:68,0
DA:69,0
DA:74,4
DA:75,0
DA:76,0
DA:79,0
DA:81,0
DA:82,0
DA:83,0
DA:92,0
DA:94,0
DA:98,0
DA:99,0
DA:104,4
DA:105,0
DA:106,0
DA:108,0
DA:112,0
DA:113,0
DA:116,0
DA:122,0
DA:123,0
DA:128,4
DA:132,0
DA:133,0
DA:134,0
DA:135,0
DA:138,0
DA:139,0
DA:140,0
DA:142,0
DA:143,0
DA:144,0
DA:148,0
DA:149,0
DA:150,0
DA:154,0
DA:157,0
DA:158,0
DA:161,0
DA:170,0
DA:171,0
DA:174,0
DA:176,0
DA:188,0
DA:189,0
DA:194,4
DA:197,0
DA:198,0
DA:199,0
DA:200,0
DA:203,0
DA:204,0
DA:205,0
DA:207,0
DA:208,0
DA:209,0
DA:212,0
DA:213,0
DA:215,0
DA:227,0
DA:228,0
DA:233,4
DA:251,0
DA:252,0
DA:253,0
DA:254,0
DA:257,0
DA:263,0
DA:264,0
DA:265,0
DA:268,0
DA:270,0
DA:277,0
DA:278,0
DA:283,4
DA:284,0
DA:285,0
DA:287,0
DA:288,0
DA:289,0
DA:292,0
DA:303,0
DA:304,0
DA:309,4
DA:310,0
DA:311,0
DA:313,0
DA:314,0
DA:315,0
DA:318,0
DA:319,0
DA:320,0
DA:322,0
DA:332,0
DA:333,0
DA:338,4
DA:344,0
DA:345,0
DA:346,0
DA:347,0
DA:350,0
DA:351,0
DA:353,0
DA:354,0
DA:355,0
DA:358,0
DA:359,0
DA:360,0
DA:361,0
DA:362,0
DA:363,0
DA:367,0
DA:368,0
DA:369,0
DA:370,0
DA:373,0
DA:374,0
DA:375,0
DA:378,0
DA:386,0
DA:387,0
DA:390,0
DA:392,0
DA:393,0
DA:396,0
DA:405,0
DA:409,0
DA:425,0
DA:426,0
DA:431,4
DA:432,0
DA:433,0
DA:435,0
DA:436,0
DA:437,0
DA:440,0
DA:443,0
DA:444,0
DA:447,0
DA:462,0
DA:467,0
DA:471,0
DA:472,0
DA:476,4
LF:172
LH:18
BRDA:35,0,0,0
BRDA:35,0,1,0
BRDA:38,1,0,0
BRDA:38,1,1,0
BRDA:49,2,0,0
BRDA:49,2,1,0
BRDA:112,3,0,0
BRDA:112,3,1,0
BRDA:134,4,0,0
BRDA:134,4,1,0
BRDA:143,5,0,0
BRDA:143,5,1,0
BRDA:149,6,0,0
BRDA:149,6,1,0
BRDA:166,7,0,0
BRDA:166,7,1,0
BRDA:170,8,0,0
BRDA:170,8,1,0
BRDA:199,9,0,0
BRDA:199,9,1,0
BRDA:208,10,0,0
BRDA:208,10,1,0
BRDA:213,11,0,0
BRDA:213,11,1,0
BRDA:253,12,0,0
BRDA:253,12,1,0
BRDA:264,13,0,0
BRDA:264,13,1,0
BRDA:288,14,0,0
BRDA:288,14,1,0
BRDA:314,15,0,0
BRDA:314,15,1,0
BRDA:324,16,0,0
BRDA:324,16,1,0
BRDA:346,17,0,0
BRDA:346,17,1,0
BRDA:361,18,0,0
BRDA:361,18,1,0
BRDA:368,19,0,0
BRDA:368,19,1,0
BRDA:383,20,0,0
BRDA:383,20,1,0
BRDA:386,21,0,0
BRDA:386,21,1,0
BRDA:392,22,0,0
BRDA:392,22,1,0
BRDA:433,23,0,0
BRDA:436,24,0,0
BRDA:436,24,1,0
BRDA:443,25,0,0
BRDA:443,25,1,0
BRF:51
BRH:0
end_of_record
TN:
SF:routes/wholesalers.js
FN:8,(anonymous_0)
FN:24,(anonymous_1)
FN:55,(anonymous_2)
FN:85,(anonymous_3)
FN:95,(anonymous_4)
FN:102,(anonymous_5)
FN:103,(anonymous_6)
FN:127,(anonymous_7)
FN:139,(anonymous_8)
FNF:9
FNH:0
FNDA:0,(anonymous_0)
FNDA:0,(anonymous_1)
FNDA:0,(anonymous_2)
FNDA:0,(anonymous_3)
FNDA:0,(anonymous_4)
FNDA:0,(anonymous_5)
FNDA:0,(anonymous_6)
FNDA:0,(anonymous_7)
FNDA:0,(anonymous_8)
DA:1,14
DA:2,14
DA:3,14
DA:4,14
DA:8,14
DA:9,0
DA:24,14
DA:25,0
DA:26,0
DA:28,0
DA:29,0
DA:40,0
DA:46,0
DA:55,14
DA:56,0
DA:57,0
DA:58,0
DA:60,0
DA:61,0
DA:70,0
DA:76,0
DA:85,14
DA:86,0
DA:87,0
DA:95,0
DA:102,0
DA:103,0
DA:110,0
DA:118,0
DA:127,14
DA:128,0
DA:129,0
DA:130,0
DA:132,0
DA:133,0
DA:139,0
DA:147,0
DA:155,0
DA:162,14
LF:39
LH:10
BRDA:28,0,0,0
BRDA:28,0,1,0
BRDA:34,1,0,0
BRDA:34,1,1,0
BRDA:35,2,0,0
BRDA:35,2,1,0
BRDA:36,3,0,0
BRDA:36,3,1,0
BRDA:60,4,0,0
BRDA:60,4,1,0
BRDA:63,5,0,0
BRDA:63,5,1,0
BRDA:66,6,0,0
BRDA:66,6,1,0
BRDA:102,7,0,0
BRDA:102,7,1,0
BRDA:132,8,0,0
BRDA:132,8,1,0
BRF:18
BRH:0
end_of_record
TN:
SF:utils/currency.js
FN:45,convertPrice
FN:71,formatPrice
FN:91,getCurrencyForLocale
FN:99,getExchangeRates
FN:111,calculateAllPrices
FN:114,(anonymous_5)
FN:126,getCurrencySymbol
FNF:7
FNH:0
FNDA:0,convertPrice
FNDA:0,formatPrice
FNDA:0,getCurrencyForLocale
FNDA:0,getExchangeRates
FNDA:0,calculateAllPrices
FNDA:0,(anonymous_5)
FNDA:0,getCurrencySymbol
DA:5,18
DA:16,18
DA:27,18
DA:46,0
DA:47,0
DA:51,0
DA:54,0
DA:57,0
DA:58,0
DA:61,0
DA:72,0
DA:73,0
DA:81,0
DA:82,0
DA:92,0
DA:102,0
DA:112,0
DA:114,0
DA:115,0
DA:118,0
DA:127,0
DA:130,18
LF:22
LH:4
BRDA:45,0,0,0
BRDA:46,1,0,0
BRDA:46,1,1,0
BRDA:57,2,0,0
BRDA:57,2,1,0
BRDA:71,3,0,0
BRDA:76,4,0,0
BRDA:76,4,1,0
BRDA:77,5,0,0
BRDA:77,5,1,0
BRDA:81,6,0,0
BRDA:81,6,1,0
BRDA:82,7,0,0
BRDA:82,7,1,0
BRDA:92,8,0,0
BRDA:92,8,1,0
BRDA:111,9,0,0
BRDA:127,10,0,0
BRDA:127,10,1,0
BRF:19
BRH:0
end_of_record
TN:
SF:utils/emailService.js
FN:6,(anonymous_0)
FN:517,replacePlaceholders
FN:518,(anonymous_2)
FN:525,(anonymous_3)
FN:530,(anonymous_4)
FN:580,(anonymous_5)
FN:599,(anonymous_6)
FN:660,(anonymous_7)
FN:713,(anonymous_8)
FN:730,(anonymous_9)
FN:749,(anonymous_10)
FN:761,(anonymous_11)
FN:808,(anonymous_12)
FN:817,(anonymous_13)
FN:864,(anonymous_14)
FN:889,(anonymous_15)
FN:913,(anonymous_16)
FN:937,(anonymous_17)
FN:961,(anonymous_18)
FN:985,(anonymous_19)
FNF:20
FNH:0
FNDA:0,(anonymous_0)
FNDA:0,replacePlaceholders
FNDA:0,(anonymous_2)
FNDA:0,(anonymous_3)
FNDA:0,(anonymous_4)
FNDA:0,(anonymous_5)
FNDA:0,(anonymous_6)
FNDA:0,(anonymous_7)
FNDA:0,(anonymous_8)
FNDA:0,(anonymous_9)
FNDA:0,(anonymous_10)
FNDA:0,(anonymous_11)
FNDA:0,(anonymous_12)
FNDA:0,(anonymous_13)
FNDA:0,(anonymous_14)
FNDA:0,(anonymous_15)
FNDA:0,(anonymous_16)
FNDA:0,(anonymous_17)
FNDA:0,(anonymous_18)
FNDA:0,(anonymous_19)
DA:1,2
DA:2,2
DA:6,2
DA:8,0
DA:9,0
DA:10,0
DA:13,0
DA:25,2
DA:518,0
DA:519,0
DA:524,2
DA:526,0
DA:527,0
DA:528,0
DA:530,0
DA:531,0
DA:534,0
DA:540,0
DA:580,0
DA:600,0
DA:601,0
DA:602,0
DA:604,0
DA:613,0
DA:661,0
DA:662,0
DA:663,0
DA:665,0
DA:672,0
DA:674,0
DA:714,0
DA:715,0
DA:716,0
DA:718,0
DA:720,0
DA:730,0
DA:749,0
DA:762,0
DA:763,0
DA:764,0
DA:766,0
DA:768,0
DA:808,2
DA:809,0
DA:810,0
DA:811,0
DA:814,0
DA:817,0
DA:818,0
DA:821,0
DA:848,0
DA:855,0
DA:856,0
DA:857,0
DA:859,0
DA:864,2
DA:865,0
DA:866,0
DA:867,0
DA:870,0
DA:872,0
DA:880,0
DA:881,0
DA:882,0
DA:884,0
DA:889,2
DA:890,0
DA:891,0
DA:892,0
DA:894,0
DA:896,0
DA:904,0
DA:905,0
DA:906,0
DA:908,0
DA:913,2
DA:914,0
DA:915,0
DA:916,0
DA:918,0
DA:920,0
DA:928,0
DA:929,0
DA:930,0
DA:932,0
DA:937,2
DA:938,0
DA:939,0
DA:940,0
DA:942,0
DA:944,0
DA:952,0
DA:953,0
DA:954,0
DA:956,0
DA:961,2
DA:962,0
DA:963,0
DA:964,0
DA:966,0
DA:968,0
DA:976,0
DA:977,0
DA:978,0
DA:980,0
DA:985,2
DA:986,0
DA:987,0
DA:988,0
DA:991,0
DA:999,0
DA:1000,0
DA:1001,0
DA:1003,0
DA:1007,2
LF:115
LH:13
BRDA:8,0,0,0
BRDA:8,0,1,0
BRDA:8,1,0,0
BRDA:8,1,1,0
BRDA:519,2,0,0
BRDA:519,2,1,0
BRDA:525,3,0,0
BRDA:526,4,0,0
BRDA:527,5,0,0
BRDA:527,5,1,0
BRDA:531,6,0,0
BRDA:531,6,1,0
BRDA:565,7,0,0
BRDA:565,7,1,0
BRDA:580,8,0,0
BRDA:580,8,1,0
BRDA:599,9,0,0
BRDA:600,10,0,0
BRDA:601,11,0,0
BRDA:601,11,1,0
BRDA:634,12,0,0
BRDA:634,12,1,0
BRDA:660,13,0,0
BRDA:662,14,0,0
BRDA:662,14,1,0
BRDA:672,15,0,0
BRDA:672,15,1,0
BRDA:685,16,0,0
BRDA:685,16,1,0
BRDA:692,17,0,0
BRDA:692,17,1,0
BRDA:702,18,0,0
BRDA:702,18,1,0
BRDA:713,19,0,0
BRDA:715,20,0,0
BRDA:715,20,1,0
BRDA:737,21,0,0
BRDA:737,21,1,0
BRDA:761,22,0,0
BRDA:763,23,0,0
BRDA:763,23,1,0
BRDA:785,24,0,0
BRDA:785,24,1,0
BRDA:810,25,0,0
BRDA:810,25,1,0
BRDA:818,26,0,0
BRDA:818,26,1,0
BRDA:835,27,0,0
BRDA:835,27,1,0
BRDA:840,28,0,0
BRDA:840,28,1,0
BRDA:864,29,0,0
BRDA:866,30,0,0
BRDA:866,30,1,0
BRDA:889,31,0,0
BRDA:891,32,0,0
BRDA:891,32,1,0
BRDA:913,33,0,0
BRDA:915,34,0,0
BRDA:915,34,1,0
BRDA:937,35,0,0
BRDA:939,36,0,0
BRDA:939,36,1,0
BRDA:961,37,0,0
BRDA:963,38,0,0
BRDA:963,38,1,0
BRDA:985,39,0,0
BRDA:987,40,0,0
BRDA:987,40,1,0
BRDA:996,41,0,0
BRDA:996,41,1,0
BRF:71
BRH:0
end_of_record
TN:
SF:utils/errorHandler.js
FN:130,formatError
FN:162,createValidationError
FN:170,(anonymous_2)
FN:183,errorResponse
FN:195,(anonymous_4)
FN:204,(anonymous_5)
FN:222,webhookError
FN:230,initializeErrorHandlers
FNF:8
FNH:0
FNDA:0,formatError
FNDA:0,createValidationError
FNDA:0,(anonymous_2)
FNDA:0,errorResponse
FNDA:0,(anonymous_4)
FNDA:0,(anonymous_5)
FNDA:0,webhookError
FNDA:0,initializeErrorHandlers
DA:10,20
DA:131,0
DA:137,0
DA:139,0
DA:140,0
DA:143,0
DA:144,0
DA:147,0
DA:148,0
DA:151,0
DA:163,0
DA:165,0
DA:170,0
DA:185,0
DA:195,0
DA:196,0
DA:197,0
DA:204,0
DA:205,0
DA:207,0
DA:208,0
DA:210,0
DA:213,0
DA:223,0
DA:231,0
DA:234,20
LF:26
LH:2
BRDA:130,0,0,0
BRDA:130,1,0,0
BRDA:130,2,0,0
BRDA:137,3,0,0
BRDA:137,3,1,0
BRDA:137,4,0,0
BRDA:137,4,1,0
BRDA:143,5,0,0
BRDA:143,5,1,0
BRDA:147,6,0,0
BRDA:147,6,1,0
BRDA:171,7,0,0
BRDA:171,7,1,0
BRDA:185,8,0,0
BRDA:185,8,1,0
BRDA:195,9,0,0
BRDA:195,10,0,0
BRDA:207,11,0,0
BRDA:207,11,1,0
BRDA:207,12,0,0
BRDA:207,12,1,0
BRF:21
BRH:0
end_of_record
TN:
SF:utils/errorRecovery.js
FN:20,(anonymous_0)
FN:32,(anonymous_1)
FN:51,(anonymous_2)
FN:59,(anonymous_3)
FN:70,(anonymous_4)
FN:82,retryWithBackoff
FN:115,(anonymous_6)
FN:124,(anonymous_7)
FN:131,(anonymous_8)
FN:132,(anonymous_9)
FN:134,(anonymous_10)
FN:141,(anonymous_11)
FN:165,(anonymous_12)
FN:178,(anonymous_13)
FN:190,(anonymous_14)
FN:206,(anonymous_15)
FN:213,(anonymous_16)
FN:214,(anonymous_17)
FN:216,(anonymous_18)
FN:223,(anonymous_19)
FN:246,(anonymous_20)
FN:259,(anonymous_21)
FN:272,(anonymous_22)
FN:292,getCircuitBreakerStatus
FNF:24
FNH:0
FNDA:0,(anonymous_0)
FNDA:0,(anonymous_1)
FNDA:0,(anonymous_2)
FNDA:0,(anonymous_3)
FNDA:0,(anonymous_4)
FNDA:0,retryWithBackoff
FNDA:0,(anonymous_6)
FNDA:0,(anonymous_7)
FNDA:0,(anonymous_8)
FNDA:0,(anonymous_9)
FNDA:0,(anonymous_10)
FNDA:0,(anonymous_11)
FNDA:0,(anonymous_12)
FNDA:0,(anonymous_13)
FNDA:0,(anonymous_14)
FNDA:0,(anonymous_15)
FNDA:0,(anonymous_16)
FNDA:0,(anonymous_17)
FNDA:0,(anonymous_18)
FNDA:0,(anonymous_19)
FNDA:0,(anonymous_20)
FNDA:0,(anonymous_21)
FNDA:0,(anonymous_22)
FNDA:0,getCircuitBreakerStatus
DA:1,0
DA:4,0
DA:12,0
DA:21,0
DA:22,0
DA:23,0
DA:24,0
DA:26,0
DA:27,0
DA:28,0
DA:29,0
DA:33,0
DA:34,0
DA:35,0
DA:37,0
DA:38,0
DA:41,0
DA:42,0
DA:43,0
DA:44,0
DA:46,0
DA:47,0
DA:52,0
DA:53,0
DA:54,0
DA:55,0
DA:60,0
DA:61,0
DA:63,0
DA:64,0
DA:65,0
DA:66,0
DA:71,0
DA:83,0
DA:86,0
DA:87,0
DA:88,0
DA:89,0
DA:90,0
DA:92,0
DA:94,0
DA:96,0
DA:97,0
DA:101,0
DA:104,0
DA:109,0
DA:115,0
DA:119,0
DA:125,0
DA:132,0
DA:133,0
DA:134,0
DA:142,0
DA:151,0
DA:153,0
DA:156,0
DA:158,0
DA:162,0
DA:166,0
DA:172,0
DA:179,0
DA:184,0
DA:191,0
DA:197,0
DA:207,0
DA:214,0
DA:215,0
DA:216,0
DA:224,0
DA:232,0
DA:234,0
DA:237,0
DA:239,0
DA:243,0
DA:247,0
DA:253,0
DA:260,0
DA:266,0
DA:273,0
DA:280,0
DA:288,0
DA:289,0
DA:293,0
DA:299,0
LF:84
LH:0
BRDA:20,0,0,0
BRDA:22,1,0,0
BRDA:22,1,1,0
BRDA:23,2,0,0
BRDA:23,2,1,0
BRDA:24,3,0,0
BRDA:24,3,1,0
BRDA:33,4,0,0
BRDA:33,4,1,0
BRDA:34,5,0,0
BRDA:34,5,1,0
BRDA:53,6,0,0
BRDA:53,6,1,0
BRDA:63,7,0,0
BRDA:63,7,1,0
BRDA:82,8,0,0
BRDA:82,9,0,0
BRDA:89,10,0,0
BRDA:89,10,1,0
BRDA:96,11,0,0
BRDA:96,11,1,0
BRDA:151,12,0,0
BRDA:151,12,1,0
BRDA:151,13,0,0
BRDA:151,13,1,0
BRDA:156,14,0,0
BRDA:156,14,1,0
BRDA:232,15,0,0
BRDA:232,15,1,0
BRDA:232,16,0,0
BRDA:232,16,1,0
BRDA:237,17,0,0
BRDA:237,17,1,0
BRDA:237,18,0,0
BRDA:237,18,1,0
BRF:35
BRH:0
end_of_record
TN:
SF:utils/i18n.js
FN:273,getErrorMessage
FN:281,i18nMiddleware
FN:286,(anonymous_2)
FN:299,getSupportedLocales
FN:306,isLocaleSupported
FNF:5
FNH:0
FNDA:0,getErrorMessage
FNDA:0,i18nMiddleware
FNDA:0,(anonymous_2)
FNDA:0,getSupportedLocales
FNDA:0,isLocaleSupported
DA:9,17
DA:274,0
DA:275,0
DA:283,0
DA:286,0
DA:287,0
DA:290,0
DA:291,0
DA:293,0
DA:300,0
DA:307,0
DA:310,17
LF:12
LH:2
BRDA:273,0,0,0
BRDA:273,1,0,0
BRDA:274,2,0,0
BRDA:274,2,1,0
BRDA:275,3,0,0
BRDA:275,3,1,0
BRDA:275,3,2,0
BRDA:275,3,3,0
BRDA:283,4,0,0
BRDA:283,4,1,0
BRDA:283,4,2,0
BRF:11
BRH:0
end_of_record
TN:
SF:utils/inputSanitizer.js
FN:33,isValidObjectId
FN:51,sanitizeObjectId
FN:72,sanitizeValue
FN:90,(anonymous_3)
FN:129,sanitizeQuery
FN:142,(anonymous_5)
FN:161,sanitizeBody
FN:175,validateAllowedOperators
FN:200,createSafeMatchStage
FN:221,(anonymous_9)
FN:241,sanitizeInputMiddleware
FN:293,validateObjectIdParam
FN:294,(anonymous_12)
FN:328,isObjectId
FN:337,sanitizeSearchQuery
FNF:15
FNH:1
FNDA:0,isValidObjectId
FNDA:0,sanitizeObjectId
FNDA:0,sanitizeValue
FNDA:0,(anonymous_3)
FNDA:0,sanitizeQuery
FNDA:0,(anonymous_5)
FNDA:0,sanitizeBody
FNDA:0,validateAllowedOperators
FNDA:0,createSafeMatchStage
FNDA:0,(anonymous_9)
FNDA:0,sanitizeInputMiddleware
FNDA:71,validateObjectIdParam
FNDA:0,(anonymous_12)
FNDA:0,isObjectId
FNDA:0,sanitizeSearchQuery
DA:1,21
DA:11,21
DA:34,0
DA:35,0
DA:39,0
DA:40,0
DA:43,0
DA:52,0
DA:53,0
DA:57,0
DA:59,0
DA:60,0
DA:63,0
DA:73,0
DA:74,0
DA:78,0
DA:79,0
DA:83,0
DA:85,0
DA:86,0
DA:88,0
DA:90,0
DA:91,0
DA:92,0
DA:96,0
DA:98,0
DA:99,0
DA:101,0
DA:103,0
DA:105,0
DA:106,0
DA:108,0
DA:109,0
DA:113,0
DA:117,0
DA:118,0
DA:121,0
DA:130,0
DA:131,0
DA:134,0
DA:136,0
DA:137,0
DA:138,0
DA:141,0
DA:142,0
DA:144,0
DA:148,0
DA:153,0
DA:162,0
DA:163,0
DA:166,0
DA:176,0
DA:177,0
DA:180,0
DA:181,0
DA:182,0
DA:185,0
DA:186,0
DA:187,0
DA:192,0
DA:201,0
DA:202,0
DA:205,0
DA:207,0
DA:208,0
DA:209,0
DA:212,0
DA:214,0
DA:215,0
DA:217,0
DA:218,0
DA:219,0
DA:220,0
DA:221,0
DA:222,0
DA:225,0
DA:226,0
DA:232,0
DA:242,0
DA:244,0
DA:245,0
DA:249,0
DA:250,0
DA:254,0
DA:255,0
DA:256,0
DA:257,0
DA:260,0
DA:261,0
DA:262,0
DA:263,0
DA:271,0
DA:277,0
DA:279,0
DA:294,71
DA:295,0
DA:297,0
DA:298,0
DA:307,0
DA:308,0
DA:309,0
DA:318,0
DA:319,0
DA:329,0
DA:338,0
DA:339,0
DA:343,0
DA:346,21
LF:108
LH:4
BRDA:34,0,0,0
BRDA:34,0,1,0
BRDA:39,1,0,0
BRDA:39,1,1,0
BRDA:52,2,0,0
BRDA:52,2,1,0
BRDA:59,3,0,0
BRDA:59,3,1,0
BRDA:72,4,0,0
BRDA:73,5,0,0
BRDA:73,5,1,0
BRDA:73,6,0,0
BRDA:73,6,1,0
BRDA:78,7,0,0
BRDA:78,7,1,0
BRDA:78,8,0,0
BRDA:78,8,1,0
BRDA:78,8,2,0
BRDA:83,9,0,0
BRDA:83,9,1,0
BRDA:85,10,0,0
BRDA:85,10,1,0
BRDA:96,11,0,0
BRDA:96,11,1,0
BRDA:98,12,0,0
BRDA:98,12,1,0
BRDA:106,13,0,0
BRDA:106,13,1,0
BRDA:108,14,0,0
BRDA:108,14,1,0
BRDA:130,15,0,0
BRDA:130,15,1,0
BRDA:130,16,0,0
BRDA:130,16,1,0
BRDA:137,17,0,0
BRDA:137,17,1,0
BRDA:141,18,0,0
BRDA:141,18,1,0
BRDA:144,19,0,0
BRDA:144,19,1,0
BRDA:148,20,0,0
BRDA:148,20,1,0
BRDA:162,21,0,0
BRDA:162,21,1,0
BRDA:162,22,0,0
BRDA:162,22,1,0
BRDA:175,23,0,0
BRDA:176,24,0,0
BRDA:176,24,1,0
BRDA:176,25,0,0
BRDA:176,25,1,0
BRDA:181,26,0,0
BRDA:181,26,1,0
BRDA:181,27,0,0
BRDA:181,27,1,0
BRDA:185,28,0,0
BRDA:185,28,1,0
BRDA:185,29,0,0
BRDA:185,29,1,0
BRDA:186,30,0,0
BRDA:186,30,1,0
BRDA:201,31,0,0
BRDA:201,31,1,0
BRDA:201,32,0,0
BRDA:201,32,1,0
BRDA:208,33,0,0
BRDA:208,33,1,0
BRDA:208,34,0,0
BRDA:208,34,1,0
BRDA:212,35,0,0
BRDA:212,35,1,0
BRDA:212,36,0,0
BRDA:212,36,1,0
BRDA:212,36,2,0
BRDA:212,36,3,0
BRDA:215,37,0,0
BRDA:215,37,1,0
BRDA:215,38,0,0
BRDA:215,38,1,0
BRDA:215,38,2,0
BRDA:218,39,0,0
BRDA:218,39,1,0
BRDA:219,40,0,0
BRDA:219,40,1,0
BRDA:220,41,0,0
BRDA:220,41,1,0
BRDA:220,42,0,0
BRDA:220,42,1,0
BRDA:222,43,0,0
BRDA:222,43,1,0
BRDA:222,43,2,0
BRDA:225,44,0,0
BRDA:225,44,1,0
BRDA:244,45,0,0
BRDA:244,45,1,0
BRDA:249,46,0,0
BRDA:249,46,1,0
BRDA:254,47,0,0
BRDA:254,47,1,0
BRDA:256,48,0,0
BRDA:256,48,1,0
BRDA:260,49,0,0
BRDA:260,49,1,0
BRDA:262,50,0,0
BRDA:262,50,1,0
BRDA:293,51,0,0
BRDA:297,52,0,0
BRDA:297,52,1,0
BRDA:308,53,0,0
BRDA:308,53,1,0
BRDA:338,54,0,0
BRDA:338,54,1,0
BRF:112
BRH:0
end_of_record
TN:
SF:utils/logger.js
FN:30,(anonymous_0)
FNF:1
FNH:0
FNDA:0,(anonymous_0)
DA:1,0
DA:2,0
DA:5,0
DA:14,0
DA:23,0
DA:26,0
DA:30,0
DA:35,0
DA:63,0
DA:71,0
DA:91,0
DA:111,0
DA:131,0
LF:13
LH:0
BRDA:64,0,0,0
BRDA:64,0,1,0
BRDA:72,1,0,0
BRDA:72,1,1,0
BRDA:92,2,0,0
BRDA:92,2,1,0
BRDA:112,3,0,0
BRDA:112,3,1,0
BRF:8
BRH:0
end_of_record
TN:
SF:utils/secureLogging.js
FN:15,maskSessionId
FN:47,secureLog
FN:71,secureSessionLog
FN:89,secureOperationLog
FN:103,isDevelopmentLogging
FNF:5
FNH:0
FNDA:0,maskSessionId
FNDA:0,secureLog
FNDA:0,secureSessionLog
FNDA:0,secureOperationLog
FNDA:0,isDevelopmentLogging
DA:16,0
DA:17,0
DA:21,0
DA:22,0
DA:23,0
DA:24,0
DA:25,0
DA:26,0
DA:31,0
DA:32,0
DA:35,0
DA:36,0
DA:37,0
DA:49,0
DA:50,0
DA:54,0
DA:57,0
DA:58,0
DA:59,0
DA:62,0
DA:72,0
DA:73,0
DA:77,0
DA:78,0
DA:79,0
DA:90,0
DA:91,0
DA:94,0
DA:95,0
DA:104,0
DA:107,15
LF:31
LH:1
BRDA:16,0,0,0
BRDA:16,0,1,0
BRDA:16,1,0,0
BRDA:16,1,1,0
BRDA:21,2,0,0
BRDA:21,2,1,0
BRDA:23,3,0,0
BRDA:23,3,1,0
BRDA:31,4,0,0
BRDA:31,4,1,0
BRDA:47,5,0,0
BRDA:49,6,0,0
BRDA:49,6,1,0
BRDA:57,7,0,0
BRDA:57,7,1,0
BRDA:72,8,0,0
BRDA:72,8,1,0
BRDA:90,9,0,0
BRDA:90,9,1,0
BRDA:104,10,0,0
BRDA:104,10,1,0
BRF:21
BRH:0
end_of_record
TN:
SF:utils/wholesalerNotificationService.js
FN:6,(anonymous_0)
FN:136,(anonymous_1)
FNF:2
FNH:0
FNDA:0,(anonymous_0)
FNDA:0,(anonymous_1)
DA:1,0
DA:2,0
DA:3,0
DA:6,0
DA:7,0
DA:8,0
DA:11,0
DA:19,0
DA:20,0
DA:21,0
DA:24,0
DA:26,0
DA:27,0
DA:28,0
DA:30,0
DA:31,0
DA:33,0
DA:35,0
DA:36,0
DA:37,0
DA:38,0
DA:39,0
DA:46,0
DA:51,0
DA:56,0
DA:57,0
DA:65,0
DA:67,0
DA:69,0
DA:71,0
DA:73,0
DA:74,0
DA:75,0
DA:76,0
DA:80,0
DA:82,0
DA:83,0
DA:85,0
DA:92,0
DA:93,0
DA:95,0
DA:105,0
DA:106,0
DA:108,0
DA:116,0
DA:118,0
DA:127,0
DA:128,0
DA:136,0
DA:137,0
DA:138,0
DA:140,0
DA:141,0
DA:145,0
DA:146,0
DA:153,0
DA:154,0
DA:157,0
DA:158,0
DA:159,0
DA:160,0
DA:161,0
DA:167,0
DA:172,0
DA:176,0
DA:177,0
DA:185,0
DA:186,0
DA:194,0
DA:196,0
DA:198,0
DA:200,0
DA:201,0
DA:202,0
DA:203,0
DA:207,0
DA:213,0
DA:221,0
DA:223,0
DA:230,0
DA:237,0
LF:81
LH:0
BRDA:19,0,0,0
BRDA:19,0,1,0
BRDA:36,1,0,0
BRDA:36,1,1,0
BRDA:36,2,0,0
BRDA:36,2,1,0
BRDA:38,3,0,0
BRDA:38,3,1,0
BRDA:48,4,0,0
BRDA:48,4,1,0
BRDA:69,5,0,0
BRDA:69,5,1,0
BRDA:74,6,0,0
BRDA:74,6,1,0
BRDA:74,7,0,0
BRDA:74,7,1,0
BRDA:140,8,0,0
BRDA:140,8,1,0
BRDA:145,9,0,0
BRDA:145,9,1,0
BRDA:145,10,0,0
BRDA:145,10,1,0
BRDA:158,11,0,0
BRDA:158,11,1,0
BRDA:158,12,0,0
BRDA:158,12,1,0
BRDA:160,13,0,0
BRDA:160,13,1,0
BRDA:169,14,0,0
BRDA:169,14,1,0
BRDA:176,15,0,0
BRDA:176,15,1,0
BRDA:196,16,0,0
BRDA:196,16,1,0
BRDA:201,17,0,0
BRDA:201,17,1,0
BRDA:201,18,0,0
BRDA:201,18,1,0
BRF:38
BRH:0
end_of_record
