TN:
SF:server.js
FN:53,(anonymous_0)
FN:128,(anonymous_1)
FN:130,(anonymous_2)
FN:136,(anonymous_3)
FN:140,(anonymous_4)
FN:157,(anonymous_5)
FN:162,(anonymous_6)
FN:174,(anonymous_7)
FN:195,(anonymous_8)
FN:204,(anonymous_9)
FNF:10
FNH:3
FNDA:0,(anonymous_0)
FNDA:0,(anonymous_1)
FNDA:1,(anonymous_2)
FNDA:4,(anonymous_3)
FNDA:4,(anonymous_4)
FNDA:0,(anonymous_5)
FNDA:0,(anonymous_6)
FNDA:0,(anonymous_7)
FNDA:0,(anonymous_8)
FNDA:0,(anonymous_9)
DA:1,4
DA:2,4
DA:3,4
DA:4,4
DA:6,4
DA:8,4
DA:9,4
DA:10,4
DA:13,4
DA:14,0
DA:15,0
DA:16,0
DA:21,4
DA:22,0
DA:23,0
DA:26,4
DA:27,0
DA:28,0
DA:30,0
DA:35,4
DA:36,4
DA:37,4
DA:38,4
DA:44,4
DA:46,4
DA:49,4
DA:50,4
DA:52,4
DA:54,0
DA:62,0
DA:65,0
DA:66,0
DA:69,0
DA:70,0
DA:79,4
DA:82,4
DA:85,4
DA:88,4
DA:96,4
DA:99,4
DA:100,4
DA:103,4
DA:104,4
DA:105,4
DA:108,4
DA:109,4
DA:112,4
DA:115,4
DA:118,4
DA:121,4
DA:122,4
DA:125,4
DA:129,0
DA:131,1
DA:132,1
DA:136,4
DA:137,4
DA:140,4
DA:141,4
DA:145,4
DA:146,4
DA:147,4
DA:148,4
DA:149,4
DA:150,4
DA:151,4
DA:152,4
DA:153,4
DA:154,4
DA:157,4
DA:158,0
DA:162,4
DA:163,0
DA:174,4
DA:175,0
DA:191,4
DA:194,4
DA:195,1
DA:196,0
DA:200,4
DA:203,4
DA:204,1
DA:205,0
DA:210,4
LF:84
LH:64
BRDA:13,0,0,0
BRDA:13,0,1,4
BRDA:21,1,0,0
BRDA:21,1,1,4
BRDA:21,2,0,4
BRDA:21,2,1,0
BRDA:26,3,0,0
BRDA:26,3,1,4
BRDA:26,4,0,4
BRDA:26,4,1,4
BRDA:27,5,0,0
BRDA:27,5,1,0
BRDA:54,6,0,0
BRDA:54,6,1,0
BRDA:62,7,0,0
BRDA:62,7,1,0
BRDA:65,8,0,0
BRDA:65,8,1,0
BRDA:99,9,0,4
BRDA:99,9,1,0
BRDA:125,10,0,4
BRDA:125,10,1,0
BRDA:167,11,0,0
BRDA:167,11,1,0
BRDA:168,12,0,0
BRDA:168,12,1,0
BRDA:168,12,2,0
BRDA:186,13,0,0
BRDA:186,13,1,0
BRDA:194,14,0,1
BRDA:194,14,1,3
BRDA:200,15,0,4
BRDA:200,15,1,0
BRDA:203,16,0,1
BRDA:203,16,1,3
BRF:35
BRH:13
end_of_record
TN:
SF:middleware/auth.js
FN:7,(anonymous_0)
FN:41,(anonymous_1)
FN:113,(anonymous_2)
FNF:3
FNH:3
FNDA:51,(anonymous_0)
FNDA:41,(anonymous_1)
FNDA:146,(anonymous_2)
DA:1,20
DA:2,20
DA:3,20
DA:4,20
DA:7,20
DA:8,51
DA:10,51
DA:11,51
DA:12,51
DA:15,51
DA:17,51
DA:18,23
DA:19,23
DA:22,28
DA:23,27
DA:25,27
DA:26,16
DA:27,16
DA:30,11
DA:31,11
DA:34,1
DA:35,1
DA:36,1
DA:41,20
DA:42,41
DA:44,41
DA:45,41
DA:46,41
DA:49,41
DA:51,41
DA:52,9
DA:61,32
DA:62,30
DA:64,30
DA:65,0
DA:74,30
DA:75,30
DA:77,2
DA:78,2
DA:87,0
DA:88,0
DA:97,0
DA:98,0
DA:99,0
DA:101,0
DA:113,20
DA:114,146
DA:116,146
DA:117,146
DA:118,146
DA:121,146
DA:123,146
DA:124,18
DA:133,128
DA:134,127
DA:136,114
DA:137,0
DA:147,114
DA:148,9
DA:157,105
DA:158,105
DA:160,14
DA:161,1
DA:170,13
DA:171,0
DA:180,13
DA:181,13
DA:182,0
DA:184,13
DA:195,20
LF:70
LH:60
BRDA:12,0,0,51
BRDA:12,0,1,28
BRDA:15,1,0,51
BRDA:15,1,1,51
BRDA:17,2,0,23
BRDA:17,2,1,28
BRDA:25,3,0,16
BRDA:25,3,1,11
BRDA:25,4,0,27
BRDA:25,4,1,11
BRDA:46,5,0,41
BRDA:46,5,1,32
BRDA:49,6,0,41
BRDA:49,6,1,40
BRDA:51,7,0,9
BRDA:51,7,1,32
BRDA:52,8,0,8
BRDA:52,8,1,1
BRDA:64,9,0,0
BRDA:64,9,1,30
BRDA:64,10,0,30
BRDA:64,10,1,30
BRDA:65,11,0,0
BRDA:65,11,1,0
BRDA:77,12,0,2
BRDA:77,12,1,0
BRDA:78,13,0,2
BRDA:78,13,1,0
BRDA:87,14,0,0
BRDA:87,14,1,0
BRDA:88,15,0,0
BRDA:88,15,1,0
BRDA:98,16,0,0
BRDA:98,16,1,0
BRDA:118,17,0,146
BRDA:118,17,1,128
BRDA:121,18,0,146
BRDA:121,18,1,146
BRDA:123,19,0,18
BRDA:123,19,1,128
BRDA:124,20,0,11
BRDA:124,20,1,7
BRDA:136,21,0,0
BRDA:136,21,1,114
BRDA:136,22,0,114
BRDA:136,22,1,114
BRDA:137,23,0,0
BRDA:137,23,1,0
BRDA:147,24,0,9
BRDA:147,24,1,105
BRDA:148,25,0,9
BRDA:148,25,1,0
BRDA:160,26,0,1
BRDA:160,26,1,13
BRDA:161,27,0,1
BRDA:161,27,1,0
BRDA:170,28,0,0
BRDA:170,28,1,13
BRDA:171,29,0,0
BRDA:171,29,1,0
BRDA:181,30,0,0
BRDA:181,30,1,13
BRF:62
BRH:42
end_of_record
TN:
SF:middleware/errorHandler.js
FN:6,(anonymous_0)
FN:19,(anonymous_1)
FN:24,(anonymous_2)
FN:32,(anonymous_3)
FN:33,(anonymous_4)
FN:38,(anonymous_5)
FN:41,(anonymous_6)
FN:45,(anonymous_7)
FN:79,(anonymous_8)
FN:129,(anonymous_9)
FN:151,(anonymous_10)
FN:152,(anonymous_11)
FN:158,(anonymous_12)
FN:167,(anonymous_13)
FN:176,(anonymous_14)
FN:184,(anonymous_15)
FNF:16
FNH:10
FNDA:7,(anonymous_0)
FNDA:0,(anonymous_1)
FNDA:0,(anonymous_2)
FNDA:1,(anonymous_3)
FNDA:2,(anonymous_4)
FNDA:1,(anonymous_5)
FNDA:1,(anonymous_6)
FNDA:1,(anonymous_7)
FNDA:7,(anonymous_8)
FNDA:8,(anonymous_9)
FNDA:2,(anonymous_10)
FNDA:2,(anonymous_11)
FNDA:0,(anonymous_12)
FNDA:0,(anonymous_13)
FNDA:0,(anonymous_14)
FNDA:0,(anonymous_15)
DA:1,16
DA:2,16
DA:7,7
DA:8,7
DA:9,7
DA:10,7
DA:11,7
DA:12,7
DA:14,7
DA:19,16
DA:20,0
DA:21,0
DA:24,16
DA:26,0
DA:27,0
DA:28,0
DA:29,0
DA:32,16
DA:33,2
DA:34,1
DA:35,1
DA:38,16
DA:39,1
DA:41,16
DA:42,1
DA:45,16
DA:47,1
DA:57,1
DA:60,1
DA:61,1
DA:62,1
DA:65,1
DA:79,16
DA:81,7
DA:91,7
DA:94,7
DA:96,4
DA:97,4
DA:98,4
DA:101,4
DA:111,3
DA:117,3
DA:119,3
DA:129,16
DA:130,8
DA:131,8
DA:133,8
DA:134,1
DA:136,7
DA:137,7
DA:140,7
DA:141,7
DA:142,7
DA:143,7
DA:144,7
DA:146,7
DA:151,16
DA:152,2
DA:153,2
DA:158,16
DA:159,0
DA:166,0
DA:167,0
DA:168,0
DA:171,0
DA:176,16
DA:177,0
DA:183,0
DA:184,0
DA:185,0
DA:188,0
DA:192,16
LF:72
LH:56
BRDA:6,0,0,0
BRDA:6,1,0,7
BRDA:11,2,0,6
BRDA:11,2,1,1
BRDA:27,3,0,0
BRDA:27,3,1,0
BRDA:57,4,0,1
BRDA:57,4,1,1
BRDA:57,4,2,1
BRDA:61,5,0,1
BRDA:61,5,1,0
BRDA:62,6,0,1
BRDA:62,6,1,0
BRDA:91,7,0,7
BRDA:91,7,1,7
BRDA:91,7,2,7
BRDA:94,8,0,4
BRDA:94,8,1,3
BRDA:97,9,0,4
BRDA:97,9,1,0
BRDA:98,10,0,4
BRDA:98,10,1,0
BRDA:130,11,0,8
BRDA:130,11,1,5
BRDA:131,12,0,8
BRDA:131,12,1,5
BRDA:133,13,0,1
BRDA:133,13,1,7
BRDA:140,14,0,0
BRDA:140,14,1,7
BRDA:141,15,0,0
BRDA:141,15,1,7
BRDA:142,16,0,1
BRDA:142,16,1,6
BRDA:143,17,0,1
BRDA:143,17,1,6
BRDA:144,18,0,1
BRDA:144,18,1,6
BRDA:166,19,0,0
BRDA:166,19,1,0
BRDA:183,20,0,0
BRDA:183,20,1,0
BRF:42
BRH:29
end_of_record
TN:
SF:middleware/security.js
FN:9,(anonymous_0)
FN:54,(anonymous_1)
FN:62,(anonymous_2)
FN:93,(anonymous_3)
FN:152,(anonymous_4)
FN:161,(anonymous_5)
FN:208,(anonymous_6)
FN:217,(anonymous_7)
FN:230,(anonymous_8)
FNF:9
FNH:9
FNDA:3,(anonymous_0)
FNDA:164,(anonymous_1)
FNDA:14,(anonymous_2)
FNDA:75,(anonymous_3)
FNDA:3,(anonymous_4)
FNDA:2,(anonymous_5)
FNDA:30,(anonymous_6)
FNDA:2,(anonymous_7)
FNDA:164,(anonymous_8)
DA:1,15
DA:2,15
DA:3,15
DA:4,15
DA:5,15
DA:6,15
DA:9,15
DA:11,3
DA:12,1
DA:16,2
DA:17,0
DA:21,2
DA:22,0
DA:25,2
DA:26,2
DA:29,2
DA:30,0
DA:31,0
DA:34,2
DA:35,1
DA:41,1
DA:50,1
DA:54,15
DA:55,164
DA:56,163
DA:58,164
DA:62,15
DA:63,14
DA:65,14
DA:66,1
DA:76,13
DA:78,13
DA:79,1
DA:88,12
DA:89,12
DA:93,15
DA:94,75
DA:111,15
DA:149,15
DA:152,3
DA:158,15
DA:162,2
DA:168,15
DA:208,15
DA:209,30
DA:211,30
DA:212,1
DA:217,2
DA:226,29
DA:230,15
DA:232,164
DA:233,164
DA:234,164
DA:235,164
DA:236,164
DA:239,164
DA:241,164
DA:244,15
LF:58
LH:54
BRDA:11,0,0,1
BRDA:11,0,1,2
BRDA:16,1,0,0
BRDA:16,1,1,2
BRDA:21,2,0,0
BRDA:21,2,1,2
BRDA:21,3,0,2
BRDA:21,3,1,2
BRDA:25,4,0,2
BRDA:25,4,1,1
BRDA:29,5,0,0
BRDA:29,5,1,2
BRDA:34,6,0,1
BRDA:34,6,1,1
BRDA:34,7,0,2
BRDA:34,7,1,1
BRDA:34,7,2,1
BRDA:36,8,0,0
BRDA:36,8,1,1
BRDA:37,9,0,1
BRDA:37,9,1,0
BRDA:55,10,0,163
BRDA:55,10,1,1
BRDA:65,11,0,1
BRDA:65,11,1,13
BRDA:76,12,0,13
BRDA:76,12,1,0
BRDA:78,13,0,1
BRDA:78,13,1,12
BRDA:211,14,0,1
BRDA:211,14,1,29
BRF:31
BRH:25
end_of_record
TN:
SF:middleware/sessionCSRF.js
FN:5,(anonymous_0)
FN:13,(anonymous_1)
FN:50,(anonymous_2)
FN:70,(anonymous_3)
FN:87,(anonymous_4)
FNF:5
FNH:3
FNDA:99,(anonymous_0)
FNDA:55,(anonymous_1)
FNDA:4,(anonymous_2)
FNDA:0,(anonymous_3)
FNDA:0,(anonymous_4)
DA:1,17
DA:2,17
DA:5,17
DA:6,99
DA:7,36
DA:9,99
DA:13,17
DA:15,55
DA:16,0
DA:19,55
DA:29,55
DA:30,39
DA:37,36
DA:46,16
DA:50,17
DA:70,17
DA:71,0
DA:72,0
DA:76,0
DA:77,0
DA:83,0
DA:87,17
DA:88,0
DA:90,0
DA:93,0
DA:96,17
LF:26
LH:17
BRDA:6,0,0,36
BRDA:6,0,1,63
BRDA:15,1,0,0
BRDA:15,1,1,55
BRDA:15,2,0,55
BRDA:15,2,1,55
BRDA:19,3,0,55
BRDA:19,3,1,39
BRDA:29,4,0,39
BRDA:29,4,1,16
BRDA:29,5,0,55
BRDA:29,5,1,16
BRDA:31,6,0,0
BRDA:31,6,1,39
BRDA:32,7,0,0
BRDA:32,7,1,36
BRDA:51,8,0,4
BRDA:51,8,1,0
BRDA:62,9,0,1
BRDA:62,9,1,3
BRDA:71,10,0,0
BRDA:71,10,1,0
BRDA:71,11,0,0
BRDA:71,11,1,0
BRDA:76,12,0,0
BRDA:76,12,1,0
BRDA:88,13,0,0
BRDA:88,13,1,0
BRDA:88,14,0,0
BRDA:88,14,1,0
BRF:30
BRH:16
end_of_record
TN:
SF:middleware/uploadSecurity.js
FN:27,(anonymous_0)
FN:42,(anonymous_1)
FN:50,(anonymous_2)
FN:85,(anonymous_3)
FN:95,(anonymous_4)
FN:106,(anonymous_5)
FN:114,(anonymous_6)
FN:161,(anonymous_7)
FN:199,(anonymous_8)
FN:211,(anonymous_9)
FN:215,(anonymous_10)
FNF:11
FNH:9
FNDA:13,(anonymous_0)
FNDA:13,(anonymous_1)
FNDA:8,(anonymous_2)
FNDA:2,(anonymous_3)
FNDA:0,(anonymous_4)
FNDA:26,(anonymous_5)
FNDA:13,(anonymous_6)
FNDA:8,(anonymous_7)
FNDA:0,(anonymous_8)
FNDA:6,(anonymous_9)
FNDA:7,(anonymous_10)
DA:1,13
DA:2,13
DA:3,13
DA:6,13
DA:20,13
DA:27,13
DA:28,13
DA:29,13
DA:32,13
DA:33,0
DA:37,13
DA:38,0
DA:42,13
DA:43,0
DA:46,13
DA:50,13
DA:51,8
DA:68,8
DA:70,6
DA:71,6
DA:72,6
DA:73,6
DA:74,6
DA:77,2
DA:79,2
DA:82,2
DA:84,2
DA:85,2
DA:88,0
DA:91,0
DA:95,13
DA:96,0
DA:97,0
DA:98,0
DA:101,0
DA:102,0
DA:106,13
DA:107,26
DA:109,26
DA:110,0
DA:113,26
DA:115,13
DA:117,13
DA:118,0
DA:122,13
DA:123,13
DA:124,1
DA:128,12
DA:129,0
DA:133,12
DA:134,0
DA:138,12
DA:139,0
DA:143,12
DA:144,0
DA:147,12
DA:149,0
DA:162,8
DA:164,8
DA:165,0
DA:169,8
DA:170,8
DA:171,8
DA:172,8
DA:175,8
DA:177,6
DA:178,6
DA:182,2
DA:183,2
DA:184,0
DA:185,0
DA:188,2
DA:191,6
DA:192,0
DA:194,6
DA:200,0
DA:201,0
DA:202,0
DA:204,0
DA:211,13
DA:212,6
DA:214,6
DA:215,6
DA:216,7
DA:217,1
DA:218,1
DA:220,0
DA:227,13
LF:88
LH:62
BRDA:32,0,0,0
BRDA:32,0,1,13
BRDA:32,1,0,13
BRDA:32,1,1,13
BRDA:32,1,2,13
BRDA:37,2,0,0
BRDA:37,2,1,13
BRDA:42,3,0,0
BRDA:42,3,1,13
BRDA:68,4,0,6
BRDA:68,4,1,2
BRDA:70,5,0,0
BRDA:70,5,1,6
BRDA:71,6,0,0
BRDA:71,6,1,6
BRDA:72,7,0,0
BRDA:72,7,1,6
BRDA:73,8,0,0
BRDA:73,8,1,6
BRDA:77,9,0,2
BRDA:77,9,1,0
BRDA:82,10,0,2
BRDA:82,10,1,0
BRDA:82,11,0,2
BRDA:82,11,1,0
BRDA:82,11,2,0
BRDA:109,12,0,0
BRDA:109,12,1,26
BRDA:117,13,0,0
BRDA:117,13,1,13
BRDA:123,14,0,1
BRDA:123,14,1,12
BRDA:128,15,0,0
BRDA:128,15,1,12
BRDA:133,16,0,0
BRDA:133,16,1,12
BRDA:138,17,0,0
BRDA:138,17,1,12
BRDA:143,18,0,0
BRDA:143,18,1,12
BRDA:155,19,0,13
BRDA:155,19,1,13
BRDA:164,20,0,0
BRDA:164,20,1,8
BRDA:175,21,0,6
BRDA:175,21,1,2
BRDA:183,22,0,0
BRDA:183,22,1,2
BRDA:191,23,0,0
BRDA:191,23,1,6
BRDA:212,24,0,0
BRDA:212,24,1,6
BRDA:214,25,0,6
BRDA:214,25,1,0
BRDA:216,26,0,1
BRDA:216,26,1,6
BRDA:216,27,0,7
BRDA:216,27,1,7
BRF:58
BRH:36
end_of_record
TN:
SF:models/Cart.js
FN:47,(anonymous_0)
FN:48,(anonymous_1)
FN:50,(anonymous_2)
FN:57,(anonymous_3)
FN:58,(anonymous_4)
FN:85,(anonymous_5)
FN:86,(anonymous_6)
FN:104,(anonymous_7)
FN:105,(anonymous_8)
FN:118,(anonymous_9)
FNF:10
FNH:0
FNDA:0,(anonymous_0)
FNDA:0,(anonymous_1)
FNDA:0,(anonymous_2)
FNDA:0,(anonymous_3)
FNDA:0,(anonymous_4)
FNDA:0,(anonymous_5)
FNDA:0,(anonymous_6)
FNDA:0,(anonymous_7)
FNDA:0,(anonymous_8)
FNDA:0,(anonymous_9)
DA:1,15
DA:3,15
DA:42,15
DA:43,15
DA:44,15
DA:47,15
DA:48,0
DA:49,0
DA:50,0
DA:57,15
DA:58,0
DA:59,0
DA:62,0
DA:64,0
DA:65,0
DA:68,0
DA:76,0
DA:78,0
DA:79,0
DA:80,0
DA:85,15
DA:86,0
DA:87,0
DA:90,0
DA:91,0
DA:92,0
DA:94,0
DA:95,0
DA:97,0
DA:98,0
DA:100,0
DA:104,15
DA:105,0
DA:106,0
DA:109,0
DA:110,0
DA:111,0
DA:112,0
DA:114,0
DA:118,15
DA:119,0
DA:120,0
DA:123,15
LF:43
LH:11
BRDA:62,0,0,0
BRDA:62,0,1,0
BRDA:79,1,0,0
BRDA:79,1,1,0
BRDA:79,2,0,0
BRDA:79,2,1,0
BRDA:90,3,0,0
BRDA:90,3,1,0
BRDA:91,4,0,0
BRDA:91,4,1,0
BRDA:109,5,0,0
BRDA:109,5,1,0
BRF:12
BRH:0
end_of_record
TN:
SF:models/Category.js
FN:60,(anonymous_0)
FNF:1
FNH:0
FNDA:0,(anonymous_0)
DA:1,0
DA:3,0
DA:47,0
DA:48,0
DA:49,0
DA:52,0
DA:60,0
DA:61,0
DA:62,0
DA:63,0
DA:66,0
DA:68,0
LF:12
LH:0
BRF:0
BRH:0
end_of_record
TN:
SF:models/Order.js
FN:16,(anonymous_0)
FN:22,(anonymous_1)
FN:27,(anonymous_2)
FN:186,(anonymous_3)
FN:204,(anonymous_4)
FN:212,(anonymous_5)
FN:220,(anonymous_6)
FN:221,(anonymous_7)
FN:225,(anonymous_8)
FN:226,(anonymous_9)
FN:230,(anonymous_10)
FN:246,(anonymous_11)
FN:254,(anonymous_12)
FN:267,(anonymous_13)
FN:299,(anonymous_14)
FN:304,(anonymous_15)
FNF:16
FNH:15
FNDA:324,(anonymous_0)
FNDA:324,(anonymous_1)
FNDA:324,(anonymous_2)
FNDA:323,(anonymous_3)
FNDA:2,(anonymous_4)
FNDA:0,(anonymous_5)
FNDA:1,(anonymous_6)
FNDA:1,(anonymous_7)
FNDA:1,(anonymous_8)
FNDA:1,(anonymous_9)
FNDA:2,(anonymous_10)
FNDA:1,(anonymous_11)
FNDA:16,(anonymous_12)
FNDA:7,(anonymous_13)
FNDA:4,(anonymous_14)
FNDA:4,(anonymous_15)
DA:1,21
DA:3,21
DA:16,324
DA:22,324
DA:27,324
DA:176,21
DA:177,21
DA:178,21
DA:179,21
DA:180,21
DA:181,21
DA:182,21
DA:183,21
DA:186,21
DA:187,323
DA:188,286
DA:192,323
DA:193,286
DA:200,323
DA:204,21
DA:205,2
DA:206,1
DA:208,1
DA:212,21
DA:213,0
DA:214,0
DA:216,0
DA:220,21
DA:221,1
DA:225,21
DA:226,1
DA:230,21
DA:231,2
DA:232,2
DA:233,2
DA:234,2
DA:235,1
DA:236,1
DA:237,1
DA:239,1
DA:242,2
DA:246,21
DA:247,1
DA:254,21
DA:255,16
DA:263,16
DA:267,21
DA:268,7
DA:271,7
DA:272,0
DA:276,7
DA:286,7
DA:289,7
DA:290,7
DA:293,7
DA:294,2
DA:299,21
DA:300,4
DA:303,4
DA:304,4
DA:305,4
DA:306,4
DA:308,4
DA:313,4
DA:317,4
DA:323,21
LF:66
LH:62
BRDA:187,0,0,286
BRDA:187,0,1,37
BRDA:192,1,0,286
BRDA:192,1,1,37
BRDA:192,2,0,323
BRDA:192,2,1,287
BRDA:192,2,2,287
BRDA:194,3,0,286
BRDA:194,3,1,0
BRDA:205,4,0,1
BRDA:205,4,1,1
BRDA:205,5,0,2
BRDA:205,5,1,1
BRDA:213,6,0,0
BRDA:213,6,1,0
BRDA:213,7,0,0
BRDA:213,7,1,0
BRDA:230,8,0,1
BRDA:232,9,0,2
BRDA:232,9,1,0
BRDA:234,10,0,1
BRDA:234,10,1,1
BRDA:263,11,0,16
BRDA:263,11,1,1
BRDA:267,12,0,0
BRDA:271,13,0,0
BRDA:271,13,1,7
BRDA:289,14,0,2
BRDA:289,14,1,5
BRDA:290,15,0,2
BRDA:290,15,1,5
BRDA:293,16,0,2
BRDA:293,16,1,5
BRDA:293,17,0,7
BRDA:293,17,1,2
BRDA:303,18,0,4
BRDA:303,18,1,0
BRDA:306,19,0,4
BRDA:306,19,1,0
BRF:39
BRH:29
end_of_record
TN:
SF:models/Product.js
FN:142,(anonymous_0)
FN:149,(anonymous_1)
FN:167,(anonymous_2)
FN:175,(anonymous_3)
FN:183,(anonymous_4)
FN:188,(anonymous_5)
FN:193,(anonymous_6)
FN:210,(anonymous_7)
FNF:8
FNH:7
FNDA:131,(anonymous_0)
FNDA:2,(anonymous_1)
FNDA:2,(anonymous_2)
FNDA:1,(anonymous_3)
FNDA:1,(anonymous_4)
FNDA:0,(anonymous_5)
FNDA:15,(anonymous_6)
FNDA:353,(anonymous_7)
DA:1,23
DA:3,23
DA:131,23
DA:132,23
DA:133,23
DA:134,23
DA:135,23
DA:136,23
DA:137,23
DA:138,23
DA:139,23
DA:142,23
DA:143,131
DA:144,131
DA:145,131
DA:149,23
DA:150,2
DA:151,1
DA:158,1
DA:159,1
DA:167,23
DA:168,2
DA:169,2
DA:170,2
DA:171,2
DA:175,23
DA:176,1
DA:177,1
DA:178,1
DA:179,1
DA:183,23
DA:184,1
DA:188,23
DA:189,0
DA:193,23
DA:194,15
DA:210,23
DA:211,353
DA:212,301
DA:216,353
DA:217,0
DA:219,353
DA:221,353
DA:224,23
LF:44
LH:42
BRDA:149,0,0,0
BRDA:150,1,0,1
BRDA:150,1,1,1
BRDA:150,2,0,2
BRDA:150,2,1,2
BRDA:150,2,2,2
BRDA:160,3,0,1
BRDA:160,3,1,0
BRDA:161,4,0,1
BRDA:161,4,1,0
BRDA:162,5,0,1
BRDA:162,5,1,0
BRDA:183,6,0,1
BRDA:188,7,0,0
BRDA:211,8,0,301
BRDA:211,8,1,52
BRDA:211,9,0,353
BRDA:211,9,1,351
BRDA:216,10,0,0
BRDA:216,10,1,353
BRF:20
BRH:14
end_of_record
TN:
SF:models/Review.js
FN:72,(anonymous_0)
FN:83,(anonymous_1)
FN:94,(anonymous_2)
FN:101,(anonymous_3)
FN:118,(anonymous_4)
FN:149,(anonymous_5)
FN:156,(anonymous_6)
FN:180,(anonymous_7)
FN:192,(anonymous_8)
FN:202,(anonymous_9)
FNF:10
FNH:8
FNDA:2,(anonymous_0)
FNDA:3,(anonymous_1)
FNDA:7,(anonymous_2)
FNDA:1,(anonymous_3)
FNDA:5,(anonymous_4)
FNDA:5,(anonymous_5)
FNDA:6,(anonymous_6)
FNDA:10,(anonymous_7)
FNDA:0,(anonymous_8)
FNDA:0,(anonymous_9)
DA:1,14
DA:3,14
DA:66,14
DA:67,14
DA:68,14
DA:69,14
DA:72,14
DA:73,2
DA:74,2
DA:75,2
DA:76,2
DA:77,2
DA:79,2
DA:83,14
DA:84,3
DA:85,3
DA:86,3
DA:87,3
DA:88,3
DA:90,3
DA:94,14
DA:95,7
DA:101,14
DA:102,1
DA:107,1
DA:108,0
DA:111,1
DA:118,14
DA:119,5
DA:122,5
DA:131,5
DA:132,2
DA:136,3
DA:141,3
DA:142,1
DA:145,2
DA:149,14
DA:150,5
DA:151,5
DA:152,5
DA:156,14
DA:157,6
DA:171,6
DA:172,1
DA:179,5
DA:180,5
DA:181,10
DA:184,5
DA:192,14
DA:193,0
DA:194,0
DA:195,0
DA:196,0
DA:198,0
DA:202,14
DA:203,0
DA:204,0
DA:205,0
DA:206,0
DA:207,0
DA:209,0
DA:212,14
LF:62
LH:50
BRDA:72,0,0,0
BRDA:76,1,0,2
BRDA:76,1,1,0
BRDA:83,2,0,0
BRDA:87,3,0,3
BRDA:87,3,1,0
BRDA:94,4,0,0
BRDA:107,5,0,0
BRDA:107,5,1,1
BRDA:131,6,0,2
BRDA:131,6,1,3
BRDA:141,7,0,1
BRDA:141,7,1,2
BRDA:152,8,0,5
BRDA:152,8,1,0
BRDA:171,9,0,1
BRDA:171,9,1,5
BRDA:193,10,0,0
BRDA:193,10,1,0
BRDA:204,11,0,0
BRDA:204,11,1,0
BRF:21
BRH:10
end_of_record
TN:
SF:models/User.js
FN:116,(anonymous_0)
FN:123,(anonymous_1)
FN:128,(anonymous_2)
FN:129,(anonymous_3)
FN:130,(anonymous_4)
FN:134,(anonymous_5)
FN:135,(anonymous_6)
FN:136,(anonymous_7)
FN:141,(anonymous_8)
FN:144,(anonymous_9)
FN:156,(anonymous_10)
FN:162,(anonymous_11)
FN:174,(anonymous_12)
FN:180,(anonymous_13)
FN:185,(anonymous_14)
FN:197,(anonymous_15)
FN:203,(anonymous_16)
FN:209,(anonymous_17)
FNF:18
FNH:13
FNDA:571,(anonymous_0)
FNDA:8,(anonymous_1)
FNDA:2,(anonymous_2)
FNDA:2,(anonymous_3)
FNDA:0,(anonymous_4)
FNDA:2,(anonymous_5)
FNDA:3,(anonymous_6)
FNDA:1,(anonymous_7)
FNDA:12,(anonymous_8)
FNDA:2,(anonymous_9)
FNDA:1,(anonymous_10)
FNDA:0,(anonymous_11)
FNDA:1,(anonymous_12)
FNDA:0,(anonymous_13)
FNDA:0,(anonymous_14)
FNDA:0,(anonymous_15)
FNDA:16,(anonymous_16)
FNDA:34,(anonymous_17)
DA:1,23
DA:2,23
DA:4,23
DA:111,23
DA:112,23
DA:113,23
DA:116,23
DA:117,571
DA:118,526
DA:119,526
DA:123,23
DA:124,8
DA:128,23
DA:129,2
DA:130,0
DA:134,23
DA:135,3
DA:136,1
DA:141,23
DA:143,12
DA:144,8
DA:145,2
DA:146,1
DA:151,12
DA:152,12
DA:156,23
DA:157,1
DA:158,1
DA:161,1
DA:162,0
DA:163,0
DA:164,0
DA:169,1
DA:170,1
DA:174,23
DA:175,1
DA:176,1
DA:180,23
DA:181,0
DA:182,0
DA:185,0
DA:186,0
DA:187,0
DA:192,0
DA:193,0
DA:197,23
DA:198,0
DA:199,0
DA:203,23
DA:204,16
DA:205,16
DA:209,23
DA:210,34
DA:225,23
LF:54
LH:41
BRDA:117,0,0,45
BRDA:117,0,1,526
BRDA:129,1,0,2
BRDA:129,1,1,0
BRDA:129,2,0,2
BRDA:129,2,1,2
BRDA:135,3,0,2
BRDA:135,3,1,1
BRDA:135,3,2,1
BRDA:135,4,0,3
BRDA:135,4,1,1
BRDA:143,5,0,8
BRDA:143,5,1,4
BRDA:145,6,0,1
BRDA:145,6,1,1
BRDA:158,7,0,0
BRDA:158,7,1,1
BRDA:161,8,0,0
BRDA:161,8,1,1
BRDA:163,9,0,0
BRDA:163,9,1,0
BRDA:163,10,0,0
BRDA:163,10,1,0
BRDA:182,11,0,0
BRDA:182,11,1,0
BRDA:186,12,0,0
BRDA:186,12,1,0
BRDA:186,13,0,0
BRDA:186,13,1,0
BRDA:204,14,0,0
BRDA:204,14,1,16
BRF:31
BRH:17
end_of_record
TN:
SF:models/Wholesaler.js
FN:87,(anonymous_0)
FNF:1
FNH:0
FNDA:0,(anonymous_0)
DA:1,0
DA:3,0
DA:83,0
DA:84,0
DA:87,0
DA:88,0
DA:89,0
DA:90,0
DA:93,0
DA:95,0
LF:10
LH:0
BRF:0
BRH:0
end_of_record
TN:
SF:routes/admin.js
FN:31,(anonymous_0)
FN:40,(anonymous_1)
FN:57,(anonymous_2)
FN:61,(anonymous_3)
FN:80,(anonymous_4)
FN:131,(anonymous_5)
FN:204,(anonymous_6)
FN:237,(anonymous_7)
FN:254,(anonymous_8)
FN:284,(anonymous_9)
FN:305,(anonymous_10)
FN:308,(anonymous_11)
FN:341,(anonymous_12)
FN:341,(anonymous_13)
FN:380,(anonymous_14)
FN:432,(anonymous_15)
FN:457,(anonymous_16)
FN:481,(anonymous_17)
FN:490,(anonymous_18)
FN:490,(anonymous_19)
FN:504,(anonymous_20)
FN:526,(anonymous_21)
FN:561,(anonymous_22)
FN:589,(anonymous_23)
FN:629,(anonymous_24)
FN:631,(anonymous_25)
FN:675,(anonymous_26)
FN:697,(anonymous_27)
FN:698,(anonymous_28)
FN:732,(anonymous_29)
FN:746,(anonymous_30)
FN:770,(anonymous_31)
FN:780,(anonymous_32)
FN:801,(anonymous_33)
FN:811,(anonymous_34)
FN:837,(anonymous_35)
FN:882,(anonymous_36)
FN:903,(anonymous_37)
FN:928,(anonymous_38)
FN:1034,(anonymous_39)
FN:1079,(anonymous_40)
FN:1127,(anonymous_41)
FN:1144,(anonymous_42)
FN:1201,(anonymous_43)
FN:1251,(anonymous_44)
FN:1366,(anonymous_45)
FN:1384,(anonymous_46)
FN:1415,(anonymous_47)
FN:1461,(anonymous_48)
FN:1507,(anonymous_49)
FN:1564,(anonymous_50)
FN:1629,(anonymous_51)
FN:1663,(anonymous_52)
FN:1680,(anonymous_53)
FN:1813,(anonymous_54)
FN:1821,(anonymous_55)
FN:1839,(anonymous_56)
FN:1923,(anonymous_57)
FN:1932,(anonymous_58)
FN:1952,(anonymous_59)
FN:1998,(anonymous_60)
FN:2010,(anonymous_61)
FN:2046,(anonymous_62)
FN:2095,(anonymous_63)
FN:2136,(anonymous_64)
FN:2156,(anonymous_65)
FN:2157,(anonymous_66)
FN:2193,(anonymous_67)
FN:2287,(anonymous_68)
FN:2334,(anonymous_69)
FN:2373,(anonymous_70)
FN:2434,(anonymous_71)
FN:2521,(anonymous_72)
FN:2602,(anonymous_73)
FN:2636,(anonymous_74)
FNF:75
FNH:62
FNDA:0,(anonymous_0)
FNDA:0,(anonymous_1)
FNDA:0,(anonymous_2)
FNDA:0,(anonymous_3)
FNDA:0,(anonymous_4)
FNDA:8,(anonymous_5)
FNDA:2,(anonymous_6)
FNDA:5,(anonymous_7)
FNDA:0,(anonymous_8)
FNDA:3,(anonymous_9)
FNDA:2,(anonymous_10)
FNDA:2,(anonymous_11)
FNDA:6,(anonymous_12)
FNDA:0,(anonymous_13)
FNDA:0,(anonymous_14)
FNDA:1,(anonymous_15)
FNDA:1,(anonymous_16)
FNDA:0,(anonymous_17)
FNDA:2,(anonymous_18)
FNDA:56,(anonymous_19)
FNDA:0,(anonymous_20)
FNDA:0,(anonymous_21)
FNDA:2,(anonymous_22)
FNDA:1,(anonymous_23)
FNDA:8,(anonymous_24)
FNDA:8,(anonymous_25)
FNDA:0,(anonymous_26)
FNDA:2,(anonymous_27)
FNDA:2,(anonymous_28)
FNDA:1,(anonymous_29)
FNDA:1,(anonymous_30)
FNDA:1,(anonymous_31)
FNDA:1,(anonymous_32)
FNDA:1,(anonymous_33)
FNDA:1,(anonymous_34)
FNDA:1,(anonymous_35)
FNDA:1,(anonymous_36)
FNDA:5,(anonymous_37)
FNDA:5,(anonymous_38)
FNDA:3,(anonymous_39)
FNDA:2,(anonymous_40)
FNDA:4,(anonymous_41)
FNDA:0,(anonymous_42)
FNDA:1,(anonymous_43)
FNDA:1,(anonymous_44)
FNDA:1,(anonymous_45)
FNDA:1,(anonymous_46)
FNDA:1,(anonymous_47)
FNDA:1,(anonymous_48)
FNDA:1,(anonymous_49)
FNDA:2,(anonymous_50)
FNDA:2,(anonymous_51)
FNDA:2,(anonymous_52)
FNDA:1,(anonymous_53)
FNDA:1,(anonymous_54)
FNDA:1,(anonymous_55)
FNDA:2,(anonymous_56)
FNDA:1,(anonymous_57)
FNDA:1,(anonymous_58)
FNDA:1,(anonymous_59)
FNDA:1,(anonymous_60)
FNDA:1,(anonymous_61)
FNDA:2,(anonymous_62)
FNDA:1,(anonymous_63)
FNDA:1,(anonymous_64)
FNDA:1,(anonymous_65)
FNDA:4,(anonymous_66)
FNDA:3,(anonymous_67)
FNDA:3,(anonymous_68)
FNDA:4,(anonymous_69)
FNDA:7,(anonymous_70)
FNDA:4,(anonymous_71)
FNDA:4,(anonymous_72)
FNDA:2,(anonymous_73)
FNDA:2,(anonymous_74)
DA:1,13
DA:2,13
DA:3,13
DA:4,13
DA:5,13
DA:6,13
DA:7,13
DA:8,13
DA:9,13
DA:10,13
DA:11,13
DA:12,13
DA:13,13
DA:15,13
DA:18,13
DA:26,13
DA:31,13
DA:32,0
DA:34,0
DA:38,0
DA:40,0
DA:41,0
DA:42,0
DA:43,0
DA:44,0
DA:50,0
DA:51,0
DA:56,0
DA:57,0
DA:61,0
DA:63,0
DA:68,0
DA:69,0
DA:77,13
DA:81,0
DA:82,0
DA:83,0
DA:89,0
DA:90,0
DA:93,0
DA:97,0
DA:98,0
DA:106,0
DA:115,0
DA:120,0
DA:121,0
DA:131,13
DA:132,8
DA:141,8
DA:143,8
DA:146,8
DA:147,0
DA:148,8
DA:149,0
DA:153,8
DA:154,1
DA:158,8
DA:159,1
DA:168,8
DA:169,8
DA:171,0
DA:172,0
DA:174,0
DA:175,0
DA:177,0
DA:178,0
DA:180,0
DA:181,0
DA:184,8
DA:185,8
DA:188,8
DA:189,8
DA:190,8
DA:193,8
DA:198,8
DA:199,8
DA:202,8
DA:203,8
DA:204,1
DA:205,2
DA:206,2
DA:207,2
DA:214,8
DA:231,0
DA:232,0
DA:237,13
DA:238,5
DA:239,5
DA:243,5
DA:244,0
DA:252,5
DA:254,3
DA:255,0
DA:257,2
DA:259,2
DA:262,5
DA:264,4
DA:273,1
DA:275,1
DA:276,0
DA:279,1
DA:284,13
DA:285,3
DA:286,3
DA:287,1
DA:291,2
DA:292,2
DA:294,0
DA:297,2
DA:298,2
DA:299,2
DA:300,2
DA:303,2
DA:305,2
DA:306,2
DA:308,2
DA:314,2
DA:315,2
DA:317,2
DA:319,2
DA:320,1
DA:324,1
DA:328,1
DA:334,1
DA:335,1
DA:336,1
DA:337,0
DA:341,6
DA:344,1
DA:379,1
DA:380,0
DA:387,1
DA:388,1
DA:395,1
DA:398,0
DA:406,2
DA:408,2
DA:422,0
DA:423,0
DA:426,0
DA:427,0
DA:432,13
DA:433,1
DA:434,1
DA:436,1
DA:437,1
DA:438,0
DA:440,1
DA:441,0
DA:442,1
DA:443,0
DA:446,1
DA:449,1
DA:457,1
DA:481,0
DA:489,1
DA:490,56
DA:493,1
DA:494,1
DA:495,1
DA:498,0
DA:499,0
DA:504,13
DA:505,0
DA:506,0
DA:508,0
DA:510,0
DA:511,0
DA:514,0
DA:520,0
DA:521,0
DA:526,13
DA:527,0
DA:528,0
DA:529,0
DA:531,0
DA:537,0
DA:538,0
DA:541,0
DA:550,0
DA:552,0
DA:553,0
DA:556,0
DA:561,13
DA:562,2
DA:563,2
DA:565,2
DA:567,2
DA:568,0
DA:572,2
DA:574,2
DA:583,0
DA:584,0
DA:589,13
DA:590,1
DA:591,1
DA:593,1
DA:595,1
DA:596,0
DA:599,1
DA:600,0
DA:604,1
DA:606,1
DA:615,0
DA:616,0
DA:621,13
DA:629,13
DA:631,8
DA:632,8
DA:633,2
DA:636,2
DA:637,1
DA:640,1
DA:641,0
DA:644,1
DA:645,0
DA:648,1
DA:649,0
DA:653,1
DA:657,6
DA:658,6
DA:659,0
DA:663,6
DA:664,6
DA:665,6
DA:666,6
DA:667,0
DA:670,6
DA:671,6
DA:675,0
DA:683,0
DA:690,0
DA:691,0
DA:697,13
DA:698,2
DA:699,2
DA:700,0
DA:703,0
DA:704,0
DA:707,0
DA:708,0
DA:711,0
DA:712,0
DA:715,0
DA:718,2
DA:719,2
DA:722,2
DA:723,2
DA:724,1
DA:727,1
DA:728,0
DA:732,1
DA:743,1
DA:744,1
DA:746,1
DA:756,1
DA:763,0
DA:764,0
DA:770,13
DA:771,1
DA:772,1
DA:774,1
DA:775,1
DA:776,0
DA:780,1
DA:781,1
DA:782,0
DA:786,1
DA:787,1
DA:789,1
DA:795,0
DA:796,0
DA:801,13
DA:802,1
DA:804,1
DA:811,1
DA:818,1
DA:824,0
DA:825,0
DA:830,13
DA:838,1
DA:839,1
DA:840,1
DA:841,0
DA:844,1
DA:847,1
DA:848,0
DA:856,1
DA:863,1
DA:870,0
DA:871,0
DA:876,13
DA:883,1
DA:884,1
DA:885,1
DA:886,0
DA:889,1
DA:890,1
DA:892,1
DA:893,1
DA:894,0
DA:898,1
DA:899,0
DA:903,1
DA:904,5
DA:907,1
DA:909,1
DA:920,0
DA:921,0
DA:928,13
DA:929,5
DA:940,5
DA:942,5
DA:945,5
DA:946,1
DA:948,5
DA:949,0
DA:953,5
DA:954,1
DA:958,5
DA:959,0
DA:960,0
DA:961,0
DA:965,5
DA:966,0
DA:977,5
DA:978,5
DA:980,0
DA:981,0
DA:983,0
DA:984,0
DA:986,0
DA:987,0
DA:989,0
DA:990,0
DA:993,5
DA:994,5
DA:997,5
DA:998,5
DA:999,5
DA:1001,5
DA:1008,5
DA:1009,5
DA:1011,5
DA:1028,0
DA:1029,0
DA:1034,13
DA:1035,3
DA:1036,3
DA:1040,3
DA:1041,1
DA:1045,2
DA:1048,2
DA:1055,2
DA:1056,0
DA:1058,2
DA:1059,0
DA:1062,2
DA:1068,0
DA:1069,0
DA:1074,13
DA:1080,2
DA:1081,2
DA:1082,2
DA:1083,1
DA:1086,1
DA:1087,1
DA:1089,1
DA:1090,1
DA:1093,1
DA:1099,1
DA:1100,0
DA:1103,1
DA:1116,0
DA:1117,0
DA:1122,13
DA:1128,4
DA:1129,4
DA:1130,4
DA:1131,1
DA:1134,3
DA:1135,3
DA:1137,3
DA:1138,3
DA:1139,0
DA:1143,3
DA:1144,3
DA:1145,3
DA:1147,3
DA:1148,1
DA:1153,2
DA:1155,2
DA:1169,2
DA:1170,0
DA:1172,2
DA:1175,2
DA:1176,0
DA:1179,2
DA:1181,2
DA:1195,0
DA:1196,0
DA:1201,13
DA:1202,1
DA:1203,1
DA:1205,1
DA:1206,1
DA:1207,0
DA:1211,1
DA:1212,1
DA:1213,1
DA:1216,1
DA:1217,0
DA:1219,1
DA:1220,1
DA:1221,1
DA:1222,1
DA:1225,1
DA:1226,1
DA:1229,1
DA:1231,1
DA:1243,0
DA:1244,0
DA:1251,13
DA:1252,1
DA:1253,1
DA:1256,1
DA:1257,1
DA:1259,0
DA:1260,0
DA:1262,1
DA:1263,1
DA:1265,0
DA:1266,0
DA:1268,0
DA:1269,0
DA:1271,0
DA:1274,1
DA:1277,1
DA:1290,1
DA:1298,1
DA:1309,1
DA:1316,1
DA:1330,1
DA:1337,1
DA:1358,0
DA:1359,0
DA:1366,13
DA:1367,1
DA:1368,1
DA:1370,1
DA:1371,1
DA:1372,0
DA:1376,1
DA:1382,1
DA:1383,1
DA:1384,1
DA:1385,1
DA:1387,1
DA:1388,1
DA:1397,1
DA:1403,0
DA:1404,0
DA:1409,13
DA:1416,1
DA:1417,1
DA:1418,1
DA:1419,0
DA:1422,1
DA:1423,1
DA:1426,1
DA:1427,1
DA:1428,1
DA:1430,1
DA:1436,1
DA:1437,0
DA:1440,1
DA:1447,0
DA:1449,0
DA:1450,0
DA:1453,0
DA:1458,13
DA:1462,1
DA:1463,1
DA:1464,1
DA:1465,0
DA:1468,1
DA:1469,1
DA:1471,1
DA:1476,1
DA:1482,1
DA:1483,0
DA:1486,1
DA:1501,0
DA:1502,0
DA:1507,13
DA:1508,1
DA:1509,1
DA:1511,1
DA:1512,1
DA:1513,0
DA:1517,1
DA:1539,1
DA:1547,1
DA:1556,0
DA:1557,0
DA:1564,13
DA:1565,2
DA:1571,2
DA:1574,2
DA:1575,2
DA:1577,1
DA:1578,1
DA:1580,1
DA:1581,1
DA:1583,0
DA:1584,0
DA:1586,0
DA:1587,0
DA:1589,0
DA:1592,2
DA:1598,2
DA:1599,1
DA:1603,2
DA:1625,2
DA:1626,2
DA:1627,2
DA:1629,2
DA:1630,2
DA:1631,2
DA:1632,2
DA:1638,2
DA:1639,2
DA:1640,2
DA:1647,2
DA:1648,2
DA:1651,2
DA:1663,2
DA:1674,0
DA:1675,0
DA:1680,13
DA:1681,1
DA:1686,1
DA:1689,1
DA:1690,1
DA:1692,0
DA:1693,0
DA:1695,1
DA:1696,1
DA:1698,0
DA:1699,0
DA:1701,0
DA:1705,1
DA:1737,1
DA:1774,1
DA:1796,1
DA:1803,1
DA:1808,1
DA:1813,1
DA:1821,1
DA:1833,0
DA:1834,0
DA:1839,13
DA:1840,2
DA:1844,2
DA:1847,2
DA:1848,2
DA:1850,1
DA:1851,1
DA:1853,1
DA:1854,1
DA:1856,0
DA:1857,0
DA:1859,0
DA:1863,2
DA:1865,1
DA:1866,1
DA:1868,1
DA:1869,1
DA:1871,0
DA:1875,2
DA:1898,2
DA:1899,2
DA:1902,2
DA:1908,2
DA:1910,2
DA:1922,2
DA:1923,1
DA:1930,1
DA:1931,1
DA:1932,1
DA:1940,2
DA:1946,0
DA:1947,0
DA:1952,13
DA:1953,1
DA:1957,1
DA:1960,1
DA:1961,1
DA:1963,0
DA:1964,0
DA:1966,1
DA:1967,1
DA:1969,0
DA:1970,0
DA:1972,0
DA:1973,0
DA:1975,0
DA:1979,1
DA:1998,1
DA:2001,1
DA:2002,1
DA:2005,1
DA:2006,1
DA:2007,1
DA:2009,1
DA:2010,1
DA:2011,1
DA:2012,1
DA:2020,1
DA:2040,0
DA:2041,0
DA:2046,13
DA:2047,2
DA:2052,2
DA:2055,2
DA:2056,2
DA:2058,1
DA:2059,1
DA:2061,1
DA:2062,1
DA:2064,0
DA:2065,0
DA:2067,0
DA:2070,2
DA:2071,2
DA:2073,2
DA:2075,1
DA:2095,1
DA:2102,1
DA:2104,1
DA:2106,1
DA:2136,1
DA:2144,1
DA:2147,2
DA:2149,1
DA:2150,0
DA:2153,1
DA:2154,1
DA:2157,4
DA:2161,1
DA:2163,1
DA:2164,1
DA:2165,1
DA:2167,1
DA:2169,1
DA:2177,1
DA:2178,1
DA:2179,1
DA:2181,0
DA:2185,0
DA:2186,0
DA:2193,13
DA:2194,3
DA:2202,3
DA:2204,3
DA:2207,3
DA:2208,0
DA:2209,3
DA:2210,0
DA:2214,3
DA:2215,1
DA:2216,2
DA:2217,0
DA:2221,3
DA:2222,1
DA:2230,3
DA:2231,3
DA:2233,0
DA:2234,0
DA:2236,0
DA:2237,0
DA:2239,0
DA:2240,0
DA:2242,0
DA:2243,0
DA:2246,3
DA:2247,3
DA:2250,3
DA:2251,3
DA:2252,3
DA:2254,3
DA:2260,3
DA:2261,3
DA:2263,3
DA:2278,0
DA:2279,0
DA:2284,13
DA:2288,3
DA:2289,3
DA:2290,3
DA:2291,1
DA:2294,2
DA:2295,2
DA:2297,2
DA:2298,1
DA:2301,2
DA:2307,2
DA:2308,1
DA:2311,1
DA:2326,0
DA:2327,0
DA:2334,13
DA:2335,4
DA:2344,4
DA:2347,4
DA:2348,4
DA:2349,4
DA:2350,4
DA:2351,4
DA:2354,4
DA:2355,4
DA:2356,4
DA:2359,4
DA:2369,4
DA:2371,4
DA:2373,7
DA:2417,0
DA:2418,0
DA:2429,13
DA:2435,4
DA:2437,4
DA:2438,4
DA:2439,1
DA:2449,3
DA:2450,3
DA:2451,3
DA:2454,3
DA:2455,3
DA:2456,1
DA:2466,2
DA:2467,1
DA:2477,1
DA:2480,1
DA:2481,1
DA:2482,1
DA:2484,1
DA:2503,0
DA:2504,0
DA:2515,13
DA:2522,4
DA:2524,4
DA:2525,4
DA:2526,1
DA:2536,3
DA:2537,3
DA:2538,3
DA:2541,3
DA:2542,3
DA:2543,0
DA:2553,3
DA:2554,1
DA:2564,2
DA:2567,2
DA:2568,2
DA:2569,2
DA:2571,2
DA:2590,0
DA:2591,0
DA:2602,13
DA:2603,2
DA:2604,2
DA:2607,2
DA:2608,2
DA:2609,1
DA:2618,1
DA:2624,0
DA:2625,0
DA:2636,13
DA:2637,2
DA:2638,2
DA:2641,2
DA:2642,2
DA:2643,1
DA:2644,1
DA:2645,1
DA:2649,2
DA:2657,2
DA:2662,2
DA:2665,2
DA:2677,0
DA:2678,0
DA:2688,13
LF:792
LH:556
BRDA:41,0,0,0
BRDA:41,0,1,0
BRDA:41,1,0,0
BRDA:41,1,1,0
BRDA:42,2,0,0
BRDA:42,2,1,0
BRDA:43,3,0,0
BRDA:43,3,1,0
BRDA:46,4,0,0
BRDA:46,4,1,0
BRDA:50,5,0,0
BRDA:50,5,1,0
BRDA:82,6,0,0
BRDA:82,6,1,0
BRDA:97,7,0,0
BRDA:97,7,1,0
BRDA:109,8,0,0
BRDA:109,8,1,0
BRDA:110,9,0,0
BRDA:110,9,1,0
BRDA:111,10,0,0
BRDA:111,10,1,0
BRDA:134,11,0,8
BRDA:135,12,0,8
BRDA:138,13,0,8
BRDA:139,14,0,8
BRDA:146,15,0,0
BRDA:146,15,1,8
BRDA:148,16,0,0
BRDA:148,16,1,8
BRDA:153,17,0,1
BRDA:153,17,1,7
BRDA:153,18,0,8
BRDA:153,18,1,1
BRDA:158,19,0,1
BRDA:158,19,1,7
BRDA:169,20,0,0
BRDA:169,20,1,0
BRDA:169,20,2,0
BRDA:169,20,3,0
BRDA:169,20,4,8
BRDA:169,20,5,8
BRDA:203,21,0,1
BRDA:203,21,1,7
BRDA:203,22,0,8
BRDA:203,22,1,1
BRDA:243,23,0,0
BRDA:243,23,1,5
BRDA:243,24,0,5
BRDA:243,24,1,0
BRDA:252,25,0,3
BRDA:252,25,1,2
BRDA:255,26,0,0
BRDA:255,26,1,0
BRDA:255,26,2,0
BRDA:255,26,3,0
BRDA:257,27,0,2
BRDA:257,27,1,0
BRDA:275,28,0,0
BRDA:275,28,1,1
BRDA:286,29,0,1
BRDA:286,29,1,2
BRDA:319,30,0,1
BRDA:319,30,1,1
BRDA:319,31,0,2
BRDA:319,31,1,2
BRDA:319,31,2,1
BRDA:319,31,3,1
BRDA:319,31,4,1
BRDA:328,32,0,1
BRDA:328,32,1,1
BRDA:336,33,0,0
BRDA:336,33,1,1
BRDA:341,34,0,0
BRDA:341,34,1,6
BRDA:347,35,0,1
BRDA:347,35,1,0
BRDA:348,36,0,1
BRDA:348,36,1,1
BRDA:348,36,2,0
BRDA:350,37,0,0
BRDA:350,37,1,1
BRDA:365,38,0,1
BRDA:365,38,1,0
BRDA:366,39,0,0
BRDA:366,39,1,1
BRDA:367,40,0,0
BRDA:367,40,1,1
BRDA:374,41,0,1
BRDA:374,41,1,1
BRDA:375,42,0,1
BRDA:375,42,1,1
BRDA:379,43,0,0
BRDA:379,43,1,1
BRDA:422,44,0,0
BRDA:422,44,1,0
BRDA:422,45,0,0
BRDA:422,45,1,0
BRDA:434,46,0,1
BRDA:437,47,0,0
BRDA:437,47,1,1
BRDA:437,48,0,1
BRDA:437,48,1,0
BRDA:440,49,0,0
BRDA:440,49,1,1
BRDA:442,50,0,0
BRDA:442,50,1,1
BRDA:463,51,0,1
BRDA:463,51,1,1
BRDA:470,52,0,1
BRDA:470,52,1,1
BRDA:471,53,0,1
BRDA:471,53,1,1
BRDA:472,54,0,1
BRDA:472,54,1,1
BRDA:478,55,0,1
BRDA:478,55,1,1
BRDA:479,56,0,1
BRDA:479,56,1,1
BRDA:510,57,0,0
BRDA:510,57,1,0
BRDA:537,58,0,0
BRDA:537,58,1,0
BRDA:552,59,0,0
BRDA:552,59,1,0
BRDA:567,60,0,0
BRDA:567,60,1,2
BRDA:595,61,0,0
BRDA:595,61,1,1
BRDA:599,62,0,0
BRDA:599,62,1,1
BRDA:632,63,0,2
BRDA:632,63,1,6
BRDA:636,64,0,1
BRDA:636,64,1,1
BRDA:640,65,0,0
BRDA:640,65,1,1
BRDA:644,66,0,0
BRDA:644,66,1,1
BRDA:648,67,0,0
BRDA:648,67,1,1
BRDA:653,68,0,1
BRDA:653,68,1,0
BRDA:658,69,0,0
BRDA:658,69,1,6
BRDA:658,70,0,6
BRDA:658,70,1,6
BRDA:699,71,0,0
BRDA:699,71,1,2
BRDA:703,72,0,0
BRDA:703,72,1,0
BRDA:707,73,0,0
BRDA:707,73,1,0
BRDA:711,74,0,0
BRDA:711,74,1,0
BRDA:715,75,0,0
BRDA:715,75,1,0
BRDA:723,76,0,1
BRDA:723,76,1,1
BRDA:727,77,0,0
BRDA:727,77,1,1
BRDA:727,78,0,1
BRDA:727,78,1,1
BRDA:735,79,0,1
BRDA:735,79,1,1
BRDA:775,80,0,0
BRDA:775,80,1,1
BRDA:781,81,0,0
BRDA:781,81,1,1
BRDA:840,82,0,0
BRDA:840,82,1,1
BRDA:847,83,0,0
BRDA:847,83,1,1
BRDA:885,84,0,0
BRDA:885,84,1,1
BRDA:893,85,0,0
BRDA:893,85,1,1
BRDA:898,86,0,0
BRDA:898,86,1,1
BRDA:931,87,0,5
BRDA:932,88,0,5
BRDA:933,89,0,4
BRDA:934,90,0,5
BRDA:938,91,0,5
BRDA:945,92,0,1
BRDA:945,92,1,4
BRDA:948,93,0,0
BRDA:948,93,1,5
BRDA:953,94,0,1
BRDA:953,94,1,4
BRDA:958,95,0,0
BRDA:958,95,1,5
BRDA:958,96,0,5
BRDA:958,96,1,5
BRDA:960,97,0,0
BRDA:960,97,1,0
BRDA:961,98,0,0
BRDA:961,98,1,0
BRDA:965,99,0,0
BRDA:965,99,1,5
BRDA:978,100,0,0
BRDA:978,100,1,0
BRDA:978,100,2,0
BRDA:978,100,3,0
BRDA:978,100,4,5
BRDA:978,100,5,5
BRDA:1040,101,0,1
BRDA:1040,101,1,2
BRDA:1050,102,0,2
BRDA:1050,102,1,0
BRDA:1051,103,0,2
BRDA:1051,103,1,0
BRDA:1051,104,0,0
BRDA:1051,104,1,0
BRDA:1055,105,0,0
BRDA:1055,105,1,2
BRDA:1058,106,0,0
BRDA:1058,106,1,2
BRDA:1082,107,0,1
BRDA:1082,107,1,1
BRDA:1089,108,0,1
BRDA:1089,108,1,0
BRDA:1099,109,0,0
BRDA:1099,109,1,1
BRDA:1130,110,0,1
BRDA:1130,110,1,3
BRDA:1135,111,0,2
BRDA:1138,112,0,0
BRDA:1138,112,1,3
BRDA:1143,113,0,3
BRDA:1143,113,1,0
BRDA:1147,114,0,1
BRDA:1147,114,1,2
BRDA:1163,115,0,1
BRDA:1163,115,1,1
BRDA:1164,116,0,2
BRDA:1164,116,1,1
BRDA:1169,117,0,0
BRDA:1169,117,1,2
BRDA:1175,118,0,0
BRDA:1175,118,1,2
BRDA:1206,119,0,0
BRDA:1206,119,1,1
BRDA:1216,120,0,0
BRDA:1216,120,1,1
BRDA:1225,121,0,1
BRDA:1225,121,1,0
BRDA:1253,122,0,1
BRDA:1257,123,0,0
BRDA:1257,123,1,1
BRDA:1257,123,2,0
BRDA:1257,123,3,0
BRDA:1257,123,4,0
BRDA:1290,124,0,1
BRDA:1290,124,1,0
BRDA:1309,125,0,1
BRDA:1309,125,1,0
BRDA:1330,126,0,1
BRDA:1330,126,1,0
BRDA:1371,127,0,0
BRDA:1371,127,1,1
BRDA:1385,128,0,1
BRDA:1385,128,1,0
BRDA:1393,129,0,1
BRDA:1393,129,1,0
BRDA:1394,130,0,1
BRDA:1394,130,1,0
BRDA:1418,131,0,0
BRDA:1418,131,1,1
BRDA:1436,132,0,0
BRDA:1436,132,1,1
BRDA:1449,133,0,0
BRDA:1449,133,1,0
BRDA:1449,134,0,0
BRDA:1449,134,1,0
BRDA:1464,135,0,0
BRDA:1464,135,1,1
BRDA:1469,136,0,0
BRDA:1482,137,0,0
BRDA:1482,137,1,1
BRDA:1512,138,0,0
BRDA:1512,138,1,1
BRDA:1540,139,0,1
BRDA:1540,139,1,1
BRDA:1567,140,0,0
BRDA:1568,141,0,1
BRDA:1569,142,0,0
BRDA:1575,143,0,1
BRDA:1575,143,1,1
BRDA:1575,143,2,0
BRDA:1575,143,3,0
BRDA:1575,143,4,0
BRDA:1598,144,0,1
BRDA:1598,144,1,1
BRDA:1610,145,0,2
BRDA:1610,145,1,0
BRDA:1630,146,0,2
BRDA:1630,146,1,0
BRDA:1631,147,0,2
BRDA:1631,147,1,0
BRDA:1660,148,0,2
BRDA:1660,148,1,0
BRDA:1665,149,0,2
BRDA:1665,149,1,0
BRDA:1683,150,0,0
BRDA:1684,151,0,0
BRDA:1685,152,0,0
BRDA:1690,153,0,0
BRDA:1690,153,1,1
BRDA:1690,153,2,0
BRDA:1690,153,3,0
BRDA:1732,154,0,0
BRDA:1732,154,1,1
BRDA:1796,155,0,1
BRDA:1796,155,1,0
BRDA:1842,156,0,0
BRDA:1843,157,0,0
BRDA:1848,158,0,1
BRDA:1848,158,1,1
BRDA:1848,158,2,0
BRDA:1848,158,3,0
BRDA:1863,159,0,1
BRDA:1863,159,1,1
BRDA:1863,159,2,0
BRDA:1908,160,0,2
BRDA:1908,160,1,2
BRDA:1917,161,0,2
BRDA:1917,161,1,0
BRDA:1922,162,0,1
BRDA:1922,162,1,1
BRDA:1924,163,0,1
BRDA:1924,163,1,0
BRDA:1931,164,0,1
BRDA:1931,164,1,0
BRDA:1933,165,0,1
BRDA:1933,165,1,1
BRDA:1955,166,0,0
BRDA:1956,167,0,0
BRDA:1961,168,0,0
BRDA:1961,168,1,1
BRDA:1961,168,2,0
BRDA:1961,168,3,0
BRDA:1961,168,4,0
BRDA:2011,169,0,1
BRDA:2011,169,1,0
BRDA:2033,170,0,1
BRDA:2033,170,1,0
BRDA:2049,171,0,0
BRDA:2050,172,0,0
BRDA:2051,173,0,0
BRDA:2056,174,0,1
BRDA:2056,174,1,1
BRDA:2056,174,2,0
BRDA:2056,174,3,0
BRDA:2073,175,0,1
BRDA:2073,175,1,1
BRDA:2104,176,0,1
BRDA:2104,176,1,0
BRDA:2147,177,0,1
BRDA:2147,177,1,1
BRDA:2149,178,0,0
BRDA:2149,178,1,1
BRDA:2167,179,0,1
BRDA:2167,179,1,0
BRDA:2196,180,0,3
BRDA:2197,181,0,3
BRDA:2199,182,0,3
BRDA:2200,183,0,2
BRDA:2201,184,0,3
BRDA:2207,185,0,0
BRDA:2207,185,1,3
BRDA:2209,186,0,0
BRDA:2209,186,1,3
BRDA:2214,187,0,1
BRDA:2214,187,1,2
BRDA:2216,188,0,0
BRDA:2216,188,1,2
BRDA:2221,189,0,1
BRDA:2221,189,1,2
BRDA:2231,190,0,0
BRDA:2231,190,1,0
BRDA:2231,190,2,0
BRDA:2231,190,3,0
BRDA:2231,190,4,3
BRDA:2231,190,5,3
BRDA:2290,191,0,1
BRDA:2290,191,1,2
BRDA:2297,192,0,1
BRDA:2297,192,1,1
BRDA:2307,193,0,1
BRDA:2307,193,1,1
BRDA:2341,194,0,3
BRDA:2342,195,0,3
BRDA:2343,196,0,4
BRDA:2348,197,0,1
BRDA:2348,197,1,3
BRDA:2349,198,0,1
BRDA:2349,198,1,3
BRDA:2350,199,0,0
BRDA:2350,199,1,4
BRDA:2351,200,0,0
BRDA:2351,200,1,4
BRDA:2395,201,0,2
BRDA:2395,201,1,5
BRDA:2401,202,0,2
BRDA:2401,202,1,5
BRDA:2438,203,0,1
BRDA:2438,203,1,3
BRDA:2455,204,0,1
BRDA:2455,204,1,2
BRDA:2466,205,0,1
BRDA:2466,205,1,1
BRDA:2525,206,0,1
BRDA:2525,206,1,3
BRDA:2542,207,0,0
BRDA:2542,207,1,3
BRDA:2553,208,0,1
BRDA:2553,208,1,2
BRDA:2608,209,0,1
BRDA:2608,209,1,1
BRDA:2642,210,0,1
BRDA:2642,210,1,1
BRDA:2642,211,0,2
BRDA:2642,211,1,1
BRDA:2644,212,0,1
BRDA:2644,212,1,0
BRDA:2645,213,0,1
BRDA:2645,213,1,0
BRDA:2662,214,0,1
BRDA:2662,214,1,1
BRF:430
BRH:245
end_of_record
TN:
SF:routes/auth.js
FN:13,(anonymous_0)
FN:71,(anonymous_1)
FN:150,(anonymous_2)
FN:214,(anonymous_3)
FN:275,(anonymous_4)
FN:291,(anonymous_5)
FN:339,(anonymous_6)
FN:366,(anonymous_7)
FN:393,(anonymous_8)
FN:397,(anonymous_9)
FN:401,(anonymous_10)
FN:404,(anonymous_11)
FN:407,(anonymous_12)
FN:410,(anonymous_13)
FN:416,(anonymous_14)
FN:559,(anonymous_15)
FN:592,(anonymous_16)
FN:609,(anonymous_17)
FN:655,(anonymous_18)
FN:683,(anonymous_19)
FN:721,(anonymous_20)
FN:733,(anonymous_21)
FN:758,(anonymous_22)
FN:788,(anonymous_23)
FN:832,(anonymous_24)
FN:854,(anonymous_25)
FN:879,(anonymous_26)
FNF:27
FNH:19
FNDA:19,(anonymous_0)
FNDA:22,(anonymous_1)
FNDA:13,(anonymous_2)
FNDA:5,(anonymous_3)
FNDA:1,(anonymous_4)
FNDA:0,(anonymous_5)
FNDA:0,(anonymous_6)
FNDA:3,(anonymous_7)
FNDA:7,(anonymous_8)
FNDA:5,(anonymous_9)
FNDA:5,(anonymous_10)
FNDA:4,(anonymous_11)
FNDA:4,(anonymous_12)
FNDA:3,(anonymous_13)
FNDA:8,(anonymous_14)
FNDA:0,(anonymous_15)
FNDA:1,(anonymous_16)
FNDA:1,(anonymous_17)
FNDA:2,(anonymous_18)
FNDA:0,(anonymous_19)
FNDA:2,(anonymous_20)
FNDA:20,(anonymous_21)
FNDA:0,(anonymous_22)
FNDA:1,(anonymous_23)
FNDA:0,(anonymous_24)
FNDA:0,(anonymous_25)
FNDA:0,(anonymous_26)
DA:1,17
DA:2,17
DA:3,17
DA:4,17
DA:5,17
DA:6,17
DA:7,17
DA:8,17
DA:10,17
DA:13,17
DA:14,19
DA:18,17
DA:42,17
DA:53,17
DA:61,17
DA:71,17
DA:72,22
DA:73,22
DA:74,22
DA:75,4
DA:78,18
DA:81,18
DA:82,18
DA:83,2
DA:87,16
DA:96,16
DA:97,16
DA:100,16
DA:101,16
DA:104,16
DA:105,16
DA:106,15
DA:109,15
DA:111,15
DA:116,15
DA:117,15
DA:118,0
DA:122,0
DA:126,16
DA:134,16
DA:144,0
DA:145,0
DA:150,17
DA:151,13
DA:152,13
DA:153,13
DA:154,2
DA:157,11
DA:160,11
DA:161,10
DA:162,4
DA:166,6
DA:167,6
DA:168,2
DA:172,4
DA:173,1
DA:177,3
DA:180,3
DA:181,3
DA:184,3
DA:189,3
DA:197,3
DA:208,1
DA:209,1
DA:214,17
DA:215,5
DA:216,5
DA:217,5
DA:218,1
DA:221,4
DA:226,4
DA:229,4
DA:230,4
DA:236,4
DA:238,3
DA:239,3
DA:240,3
DA:243,3
DA:244,3
DA:245,3
DA:248,3
DA:250,3
DA:256,3
DA:257,0
DA:261,3
DA:262,0
DA:263,0
DA:264,0
DA:265,0
DA:266,0
DA:267,0
DA:270,0
DA:275,1
DA:279,4
DA:285,0
DA:286,0
DA:291,17
DA:292,0
DA:293,0
DA:294,0
DA:295,0
DA:298,0
DA:301,0
DA:307,0
DA:312,0
DA:313,0
DA:317,0
DA:318,0
DA:319,0
DA:320,0
DA:323,0
DA:325,0
DA:333,0
DA:334,0
DA:339,17
DA:340,0
DA:342,0
DA:343,0
DA:347,0
DA:348,0
DA:349,0
DA:352,0
DA:360,0
DA:361,0
DA:366,17
DA:367,3
DA:369,3
DA:371,3
DA:372,0
DA:375,3
DA:382,0
DA:383,0
DA:388,17
DA:395,7
DA:399,5
DA:402,5
DA:405,4
DA:408,4
DA:411,3
DA:417,8
DA:419,8
DA:420,8
DA:421,8
DA:422,0
DA:425,8
DA:428,8
DA:429,8
DA:430,8
DA:431,8
DA:432,8
DA:435,8
DA:436,7
DA:438,6
DA:440,6
DA:442,6
DA:444,5
DA:447,5
DA:448,5
DA:451,4
DA:453,3
DA:465,3
DA:470,6
DA:471,3
DA:477,8
DA:479,1
DA:480,1
DA:481,1
DA:486,1
DA:492,1
DA:493,0
DA:501,8
DA:503,8
DA:504,0
DA:505,0
DA:506,0
DA:511,8
DA:517,8
DA:518,0
DA:521,8
DA:524,8
DA:537,0
DA:538,0
DA:542,0
DA:543,0
DA:544,0
DA:547,0
DA:548,0
DA:551,0
DA:556,17
DA:560,0
DA:561,0
DA:562,0
DA:563,0
DA:566,0
DA:569,0
DA:572,0
DA:573,0
DA:574,0
DA:578,0
DA:579,0
DA:581,0
DA:586,0
DA:587,0
DA:592,17
DA:593,1
DA:594,1
DA:597,1
DA:603,1
DA:605,1
DA:606,1
DA:609,1
DA:610,1
DA:611,0
DA:617,1
DA:624,1
DA:630,0
DA:631,0
DA:644,17
DA:656,2
DA:657,2
DA:658,2
DA:659,1
DA:662,1
DA:676,1
DA:677,1
DA:678,0
DA:682,1
DA:683,1
DA:684,0
DA:688,1
DA:689,1
DA:691,1
DA:698,0
DA:699,0
DA:710,17
DA:722,2
DA:723,2
DA:724,2
DA:725,0
DA:728,2
DA:729,2
DA:732,2
DA:734,20
DA:735,3
DA:740,2
DA:741,2
DA:742,0
DA:745,2
DA:746,2
DA:747,1
DA:757,1
DA:758,0
DA:759,0
DA:760,0
DA:766,1
DA:767,1
DA:769,1
DA:776,0
DA:777,0
DA:788,17
DA:789,1
DA:790,1
DA:793,1
DA:794,1
DA:795,0
DA:798,1
DA:799,1
DA:800,0
DA:810,1
DA:811,1
DA:813,1
DA:820,0
DA:821,0
DA:832,17
DA:833,0
DA:834,0
DA:837,0
DA:838,0
DA:839,0
DA:842,0
DA:843,0
DA:844,0
DA:854,0
DA:855,0
DA:858,0
DA:860,0
DA:867,0
DA:868,0
DA:879,17
DA:880,0
DA:881,0
DA:883,0
DA:884,0
DA:893,0
DA:894,0
DA:896,0
DA:897,0
DA:906,0
DA:908,0
DA:914,0
DA:915,0
DA:925,17
LF:302
LH:187
BRDA:74,0,0,4
BRDA:74,0,1,18
BRDA:82,1,0,2
BRDA:82,1,1,16
BRDA:93,2,0,16
BRDA:93,2,1,15
BRDA:105,3,0,15
BRDA:105,3,1,1
BRDA:109,4,0,15
BRDA:109,4,1,15
BRDA:109,4,2,15
BRDA:117,5,0,0
BRDA:117,5,1,15
BRDA:153,6,0,2
BRDA:153,6,1,11
BRDA:161,7,0,4
BRDA:161,7,1,6
BRDA:167,8,0,2
BRDA:167,8,1,4
BRDA:172,9,0,1
BRDA:172,9,1,3
BRDA:217,10,0,1
BRDA:217,10,1,4
BRDA:236,11,0,3
BRDA:236,11,1,1
BRDA:245,12,0,3
BRDA:245,12,1,3
BRDA:248,13,0,3
BRDA:248,13,1,3
BRDA:248,13,2,3
BRDA:256,14,0,0
BRDA:256,14,1,3
BRDA:261,15,0,0
BRDA:261,15,1,3
BRDA:294,16,0,0
BRDA:294,16,1,0
BRDA:312,17,0,0
BRDA:312,17,1,0
BRDA:342,18,0,0
BRDA:342,18,1,0
BRDA:348,19,0,0
BRDA:348,19,1,0
BRDA:348,20,0,0
BRDA:348,20,1,0
BRDA:371,21,0,0
BRDA:371,21,1,3
BRDA:395,22,0,7
BRDA:395,22,1,6
BRDA:399,23,0,5
BRDA:399,23,1,4
BRDA:399,23,2,4
BRDA:402,24,0,5
BRDA:402,24,1,4
BRDA:402,24,2,4
BRDA:405,25,0,4
BRDA:405,25,1,3
BRDA:405,25,2,3
BRDA:408,26,0,4
BRDA:408,26,1,3
BRDA:408,26,2,3
BRDA:411,27,0,3
BRDA:411,27,1,3
BRDA:421,28,0,0
BRDA:421,28,1,8
BRDA:429,29,0,7
BRDA:429,29,1,1
BRDA:430,30,0,3
BRDA:430,30,1,5
BRDA:431,31,0,1
BRDA:431,31,1,7
BRDA:432,32,0,0
BRDA:432,32,1,8
BRDA:435,33,0,7
BRDA:435,33,1,1
BRDA:436,34,0,1
BRDA:436,34,1,6
BRDA:438,35,0,6
BRDA:438,35,1,0
BRDA:444,36,0,0
BRDA:444,36,1,5
BRDA:447,37,0,5
BRDA:447,37,1,1
BRDA:447,37,2,1
BRDA:447,37,3,1
BRDA:448,38,0,1
BRDA:448,38,1,4
BRDA:451,39,0,3
BRDA:451,39,1,1
BRDA:451,40,0,4
BRDA:451,40,1,4
BRDA:451,40,2,4
BRDA:451,40,3,3
BRDA:454,41,0,3
BRDA:454,41,1,3
BRDA:455,42,0,3
BRDA:455,42,1,3
BRDA:455,42,2,1
BRDA:456,43,0,3
BRDA:456,43,1,3
BRDA:456,43,2,1
BRDA:461,44,0,3
BRDA:461,44,1,0
BRDA:463,45,0,0
BRDA:463,45,1,3
BRDA:470,46,0,3
BRDA:470,46,1,3
BRDA:477,47,0,1
BRDA:477,47,1,7
BRDA:480,48,0,1
BRDA:480,48,1,0
BRDA:481,49,0,1
BRDA:481,49,1,0
BRDA:492,50,0,0
BRDA:492,50,1,1
BRDA:494,51,0,0
BRDA:494,51,1,0
BRDA:503,52,0,0
BRDA:503,52,1,8
BRDA:503,53,0,8
BRDA:503,53,1,0
BRDA:505,54,0,0
BRDA:505,54,1,0
BRDA:517,55,0,0
BRDA:517,55,1,8
BRDA:533,56,0,8
BRDA:533,56,1,0
BRDA:538,57,0,0
BRDA:538,57,1,0
BRDA:547,58,0,0
BRDA:547,58,1,0
BRDA:562,59,0,0
BRDA:562,59,1,0
BRDA:573,60,0,0
BRDA:573,60,1,0
BRDA:603,61,0,1
BRDA:603,61,1,0
BRDA:610,62,0,0
BRDA:610,62,1,1
BRDA:658,63,0,1
BRDA:658,63,1,1
BRDA:670,64,0,1
BRDA:670,64,1,0
BRDA:672,65,0,1
BRDA:672,65,1,0
BRDA:677,66,0,0
BRDA:677,66,1,1
BRDA:682,67,0,1
BRDA:682,67,1,0
BRDA:724,68,0,0
BRDA:724,68,1,2
BRDA:734,69,0,3
BRDA:734,69,1,17
BRDA:741,70,0,0
BRDA:741,70,1,2
BRDA:746,71,0,1
BRDA:746,71,1,1
BRDA:757,72,0,0
BRDA:757,72,1,1
BRDA:759,73,0,0
BRDA:759,73,1,0
BRDA:794,74,0,0
BRDA:794,74,1,1
BRDA:799,75,0,0
BRDA:799,75,1,1
BRDA:838,76,0,0
BRDA:838,76,1,0
BRDA:843,77,0,0
BRDA:843,77,1,0
BRDA:883,78,0,0
BRDA:883,78,1,0
BRDA:896,79,0,0
BRDA:896,79,1,0
BRDA:896,80,0,0
BRDA:896,80,1,0
BRF:174
BRH:112
end_of_record
TN:
SF:routes/cart.js
FN:13,getUserCurrency
FN:24,enhanceProductWithCurrency
FN:41,(anonymous_2)
FN:68,(anonymous_3)
FN:120,(anonymous_4)
FN:133,(anonymous_5)
FN:142,(anonymous_6)
FN:167,(anonymous_7)
FN:170,(anonymous_8)
FN:171,(anonymous_9)
FN:193,(anonymous_10)
FN:243,(anonymous_11)
FN:257,(anonymous_12)
FN:277,(anonymous_13)
FN:297,(anonymous_14)
FN:336,(anonymous_15)
FN:352,(anonymous_16)
FN:352,(anonymous_17)
FN:354,(anonymous_18)
FN:355,(anonymous_19)
FN:381,(anonymous_20)
FN:398,(anonymous_21)
FN:416,(anonymous_22)
FN:452,(anonymous_23)
FN:466,(anonymous_24)
FN:467,(anonymous_25)
FN:468,(anonymous_26)
FN:494,(anonymous_27)
FN:506,(anonymous_28)
FN:519,(anonymous_29)
FN:546,(anonymous_30)
FN:560,(anonymous_31)
FN:561,(anonymous_32)
FN:562,(anonymous_33)
FN:585,(anonymous_34)
FN:634,(anonymous_35)
FN:668,(anonymous_36)
FN:704,(anonymous_37)
FN:745,(anonymous_38)
FN:770,(anonymous_39)
FN:771,(anonymous_40)
FN:772,(anonymous_41)
FN:802,(anonymous_42)
FN:848,(anonymous_43)
FN:857,(anonymous_44)
FN:864,(anonymous_45)
FNF:46
FNH:16
FNDA:2,getUserCurrency
FNDA:2,enhanceProductWithCurrency
FNDA:23,(anonymous_2)
FNDA:0,(anonymous_3)
FNDA:0,(anonymous_4)
FNDA:6,(anonymous_5)
FNDA:0,(anonymous_6)
FNDA:0,(anonymous_7)
FNDA:0,(anonymous_8)
FNDA:0,(anonymous_9)
FNDA:12,(anonymous_10)
FNDA:0,(anonymous_11)
FNDA:2,(anonymous_12)
FNDA:0,(anonymous_13)
FNDA:2,(anonymous_14)
FNDA:2,(anonymous_15)
FNDA:3,(anonymous_16)
FNDA:2,(anonymous_17)
FNDA:2,(anonymous_18)
FNDA:2,(anonymous_19)
FNDA:5,(anonymous_20)
FNDA:0,(anonymous_21)
FNDA:0,(anonymous_22)
FNDA:0,(anonymous_23)
FNDA:0,(anonymous_24)
FNDA:0,(anonymous_25)
FNDA:0,(anonymous_26)
FNDA:3,(anonymous_27)
FNDA:0,(anonymous_28)
FNDA:0,(anonymous_29)
FNDA:0,(anonymous_30)
FNDA:0,(anonymous_31)
FNDA:0,(anonymous_32)
FNDA:0,(anonymous_33)
FNDA:3,(anonymous_34)
FNDA:0,(anonymous_35)
FNDA:0,(anonymous_36)
FNDA:0,(anonymous_37)
FNDA:0,(anonymous_38)
FNDA:0,(anonymous_39)
FNDA:0,(anonymous_40)
FNDA:0,(anonymous_41)
FNDA:1,(anonymous_42)
FNDA:0,(anonymous_43)
FNDA:0,(anonymous_44)
FNDA:0,(anonymous_45)
DA:1,19
DA:2,19
DA:3,19
DA:4,19
DA:5,19
DA:6,19
DA:7,19
DA:8,19
DA:9,19
DA:10,19
DA:15,2
DA:16,2
DA:19,2
DA:20,2
DA:25,2
DA:28,2
DA:32,2
DA:41,19
DA:42,23
DA:44,1
DA:45,1
DA:46,0
DA:47,0
DA:49,1
DA:53,22
DA:56,22
DA:57,16
DA:58,16
DA:62,22
DA:63,22
DA:64,0
DA:65,0
DA:68,0
DA:69,0
DA:70,0
DA:71,0
DA:77,19
DA:79,19
DA:80,19
DA:82,19
DA:95,19
DA:96,19
DA:100,0
DA:102,0
DA:103,0
DA:105,0
DA:109,0
DA:113,0
DA:114,0
DA:115,0
DA:116,0
DA:120,0
DA:124,19
DA:125,0
DA:128,19
DA:133,19
DA:134,6
DA:136,6
DA:138,4
DA:141,4
DA:143,0
DA:144,0
DA:145,0
DA:146,0
DA:149,0
DA:150,0
DA:152,0
DA:160,0
DA:161,0
DA:167,4
DA:170,4
DA:171,4
DA:173,4
DA:187,2
DA:188,2
DA:193,19
DA:194,12
DA:195,12
DA:198,12
DA:199,0
DA:210,12
DA:211,2
DA:215,10
DA:216,3
DA:220,7
DA:221,0
DA:225,7
DA:226,1
DA:230,6
DA:231,6
DA:232,2
DA:235,4
DA:236,1
DA:240,3
DA:242,3
DA:243,0
DA:244,0
DA:247,0
DA:248,0
DA:249,0
DA:252,0
DA:253,0
DA:257,3
DA:258,2
DA:261,3
DA:262,2
DA:263,2
DA:266,2
DA:267,0
DA:273,3
DA:275,3
DA:277,0
DA:278,0
DA:281,0
DA:282,0
DA:283,0
DA:285,0
DA:293,0
DA:294,0
DA:297,3
DA:298,2
DA:302,3
DA:304,2
DA:316,1
DA:333,3
DA:335,3
DA:337,2
DA:338,2
DA:339,0
DA:341,2
DA:342,2
DA:344,2
DA:352,3
DA:354,3
DA:355,3
DA:357,3
DA:371,6
DA:372,6
DA:373,6
DA:381,19
DA:382,5
DA:383,5
DA:386,5
DA:387,1
DA:390,4
DA:391,1
DA:394,3
DA:396,3
DA:398,0
DA:399,0
DA:402,0
DA:403,0
DA:404,0
DA:406,0
DA:407,0
DA:409,0
DA:410,0
DA:412,0
DA:416,3
DA:417,0
DA:420,3
DA:422,0
DA:424,0
DA:425,0
DA:427,0
DA:435,0
DA:443,0
DA:445,3
DA:450,0
DA:451,0
DA:453,0
DA:454,0
DA:456,0
DA:466,0
DA:467,0
DA:468,0
DA:471,0
DA:473,0
DA:488,5
DA:489,5
DA:494,19
DA:495,3
DA:496,3
DA:498,3
DA:499,1
DA:502,2
DA:504,2
DA:506,0
DA:507,0
DA:510,0
DA:511,0
DA:512,0
DA:513,0
DA:515,0
DA:519,2
DA:520,0
DA:523,2
DA:525,0
DA:526,0
DA:529,0
DA:537,0
DA:539,2
DA:544,0
DA:545,0
DA:547,0
DA:548,0
DA:550,0
DA:560,0
DA:561,0
DA:562,0
DA:564,0
DA:579,3
DA:580,3
DA:585,19
DA:586,3
DA:587,3
DA:589,2
DA:591,0
DA:592,0
DA:593,0
DA:594,0
DA:595,0
DA:599,2
DA:602,2
DA:603,2
DA:606,2
DA:607,2
DA:609,2
DA:612,2
DA:628,1
DA:629,1
DA:634,19
DA:635,0
DA:636,0
DA:637,0
DA:640,0
DA:642,0
DA:649,0
DA:650,0
DA:651,0
DA:654,0
DA:657,0
DA:659,0
DA:660,0
DA:661,0
DA:662,0
DA:665,0
DA:666,0
DA:668,0
DA:669,0
DA:672,0
DA:674,0
DA:675,0
DA:677,0
DA:684,0
DA:688,0
DA:689,0
DA:690,0
DA:692,0
DA:694,0
DA:695,0
DA:696,0
DA:698,0
DA:699,0
DA:700,0
DA:701,0
DA:704,0
DA:705,0
DA:708,0
DA:710,0
DA:711,0
DA:713,0
DA:720,0
DA:724,0
DA:725,0
DA:727,0
DA:731,0
DA:732,0
DA:734,0
DA:741,0
DA:744,0
DA:746,0
DA:747,0
DA:748,0
DA:749,0
DA:752,0
DA:753,0
DA:755,0
DA:763,0
DA:764,0
DA:770,0
DA:771,0
DA:772,0
DA:774,0
DA:794,0
DA:795,0
DA:802,19
DA:803,1
DA:805,1
DA:806,0
DA:810,1
DA:813,1
DA:814,1
DA:815,1
DA:819,1
DA:822,1
DA:823,0
DA:825,0
DA:841,1
DA:842,1
DA:847,19
DA:848,1
DA:849,0
DA:850,0
DA:851,0
DA:854,0
DA:857,0
DA:864,0
DA:877,0
DA:882,19
LF:320
LH:146
BRDA:15,0,0,0
BRDA:15,0,1,2
BRDA:16,1,0,0
BRDA:16,1,1,2
BRDA:19,2,0,2
BRDA:19,2,1,2
BRDA:24,3,0,0
BRDA:28,4,0,0
BRDA:28,4,1,2
BRDA:28,5,0,2
BRDA:28,5,1,0
BRDA:42,6,0,1
BRDA:42,6,1,22
BRDA:45,7,0,0
BRDA:45,7,1,1
BRDA:56,8,0,16
BRDA:56,8,1,6
BRDA:56,9,0,22
BRDA:56,9,1,6
BRDA:63,10,0,0
BRDA:63,10,1,19
BRDA:64,11,0,0
BRDA:64,11,1,0
BRDA:95,12,0,19
BRDA:95,12,1,0
BRDA:100,13,0,0
BRDA:100,13,1,0
BRDA:103,14,0,0
BRDA:103,14,1,0
BRDA:114,15,0,0
BRDA:114,15,1,0
BRDA:124,16,0,0
BRDA:124,16,1,19
BRDA:145,17,0,0
BRDA:145,17,1,0
BRDA:145,18,0,0
BRDA:145,18,1,0
BRDA:150,19,0,0
BRDA:150,19,1,0
BRDA:195,20,0,0
BRDA:198,21,0,0
BRDA:198,21,1,12
BRDA:202,22,0,0
BRDA:202,22,1,0
BRDA:205,23,0,0
BRDA:205,23,1,0
BRDA:210,24,0,2
BRDA:210,24,1,10
BRDA:215,25,0,3
BRDA:215,25,1,7
BRDA:215,26,0,10
BRDA:215,26,1,10
BRDA:215,26,2,8
BRDA:220,27,0,0
BRDA:220,27,1,7
BRDA:225,28,0,1
BRDA:225,28,1,6
BRDA:231,29,0,2
BRDA:231,29,1,4
BRDA:235,30,0,1
BRDA:235,30,1,3
BRDA:242,31,0,0
BRDA:242,31,1,3
BRDA:247,32,0,0
BRDA:247,32,1,0
BRDA:252,33,0,0
BRDA:252,33,1,0
BRDA:252,34,0,0
BRDA:252,34,1,0
BRDA:261,35,0,2
BRDA:261,35,1,1
BRDA:266,36,0,0
BRDA:266,36,1,2
BRDA:266,37,0,2
BRDA:266,37,1,2
BRDA:275,38,0,0
BRDA:275,38,1,3
BRDA:281,39,0,0
BRDA:281,39,1,0
BRDA:302,40,0,2
BRDA:302,40,1,1
BRDA:338,41,0,0
BRDA:338,41,1,2
BRDA:342,42,0,2
BRDA:342,42,1,2
BRDA:374,43,0,0
BRDA:374,43,1,6
BRDA:375,44,0,0
BRDA:375,44,1,6
BRDA:386,45,0,1
BRDA:386,45,1,4
BRDA:390,46,0,1
BRDA:390,46,1,3
BRDA:390,47,0,4
BRDA:390,47,1,4
BRDA:390,47,2,3
BRDA:396,48,0,0
BRDA:396,48,1,3
BRDA:402,49,0,0
BRDA:402,49,1,0
BRDA:403,50,0,0
BRDA:403,50,1,0
BRDA:420,51,0,0
BRDA:420,51,1,3
BRDA:424,52,0,0
BRDA:424,52,1,0
BRDA:450,53,0,0
BRDA:450,53,1,0
BRDA:454,54,0,0
BRDA:454,54,1,0
BRDA:454,55,0,0
BRDA:454,55,1,0
BRDA:475,56,0,0
BRDA:475,56,1,0
BRDA:498,57,0,1
BRDA:498,57,1,2
BRDA:504,58,0,0
BRDA:504,58,1,2
BRDA:510,59,0,0
BRDA:510,59,1,0
BRDA:523,60,0,0
BRDA:523,60,1,2
BRDA:544,61,0,0
BRDA:544,61,1,0
BRDA:548,62,0,0
BRDA:548,62,1,0
BRDA:548,63,0,0
BRDA:548,63,1,0
BRDA:589,64,0,0
BRDA:589,64,1,2
BRDA:594,65,0,0
BRDA:594,65,1,0
BRDA:603,66,0,2
BRDA:603,66,1,0
BRDA:636,67,0,0
BRDA:636,67,1,0
BRDA:645,68,0,0
BRDA:645,68,1,0
BRDA:650,69,0,0
BRDA:650,69,1,0
BRDA:657,70,0,0
BRDA:657,70,1,0
BRDA:657,71,0,0
BRDA:657,71,1,0
BRDA:657,71,2,0
BRDA:660,72,0,0
BRDA:660,72,1,0
BRDA:661,73,0,0
BRDA:661,73,1,0
BRDA:661,74,0,0
BRDA:661,74,1,0
BRDA:665,75,0,0
BRDA:665,75,1,0
BRDA:666,76,0,0
BRDA:666,76,1,0
BRDA:672,77,0,0
BRDA:672,77,1,0
BRDA:688,78,0,0
BRDA:688,78,1,0
BRDA:692,79,0,0
BRDA:692,79,1,0
BRDA:695,80,0,0
BRDA:695,80,1,0
BRDA:695,81,0,0
BRDA:695,81,1,0
BRDA:700,82,0,0
BRDA:700,82,1,0
BRDA:700,83,0,0
BRDA:700,83,1,0
BRDA:708,84,0,0
BRDA:708,84,1,0
BRDA:748,85,0,0
BRDA:748,85,1,0
BRDA:748,86,0,0
BRDA:748,86,1,0
BRDA:753,87,0,0
BRDA:753,87,1,0
BRDA:796,88,0,0
BRDA:796,88,1,0
BRDA:805,89,0,0
BRDA:805,89,1,1
BRDA:813,90,0,1
BRDA:813,90,1,0
BRDA:813,91,0,1
BRDA:813,91,1,1
BRDA:815,92,0,1
BRDA:815,92,1,0
BRDA:847,93,0,1
BRDA:847,93,1,18
BRDA:866,94,0,0
BRDA:866,94,1,0
BRDA:867,95,0,0
BRDA:867,95,1,0
BRF:193
BRH:67
end_of_record
TN:
SF:routes/integration.js
FN:16,(anonymous_0)
FN:77,(anonymous_1)
FN:139,(anonymous_2)
FN:167,(anonymous_3)
FN:218,(anonymous_4)
FN:249,(anonymous_5)
FN:263,(anonymous_6)
FN:296,(anonymous_7)
FN:350,(anonymous_8)
FN:431,(anonymous_9)
FN:432,(anonymous_10)
FN:434,(anonymous_11)
FN:460,escapeHtml
FN:471,generateProductWidget
FNF:14
FNH:14
FNDA:5,(anonymous_0)
FNDA:1,(anonymous_1)
FNDA:5,(anonymous_2)
FNDA:3,(anonymous_3)
FNDA:8,(anonymous_4)
FNDA:1,(anonymous_5)
FNDA:12,(anonymous_6)
FNDA:6,(anonymous_7)
FNDA:4,(anonymous_8)
FNDA:6,(anonymous_9)
FNDA:6,(anonymous_10)
FNDA:6,(anonymous_11)
FNDA:16,escapeHtml
FNDA:2,generateProductWidget
DA:1,14
DA:2,14
DA:3,14
DA:4,14
DA:5,14
DA:6,14
DA:9,14
DA:12,14
DA:17,5
DA:18,5
DA:19,5
DA:21,5
DA:30,5
DA:31,3
DA:41,2
DA:43,1
DA:47,2
DA:49,2
DA:61,0
DA:62,0
DA:73,14
DA:78,1
DA:79,1
DA:80,1
DA:82,1
DA:87,1
DA:88,0
DA:98,1
DA:99,0
DA:102,1
DA:122,0
DA:123,0
DA:134,14
DA:140,5
DA:141,5
DA:142,5
DA:144,5
DA:150,5
DA:151,2
DA:160,3
DA:167,3
DA:182,3
DA:184,2
DA:185,2
DA:186,2
DA:189,1
DA:201,0
DA:202,0
DA:213,14
DA:219,8
DA:220,8
DA:221,8
DA:224,8
DA:230,8
DA:231,6
DA:232,6
DA:233,2
DA:234,1
DA:235,1
DA:236,1
DA:237,1
DA:238,1
DA:242,8
DA:243,1
DA:246,8
DA:247,2
DA:248,2
DA:249,1
DA:250,1
DA:251,1
DA:259,8
DA:263,12
DA:265,8
DA:277,0
DA:278,0
DA:289,14
DA:297,6
DA:298,6
DA:300,6
DA:301,0
DA:311,6
DA:321,6
DA:326,6
DA:332,0
DA:333,0
DA:344,14
DA:351,4
DA:352,4
DA:355,4
DA:356,4
DA:357,1
DA:358,1
DA:359,1
DA:363,4
DA:364,4
DA:365,1
DA:369,4
DA:391,4
DA:427,4
DA:431,6
DA:432,6
DA:434,6
DA:448,0
DA:449,0
DA:461,16
DA:462,16
DA:472,2
DA:476,2
DA:565,14
LF:109
LH:94
BRDA:30,0,0,3
BRDA:30,0,1,2
BRDA:41,1,0,1
BRDA:41,1,1,1
BRDA:87,2,0,0
BRDA:87,2,1,1
BRDA:98,3,0,0
BRDA:98,3,1,1
BRDA:142,4,0,3
BRDA:142,5,0,4
BRDA:150,6,0,2
BRDA:150,6,1,3
BRDA:167,7,0,3
BRDA:167,7,1,0
BRDA:182,8,0,2
BRDA:182,8,1,1
BRDA:221,9,0,7
BRDA:230,10,0,6
BRDA:230,10,1,2
BRDA:233,11,0,1
BRDA:233,11,1,1
BRDA:236,12,0,1
BRDA:236,12,1,0
BRDA:242,13,0,1
BRDA:242,13,1,7
BRDA:246,14,0,2
BRDA:246,14,1,6
BRDA:250,15,0,1
BRDA:250,15,1,0
BRDA:251,16,0,1
BRDA:251,16,1,0
BRDA:300,17,0,0
BRDA:300,17,1,6
BRDA:300,18,0,6
BRDA:300,18,1,6
BRDA:356,19,0,1
BRDA:356,19,1,3
BRDA:356,20,0,4
BRDA:356,20,1,3
BRDA:358,21,0,1
BRDA:358,21,1,0
BRDA:359,22,0,1
BRDA:359,22,1,0
BRDA:364,23,0,1
BRDA:364,23,1,3
BRDA:433,24,0,3
BRDA:433,24,1,1
BRDA:461,25,0,0
BRDA:461,25,1,16
BRDA:471,26,0,0
BRDA:472,27,0,1
BRDA:472,27,1,1
BRDA:543,28,0,2
BRDA:543,28,1,0
BRDA:543,29,0,2
BRDA:543,29,1,0
BRDA:545,30,0,2
BRDA:545,30,1,0
BRDA:548,31,0,2
BRDA:548,31,1,0
BRDA:550,32,0,2
BRDA:550,32,1,0
BRDA:550,33,0,2
BRDA:550,33,1,0
BRDA:552,34,0,2
BRDA:552,34,1,0
BRDA:553,35,0,2
BRDA:553,35,1,0
BRF:68
BRH:49
end_of_record
TN:
SF:routes/monitoring.js
FN:10,(anonymous_0)
FN:22,(anonymous_1)
FN:60,getDatabaseStatus
FN:93,getServicesStatus
FN:128,(anonymous_4)
FN:165,getCollectionStats
FN:190,getErrorMetrics
FN:204,(anonymous_7)
FNF:8
FNH:4
FNDA:3,(anonymous_0)
FNDA:1,(anonymous_1)
FNDA:1,getDatabaseStatus
FNDA:1,getServicesStatus
FNDA:0,(anonymous_4)
FNDA:0,getCollectionStats
FNDA:0,getErrorMetrics
FNDA:0,(anonymous_7)
DA:1,14
DA:2,14
DA:3,14
DA:4,14
DA:5,14
DA:7,14
DA:10,14
DA:11,3
DA:18,3
DA:22,14
DA:23,1
DA:24,1
DA:34,1
DA:39,1
DA:44,0
DA:49,0
DA:61,1
DA:62,1
DA:63,1
DA:70,1
DA:78,1
DA:79,1
DA:80,1
DA:83,1
DA:85,0
DA:94,1
DA:97,1
DA:99,1
DA:104,0
DA:111,1
DA:113,1
DA:118,0
DA:124,1
DA:128,14
DA:129,0
DA:130,0
DA:144,0
DA:149,0
DA:154,0
DA:166,0
DA:167,0
DA:168,0
DA:170,0
DA:171,0
DA:172,0
DA:173,0
DA:179,0
DA:183,0
DA:185,0
DA:193,0
DA:204,14
DA:205,0
DA:206,0
DA:209,0
DA:219,0
DA:224,0
DA:234,14
LF:57
LH:31
BRDA:15,0,0,3
BRDA:15,0,1,0
BRDA:26,1,0,1
BRDA:26,1,1,0
BRDA:78,2,0,1
BRDA:78,2,1,0
BRDA:206,3,0,0
BRDA:206,4,0,0
BRF:8
BRH:3
end_of_record
TN:
SF:routes/orders.js
FN:14,getUserCurrency
FN:116,(anonymous_1)
FN:145,(anonymous_2)
FN:147,(anonymous_3)
FN:245,(anonymous_4)
FN:293,(anonymous_5)
FN:322,(anonymous_6)
FN:324,(anonymous_7)
FN:432,(anonymous_8)
FN:502,(anonymous_9)
FN:513,(anonymous_10)
FN:515,(anonymous_11)
FN:600,(anonymous_12)
FN:656,(anonymous_13)
FN:684,(anonymous_14)
FN:712,(anonymous_15)
FN:764,(anonymous_16)
FN:794,(anonymous_17)
FN:823,(anonymous_18)
FN:872,(anonymous_19)
FN:1028,(anonymous_20)
FNF:21
FNH:7
FNDA:0,getUserCurrency
FNDA:0,(anonymous_1)
FNDA:0,(anonymous_2)
FNDA:0,(anonymous_3)
FNDA:0,(anonymous_4)
FNDA:2,(anonymous_5)
FNDA:0,(anonymous_6)
FNDA:0,(anonymous_7)
FNDA:0,(anonymous_8)
FNDA:0,(anonymous_9)
FNDA:0,(anonymous_10)
FNDA:0,(anonymous_11)
FNDA:0,(anonymous_12)
FNDA:2,(anonymous_13)
FNDA:2,(anonymous_14)
FNDA:4,(anonymous_15)
FNDA:4,(anonymous_16)
FNDA:1,(anonymous_17)
FNDA:0,(anonymous_18)
FNDA:10,(anonymous_19)
FNDA:0,(anonymous_20)
DA:1,15
DA:2,15
DA:3,15
DA:4,15
DA:5,15
DA:6,15
DA:7,15
DA:8,15
DA:9,15
DA:10,15
DA:11,15
DA:16,0
DA:17,0
DA:20,0
DA:21,0
DA:25,15
DA:116,15
DA:117,0
DA:119,0
DA:120,0
DA:121,0
DA:138,0
DA:141,0
DA:142,0
DA:145,0
DA:146,0
DA:147,0
DA:149,0
DA:150,0
DA:152,0
DA:153,0
DA:163,0
DA:164,0
DA:168,0
DA:169,0
DA:171,0
DA:185,0
DA:186,0
DA:187,0
DA:190,0
DA:191,0
DA:192,0
DA:193,0
DA:196,0
DA:216,0
DA:217,0
DA:219,0
DA:227,0
DA:230,0
DA:233,0
DA:236,0
DA:237,0
DA:240,0
DA:242,0
DA:245,0
DA:255,0
DA:256,0
DA:257,0
DA:260,0
DA:266,0
DA:281,0
DA:282,0
DA:293,15
DA:294,2
DA:296,2
DA:297,2
DA:298,2
DA:315,0
DA:318,0
DA:319,0
DA:322,0
DA:323,0
DA:324,0
DA:326,0
DA:327,0
DA:329,0
DA:330,0
DA:340,0
DA:341,0
DA:345,0
DA:346,0
DA:348,0
DA:363,0
DA:364,0
DA:365,0
DA:368,0
DA:369,0
DA:370,0
DA:371,0
DA:374,0
DA:394,0
DA:396,0
DA:420,0
DA:421,0
DA:432,15
DA:433,0
DA:435,0
DA:436,0
DA:452,0
DA:455,0
DA:456,0
DA:458,0
DA:459,0
DA:460,0
DA:462,0
DA:463,0
DA:464,0
DA:465,0
DA:466,0
DA:469,0
DA:470,0
DA:471,0
DA:472,0
DA:473,0
DA:478,0
DA:479,0
DA:489,0
DA:490,0
DA:492,0
DA:493,0
DA:494,0
DA:502,0
DA:509,0
DA:510,0
DA:513,0
DA:514,0
DA:515,0
DA:517,0
DA:518,0
DA:520,0
DA:521,0
DA:531,0
DA:532,0
DA:536,0
DA:537,0
DA:539,0
DA:553,0
DA:554,0
DA:555,0
DA:558,0
DA:559,0
DA:560,0
DA:561,0
DA:564,0
DA:584,0
DA:587,0
DA:590,0
DA:591,0
DA:592,0
DA:595,0
DA:597,0
DA:600,0
DA:610,0
DA:611,0
DA:612,0
DA:616,0
DA:620,0
DA:621,0
DA:622,0
DA:625,0
DA:626,0
DA:629,0
DA:644,0
DA:645,0
DA:656,15
DA:657,2
DA:658,2
DA:659,2
DA:660,2
DA:661,2
DA:664,2
DA:665,2
DA:666,1
DA:670,2
DA:677,2
DA:678,2
DA:681,2
DA:685,2
DA:687,2
DA:700,0
DA:701,0
DA:712,15
DA:713,4
DA:714,4
DA:718,4
DA:719,2
DA:730,2
DA:731,2
DA:732,0
DA:744,2
DA:752,0
DA:753,0
DA:764,15
DA:765,4
DA:767,4
DA:768,3
DA:777,1
DA:778,1
DA:779,1
DA:782,1
DA:788,1
DA:789,1
DA:794,1
DA:796,1
DA:811,0
DA:812,0
DA:823,15
DA:824,0
DA:825,0
DA:828,0
DA:829,0
DA:830,0
DA:840,0
DA:841,0
DA:851,0
DA:852,0
DA:854,0
DA:860,0
DA:861,0
DA:872,15
DA:873,10
DA:874,10
DA:877,10
DA:878,0
DA:888,10
DA:889,10
DA:890,1
DA:900,9
DA:901,9
DA:902,0
DA:912,9
DA:913,1
DA:923,8
DA:924,3
DA:925,1
DA:935,7
DA:937,7
DA:945,7
DA:946,7
DA:948,7
DA:951,7
DA:952,7
DA:954,7
DA:956,7
DA:958,0
DA:959,0
DA:960,0
DA:961,0
DA:962,0
DA:965,7
DA:966,7
DA:967,7
DA:970,7
DA:971,7
DA:980,7
DA:981,0
DA:982,0
DA:986,7
DA:989,7
DA:1006,0
DA:1016,0
DA:1017,0
DA:1028,15
DA:1029,0
DA:1030,0
DA:1032,0
DA:1033,0
DA:1034,0
DA:1043,0
DA:1044,0
DA:1045,0
DA:1048,0
DA:1054,0
DA:1055,0
DA:1065,0
DA:1066,0
DA:1068,0
DA:1070,0
DA:1072,0
DA:1073,0
DA:1074,0
DA:1075,0
DA:1078,0
DA:1079,0
DA:1080,0
DA:1083,0
DA:1084,0
DA:1091,0
DA:1092,0
DA:1093,0
DA:1097,0
DA:1100,0
DA:1113,0
DA:1114,0
DA:1124,15
LF:295
LH:88
BRDA:16,0,0,0
BRDA:16,0,1,0
BRDA:17,1,0,0
BRDA:17,1,1,0
BRDA:20,2,0,0
BRDA:20,2,1,0
BRDA:120,3,0,0
BRDA:120,3,1,0
BRDA:152,4,0,0
BRDA:152,4,1,0
BRDA:152,5,0,0
BRDA:152,5,1,0
BRDA:164,6,0,0
BRDA:164,6,1,0
BRDA:164,7,0,0
BRDA:164,7,1,0
BRDA:187,8,0,0
BRDA:187,8,1,0
BRDA:192,9,0,0
BRDA:192,9,1,0
BRDA:216,10,0,0
BRDA:216,10,1,0
BRDA:223,11,0,0
BRDA:223,11,1,0
BRDA:240,12,0,0
BRDA:240,12,1,0
BRDA:256,13,0,0
BRDA:256,13,1,0
BRDA:297,14,0,2
BRDA:297,14,1,0
BRDA:329,15,0,0
BRDA:329,15,1,0
BRDA:329,16,0,0
BRDA:329,16,1,0
BRDA:341,17,0,0
BRDA:341,17,1,0
BRDA:341,18,0,0
BRDA:341,18,1,0
BRDA:365,19,0,0
BRDA:365,19,1,0
BRDA:370,20,0,0
BRDA:370,20,1,0
BRDA:378,21,0,0
BRDA:378,21,1,0
BRDA:435,22,0,0
BRDA:435,22,1,0
BRDA:451,23,0,0
BRDA:458,24,0,0
BRDA:458,24,1,0
BRDA:462,25,0,0
BRDA:462,25,1,0
BRDA:469,26,0,0
BRDA:469,26,1,0
BRDA:478,27,0,0
BRDA:478,27,1,0
BRDA:478,28,0,0
BRDA:478,28,1,0
BRDA:490,29,0,0
BRDA:490,29,1,0
BRDA:490,30,0,0
BRDA:490,30,1,0
BRDA:493,31,0,0
BRDA:493,31,1,0
BRDA:493,32,0,0
BRDA:493,32,1,0
BRDA:493,32,2,0
BRDA:520,33,0,0
BRDA:520,33,1,0
BRDA:520,34,0,0
BRDA:520,34,1,0
BRDA:532,35,0,0
BRDA:532,35,1,0
BRDA:532,36,0,0
BRDA:532,36,1,0
BRDA:555,37,0,0
BRDA:555,37,1,0
BRDA:560,38,0,0
BRDA:560,38,1,0
BRDA:591,39,0,0
BRDA:591,39,1,0
BRDA:595,40,0,0
BRDA:595,40,1,0
BRDA:595,40,2,0
BRDA:611,41,0,0
BRDA:611,41,1,0
BRDA:625,42,0,0
BRDA:625,42,1,0
BRDA:625,43,0,0
BRDA:625,43,1,0
BRDA:658,44,0,2
BRDA:658,44,1,2
BRDA:659,45,0,2
BRDA:659,45,1,2
BRDA:665,46,0,1
BRDA:665,46,1,1
BRDA:665,47,0,2
BRDA:665,47,1,1
BRDA:718,48,0,2
BRDA:718,48,1,2
BRDA:730,49,0,2
BRDA:730,49,1,0
BRDA:731,50,0,0
BRDA:731,50,1,2
BRDA:731,51,0,2
BRDA:731,51,1,1
BRDA:731,51,2,1
BRDA:767,52,0,3
BRDA:767,52,1,1
BRDA:777,53,0,1
BRDA:777,53,1,1
BRDA:778,54,0,1
BRDA:778,54,1,1
BRDA:829,55,0,0
BRDA:829,55,1,0
BRDA:840,56,0,0
BRDA:840,56,1,0
BRDA:877,57,0,0
BRDA:877,57,1,10
BRDA:889,58,0,1
BRDA:889,58,1,9
BRDA:901,59,0,0
BRDA:901,59,1,9
BRDA:912,60,0,1
BRDA:912,60,1,8
BRDA:923,61,0,3
BRDA:923,61,1,5
BRDA:924,62,0,1
BRDA:924,62,1,2
BRDA:945,63,0,1
BRDA:945,63,1,6
BRDA:946,64,0,1
BRDA:946,64,1,6
BRDA:956,65,0,0
BRDA:956,65,1,7
BRDA:962,66,0,0
BRDA:962,66,1,0
BRDA:962,66,2,0
BRDA:967,67,0,7
BRDA:967,67,1,7
BRDA:970,68,0,7
BRDA:970,68,1,0
BRDA:970,69,0,7
BRDA:970,69,1,7
BRDA:981,70,0,0
BRDA:981,70,1,0
BRDA:1033,71,0,0
BRDA:1033,71,1,0
BRDA:1044,72,0,0
BRDA:1044,72,1,0
BRDA:1054,73,0,0
BRDA:1054,73,1,0
BRDA:1070,74,0,0
BRDA:1070,74,1,0
BRDA:1075,75,0,0
BRDA:1075,75,1,0
BRDA:1075,75,2,0
BRDA:1080,76,0,0
BRDA:1080,76,1,0
BRDA:1083,77,0,0
BRDA:1083,77,1,0
BRDA:1083,78,0,0
BRDA:1083,78,1,0
BRDA:1092,79,0,0
BRDA:1092,79,1,0
BRF:164
BRH:42
end_of_record
TN:
SF:routes/payments.js
FN:28,(anonymous_0)
FN:29,(anonymous_1)
FN:31,(anonymous_2)
FN:35,(anonymous_3)
FN:45,(anonymous_4)
FN:51,(anonymous_5)
FN:57,(anonymous_6)
FN:146,(anonymous_7)
FN:219,(anonymous_8)
FN:365,(anonymous_9)
FN:406,(anonymous_10)
FN:420,(anonymous_11)
FN:441,(anonymous_12)
FN:511,(anonymous_13)
FNF:14
FNH:13
FNDA:5,(anonymous_0)
FNDA:8,(anonymous_1)
FNDA:2,(anonymous_2)
FNDA:4,(anonymous_3)
FNDA:1,(anonymous_4)
FNDA:1,(anonymous_5)
FNDA:13,(anonymous_6)
FNDA:11,(anonymous_7)
FNDA:7,(anonymous_8)
FNDA:2,(anonymous_9)
FNDA:2,(anonymous_10)
FNDA:0,(anonymous_11)
FNDA:4,(anonymous_12)
FNDA:2,(anonymous_13)
DA:1,17
DA:2,17
DA:3,17
DA:4,17
DA:5,17
DA:6,17
DA:7,17
DA:11,17
DA:12,17
DA:14,17
DA:15,13
DA:16,13
DA:19,4
DA:22,4
DA:24,13
DA:26,13
DA:28,5
DA:29,8
DA:31,2
DA:35,4
DA:42,17
DA:46,1
DA:47,0
DA:49,1
DA:52,1
DA:53,0
DA:55,1
DA:58,13
DA:60,13
DA:61,13
DA:62,5
DA:65,8
DA:68,8
DA:70,8
DA:71,2
DA:75,6
DA:76,1
DA:80,5
DA:95,5
DA:96,1
DA:100,5
DA:103,0
DA:104,0
DA:105,0
DA:106,0
DA:108,0
DA:126,8
DA:129,8
DA:130,0
DA:134,8
DA:135,0
DA:138,8
DA:144,17
DA:147,11
DA:148,11
DA:149,11
DA:150,1
DA:153,10
DA:155,10
DA:156,10
DA:157,1
DA:161,9
DA:162,0
DA:166,9
DA:167,1
DA:171,8
DA:172,8
DA:173,8
DA:174,8
DA:175,8
DA:178,8
DA:179,0
DA:182,8
DA:185,8
DA:186,0
DA:190,8
DA:191,8
DA:192,8
DA:194,1
DA:197,8
DA:213,3
DA:214,3
DA:219,17
DA:220,7
DA:221,7
DA:223,7
DA:224,1
DA:228,6
DA:231,0
DA:232,0
DA:233,0
DA:234,0
DA:238,0
DA:240,0
DA:242,0
DA:243,0
DA:244,0
DA:245,0
DA:246,0
DA:251,0
DA:252,0
DA:253,0
DA:257,0
DA:258,0
DA:261,0
DA:264,0
DA:267,0
DA:270,0
DA:272,0
DA:274,0
DA:275,0
DA:277,0
DA:279,0
DA:281,0
DA:282,0
DA:283,0
DA:284,0
DA:287,0
DA:288,0
DA:289,0
DA:292,0
DA:293,0
DA:304,0
DA:305,0
DA:306,0
DA:310,0
DA:314,0
DA:315,0
DA:318,0
DA:319,0
DA:320,0
DA:332,0
DA:338,0
DA:344,0
DA:345,0
DA:347,0
DA:352,0
DA:356,0
DA:359,6
DA:360,6
DA:365,17
DA:366,2
DA:367,2
DA:370,2
DA:373,0
DA:375,0
DA:395,2
DA:397,2
DA:398,0
DA:401,2
DA:406,17
DA:407,2
DA:408,2
DA:410,2
DA:411,2
DA:412,1
DA:418,2
DA:420,2
DA:429,2
DA:435,0
DA:436,0
DA:441,17
DA:442,4
DA:443,4
DA:446,4
DA:447,1
DA:450,3
DA:451,1
DA:455,2
DA:456,2
DA:457,0
DA:461,2
DA:465,2
DA:466,1
DA:473,2
DA:476,0
DA:477,0
DA:478,0
DA:480,0
DA:482,0
DA:500,4
DA:502,4
DA:503,0
DA:506,4
DA:511,17
DA:512,2
DA:514,2
DA:516,2
DA:524,0
DA:525,0
DA:529,17
LF:191
LH:115
BRDA:12,0,0,17
BRDA:12,0,1,13
BRDA:14,1,0,13
BRDA:14,1,1,4
BRDA:46,2,0,0
BRDA:46,2,1,1
BRDA:46,3,0,1
BRDA:46,3,1,1
BRDA:52,4,0,0
BRDA:52,4,1,1
BRDA:52,5,0,1
BRDA:52,5,1,1
BRDA:61,6,0,5
BRDA:61,6,1,8
BRDA:65,7,0,2
BRDA:70,8,0,2
BRDA:70,8,1,6
BRDA:75,9,0,1
BRDA:75,9,1,5
BRDA:82,10,0,5
BRDA:82,10,1,0
BRDA:86,11,0,5
BRDA:86,11,1,4
BRDA:87,12,0,5
BRDA:87,12,1,4
BRDA:95,13,0,1
BRDA:95,13,1,4
BRDA:95,14,0,5
BRDA:95,14,1,5
BRDA:113,15,0,0
BRDA:113,15,1,0
BRDA:115,16,0,0
BRDA:115,16,1,0
BRDA:116,17,0,0
BRDA:116,17,1,0
BRDA:129,18,0,0
BRDA:129,18,1,8
BRDA:134,19,0,0
BRDA:134,19,1,8
BRDA:134,20,0,8
BRDA:134,20,1,0
BRDA:149,21,0,1
BRDA:149,21,1,10
BRDA:156,22,0,1
BRDA:156,22,1,9
BRDA:161,23,0,0
BRDA:161,23,1,9
BRDA:161,24,0,9
BRDA:161,24,1,0
BRDA:161,24,2,0
BRDA:161,24,3,0
BRDA:166,25,0,1
BRDA:166,25,1,8
BRDA:178,26,0,0
BRDA:178,26,1,8
BRDA:178,27,0,8
BRDA:178,27,1,0
BRDA:178,27,2,0
BRDA:185,28,0,0
BRDA:185,28,1,8
BRDA:185,29,0,8
BRDA:185,29,1,0
BRDA:223,30,0,1
BRDA:223,30,1,6
BRDA:232,31,0,0
BRDA:232,31,1,0
BRDA:240,32,0,0
BRDA:240,32,1,0
BRDA:240,32,2,0
BRDA:240,32,3,0
BRDA:240,32,4,0
BRDA:240,32,5,0
BRDA:240,32,6,0
BRDA:244,33,0,0
BRDA:244,33,1,0
BRDA:270,34,0,0
BRDA:270,34,1,0
BRDA:270,35,0,0
BRDA:270,35,1,0
BRDA:279,36,0,0
BRDA:279,36,1,0
BRDA:284,37,0,0
BRDA:284,37,1,0
BRDA:292,38,0,0
BRDA:292,38,1,0
BRDA:297,39,0,0
BRDA:297,39,1,0
BRDA:298,40,0,0
BRDA:298,40,1,0
BRDA:305,41,0,0
BRDA:305,41,1,0
BRDA:319,42,0,0
BRDA:319,42,1,0
BRDA:319,43,0,0
BRDA:319,43,1,0
BRDA:327,44,0,0
BRDA:327,44,1,0
BRDA:344,45,0,0
BRDA:344,45,1,0
BRDA:386,46,0,0
BRDA:386,46,1,0
BRDA:397,47,0,0
BRDA:397,47,1,2
BRDA:408,48,0,1
BRDA:411,49,0,1
BRDA:411,49,1,1
BRDA:446,50,0,1
BRDA:446,50,1,3
BRDA:450,51,0,1
BRDA:450,51,1,2
BRDA:456,52,0,0
BRDA:456,52,1,2
BRDA:462,53,0,2
BRDA:462,53,1,0
BRDA:465,54,0,1
BRDA:465,54,1,1
BRDA:476,55,0,0
BRDA:476,55,1,0
BRDA:502,56,0,0
BRDA:502,56,1,4
BRF:120
BRH:56
end_of_record
TN:
SF:routes/products.js
FN:10,getUserCurrency
FN:21,enhanceProductWithCurrency
FN:39,(anonymous_2)
FN:151,(anonymous_3)
FN:189,(anonymous_4)
FN:195,(anonymous_5)
FN:197,(anonymous_6)
FN:220,(anonymous_7)
FN:243,(anonymous_8)
FN:265,(anonymous_9)
FN:266,(anonymous_10)
FN:286,(anonymous_11)
FN:313,(anonymous_12)
FN:342,(anonymous_13)
FN:380,(anonymous_14)
FN:381,(anonymous_15)
FN:381,(anonymous_16)
FN:385,(anonymous_17)
FN:406,(anonymous_18)
FN:424,(anonymous_19)
FN:442,(anonymous_20)
FN:536,(anonymous_21)
FN:563,(anonymous_22)
FN:587,(anonymous_23)
FN:623,(anonymous_24)
FN:656,(anonymous_25)
FN:694,(anonymous_26)
FN:733,(anonymous_27)
FNF:28
FNH:19
FNDA:281,getUserCurrency
FNDA:116,enhanceProductWithCurrency
FNDA:277,(anonymous_2)
FNDA:108,(anonymous_3)
FNDA:0,(anonymous_4)
FNDA:0,(anonymous_5)
FNDA:0,(anonymous_6)
FNDA:0,(anonymous_7)
FNDA:0,(anonymous_8)
FNDA:0,(anonymous_9)
FNDA:0,(anonymous_10)
FNDA:0,(anonymous_11)
FNDA:0,(anonymous_12)
FNDA:10,(anonymous_13)
FNDA:1,(anonymous_14)
FNDA:1,(anonymous_15)
FNDA:4,(anonymous_16)
FNDA:4,(anonymous_17)
FNDA:2,(anonymous_18)
FNDA:4,(anonymous_19)
FNDA:3,(anonymous_20)
FNDA:4,(anonymous_21)
FNDA:6,(anonymous_22)
FNDA:10,(anonymous_23)
FNDA:4,(anonymous_24)
FNDA:4,(anonymous_25)
FNDA:2,(anonymous_26)
FNDA:2,(anonymous_27)
DA:1,14
DA:2,14
DA:3,14
DA:4,14
DA:5,14
DA:6,14
DA:7,14
DA:12,281
DA:13,281
DA:16,281
DA:17,281
DA:22,116
DA:25,116
DA:26,116
DA:30,116
DA:39,14
DA:40,277
DA:54,277
DA:57,277
DA:60,277
DA:61,5
DA:65,277
DA:66,1
DA:70,277
DA:71,4
DA:72,4
DA:75,277
DA:76,3
DA:77,3
DA:80,277
DA:81,1
DA:82,1
DA:85,277
DA:86,1
DA:87,1
DA:91,277
DA:92,2
DA:93,2
DA:94,2
DA:98,277
DA:99,1
DA:103,277
DA:104,277
DA:106,1
DA:107,1
DA:109,2
DA:110,2
DA:112,1
DA:113,1
DA:115,0
DA:116,0
DA:118,0
DA:119,0
DA:122,273
DA:123,273
DA:127,277
DA:128,1
DA:131,277
DA:132,277
DA:133,277
DA:136,277
DA:143,277
DA:144,277
DA:147,277
DA:148,277
DA:151,277
DA:152,108
DA:153,108
DA:156,277
DA:183,0
DA:184,0
DA:189,14
DA:190,0
DA:192,0
DA:194,0
DA:195,0
DA:196,0
DA:197,0
DA:198,0
DA:203,0
DA:205,0
DA:210,0
DA:211,0
DA:220,14
DA:221,0
DA:222,0
DA:224,0
DA:225,0
DA:231,0
DA:232,0
DA:233,0
DA:236,0
DA:243,0
DA:244,0
DA:245,0
DA:246,0
DA:247,0
DA:257,0
DA:264,0
DA:265,0
DA:266,0
DA:267,0
DA:268,0
DA:269,0
DA:279,0
DA:286,0
DA:287,0
DA:288,0
DA:289,0
DA:291,0
DA:292,0
DA:302,0
DA:313,0
DA:314,0
DA:315,0
DA:316,0
DA:317,0
DA:327,0
DA:333,0
DA:334,0
DA:342,14
DA:343,10
DA:344,10
DA:346,10
DA:347,2
DA:351,8
DA:359,8
DA:362,8
DA:364,1
DA:372,1
DA:379,1
DA:380,1
DA:381,4
DA:385,8
DA:387,8
DA:400,0
DA:401,0
DA:406,14
DA:407,2
DA:408,2
DA:422,2
DA:424,4
DA:436,0
DA:437,0
DA:442,14
DA:443,3
DA:444,3
DA:446,3
DA:447,3
DA:448,1
DA:451,3
DA:506,3
DA:514,3
DA:530,0
DA:531,0
DA:536,14
DA:537,4
DA:538,4
DA:539,4
DA:541,4
DA:542,4
DA:543,1
DA:547,3
DA:558,3
DA:563,6
DA:565,3
DA:581,0
DA:582,0
DA:587,14
DA:588,10
DA:589,10
DA:591,10
DA:593,10
DA:594,6
DA:604,4
DA:616,4
DA:617,4
DA:619,4
DA:623,4
DA:633,0
DA:634,0
DA:639,14
DA:657,4
DA:658,4
DA:659,4
DA:660,1
DA:663,3
DA:666,3
DA:667,3
DA:674,3
DA:675,3
DA:676,1
DA:679,3
DA:681,3
DA:688,0
DA:689,0
DA:694,14
DA:695,2
DA:696,2
DA:697,2
DA:700,2
DA:701,2
DA:702,2
DA:704,2
DA:710,2
DA:711,1
DA:720,1
DA:727,0
DA:728,0
DA:733,14
DA:734,2
DA:735,2
DA:737,2
DA:743,2
DA:744,1
DA:753,1
DA:764,0
DA:765,0
DA:769,14
LF:219
LH:150
BRDA:12,0,0,0
BRDA:12,0,1,281
BRDA:13,1,0,0
BRDA:13,1,1,281
BRDA:16,2,0,281
BRDA:16,2,1,281
BRDA:21,3,0,0
BRDA:22,4,0,0
BRDA:22,4,1,116
BRDA:25,5,0,116
BRDA:25,5,1,0
BRDA:25,6,0,116
BRDA:25,6,1,116
BRDA:26,7,0,9
BRDA:26,7,1,107
BRDA:26,8,0,116
BRDA:26,8,1,9
BRDA:51,9,0,273
BRDA:52,10,0,275
BRDA:53,11,0,173
BRDA:60,12,0,5
BRDA:60,12,1,272
BRDA:65,13,0,1
BRDA:65,13,1,276
BRDA:70,14,0,4
BRDA:70,14,1,273
BRDA:71,15,0,1
BRDA:71,15,1,3
BRDA:75,16,0,3
BRDA:75,16,1,274
BRDA:76,17,0,0
BRDA:76,17,1,3
BRDA:80,18,0,1
BRDA:80,18,1,276
BRDA:81,19,0,0
BRDA:81,19,1,1
BRDA:85,20,0,1
BRDA:85,20,1,276
BRDA:86,21,0,0
BRDA:86,21,1,1
BRDA:91,22,0,2
BRDA:91,22,1,275
BRDA:91,23,0,277
BRDA:91,23,1,275
BRDA:93,24,0,2
BRDA:93,24,1,0
BRDA:94,25,0,1
BRDA:94,25,1,1
BRDA:98,26,0,1
BRDA:98,26,1,276
BRDA:104,27,0,1
BRDA:104,27,1,2
BRDA:104,27,2,1
BRDA:104,27,3,0
BRDA:104,27,4,0
BRDA:104,27,5,273
BRDA:104,27,6,273
BRDA:127,28,0,1
BRDA:127,28,1,276
BRDA:148,29,0,277
BRDA:148,29,1,277
BRDA:196,30,0,0
BRDA:196,30,1,0
BRDA:196,31,0,0
BRDA:196,31,1,0
BRDA:198,32,0,0
BRDA:198,32,1,0
BRDA:224,33,0,0
BRDA:224,33,1,0
BRDA:224,34,0,0
BRDA:224,34,1,0
BRDA:245,35,0,0
BRDA:245,35,1,0
BRDA:267,36,0,0
BRDA:267,36,1,0
BRDA:267,37,0,0
BRDA:267,37,1,0
BRDA:288,38,0,0
BRDA:288,38,1,0
BRDA:296,39,0,0
BRDA:296,39,1,0
BRDA:315,40,0,0
BRDA:315,40,1,0
BRDA:344,41,0,9
BRDA:346,42,0,2
BRDA:346,42,1,8
BRDA:362,43,0,1
BRDA:362,43,1,7
BRDA:447,44,0,1
BRDA:447,44,1,2
BRDA:506,45,0,3
BRDA:506,45,1,0
BRDA:522,46,0,3
BRDA:522,46,1,3
BRDA:523,47,0,3
BRDA:523,47,1,3
BRDA:526,48,0,1
BRDA:526,48,1,2
BRDA:539,49,0,3
BRDA:542,50,0,1
BRDA:542,50,1,3
BRDA:552,51,0,3
BRDA:552,51,1,0
BRDA:553,52,0,3
BRDA:553,52,1,0
BRDA:554,53,0,3
BRDA:554,53,1,0
BRDA:593,54,0,6
BRDA:593,54,1,4
BRDA:608,55,0,4
BRDA:608,55,1,0
BRDA:617,56,0,4
BRDA:617,56,1,4
BRDA:659,57,0,1
BRDA:659,57,1,3
BRDA:666,58,0,3
BRDA:666,58,1,0
BRDA:675,59,0,1
BRDA:675,59,1,2
BRDA:710,60,0,1
BRDA:710,60,1,1
BRDA:743,61,0,1
BRDA:743,61,1,1
BRF:123
BRH:84
end_of_record
TN:
SF:routes/reviews.js
FN:33,(anonymous_0)
FN:120,(anonymous_1)
FN:164,(anonymous_2)
FN:196,(anonymous_3)
FN:215,(anonymous_4)
FN:252,(anonymous_5)
FNF:6
FNH:5
FNDA:7,(anonymous_0)
FNDA:7,(anonymous_1)
FNDA:9,(anonymous_2)
FNDA:2,(anonymous_3)
FNDA:4,(anonymous_4)
FNDA:0,(anonymous_5)
DA:1,13
DA:2,13
DA:3,13
DA:4,13
DA:5,13
DA:6,13
DA:7,13
DA:8,13
DA:11,13
DA:26,13
DA:33,13
DA:34,7
DA:36,7
DA:37,7
DA:38,3
DA:45,4
DA:46,4
DA:47,4
DA:50,4
DA:51,4
DA:52,0
DA:59,4
DA:60,4
DA:61,2
DA:66,2
DA:73,2
DA:83,2
DA:85,2
DA:101,0
DA:104,0
DA:105,0
DA:111,0
DA:120,13
DA:121,7
DA:123,7
DA:124,7
DA:125,0
DA:132,7
DA:133,7
DA:134,7
DA:135,7
DA:138,7
DA:139,7
DA:140,1
DA:147,6
DA:154,6
DA:160,6
DA:162,6
DA:164,9
DA:186,0
DA:187,0
DA:196,13
DA:197,2
DA:198,2
DA:199,2
DA:200,2
DA:201,2
DA:204,2
DA:211,2
DA:213,2
DA:215,4
DA:240,0
DA:241,0
DA:250,13
DA:253,0
DA:255,0
DA:256,0
DA:257,0
DA:264,0
DA:265,0
DA:268,0
DA:269,0
DA:270,0
DA:277,0
DA:279,0
DA:281,0
DA:282,0
DA:292,0
DA:293,0
DA:304,0
DA:305,0
DA:313,13
LF:82
LH:55
BRDA:37,0,0,3
BRDA:37,0,1,4
BRDA:47,1,0,4
BRDA:47,1,1,3
BRDA:51,2,0,0
BRDA:51,2,1,4
BRDA:60,3,0,2
BRDA:60,3,1,2
BRDA:68,4,0,2
BRDA:68,4,1,0
BRDA:104,5,0,0
BRDA:104,5,1,0
BRDA:114,6,0,0
BRDA:114,6,1,0
BRDA:124,7,0,0
BRDA:124,7,1,7
BRDA:133,8,0,7
BRDA:133,8,1,6
BRDA:134,9,0,7
BRDA:134,9,1,6
BRDA:139,10,0,1
BRDA:139,10,1,6
BRDA:190,11,0,0
BRDA:190,11,1,0
BRDA:199,12,0,2
BRDA:199,12,1,2
BRDA:200,13,0,2
BRDA:200,13,1,2
BRDA:244,14,0,0
BRDA:244,14,1,0
BRDA:256,15,0,0
BRDA:256,15,1,0
BRDA:269,16,0,0
BRDA:269,16,1,0
BRDA:279,17,0,0
BRDA:279,17,1,0
BRDA:308,18,0,0
BRDA:308,18,1,0
BRF:38
BRH:19
end_of_record
TN:
SF:routes/wholesalers.js
FN:8,(anonymous_0)
FN:24,(anonymous_1)
FN:55,(anonymous_2)
FN:85,(anonymous_3)
FN:95,(anonymous_4)
FN:102,(anonymous_5)
FN:103,(anonymous_6)
FN:127,(anonymous_7)
FN:139,(anonymous_8)
FNF:9
FNH:9
FNDA:1,(anonymous_0)
FNDA:3,(anonymous_1)
FNDA:3,(anonymous_2)
FNDA:3,(anonymous_3)
FNDA:2,(anonymous_4)
FNDA:2,(anonymous_5)
FNDA:2,(anonymous_6)
FNDA:4,(anonymous_7)
FNDA:4,(anonymous_8)
DA:1,14
DA:2,14
DA:3,14
DA:4,14
DA:8,14
DA:9,1
DA:24,14
DA:25,3
DA:26,3
DA:28,2
DA:29,1
DA:40,1
DA:46,1
DA:55,14
DA:56,3
DA:57,3
DA:58,3
DA:60,3
DA:61,2
DA:70,1
DA:76,0
DA:85,14
DA:86,3
DA:87,3
DA:95,3
DA:102,2
DA:103,2
DA:110,3
DA:118,0
DA:127,14
DA:128,4
DA:129,4
DA:130,4
DA:132,4
DA:133,1
DA:139,4
DA:147,3
DA:155,0
DA:162,14
LF:39
LH:36
BRDA:28,0,0,1
BRDA:28,0,1,1
BRDA:34,1,0,1
BRDA:34,1,1,0
BRDA:35,2,0,1
BRDA:35,2,1,1
BRDA:36,3,0,1
BRDA:36,3,1,0
BRDA:60,4,0,2
BRDA:60,4,1,1
BRDA:63,5,0,2
BRDA:63,5,1,1
BRDA:66,6,0,2
BRDA:66,6,1,0
BRDA:102,7,0,2
BRDA:102,7,1,2
BRDA:132,8,0,1
BRDA:132,8,1,3
BRF:18
BRH:15
end_of_record
TN:
SF:utils/currency.js
FN:45,convertPrice
FN:71,formatPrice
FN:91,getCurrencyForLocale
FN:99,getExchangeRates
FN:111,calculateAllPrices
FN:114,(anonymous_5)
FN:126,getCurrencySymbol
FNF:7
FNH:2
FNDA:0,convertPrice
FNDA:146,formatPrice
FNDA:283,getCurrencyForLocale
FNDA:0,getExchangeRates
FNDA:0,calculateAllPrices
FNDA:0,(anonymous_5)
FNDA:0,getCurrencySymbol
DA:5,18
DA:16,18
DA:27,18
DA:46,0
DA:47,0
DA:51,0
DA:54,0
DA:57,0
DA:58,0
DA:61,0
DA:72,146
DA:73,146
DA:81,0
DA:82,0
DA:92,283
DA:102,0
DA:112,0
DA:114,0
DA:115,0
DA:118,0
DA:127,0
DA:130,18
LF:22
LH:7
BRDA:45,0,0,0
BRDA:46,1,0,0
BRDA:46,1,1,0
BRDA:57,2,0,0
BRDA:57,2,1,0
BRDA:71,3,0,28
BRDA:76,4,0,0
BRDA:76,4,1,146
BRDA:77,5,0,0
BRDA:77,5,1,146
BRDA:81,6,0,0
BRDA:81,6,1,0
BRDA:82,7,0,0
BRDA:82,7,1,0
BRDA:92,8,0,283
BRDA:92,8,1,0
BRDA:111,9,0,0
BRDA:127,10,0,0
BRDA:127,10,1,0
BRF:19
BRH:4
end_of_record
TN:
SF:utils/emailService.js
FN:6,(anonymous_0)
FN:517,replacePlaceholders
FN:518,(anonymous_2)
FN:525,(anonymous_3)
FN:530,(anonymous_4)
FN:580,(anonymous_5)
FN:599,(anonymous_6)
FN:660,(anonymous_7)
FN:713,(anonymous_8)
FN:730,(anonymous_9)
FN:749,(anonymous_10)
FN:761,(anonymous_11)
FN:808,(anonymous_12)
FN:817,(anonymous_13)
FN:864,(anonymous_14)
FN:889,(anonymous_15)
FN:913,(anonymous_16)
FN:937,(anonymous_17)
FN:961,(anonymous_18)
FN:985,(anonymous_19)
FNF:20
FNH:20
FNDA:12,(anonymous_0)
FNDA:88,replacePlaceholders
FNDA:88,(anonymous_2)
FNDA:4,(anonymous_3)
FNDA:7,(anonymous_4)
FNDA:7,(anonymous_5)
FNDA:3,(anonymous_6)
FNDA:3,(anonymous_7)
FNDA:3,(anonymous_8)
FNDA:12,(anonymous_9)
FNDA:12,(anonymous_10)
FNDA:2,(anonymous_11)
FNDA:1,(anonymous_12)
FNDA:1,(anonymous_13)
FNDA:3,(anonymous_14)
FNDA:1,(anonymous_15)
FNDA:2,(anonymous_16)
FNDA:2,(anonymous_17)
FNDA:1,(anonymous_18)
FNDA:2,(anonymous_19)
DA:1,2
DA:2,2
DA:6,2
DA:8,12
DA:9,1
DA:10,1
DA:13,11
DA:25,2
DA:518,88
DA:519,88
DA:524,2
DA:526,4
DA:527,4
DA:528,4
DA:530,4
DA:531,7
DA:534,4
DA:540,4
DA:580,7
DA:600,3
DA:601,3
DA:602,3
DA:604,3
DA:613,3
DA:661,3
DA:662,3
DA:663,3
DA:665,3
DA:672,3
DA:674,3
DA:714,3
DA:715,3
DA:716,3
DA:718,3
DA:720,3
DA:730,12
DA:749,12
DA:762,2
DA:763,2
DA:764,2
DA:766,2
DA:768,2
DA:808,2
DA:809,1
DA:810,1
DA:811,0
DA:814,1
DA:817,1
DA:818,1
DA:821,1
DA:848,1
DA:855,1
DA:856,1
DA:857,1
DA:859,0
DA:864,2
DA:865,3
DA:866,3
DA:867,1
DA:870,2
DA:872,2
DA:880,2
DA:881,2
DA:882,1
DA:884,1
DA:889,2
DA:890,1
DA:891,1
DA:892,0
DA:894,1
DA:896,1
DA:904,1
DA:905,1
DA:906,1
DA:908,0
DA:913,2
DA:914,2
DA:915,2
DA:916,0
DA:918,2
DA:920,2
DA:928,2
DA:929,2
DA:930,2
DA:932,0
DA:937,2
DA:938,2
DA:939,2
DA:940,0
DA:942,2
DA:944,2
DA:952,2
DA:953,2
DA:954,1
DA:956,1
DA:961,2
DA:962,1
DA:963,1
DA:964,0
DA:966,1
DA:968,1
DA:976,1
DA:977,1
DA:978,1
DA:980,0
DA:985,2
DA:986,2
DA:987,2
DA:988,0
DA:991,2
DA:999,2
DA:1000,2
DA:1001,2
DA:1003,0
DA:1007,2
LF:115
LH:104
BRDA:8,0,0,1
BRDA:8,0,1,11
BRDA:8,1,0,12
BRDA:8,1,1,11
BRDA:519,2,0,88
BRDA:519,2,1,0
BRDA:525,3,0,2
BRDA:526,4,0,4
BRDA:527,5,0,4
BRDA:527,5,1,0
BRDA:531,6,0,7
BRDA:531,6,1,0
BRDA:565,7,0,0
BRDA:565,7,1,4
BRDA:580,8,0,7
BRDA:580,8,1,0
BRDA:599,9,0,2
BRDA:600,10,0,3
BRDA:601,11,0,3
BRDA:601,11,1,0
BRDA:634,12,0,0
BRDA:634,12,1,3
BRDA:660,13,0,1
BRDA:662,14,0,3
BRDA:662,14,1,0
BRDA:672,15,0,3
BRDA:672,15,1,0
BRDA:685,16,0,3
BRDA:685,16,1,0
BRDA:692,17,0,0
BRDA:692,17,1,3
BRDA:702,18,0,3
BRDA:702,18,1,0
BRDA:713,19,0,1
BRDA:715,20,0,3
BRDA:715,20,1,0
BRDA:737,21,0,0
BRDA:737,21,1,3
BRDA:761,22,0,1
BRDA:763,23,0,2
BRDA:763,23,1,0
BRDA:785,24,0,0
BRDA:785,24,1,2
BRDA:810,25,0,0
BRDA:810,25,1,1
BRDA:818,26,0,1
BRDA:818,26,1,0
BRDA:835,27,0,1
BRDA:835,27,1,0
BRDA:840,28,0,1
BRDA:840,28,1,0
BRDA:864,29,0,3
BRDA:866,30,0,1
BRDA:866,30,1,2
BRDA:889,31,0,1
BRDA:891,32,0,0
BRDA:891,32,1,1
BRDA:913,33,0,2
BRDA:915,34,0,0
BRDA:915,34,1,2
BRDA:937,35,0,2
BRDA:939,36,0,0
BRDA:939,36,1,2
BRDA:961,37,0,1
BRDA:963,38,0,0
BRDA:963,38,1,1
BRDA:985,39,0,1
BRDA:987,40,0,0
BRDA:987,40,1,2
BRDA:996,41,0,2
BRDA:996,41,1,1
BRF:71
BRH:46
end_of_record
TN:
SF:utils/errorHandler.js
FN:120,formatError
FN:152,createValidationError
FN:160,(anonymous_2)
FN:173,errorResponse
FN:185,(anonymous_4)
FN:194,(anonymous_5)
FN:212,webhookError
FN:220,initializeErrorHandlers
FNF:8
FNH:6
FNDA:64,formatError
FNDA:16,createValidationError
FNDA:33,(anonymous_2)
FNDA:602,errorResponse
FNDA:64,(anonymous_4)
FNDA:16,(anonymous_5)
FNDA:0,webhookError
FNDA:0,initializeErrorHandlers
DA:10,21
DA:121,64
DA:127,64
DA:129,45
DA:130,45
DA:133,64
DA:134,0
DA:137,64
DA:138,0
DA:141,64
DA:153,16
DA:155,16
DA:160,33
DA:175,602
DA:185,602
DA:186,64
DA:187,64
DA:194,602
DA:195,16
DA:197,16
DA:198,7
DA:200,16
DA:203,602
DA:213,0
DA:221,0
DA:224,21
LF:26
LH:22
BRDA:120,0,0,0
BRDA:120,1,0,0
BRDA:120,2,0,19
BRDA:127,3,0,45
BRDA:127,3,1,19
BRDA:127,4,0,64
BRDA:127,4,1,45
BRDA:133,5,0,0
BRDA:133,5,1,64
BRDA:137,6,0,0
BRDA:137,6,1,64
BRDA:161,7,0,33
BRDA:161,7,1,33
BRDA:175,8,0,602
BRDA:175,8,1,50
BRDA:185,9,0,64
BRDA:185,10,0,64
BRDA:197,11,0,7
BRDA:197,11,1,9
BRDA:197,12,0,16
BRDA:197,12,1,7
BRF:21
BRH:17
end_of_record
TN:
SF:utils/errorRecovery.js
FN:20,(anonymous_0)
FN:32,(anonymous_1)
FN:51,(anonymous_2)
FN:59,(anonymous_3)
FN:70,(anonymous_4)
FN:82,retryWithBackoff
FN:115,(anonymous_6)
FN:124,(anonymous_7)
FN:131,(anonymous_8)
FN:132,(anonymous_9)
FN:134,(anonymous_10)
FN:141,(anonymous_11)
FN:165,(anonymous_12)
FN:178,(anonymous_13)
FN:190,(anonymous_14)
FN:206,(anonymous_15)
FN:213,(anonymous_16)
FN:214,(anonymous_17)
FN:216,(anonymous_18)
FN:223,(anonymous_19)
FN:246,(anonymous_20)
FN:259,(anonymous_21)
FN:272,(anonymous_22)
FN:292,getCircuitBreakerStatus
FNF:24
FNH:0
FNDA:0,(anonymous_0)
FNDA:0,(anonymous_1)
FNDA:0,(anonymous_2)
FNDA:0,(anonymous_3)
FNDA:0,(anonymous_4)
FNDA:0,retryWithBackoff
FNDA:0,(anonymous_6)
FNDA:0,(anonymous_7)
FNDA:0,(anonymous_8)
FNDA:0,(anonymous_9)
FNDA:0,(anonymous_10)
FNDA:0,(anonymous_11)
FNDA:0,(anonymous_12)
FNDA:0,(anonymous_13)
FNDA:0,(anonymous_14)
FNDA:0,(anonymous_15)
FNDA:0,(anonymous_16)
FNDA:0,(anonymous_17)
FNDA:0,(anonymous_18)
FNDA:0,(anonymous_19)
FNDA:0,(anonymous_20)
FNDA:0,(anonymous_21)
FNDA:0,(anonymous_22)
FNDA:0,getCircuitBreakerStatus
DA:1,0
DA:4,0
DA:12,0
DA:21,0
DA:22,0
DA:23,0
DA:24,0
DA:26,0
DA:27,0
DA:28,0
DA:29,0
DA:33,0
DA:34,0
DA:35,0
DA:37,0
DA:38,0
DA:41,0
DA:42,0
DA:43,0
DA:44,0
DA:46,0
DA:47,0
DA:52,0
DA:53,0
DA:54,0
DA:55,0
DA:60,0
DA:61,0
DA:63,0
DA:64,0
DA:65,0
DA:66,0
DA:71,0
DA:83,0
DA:86,0
DA:87,0
DA:88,0
DA:89,0
DA:90,0
DA:92,0
DA:94,0
DA:96,0
DA:97,0
DA:101,0
DA:104,0
DA:109,0
DA:115,0
DA:119,0
DA:125,0
DA:132,0
DA:133,0
DA:134,0
DA:142,0
DA:151,0
DA:153,0
DA:156,0
DA:158,0
DA:162,0
DA:166,0
DA:172,0
DA:179,0
DA:184,0
DA:191,0
DA:197,0
DA:207,0
DA:214,0
DA:215,0
DA:216,0
DA:224,0
DA:232,0
DA:234,0
DA:237,0
DA:239,0
DA:243,0
DA:247,0
DA:253,0
DA:260,0
DA:266,0
DA:273,0
DA:280,0
DA:288,0
DA:289,0
DA:293,0
DA:299,0
LF:84
LH:0
BRDA:20,0,0,0
BRDA:22,1,0,0
BRDA:22,1,1,0
BRDA:23,2,0,0
BRDA:23,2,1,0
BRDA:24,3,0,0
BRDA:24,3,1,0
BRDA:33,4,0,0
BRDA:33,4,1,0
BRDA:34,5,0,0
BRDA:34,5,1,0
BRDA:53,6,0,0
BRDA:53,6,1,0
BRDA:63,7,0,0
BRDA:63,7,1,0
BRDA:82,8,0,0
BRDA:82,9,0,0
BRDA:89,10,0,0
BRDA:89,10,1,0
BRDA:96,11,0,0
BRDA:96,11,1,0
BRDA:151,12,0,0
BRDA:151,12,1,0
BRDA:151,13,0,0
BRDA:151,13,1,0
BRDA:156,14,0,0
BRDA:156,14,1,0
BRDA:232,15,0,0
BRDA:232,15,1,0
BRDA:232,16,0,0
BRDA:232,16,1,0
BRDA:237,17,0,0
BRDA:237,17,1,0
BRDA:237,18,0,0
BRDA:237,18,1,0
BRF:35
BRH:0
end_of_record
TN:
SF:utils/i18n.js
FN:273,getErrorMessage
FN:281,i18nMiddleware
FN:286,(anonymous_2)
FN:299,getSupportedLocales
FN:306,isLocaleSupported
FNF:5
FNH:3
FNDA:63,getErrorMessage
FNDA:564,i18nMiddleware
FNDA:55,(anonymous_2)
FNDA:0,getSupportedLocales
FNDA:0,isLocaleSupported
DA:9,17
DA:274,63
DA:275,63
DA:283,564
DA:286,564
DA:287,55
DA:290,564
DA:291,564
DA:293,564
DA:300,0
DA:307,0
DA:310,17
LF:12
LH:10
BRDA:273,0,0,0
BRDA:273,1,0,0
BRDA:274,2,0,63
BRDA:274,2,1,0
BRDA:275,3,0,63
BRDA:275,3,1,12
BRDA:275,3,2,0
BRDA:275,3,3,0
BRDA:283,4,0,564
BRDA:283,4,1,561
BRDA:283,4,2,561
BRF:11
BRH:6
end_of_record
TN:
SF:utils/logger.js
FN:30,(anonymous_0)
FNF:1
FNH:0
FNDA:0,(anonymous_0)
DA:1,0
DA:2,0
DA:5,0
DA:14,0
DA:23,0
DA:26,0
DA:30,0
DA:35,0
DA:63,0
DA:71,0
DA:91,0
DA:111,0
DA:131,0
LF:13
LH:0
BRDA:64,0,0,0
BRDA:64,0,1,0
BRDA:72,1,0,0
BRDA:72,1,1,0
BRDA:92,2,0,0
BRDA:92,2,1,0
BRDA:112,3,0,0
BRDA:112,3,1,0
BRF:8
BRH:0
end_of_record
TN:
SF:utils/secureLogging.js
FN:15,maskSessionId
FN:47,secureLog
FN:71,secureSessionLog
FN:89,secureOperationLog
FN:103,isDevelopmentLogging
FNF:5
FNH:4
FNDA:23,maskSessionId
FNDA:1,secureLog
FNDA:20,secureSessionLog
FNDA:3,secureOperationLog
FNDA:0,isDevelopmentLogging
DA:16,23
DA:17,0
DA:21,23
DA:22,23
DA:23,23
DA:24,23
DA:25,23
DA:26,23
DA:31,0
DA:32,0
DA:35,0
DA:36,0
DA:37,0
DA:49,1
DA:50,1
DA:54,0
DA:57,0
DA:58,0
DA:59,0
DA:62,0
DA:72,20
DA:73,0
DA:77,20
DA:78,20
DA:79,20
DA:90,3
DA:91,1
DA:94,2
DA:95,2
DA:104,0
DA:107,19
LF:31
LH:18
BRDA:16,0,0,0
BRDA:16,0,1,23
BRDA:16,1,0,23
BRDA:16,1,1,23
BRDA:21,2,0,23
BRDA:21,2,1,0
BRDA:23,3,0,23
BRDA:23,3,1,0
BRDA:31,4,0,0
BRDA:31,4,1,0
BRDA:47,5,0,0
BRDA:49,6,0,1
BRDA:49,6,1,0
BRDA:57,7,0,0
BRDA:57,7,1,0
BRDA:72,8,0,0
BRDA:72,8,1,20
BRDA:90,9,0,1
BRDA:90,9,1,2
BRDA:104,10,0,0
BRDA:104,10,1,0
BRF:21
BRH:9
end_of_record
TN:
SF:utils/wholesalerNotificationService.js
FN:6,(anonymous_0)
FN:136,(anonymous_1)
FNF:2
FNH:0
FNDA:0,(anonymous_0)
FNDA:0,(anonymous_1)
DA:1,0
DA:2,0
DA:3,0
DA:6,0
DA:7,0
DA:8,0
DA:11,0
DA:19,0
DA:20,0
DA:21,0
DA:24,0
DA:26,0
DA:27,0
DA:28,0
DA:30,0
DA:31,0
DA:33,0
DA:35,0
DA:36,0
DA:37,0
DA:38,0
DA:39,0
DA:46,0
DA:51,0
DA:56,0
DA:57,0
DA:65,0
DA:67,0
DA:69,0
DA:71,0
DA:73,0
DA:74,0
DA:75,0
DA:76,0
DA:80,0
DA:82,0
DA:83,0
DA:85,0
DA:92,0
DA:93,0
DA:95,0
DA:105,0
DA:106,0
DA:108,0
DA:116,0
DA:118,0
DA:127,0
DA:128,0
DA:136,0
DA:137,0
DA:138,0
DA:140,0
DA:141,0
DA:145,0
DA:146,0
DA:153,0
DA:154,0
DA:157,0
DA:158,0
DA:159,0
DA:160,0
DA:161,0
DA:167,0
DA:172,0
DA:176,0
DA:177,0
DA:185,0
DA:186,0
DA:194,0
DA:196,0
DA:198,0
DA:200,0
DA:201,0
DA:202,0
DA:203,0
DA:207,0
DA:213,0
DA:221,0
DA:223,0
DA:230,0
DA:237,0
LF:81
LH:0
BRDA:19,0,0,0
BRDA:19,0,1,0
BRDA:36,1,0,0
BRDA:36,1,1,0
BRDA:36,2,0,0
BRDA:36,2,1,0
BRDA:38,3,0,0
BRDA:38,3,1,0
BRDA:48,4,0,0
BRDA:48,4,1,0
BRDA:69,5,0,0
BRDA:69,5,1,0
BRDA:74,6,0,0
BRDA:74,6,1,0
BRDA:74,7,0,0
BRDA:74,7,1,0
BRDA:140,8,0,0
BRDA:140,8,1,0
BRDA:145,9,0,0
BRDA:145,9,1,0
BRDA:145,10,0,0
BRDA:145,10,1,0
BRDA:158,11,0,0
BRDA:158,11,1,0
BRDA:158,12,0,0
BRDA:158,12,1,0
BRDA:160,13,0,0
BRDA:160,13,1,0
BRDA:169,14,0,0
BRDA:169,14,1,0
BRDA:176,15,0,0
BRDA:176,15,1,0
BRDA:196,16,0,0
BRDA:196,16,1,0
BRDA:201,17,0,0
BRDA:201,17,1,0
BRDA:201,18,0,0
BRDA:201,18,1,0
BRF:38
BRH:0
end_of_record
